Start auto log messages stack - Iteration 10.	[MsgId: MMSG-10545]
Starting action Action.	[MsgId: MMSG-15919]
Action.c(4): web_set_sockets_option started  	[MsgId: MMSG-26355]
Action.c(4): web_set_sockets_option was successful  	[MsgId: MMSG-26392]
Action.c(6): web_url("dashboard.do") started  	[MsgId: MMSG-26355]
Action.c(6): t=3397843ms: Connecting [0] to host 64.74.214.116:443  	[MsgId: MMSG-26000]
Action.c(6): t=3397984ms: Connected socket [0] from 10.3.6.125:55445 to 64.74.214.116:443 in 141 ms  	[MsgId: MMSG-26000]
Action.c(6): t=3397985ms: Trying to set SNI with servername av-pt-ferrari.accela.com  	[MsgId: MMSG-26000]
Action.c(6): t=3397985ms: Setting SNI was succesfull  	[MsgId: MMSG-26000]
Action.c(6): ssl_handle_status encounter error : SSL_ERROR_SYSCALL, error id : 0  	[MsgId: MMSG-26000]
Action.c(6): Error -27776: [GENERAL_MSG_CAT_SSL_ERROR]connect to host "av-pt-ferrari.accela.com" failed: [10053] Software caused connection abort  	[MsgId: MERR-27776]
End auto log messages stack.	[MsgId: MMSG-10544]


Start auto log messages stack - Iteration 9.	[MsgId: MMSG-10545]
Starting action Action.	[MsgId: MMSG-15919]
Action.c(4): web_set_sockets_option started  	[MsgId: MMSG-26355]
Action.c(4): web_set_sockets_option was successful  	[MsgId: MMSG-26392]
Action.c(6): web_url("dashboard.do") started  	[MsgId: MMSG-26355]
Action.c(6): t=3407204ms: Connecting [0] to host 64.74.214.116:443  	[MsgId: MMSG-26000]
Action.c(6): Error -27792: Failed to connect to server "av-pt-ferrari.accela.com:443": [10060] Connection timed out  	[MsgId: MERR-27792]
End auto log messages stack.	[MsgId: MMSG-10544]


Start auto log messages stack - Iteration 9.	[MsgId: MMSG-10545]
Starting action Action.	[MsgId: MMSG-15919]
Action.c(4): web_set_sockets_option started  	[MsgId: MMSG-26355]
Action.c(4): web_set_sockets_option was successful  	[MsgId: MMSG-26392]
Action.c(6): web_url("dashboard.do") started  	[MsgId: MMSG-26355]
Action.c(6): t=3416766ms: Connecting [0] to host 64.74.214.116:443  	[MsgId: MMSG-26000]
Action.c(6): Error -27792: Failed to connect to server "av-pt-ferrari.accela.com:443": [10060] Connection timed out  	[MsgId: MERR-27792]
End auto log messages stack.	[MsgId: MMSG-10544]


Start auto log messages stack - Iteration 9.	[MsgId: MMSG-10545]
Action.c(46): Search registration for "requestToken" parameter is filtered by "Request URL"  	[MsgId: MMSG-26000]
Action.c(46): Search registration for "requestLanguageToken" parameter is filtered by "Request URL"  	[MsgId: MMSG-26000]
Action.c(46): Warning -27792: Failed to connect to server "av-pt-ferrari.accela.com:443": [10060] Connection timed out  	[MsgId: MWAR-27792]
Action.c(46): t=3445998ms: Closed connection [4] to av-pt-ferrari.accela.com:443 after completing 0 request(s)  	[MsgId: MMSG-26000]
Action.c(46): Search registration for "requestToken" parameter is filtered by "Request URL"  	[MsgId: MMSG-26000]
Action.c(46): Search registration for "requestLanguageToken" parameter is filtered by "Request URL"  	[MsgId: MMSG-26000]
Action.c(46): Error -27792: Failed to connect to server "av-pt-ferrari.accela.com:443": [10060] Connection timed out  	[MsgId: MERR-27792]
End auto log messages stack.	[MsgId: MMSG-10544]


Start auto log messages stack - Iteration 8.	[MsgId: MMSG-10545]
Starting action Action.	[MsgId: MMSG-15919]
Action.c(4): web_set_sockets_option started  	[MsgId: MMSG-26355]
Action.c(4): web_set_sockets_option was successful  	[MsgId: MMSG-26392]
Action.c(6): web_url("dashboard.do") started  	[MsgId: MMSG-26355]
Action.c(6): t=3437967ms: Connecting [0] to host 64.74.214.116:443  	[MsgId: MMSG-26000]
Action.c(6): Error -27792: Failed to connect to server "av-pt-ferrari.accela.com:443": [10060] Connection timed out  	[MsgId: MERR-27792]
End auto log messages stack.	[MsgId: MMSG-10544]


Start auto log messages stack - Iteration 9.	[MsgId: MMSG-10545]
Action.c(46):     \t\t    \t\tevent.returnValue = false; \r\n
Action.c(46):     \t\t    \t}\r\n
Action.c(46):     \t\t    }\r\n
Action.c(46):     \t    }\r\n
Action.c(46):     \t}\r\n
Action.c(46):     } \r\n
Action.c(46): t=3473000ms: Request done "https://av-pt-ferrari.accela.com/portlets/framework/includes/javascript/ac360.js"  	[MsgId: MMSG-26000]
Action.c(46): Search registration for "requestToken" parameter is filtered by "Request URL"  	[MsgId: MMSG-26000]
Action.c(46): Search registration for "requestLanguageToken" parameter is filtered by "Request URL"  	[MsgId: MMSG-26000]
Action.c(46): Notify: Saving Parameter "requestToken = ".	[MsgId: MMSG-13798]
Action.c(46): Error -35049: No match found for the requested parameter "requestToken". Check whether the requested regular expression exists in the response data  	[MsgId: MERR-35049]
End auto log messages stack.	[MsgId: MMSG-10544]


Start auto log messages stack - Iteration 9.	[MsgId: MMSG-10545]
Action.c(46): Notify: Saving Parameter "requestLanguageToken = ".	[MsgId: MMSG-13798]
Action.c(46): Error -35049: No match found for the requested parameter "requestLanguageToken". Check whether the requested regular expression exists in the response data  	[MsgId: MERR-35049]
End auto log messages stack.	[MsgId: MMSG-10544]


Start auto log messages stack - Iteration 9.	[MsgId: MMSG-10545]
Starting action Action.	[MsgId: MMSG-15919]
Action.c(4): web_set_sockets_option started  	[MsgId: MMSG-26355]
Action.c(4): web_set_sockets_option was successful  	[MsgId: MMSG-26392]
Action.c(6): web_url("dashboard.do") started  	[MsgId: MMSG-26355]
Action.c(6): t=3501522ms: Connecting [0] to host 64.74.214.116:443  	[MsgId: MMSG-26000]
Action.c(6): t=3510881ms: Connected socket [0] from 10.3.6.125:55639 to 64.74.214.116:443 in 9359 ms  	[MsgId: MMSG-26000]
Action.c(6): t=3510882ms: Trying to set SNI with servername av-pt-ferrari.accela.com  	[MsgId: MMSG-26000]
Action.c(6): t=3510882ms: Setting SNI was succesfull  	[MsgId: MMSG-26000]
Action.c(6): ssl_handle_status encounter error : SSL_ERROR_SYSCALL, error id : 0  	[MsgId: MMSG-26000]
Action.c(6): Error -27776: [GENERAL_MSG_CAT_SSL_ERROR]connect to host "av-pt-ferrari.accela.com" failed: [10054] Connection reset by peer
This is probably because the SSL protocol version is not supported. Try switching the TLS/SSL version using "web_set_sockets_option" API.  	[MsgId: MERR-27776]
End auto log messages stack.	[MsgId: MMSG-10544]


Start auto log messages stack - Iteration 9.	[MsgId: MMSG-10545]
Starting action Action.	[MsgId: MMSG-15919]
Action.c(4): web_set_sockets_option started  	[MsgId: MMSG-26355]
Action.c(4): web_set_sockets_option was successful  	[MsgId: MMSG-26392]
Action.c(6): web_url("dashboard.do") started  	[MsgId: MMSG-26355]
Action.c(6): t=3506654ms: Connecting [0] to host 64.74.214.116:443  	[MsgId: MMSG-26000]
Action.c(6): Error -27792: Failed to connect to server "av-pt-ferrari.accela.com:443": [10060] Connection timed out  	[MsgId: MERR-27792]
End auto log messages stack.	[MsgId: MMSG-10544]


Start auto log messages stack - Iteration 9.	[MsgId: MMSG-10545]
Action.c(46): t=3449889ms: Closed connection [1] to av-pt-ferrari.accela.com:443 after completing 2 request(s)  	[MsgId: MMSG-26000]
Action.c(46): t=3449889ms: Inactive socket [4] was closed by av-pt-ferrari.accela.com:443, probably due to Keep-Alive timeout  	[MsgId: MMSG-26000]
Action.c(46): t=3449889ms: Closed connection [4] to av-pt-ferrari.accela.com:443 after completing 1 request(s)  	[MsgId: MMSG-26000]
Action.c(46): t=3449889ms: Inactive socket [7] was closed by av-pt-ferrari.accela.com:443, probably due to Keep-Alive timeout  	[MsgId: MMSG-26000]
Action.c(46): t=3449890ms: Closed connection [7] to av-pt-ferrari.accela.com:443 after completing 1 request(s)  	[MsgId: MMSG-26000]
Action.c(46): ssl_handle_status encounter error : SSL_ERROR_SYSCALL, error id : 0  	[MsgId: MMSG-26000]
Action.c(46): Error -27776: [GENERAL_MSG_CAT_SSL_ERROR]connect to host "av-pt-ferrari.accela.com" failed: [10053] Software caused connection abort  	[MsgId: MERR-27776]
End auto log messages stack.	[MsgId: MMSG-10544]


Start auto log messages stack - Iteration 9.	[MsgId: MMSG-10545]
Action.c(46): t=3545465ms: Closed connection [6] to av-pt-ferrari.accela.com:443 after completing 0 request(s)  	[MsgId: MMSG-26000]
Action.c(46): Search registration for "requestToken" parameter is filtered by "Scope"  	[MsgId: MMSG-26000]
Action.c(46): Search registration for "requestLanguageToken" parameter is filtered by "Scope"  	[MsgId: MMSG-26000]
Action.c(46): Notify: Saving Parameter "requestToken = ".	[MsgId: MMSG-13798]
Action.c(46): Error -35049: No match found for the requested parameter "requestToken". Check whether the requested regular expression exists in the response data  	[MsgId: MERR-35049]
End auto log messages stack.	[MsgId: MMSG-10544]


Start auto log messages stack - Iteration 9.	[MsgId: MMSG-10545]
Action.c(46): Notify: Saving Parameter "requestLanguageToken = ".	[MsgId: MMSG-13798]
Action.c(46): Error -35049: No match found for the requested parameter "requestLanguageToken". Check whether the requested regular expression exists in the response data  	[MsgId: MERR-35049]
End auto log messages stack.	[MsgId: MMSG-10544]


Start auto log messages stack - Iteration 10.	[MsgId: MMSG-10545]
Starting action Action.	[MsgId: MMSG-15919]
Action.c(4): web_set_sockets_option started  	[MsgId: MMSG-26355]
Action.c(4): web_set_sockets_option was successful  	[MsgId: MMSG-26392]
Action.c(6): web_url("dashboard.do") started  	[MsgId: MMSG-26355]
Action.c(6): t=3527948ms: Connecting [0] to host 64.74.214.116:443  	[MsgId: MMSG-26000]
Action.c(6): Error -27792: Failed to connect to server "av-pt-ferrari.accela.com:443": [10060] Connection timed out  	[MsgId: MERR-27792]
End auto log messages stack.	[MsgId: MMSG-10544]


Start auto log messages stack - Iteration 10.	[MsgId: MMSG-10545]
Starting action Action.	[MsgId: MMSG-15919]
Action.c(4): web_set_sockets_option started  	[MsgId: MMSG-26355]
Action.c(4): web_set_sockets_option was successful  	[MsgId: MMSG-26392]
Action.c(6): web_url("dashboard.do") started  	[MsgId: MMSG-26355]
Action.c(6): t=3547324ms: Connecting [0] to host 64.74.214.116:443  	[MsgId: MMSG-26000]
Action.c(6): Error -27792: Failed to connect to server "av-pt-ferrari.accela.com:443": [10060] Connection timed out  	[MsgId: MERR-27792]
End auto log messages stack.	[MsgId: MMSG-10544]


Start auto log messages stack - Iteration 9.	[MsgId: MMSG-10545]
Starting action Action.	[MsgId: MMSG-15919]
Action.c(4): web_set_sockets_option started  	[MsgId: MMSG-26355]
Action.c(4): web_set_sockets_option was successful  	[MsgId: MMSG-26392]
Action.c(6): web_url("dashboard.do") started  	[MsgId: MMSG-26355]
Action.c(6): t=3412913ms: Connecting [0] to host 64.74.214.116:443  	[MsgId: MMSG-26000]
Action.c(6): t=3416088ms: Connected socket [0] from 10.3.6.125:55463 to 64.74.214.116:443 in 3175 ms  	[MsgId: MMSG-26000]
Action.c(6): t=3416089ms: Trying to set SNI with servername av-pt-ferrari.accela.com  	[MsgId: MMSG-26000]
Action.c(6): t=3416089ms: Setting SNI was succesfull  	[MsgId: MMSG-26000]
Action.c(6): ssl_handle_status encounter error : SSL_ERROR_SYSCALL, error id : 0  	[MsgId: MMSG-26000]
Action.c(6): Error -27776: [GENERAL_MSG_CAT_SSL_ERROR]connect to host "av-pt-ferrari.accela.com" failed: [10053] Software caused connection abort  	[MsgId: MERR-27776]
End auto log messages stack.	[MsgId: MMSG-10544]


Start auto log messages stack - Iteration 9.	[MsgId: MMSG-10545]
Action.c(6):     Set-Cookie: LB_SESSION=!45pUBI2G8/HExDxtMa0UeW3ebJ0wghtp0a+2bEobZOa75W2hmPE70Fu7gjITUX0DXa
Action.c(6):     XWku07uSOcuw==; path=/; Httponly; Secure\r\n
Action.c(6):     \r\n
Action.c(6): Redirecting "https://av-pt-ferrari.accela.com/portlets/spa/dashboard.do" (redirection depth is 0)  	[MsgId: MMSG-26694]
Action.c(6): To location "https://av-pt-ferrari.accela.com/ssoAdapter/loginAction.do?successURL=https%3A%2F%2Fav-pt-ferrari.accela.com%2Fportlets%2Fspa%2Fdashboard.do&SignOnModule="  	[MsgId: MMSG-26693]
Action.c(6): t=3549066ms: Request done "https://av-pt-ferrari.accela.com/portlets/spa/dashboard.do"  	[MsgId: MMSG-26000]
Action.c(6): t=3549067ms: Connecting [1] to host 64.74.214.116:443  	[MsgId: MMSG-26000]
Action.c(6): Error -27792: Failed to connect to server "av-pt-ferrari.accela.com:443": [10060] Connection timed out  	[MsgId: MERR-27792]
End auto log messages stack.	[MsgId: MMSG-10544]


Start auto log messages stack - Iteration 10.	[MsgId: MMSG-10545]
Starting action Action.	[MsgId: MMSG-15919]
Action.c(4): web_set_sockets_option started  	[MsgId: MMSG-26355]
Action.c(4): web_set_sockets_option was successful  	[MsgId: MMSG-26392]
Action.c(6): web_url("dashboard.do") started  	[MsgId: MMSG-26355]
Action.c(6): t=3564655ms: Connecting [0] to host 64.74.214.116:443  	[MsgId: MMSG-26000]
Action.c(6): Error -27792: Failed to connect to server "av-pt-ferrari.accela.com:443": [10060] Connection timed out  	[MsgId: MERR-27792]
End auto log messages stack.	[MsgId: MMSG-10544]


