Start auto log messages stack - Iteration 2.	[MsgId: MMSG-10545]
Action.c(626): Resource "https://av-pt-ferrari.accela.com/portlets/commons/spellchecker/spellchecker-caller.js" is in the cache already and will not be downloaded again  	[MsgId: MMSG-26655]
Action.c(626): Resource "https://av-pt-ferrari.accela.com/portlets/framework/includes/javascript/layoutPublic.js" is in the cache already and will not be downloaded again  	[MsgId: MMSG-26655]
Action.c(626): web_url("capDetail.do") was successful, 172377 body bytes, 2215 header bytes  	[MsgId: MMSG-26386]
Action.c(636): web_submit_data("empty.jsp_5") started  	[MsgId: MMSG-26355]
Action.c(636): web_submit_data("empty.jsp_5") was successful, 79 body bytes, 551 header bytes  	[MsgId: MMSG-26386]
Action.c(647): web_custom_request("tabRecordCount.do_3") started  	[MsgId: MMSG-26355]
Action.c(647): Error -27492: "HttpSendRequest" failed, Windows error code=12002 and retry limit (0) exceeded for URL="https://av-pt-ferrari.accela.com/portlets/cap/tabRecordCount.do?module=Building&ID1=REC18&ID2=00000&ID3=00K2N&xmlin=%3Croot%3E%3CcountID%3E5%3C/countID%3E%3CcountID%3E6%3C/countID%3E%3CcountID%3E2%3C/countID%3E%3CcountID%3E134%3C/countID%3E%3CcountID%3E16%3C/countID%3E%3CcountID%3E23%3C/countID%3E%3CcountID%3E415%3C/countID%3E%3CcountID%3E17%3C/countID%3E%3CcountID%3E397%3C/countID%3E%3CcountID%3E456%3C/countID%3E%3CcountID%3E1%3C/countID%3E%3CcountID%3E378%3C/countID%3E%3CcountID%3E21%3C/countID%3E%3CcountID%3E226%3C/countID%3E%3CcountID%3E372%3C/countID%3E%3CcountID%3E24%3C/countID%3E%3CcountID%3E379%3C/countID%3E%3CcountID%3E10%3C/countID%3E%3CcountID%3E133%3C/countID%3E%3CcountID%3E8%3C/countID%3E%3CcountID%3E19%3C/countID%3E%3CcountID%3E373%3C/countID%3E%3CcountID%3E14%3C/countID%3E%3CcountID%3E12%3C/countID%3E%3CcountID%3E13%3C/countID%3E%3CcountID%3E371%3C/countID%3E%3CcountID%3E27%3C/countID%3E%3CcountID%3E404%3C/countID%3E%3CcountID%3E360%3C/countID%3E%3CcountID%3E3%3C/countID%3E%3CcountID%3E152%3C/countID%3E%3CcountID%3E303%3C/countID%3E%3CcountID%3E4%3C/countID%3E%3C/root%3E"  	[MsgId: MERR-27492]
End auto log messages stack.	[MsgId: MMSG-10544]


Start auto log messages stack - Iteration 1.	[MsgId: MMSG-10545]
Action.c(6): web_url("dashboard.do") was successful, 187 body bytes, 1150 header bytes  	[MsgId: MMSG-26386]
Action.c(22): web_reg_save_param_regexp started  	[MsgId: MMSG-26355]
Action.c(22): Registering web_reg_save_param_regexp was successful  	[MsgId: MMSG-26390]
Action.c(37): web_reg_save_param_regexp started  	[MsgId: MMSG-26355]
Action.c(37): Registering web_reg_save_param_regexp was successful  	[MsgId: MMSG-26390]
Action.c(46): web_url("hostSignon.do") started  	[MsgId: MMSG-26355]
Abort was called from an action.	[MsgId: MMSG-10447]
Ending Vuser...	[MsgId: MMSG-15966]
Starting action vuser_end.	[MsgId: MMSG-15919]
Ending action vuser_end.	[MsgId: MMSG-15918]
Vuser Terminated.	[MsgId: MMSG-15963]
