Start auto log messages stack - Iteration 2.	[MsgId: MMSG-10545]
Start auto log messages stack - Iteration 2.	[MsgId: MMSG-10545]
Action.c(535): web_custom_request("search.do") started  	[MsgId: MMSG-26355]
Action.c(97): web_url("dashboard.do_2") started  	[MsgId: MMSG-26355]
Action.c(535): web_custom_request("search.do") was successful, 9170 body bytes, 545 header bytes  	[MsgId: MMSG-26386]
Action.c(97): Detected non-resource "https://av-pt-ferrari.accela.com/portlets/spa/dashboard.do" in "https://av-pt-ferrari.accela.com/portlets/spa/dashboard.do"  	[MsgId: MMSG-26574]
Action.c(547): web_custom_request("expression.do") started  	[MsgId: MMSG-26355]
Action.c(97): Found resource "https://av-pt-ferrari.accela.com/security/auth.do?signOffScript=https://av-pt-ferrari.accela.com/portlets/security/signout.do&switchAgencyScript=https://av-pt-ferrari.accela.com/portlets/commons/sso/blank.jsp&CSRF_REQ_PARAM=" in HTML "https://av-pt-ferrari.accela.com/portlets/spa/dashboard.do"  	[MsgId: MMSG-26659]
Action.c(547): web_custom_request("expression.do") was successful, 138 body bytes, 529 header bytes  	[MsgId: MMSG-26386]
Action.c(559): web_custom_request("expression.do_2") started  	[MsgId: MMSG-26355]
Action.c(559): Notify: Transaction "LARA_TC1_04_Record_Details" ended with a "Stop" status (Duration: 31.5911).	[MsgId: MMSG-16873]
Action.c(97): Notify: Transaction "LARA_Login" ended with a "Stop" status (Duration: 10.0284).	[MsgId: MMSG-16873]
Abort was called from an action.	[MsgId: MMSG-10447]
Ending Vuser...	[MsgId: MMSG-15966]
Abort was called from an action.	[MsgId: MMSG-10447]
Starting action vuser_end.	[MsgId: MMSG-15919]
Ending action vuser_end.	[MsgId: MMSG-15918]
Ending Vuser...	[MsgId: MMSG-15966]
Vuser Terminated.	[MsgId: MMSG-15963]
Action.c(559): Error -27496: Internal Error - _eStat (5) != LRW_ITEM_STAT_ENUM_UNHANDLED for HandledTask at 09B7FB90  	[MsgId: MERR-27496]
Starting action vuser_end.	[MsgId: MMSG-15919]
Ending action vuser_end.	[MsgId: MMSG-15918]
Vuser Terminated.	[MsgId: MMSG-15963]
Start auto log messages stack - Iteration 1.	[MsgId: MMSG-10545]
Action.c(250): Resource "https://av-pt-ferrari.accela.com/portlets/commons/datapicker/treePicker/js/dojo412.js" is in the cache already and will not be downloaded again  	[MsgId: MMSG-26655]
Action.c(250): Resource "https://av-pt-ferrari.accela.com/portlets/framework/includes/javascript/permitPlus.js" is in the cache already and will not be downloaded again  	[MsgId: MMSG-26655]
Action.c(250): Resource "https://av-pt-ferrari.accela.com/portlets/framework/includes/javascript/layoutPublic.js" is in the cache already and will not be downloaded again  	[MsgId: MMSG-26655]
Action.c(250): Notify: Transaction "LARA_TC1_02_Click_Search" ended with a "Stop" status (Duration: 24.4725).	[MsgId: MMSG-16873]
Abort was called from an action.	[MsgId: MMSG-10447]
Ending Vuser...	[MsgId: MMSG-15966]
Starting action vuser_end.	[MsgId: MMSG-15919]
Ending action vuser_end.	[MsgId: MMSG-15918]
Vuser Terminated.	[MsgId: MMSG-15963]
Start auto log messages stack - Iteration 1.	[MsgId: MMSG-10545]
Action.c(250): Resource "https://av-pt-ferrari.accela.com/portlets/framework/includes/javascript/permitPlus.js" is in the cache already and will not be downloaded again  	[MsgId: MMSG-26655]
Action.c(250): Resource "https://av-pt-ferrari.accela.com/portlets/framework/includes/javascript/layoutPublic.js" is in the cache already and will not be downloaded again  	[MsgId: MMSG-26655]
Action.c(250): web_url("capSearch.do") was successful, 46638 body bytes, 4016 header bytes  	[MsgId: MMSG-26386]
Action.c(260): web_url("blank.jsp") started  	[MsgId: MMSG-26355]
Action.c(260): Notify: Transaction "LARA_TC1_02_Click_Search" ended with a "Stop" status (Duration: 30.4531).	[MsgId: MMSG-16873]
Abort was called from an action.	[MsgId: MMSG-10447]
Ending Vuser...	[MsgId: MMSG-15966]
Starting action vuser_end.	[MsgId: MMSG-15919]
Ending action vuser_end.	[MsgId: MMSG-15918]
Vuser Terminated.	[MsgId: MMSG-15963]
Start auto log messages stack - Iteration 1.	[MsgId: MMSG-10545]
Action.c(6): web_url("dashboard.do") was successful, 187 body bytes, 1150 header bytes  	[MsgId: MMSG-26386]
Action.c(22): web_reg_save_param_regexp started  	[MsgId: MMSG-26355]
Action.c(22): Registering web_reg_save_param_regexp was successful  	[MsgId: MMSG-26390]
Action.c(37): web_reg_save_param_regexp started  	[MsgId: MMSG-26355]
Action.c(37): Registering web_reg_save_param_regexp was successful  	[MsgId: MMSG-26390]
Action.c(46): web_url("hostSignon.do") started  	[MsgId: MMSG-26355]
Abort was called from an action.	[MsgId: MMSG-10447]
Ending Vuser...	[MsgId: MMSG-15966]
Starting action vuser_end.	[MsgId: MMSG-15919]
Ending action vuser_end.	[MsgId: MMSG-15918]
Vuser Terminated.	[MsgId: MMSG-15963]
Action.c(559): Error -27492: "HttpSendRequest" failed, Windows error code=12017 and retry limit (0) exceeded for URL="https://av-pt-ferrari.accela.com/portlets/expression/expression.do?mode=execute"  	[MsgId: MERR-27492]
Action.c(250): Error -27496: Internal Error - _eStat (5) != LRW_ITEM_STAT_ENUM_UNHANDLED for HandledTask at 09B81010  	[MsgId: MERR-27496]
Action.c(260): Error -27496: Internal Error - _eStat (5) != LRW_ITEM_STAT_ENUM_UNHANDLED for HandledTask at 0C8A8E50  	[MsgId: MERR-27496]
End auto log messages stack.	[MsgId: MMSG-10544]


Start auto log messages stack - Iteration 1.	[MsgId: MMSG-10545]
Action.c(250): Warning -27496: Internal Error - _eStat (5) != LRW_ITEM_STAT_ENUM_UNHANDLED for HandledTask at 09B7E4F8  	[MsgId: MWAR-27496]
Error -27496: Internal Error - InternetCloseHandle failed for item at 09B7FB90, Windows error code=6. Assuming the item can be deleted, but error(s) may occur in fvLrwNetWinInetCallback  	[MsgId: MERR-27496]
Action.c(260): Error -27492: "HttpSendRequest" failed, Windows error code=12017 and retry limit (0) exceeded for URL="https://av-pt-ferrari.accela.com/portlets/framework/includes/error/blank.jsp"  	[MsgId: MERR-27492]
Action.c(250): Error -27492: "HttpSendRequest" failed, Windows error code=12017 and retry limit (0) exceeded for URL="https://av-pt-ferrari.accela.com/portlets/framework/includes/error/blank.jsp"  	[MsgId: MERR-27492]
Error -27496: Internal Error - InternetCloseHandle failed for item at 0C8A8E50, Windows error code=6. Assuming the item can be deleted, but error(s) may occur in fvLrwNetWinInetCallback  	[MsgId: MERR-27496]
Error -27496: Internal Error - LrwNetHandledItem at 09B7FB90 not marked as deleteable (0)  	[MsgId: MERR-27496]
Error -27496: Internal Error - InternetCloseHandle failed for item at 09B81010, Windows error code=6. Assuming the item can be deleted, but error(s) may occur in fvLrwNetWinInetCallback  	[MsgId: MERR-27496]
Error -27496: Internal Error - LrwNetHandledItem at 0C8A8E50 not marked as deleteable (0)  	[MsgId: MERR-27496]
Error -27496: Internal Error - LrwNetHandledItem at 09B81010 not marked as deleteable (0)  	[MsgId: MERR-27496]
Error -27496: Internal Error - Invalid _eActivity/_ptHandledItem (5/00000000)  	[MsgId: MERR-27496]
Error -27496: Internal Error - Invalid _eActivity/_ptHandledItem (5/00000000)  	[MsgId: MERR-27496]
Error -27496: Internal Error - Invalid _eActivity/_ptHandledItem (5/00000000)  	[MsgId: MERR-27496]
End auto log messages stack.	[MsgId: MMSG-10544]


Start auto log messages stack - Iteration 1.	[MsgId: MMSG-10545]
Action.c(250): Warning -27492: "HttpSendRequest" failed, Windows error code=12017 and retry limit (0) exceeded for URL="https://av-pt-ferrari.accela.com/portlets/commons/condition/conditionselect.js"  	[MsgId: MWAR-27492]
Error -27496: Internal Error - InternetCloseHandle failed for item at 09B7E4F8, Windows error code=6. Assuming the item can be deleted, but error(s) may occur in fvLrwNetWinInetCallback  	[MsgId: MERR-27496]
End auto log messages stack.	[MsgId: MMSG-10544]


End auto log messages stack.	[MsgId: MMSG-10544]


End auto log messages stack.	[MsgId: MMSG-10544]


