Action.c(1202):     not found
Action.c(1202): Warning -26627: HTTP Status-Code=404 (Not Found) for "https://use.typekit.net/c/2e9066/1w;proxima-nova,2,b5x:R:i4,b61:R:i7,b5w:R:n4,bBh:R:n7/l?3bb2a6e53c9684ffdc9a9af1195b2a62d69a4fbfbedecc7b6a1ca4a2f465fc6de1e789e0f31638c0f2c06cab515671a39937bdd0377dcc75d96fbefdaf06299c28ca55726044c37fd1"  	[MsgId: MWAR-26627]
Action.c(1202): t=5007449ms: Closing connection [1] to use.typekit.net after receiving status code 404  	[MsgId: MMSG-26000]
Action.c(1202): t=5007449ms: Closed connection [1] to use.typekit.net:443 after completing 0 request(s)  	[MsgId: MMSG-26000]
Action.c(1202): t=5007449ms: Request done "https://use.typekit.net/c/2e9066/1w;proxima-nova,2,b5x:R:i4,b61:R:i7,b5w:R:n4,bBh:R:n7/l?3bb2a6e53c9684ffdc9a9af1195b2a62d69a4fbfbedecc7b6a1ca4a2f465fc6de1e789e0f31638c0f2c06cab515671a39937bdd0377dcc75d96fbefdaf06299c28ca55726044c37fd1"  	[MsgId: MMSG-26000]
Action.c(1202): web_url("hostSignon.do_3") highest severity level was "warning", 194610 body bytes, 4322 header bytes, 2714 chunking overhead bytes  	[MsgId: MMSG-26387]
Action.c(1212): Notify: Transaction "LARA_SignOut" ended with a "Pass" status (Duration: 10.6173).	[MsgId: MMSG-16873]
Ending action Action.	[MsgId: MMSG-15918]
Action was aborted.	[MsgId: MMSG-10694]
Ending Vuser...	[MsgId: MMSG-15966]
Starting action vuser_end.	[MsgId: MMSG-15919]
Ending action vuser_end.	[MsgId: MMSG-15918]
Vuser Terminated.	[MsgId: MMSG-15963]
t=5007449ms: Closed connection [0] to av-pt-ferrari.accela.com:443 after completing 118 request(s)  	[MsgId: MMSG-26000]
t=5007449ms: Closed connection [2] to av-pt-ferrari.accela.com:443 after completing 1 request(s)  	[MsgId: MMSG-26000]
t=5007449ms: Closed connection [3] to av-pt-ferrari.accela.com:443 after completing 4 request(s)  	[MsgId: MMSG-26000]
t=5007449ms: Closed connection [4] to av-pt-ferrari.accela.com:443 after completing 20 request(s)  	[MsgId: MMSG-26000]
t=5007449ms: Closed connection [5] to www.accela.com:443 after completing 1 request(s)  	[MsgId: MMSG-26000]
t=5007449ms: Closed connection [6] to av-pt-ferrari.accela.com:443 after completing 13 request(s)  	[MsgId: MMSG-26000]
t=5007449ms: Closed connection [7] to av-pt-ferrari.accela.com:443 after completing 11 request(s)  	[MsgId: MMSG-26000]
HTML-Mode memory management statistics: Reusable=47, NonReusable=117, CsMemBlockSize=4096, checks disabled  	[MsgId: MMSG-26000]
Vuser 14 (thread 48580), ended OK."	[MsgId: MMSG-10695]
