Start auto log messages stack - Iteration 3.	[MsgId: MMSG-10545]
Action.c(249): web_submit_data("empty.jsp_2") started  	[MsgId: MMSG-26355]
Action.c(249): web_submit_data("empty.jsp_2") was successful, 79 body bytes, 551 header bytes  	[MsgId: MMSG-26386]
Action.c(259): Notify: Transaction "MILWAUKEE_TC1_02_Click_Search" ended with a "Pass" status (Duration: 9.1290).	[MsgId: MMSG-16873]
Action.c(263): Notify: Transaction "MILWAUKEE_TC1_03_Search_Record" started.	[MsgId: MMSG-16999]
Action.c(265): web_url("session.do_7") started  	[MsgId: MMSG-26355]
Action.c(265): web_url("session.do_7") was successful, 56 body bytes, 535 header bytes  	[MsgId: MMSG-26386]
Action.c(280): web_reg_save_param_ex started  	[MsgId: MMSG-26355]
Action.c(280): Registering web_reg_save_param_ex was successful  	[MsgId: MMSG-26390]
Action.c(289): web_submit_data("capSearch.do_2") started  	[MsgId: MMSG-26355]
Action.c(289): Error -27492: "HttpSendRequest" failed, Windows error code=12002 and retry limit (0) exceeded for URL="https://av-pt-ferrari.accela.com/portlets/cap/capSearch.do?module=Building"  	[MsgId: MERR-27492]
Action.c(289): Error -35061: No match found for the requested parameter "Param_ID3". Either the specified boundaries were not found in the response or the matched text is longer than current max html parameter size of 256 bytes. The total length of the response is 0 bytes. You can use "web_set_max_html_param_len" to increase the max parameter size.  	[MsgId: MERR-35061]
End auto log messages stack.	[MsgId: MMSG-10544]


Start auto log messages stack - Iteration 4.	[MsgId: MMSG-10545]
Action.c(199): web_url("myCAPDetailPortlet.jsp") was successful, 823476 body bytes, 19897 header bytes  	[MsgId: MMSG-26386]
Action.c(208): web_submit_data("empty.jsp") started  	[MsgId: MMSG-26355]
Action.c(208): web_submit_data("empty.jsp") was successful, 79 body bytes, 551 header bytes  	[MsgId: MMSG-26386]
Action.c(218): Notify: Transaction "MILWAUKEE_TC1_01_Click_Record" ended with a "Pass" status (Duration: 12.6323).	[MsgId: MMSG-16873]
Action.c(220): Notify: Transaction "MILWAUKEE_TC1_02_Click_Search" started.	[MsgId: MMSG-16999]
Action.c(222): web_url("session.do_6") started  	[MsgId: MMSG-26355]
Action.c(222): web_url("session.do_6") was successful, 56 body bytes, 535 header bytes  	[MsgId: MMSG-26386]
Action.c(231): web_url("capSearch.do") started  	[MsgId: MMSG-26355]
Action.c(231): Error -27492: "HttpSendRequest" failed, Windows error code=12002 and retry limit (0) exceeded for URL="https://av-pt-ferrari.accela.com/portlets/cap/capSearch.do?mode=search&isFromSearch=true&isSearchButton=true&module=Building&isGeneralCAP=Y"  	[MsgId: MERR-27492]
End auto log messages stack.	[MsgId: MMSG-10544]


Start auto log messages stack - Iteration 5.	[MsgId: MMSG-10545]
Action.c(199): Detected non-resource "https://av-pt-ferrari.accela.com/portlets/framework/includes/error/blank.jsp?module=Building" in "https://av-pt-ferrari.accela.com/portlets/commons/cap/myCAPDetailPortlet.jsp?module=-select-"  	[MsgId: MMSG-26574]
Action.c(199): Detected non-resource "https://av-pt-ferrari.accela.com/portlets/framework/includes/error/blank.jsp?module=Building" in "https://av-pt-ferrari.accela.com/portlets/commons/cap/myCAPDetailPortlet.jsp?module=-select-"  	[MsgId: MMSG-26574]
Action.c(199): Found resource "https://av-pt-ferrari.accela.com/portlets/framework/includes/javascript/ac360base.js" in HTML "https://av-pt-ferrari.accela.com/portlets/commons/cap/myCAPDetailPortlet.jsp?module=-select-"  	[MsgId: MMSG-26659]
Action.c(199): Error -27492: "HttpSendRequest" failed, Windows error code=12002 and retry limit (0) exceeded for URL="https://av-pt-ferrari.accela.com/portlets/cap/capSearch.do?searchBy=ByCondition&height=270&mode=init&module=Building&cleanCapId=Y&isGeneralCAP=Y&supportMulAgencySearch=Y"  	[MsgId: MERR-27492]
End auto log messages stack.	[MsgId: MMSG-10544]


Start auto log messages stack - Iteration 6.	[MsgId: MMSG-10545]
Action.c(289): web_submit_data("capSearch.do_2") was successful, 24103 body bytes, 2125 header bytes  	[MsgId: MMSG-26386]
Action.c(371): web_submit_data("empty.jsp_3") started  	[MsgId: MMSG-26355]
Action.c(371): web_submit_data("empty.jsp_3") was successful, 79 body bytes, 551 header bytes  	[MsgId: MMSG-26386]
Action.c(381): Notify: Transaction "MILWAUKEE_TC1_03_Search_Record" ended with a "Pass" status (Duration: 2.1988 Wasted Time: 0.0007).	[MsgId: MMSG-16871]
Action.c(383): Notify: Transaction "MILWAUKEE_TC1_04_Record_Details" started.	[MsgId: MMSG-16999]
Action.c(385): web_url("session.do_8") started  	[MsgId: MMSG-26355]
Action.c(385): web_url("session.do_8") was successful, 56 body bytes, 535 header bytes  	[MsgId: MMSG-26386]
Action.c(394): web_url("CapTabSummary.do") started  	[MsgId: MMSG-26355]
Action.c(394): Error -27492: "HttpSendRequest" failed, Windows error code=12002 and retry limit (0) exceeded for URL="https://av-pt-ferrari.accela.com/portlets/cap/capsummary/CapTabSummary.do?mode=tabSummary&serviceProviderCode=MILWAUKEE&ID1=18CAP&ID2=00000&ID3=01PT3&requireNotice=YES&clearForm=clearForm&module=Licenses&isFromCapList=true&isGeneralCAP=Y"  	[MsgId: MERR-27492]
End auto log messages stack.	[MsgId: MMSG-10544]


Start auto log messages stack - Iteration 6.	[MsgId: MMSG-10545]
Action.c(289): web_submit_data("capSearch.do_2") was successful, 24102 body bytes, 2125 header bytes  	[MsgId: MMSG-26386]
Action.c(371): web_submit_data("empty.jsp_3") started  	[MsgId: MMSG-26355]
Action.c(371): web_submit_data("empty.jsp_3") was successful, 79 body bytes, 551 header bytes  	[MsgId: MMSG-26386]
Action.c(381): Notify: Transaction "MILWAUKEE_TC1_03_Search_Record" ended with a "Pass" status (Duration: 15.4056 Wasted Time: 0.0008).	[MsgId: MMSG-16871]
Action.c(383): Notify: Transaction "MILWAUKEE_TC1_04_Record_Details" started.	[MsgId: MMSG-16999]
Action.c(385): web_url("session.do_8") started  	[MsgId: MMSG-26355]
Action.c(385): web_url("session.do_8") was successful, 56 body bytes, 535 header bytes  	[MsgId: MMSG-26386]
Action.c(394): web_url("CapTabSummary.do") started  	[MsgId: MMSG-26355]
Action.c(394): Error -27492: "HttpSendRequest" failed, Windows error code=12002 and retry limit (0) exceeded for URL="https://av-pt-ferrari.accela.com/portlets/cap/capsummary/CapTabSummary.do?mode=tabSummary&serviceProviderCode=MILWAUKEE&ID1=18CAP&ID2=00000&ID3=01PT3&requireNotice=YES&clearForm=clearForm&module=Licenses&isFromCapList=true&isGeneralCAP=Y"  	[MsgId: MERR-27492]
End auto log messages stack.	[MsgId: MMSG-10544]


