Start auto log messages stack - Iteration 1.	[MsgId: MMSG-10545]
Action.c(541): web_custom_request("tabRecordCount.do_3") was successful, 77 body bytes, 567 header bytes  	[MsgId: MMSG-26386]
Action.c(552): web_custom_request("tabRecordCount.do_4") started  	[MsgId: MMSG-26355]
Action.c(552): web_custom_request("tabRecordCount.do_4") was successful, 1938 body bytes, 569 header bytes  	[MsgId: MMSG-26386]
Action.c(563): Notify: Transaction "MILWAUKEE_TC1_05_Click_Addtl_Info" ended with a "Pass" status (Duration: 0.5612).	[MsgId: MMSG-16873]
Action.c(567): Notify: Transaction "MILWAUKEE_TC1_06_Save_Addtl_Info" started.	[MsgId: MMSG-16999]
Action.c(569): web_url("session.do_13") started  	[MsgId: MMSG-26355]
Action.c(569): web_url("session.do_13") was successful, 56 body bytes, 535 header bytes  	[MsgId: MMSG-26386]
Action.c(578): web_submit_data("addtInfoForm.do_2") started  	[MsgId: MMSG-26355]
Action.c(578): Error -27492: "HttpSendRequest" failed, Windows error code=12002 and retry limit (0) exceeded for URL="https://av-pt-ferrari.accela.com/portlets/addtinfo/addtInfoForm.do?module=Licenses"  	[MsgId: MERR-27492]
End auto log messages stack.	[MsgId: MMSG-10544]


Start auto log messages stack - Iteration 1.	[MsgId: MMSG-10545]
Action.c(541): web_custom_request("tabRecordCount.do_3") was successful, 77 body bytes, 567 header bytes  	[MsgId: MMSG-26386]
Action.c(552): web_custom_request("tabRecordCount.do_4") started  	[MsgId: MMSG-26355]
Action.c(552): web_custom_request("tabRecordCount.do_4") was successful, 1938 body bytes, 569 header bytes  	[MsgId: MMSG-26386]
Action.c(563): Notify: Transaction "MILWAUKEE_TC1_05_Click_Addtl_Info" ended with a "Pass" status (Duration: 0.7016).	[MsgId: MMSG-16873]
Action.c(567): Notify: Transaction "MILWAUKEE_TC1_06_Save_Addtl_Info" started.	[MsgId: MMSG-16999]
Action.c(569): web_url("session.do_13") started  	[MsgId: MMSG-26355]
Action.c(569): web_url("session.do_13") was successful, 56 body bytes, 535 header bytes  	[MsgId: MMSG-26386]
Action.c(578): web_submit_data("addtInfoForm.do_2") started  	[MsgId: MMSG-26355]
Action.c(578): Error -27492: "HttpSendRequest" failed, Windows error code=12002 and retry limit (0) exceeded for URL="https://av-pt-ferrari.accela.com/portlets/addtinfo/addtInfoForm.do?module=Licenses"  	[MsgId: MERR-27492]
End auto log messages stack.	[MsgId: MMSG-10544]


Start auto log messages stack - Iteration 1.	[MsgId: MMSG-10545]
Action.c(541): web_custom_request("tabRecordCount.do_3") was successful, 77 body bytes, 567 header bytes  	[MsgId: MMSG-26386]
Action.c(552): web_custom_request("tabRecordCount.do_4") started  	[MsgId: MMSG-26355]
Action.c(552): web_custom_request("tabRecordCount.do_4") was successful, 1938 body bytes, 569 header bytes  	[MsgId: MMSG-26386]
Action.c(563): Notify: Transaction "MILWAUKEE_TC1_05_Click_Addtl_Info" ended with a "Pass" status (Duration: 0.8646).	[MsgId: MMSG-16873]
Action.c(567): Notify: Transaction "MILWAUKEE_TC1_06_Save_Addtl_Info" started.	[MsgId: MMSG-16999]
Action.c(569): web_url("session.do_13") started  	[MsgId: MMSG-26355]
Action.c(569): web_url("session.do_13") was successful, 56 body bytes, 535 header bytes  	[MsgId: MMSG-26386]
Action.c(578): web_submit_data("addtInfoForm.do_2") started  	[MsgId: MMSG-26355]
Action.c(578): Error -27492: "HttpSendRequest" failed, Windows error code=12002 and retry limit (0) exceeded for URL="https://av-pt-ferrari.accela.com/portlets/addtinfo/addtInfoForm.do?module=Licenses"  	[MsgId: MERR-27492]
End auto log messages stack.	[MsgId: MMSG-10544]


Start auto log messages stack - Iteration 1.	[MsgId: MMSG-10545]
Action.c(289): web_submit_data("capSearch.do_2") was successful, 24099 body bytes, 2125 header bytes  	[MsgId: MMSG-26386]
Action.c(371): web_submit_data("empty.jsp_3") started  	[MsgId: MMSG-26355]
Action.c(371): web_submit_data("empty.jsp_3") was successful, 79 body bytes, 551 header bytes  	[MsgId: MMSG-26386]
Action.c(381): Notify: Transaction "MILWAUKEE_TC1_03_Search_Record" ended with a "Pass" status (Duration: 8.2303 Wasted Time: 0.0007).	[MsgId: MMSG-16871]
Action.c(383): Notify: Transaction "MILWAUKEE_TC1_04_Record_Details" started.	[MsgId: MMSG-16999]
Action.c(385): web_url("session.do_8") started  	[MsgId: MMSG-26355]
Action.c(385): web_url("session.do_8") was successful, 56 body bytes, 535 header bytes  	[MsgId: MMSG-26386]
Action.c(394): web_url("CapTabSummary.do") started  	[MsgId: MMSG-26355]
Action.c(394): Error -27492: "HttpSendRequest" failed, Windows error code=12002 and retry limit (0) exceeded for URL="https://av-pt-ferrari.accela.com/portlets/cap/capsummary/CapTabSummary.do?mode=tabSummary&serviceProviderCode=MILWAUKEE&ID1=18CAP&ID2=00000&ID3=01PT3&requireNotice=YES&clearForm=clearForm&module=Licenses&isFromCapList=true&isGeneralCAP=Y"  	[MsgId: MERR-27492]
End auto log messages stack.	[MsgId: MMSG-10544]


Start auto log messages stack - Iteration 1.	[MsgId: MMSG-10545]
Action.c(289): web_submit_data("capSearch.do_2") was successful, 24101 body bytes, 2125 header bytes  	[MsgId: MMSG-26386]
Action.c(371): web_submit_data("empty.jsp_3") started  	[MsgId: MMSG-26355]
Action.c(371): web_submit_data("empty.jsp_3") was successful, 79 body bytes, 551 header bytes  	[MsgId: MMSG-26386]
Action.c(381): Notify: Transaction "MILWAUKEE_TC1_03_Search_Record" ended with a "Pass" status (Duration: 12.6463 Wasted Time: 0.0008).	[MsgId: MMSG-16871]
Action.c(383): Notify: Transaction "MILWAUKEE_TC1_04_Record_Details" started.	[MsgId: MMSG-16999]
Action.c(385): web_url("session.do_8") started  	[MsgId: MMSG-26355]
Action.c(385): web_url("session.do_8") was successful, 56 body bytes, 535 header bytes  	[MsgId: MMSG-26386]
Action.c(394): web_url("CapTabSummary.do") started  	[MsgId: MMSG-26355]
Action.c(394): Error -27492: "HttpSendRequest" failed, Windows error code=12002 and retry limit (0) exceeded for URL="https://av-pt-ferrari.accela.com/portlets/cap/capsummary/CapTabSummary.do?mode=tabSummary&serviceProviderCode=MILWAUKEE&ID1=18CAP&ID2=00000&ID3=01PT3&requireNotice=YES&clearForm=clearForm&module=Licenses&isFromCapList=true&isGeneralCAP=Y"  	[MsgId: MERR-27492]
End auto log messages stack.	[MsgId: MMSG-10544]


Start auto log messages stack - Iteration 1.	[MsgId: MMSG-10545]
Action.c(541): web_custom_request("tabRecordCount.do_3") was successful, 77 body bytes, 567 header bytes  	[MsgId: MMSG-26386]
Action.c(552): web_custom_request("tabRecordCount.do_4") started  	[MsgId: MMSG-26355]
Action.c(552): web_custom_request("tabRecordCount.do_4") was successful, 1938 body bytes, 569 header bytes  	[MsgId: MMSG-26386]
Action.c(563): Notify: Transaction "MILWAUKEE_TC1_05_Click_Addtl_Info" ended with a "Pass" status (Duration: 34.8665).	[MsgId: MMSG-16873]
Action.c(567): Notify: Transaction "MILWAUKEE_TC1_06_Save_Addtl_Info" started.	[MsgId: MMSG-16999]
Action.c(569): web_url("session.do_13") started  	[MsgId: MMSG-26355]
Action.c(569): web_url("session.do_13") was successful, 56 body bytes, 535 header bytes  	[MsgId: MMSG-26386]
Action.c(578): web_submit_data("addtInfoForm.do_2") started  	[MsgId: MMSG-26355]
Action.c(578): Error -27492: "HttpSendRequest" failed, Windows error code=12002 and retry limit (0) exceeded for URL="https://av-pt-ferrari.accela.com/portlets/addtinfo/addtInfoForm.do?module=Licenses"  	[MsgId: MERR-27492]
End auto log messages stack.	[MsgId: MMSG-10544]


Start auto log messages stack - Iteration 1.	[MsgId: MMSG-10545]
Action.c(199): Detected non-resource "https://av-pt-ferrari.accela.com/portlets/framework/includes/error/blank.jsp?module=Building" in "https://av-pt-ferrari.accela.com/portlets/commons/cap/myCAPDetailPortlet.jsp?module=-select-"  	[MsgId: MMSG-26574]
Action.c(199): Detected non-resource "https://av-pt-ferrari.accela.com/portlets/framework/includes/error/blank.jsp?module=Building" in "https://av-pt-ferrari.accela.com/portlets/commons/cap/myCAPDetailPortlet.jsp?module=-select-"  	[MsgId: MMSG-26574]
Action.c(199): Found resource "https://av-pt-ferrari.accela.com/portlets/framework/includes/javascript/ac360base.js" in HTML "https://av-pt-ferrari.accela.com/portlets/commons/cap/myCAPDetailPortlet.jsp?module=-select-"  	[MsgId: MMSG-26659]
Action.c(199): Error -27492: "HttpSendRequest" failed, Windows error code=12002 and retry limit (0) exceeded for URL="https://av-pt-ferrari.accela.com/portlets/cap/capSearch.do?searchBy=ByCondition&height=270&mode=init&module=Building&cleanCapId=Y&isGeneralCAP=Y&supportMulAgencySearch=Y"  	[MsgId: MERR-27492]
End auto log messages stack.	[MsgId: MMSG-10544]


Start auto log messages stack - Iteration 1.	[MsgId: MMSG-10545]
Action.c(289): web_submit_data("capSearch.do_2") was successful, 24100 body bytes, 2125 header bytes  	[MsgId: MMSG-26386]
Action.c(371): web_submit_data("empty.jsp_3") started  	[MsgId: MMSG-26355]
Action.c(371): web_submit_data("empty.jsp_3") was successful, 79 body bytes, 551 header bytes  	[MsgId: MMSG-26386]
Action.c(381): Notify: Transaction "MILWAUKEE_TC1_03_Search_Record" ended with a "Pass" status (Duration: 24.6015 Wasted Time: 0.0007).	[MsgId: MMSG-16871]
Action.c(383): Notify: Transaction "MILWAUKEE_TC1_04_Record_Details" started.	[MsgId: MMSG-16999]
Action.c(385): web_url("session.do_8") started  	[MsgId: MMSG-26355]
Action.c(385): web_url("session.do_8") was successful, 56 body bytes, 535 header bytes  	[MsgId: MMSG-26386]
Action.c(394): web_url("CapTabSummary.do") started  	[MsgId: MMSG-26355]
Action.c(394): Error -27492: "HttpSendRequest" failed, Windows error code=12002 and retry limit (0) exceeded for URL="https://av-pt-ferrari.accela.com/portlets/cap/capsummary/CapTabSummary.do?mode=tabSummary&serviceProviderCode=MILWAUKEE&ID1=18CAP&ID2=00000&ID3=01PT3&requireNotice=YES&clearForm=clearForm&module=Licenses&isFromCapList=true&isGeneralCAP=Y"  	[MsgId: MERR-27492]
End auto log messages stack.	[MsgId: MMSG-10544]


Start auto log messages stack - Iteration 1.	[MsgId: MMSG-10545]
Action.c(199): web_url("myCAPDetailPortlet.jsp") was successful, 823473 body bytes, 19897 header bytes  	[MsgId: MMSG-26386]
Action.c(208): web_submit_data("empty.jsp") started  	[MsgId: MMSG-26355]
Action.c(208): web_submit_data("empty.jsp") was successful, 79 body bytes, 551 header bytes  	[MsgId: MMSG-26386]
Action.c(218): Notify: Transaction "MILWAUKEE_TC1_01_Click_Record" ended with a "Pass" status (Duration: 29.4473).	[MsgId: MMSG-16873]
Action.c(220): Notify: Transaction "MILWAUKEE_TC1_02_Click_Search" started.	[MsgId: MMSG-16999]
Action.c(222): web_url("session.do_6") started  	[MsgId: MMSG-26355]
Action.c(222): web_url("session.do_6") was successful, 56 body bytes, 535 header bytes  	[MsgId: MMSG-26386]
Action.c(231): web_url("capSearch.do") started  	[MsgId: MMSG-26355]
Action.c(231): Error -27492: "HttpSendRequest" failed, Windows error code=12002 and retry limit (0) exceeded for URL="https://av-pt-ferrari.accela.com/portlets/cap/capSearch.do?mode=search&isFromSearch=true&isSearchButton=true&module=Building&isGeneralCAP=Y"  	[MsgId: MERR-27492]
End auto log messages stack.	[MsgId: MMSG-10544]


Start auto log messages stack - Iteration 1.	[MsgId: MMSG-10545]
Action.c(71): web_submit_data("hostSignon.do_2") started  	[MsgId: MMSG-26355]
Action.c(71): web_submit_data("hostSignon.do_2") was successful, 98 body bytes, 992 header bytes  	[MsgId: MMSG-26386]
Action.c(93): web_url("dashboard.do_2") started  	[MsgId: MMSG-26355]
Action.c(93): Detected non-resource "https://av-pt-ferrari.accela.com/portlets/spa/dashboard.do" in "https://av-pt-ferrari.accela.com/portlets/spa/dashboard.do"  	[MsgId: MMSG-26574]
Action.c(93): Found resource "https://av-pt-ferrari.accela.com/security/auth.do?signOffScript=https://av-pt-ferrari.accela.com/portlets/security/signout.do&switchAgencyScript=https://av-pt-ferrari.accela.com/portlets/commons/sso/blank.jsp&CSRF_REQ_PARAM=" in HTML "https://av-pt-ferrari.accela.com/portlets/spa/dashboard.do"  	[MsgId: MMSG-26659]
Action.c(93): Error -27492: "HttpSendRequest" failed, Windows error code=12002 and retry limit (0) exceeded for URL="https://av-pt-ferrari.accela.com/portlets/spa/dashboard.do"  	[MsgId: MERR-27492]
End auto log messages stack.	[MsgId: MMSG-10544]


Start auto log messages stack - Iteration 1.	[MsgId: MMSG-10545]
Action.c(199): web_url("myCAPDetailPortlet.jsp") was successful, 823480 body bytes, 19897 header bytes  	[MsgId: MMSG-26386]
Action.c(208): web_submit_data("empty.jsp") started  	[MsgId: MMSG-26355]
Action.c(208): web_submit_data("empty.jsp") was successful, 79 body bytes, 551 header bytes  	[MsgId: MMSG-26386]
Action.c(218): Notify: Transaction "MILWAUKEE_TC1_01_Click_Record" ended with a "Pass" status (Duration: 28.8775).	[MsgId: MMSG-16873]
Action.c(220): Notify: Transaction "MILWAUKEE_TC1_02_Click_Search" started.	[MsgId: MMSG-16999]
Action.c(222): web_url("session.do_6") started  	[MsgId: MMSG-26355]
Action.c(222): web_url("session.do_6") was successful, 56 body bytes, 535 header bytes  	[MsgId: MMSG-26386]
Action.c(231): web_url("capSearch.do") started  	[MsgId: MMSG-26355]
Action.c(231): Error -27492: "HttpSendRequest" failed, Windows error code=12002 and retry limit (0) exceeded for URL="https://av-pt-ferrari.accela.com/portlets/cap/capSearch.do?mode=search&isFromSearch=true&isSearchButton=true&module=Building&isGeneralCAP=Y"  	[MsgId: MERR-27492]
End auto log messages stack.	[MsgId: MMSG-10544]


Start auto log messages stack - Iteration 2.	[MsgId: MMSG-10545]
Action.c(199): Detected non-resource "https://av-pt-ferrari.accela.com/portlets/framework/includes/error/blank.jsp?module=Building" in "https://av-pt-ferrari.accela.com/portlets/commons/cap/myCAPDetailPortlet.jsp?module=-select-"  	[MsgId: MMSG-26574]
Action.c(199): Detected non-resource "https://av-pt-ferrari.accela.com/portlets/framework/includes/error/blank.jsp?module=Building" in "https://av-pt-ferrari.accela.com/portlets/commons/cap/myCAPDetailPortlet.jsp?module=-select-"  	[MsgId: MMSG-26574]
Action.c(199): Found resource "https://av-pt-ferrari.accela.com/portlets/framework/includes/javascript/ac360base.js" in HTML "https://av-pt-ferrari.accela.com/portlets/commons/cap/myCAPDetailPortlet.jsp?module=-select-"  	[MsgId: MMSG-26659]
Action.c(199): Error -27492: "HttpSendRequest" failed, Windows error code=12002 and retry limit (0) exceeded for URL="https://av-pt-ferrari.accela.com/portlets/cap/capSearch.do?searchBy=ByCondition&height=270&mode=init&module=Building&cleanCapId=Y&isGeneralCAP=Y&supportMulAgencySearch=Y"  	[MsgId: MERR-27492]
End auto log messages stack.	[MsgId: MMSG-10544]


Start auto log messages stack - Iteration 2.	[MsgId: MMSG-10545]
Action.c(199): web_url("myCAPDetailPortlet.jsp") was successful, 823479 body bytes, 19897 header bytes  	[MsgId: MMSG-26386]
Action.c(208): web_submit_data("empty.jsp") started  	[MsgId: MMSG-26355]
Action.c(208): web_submit_data("empty.jsp") was successful, 79 body bytes, 551 header bytes  	[MsgId: MMSG-26386]
Action.c(218): Notify: Transaction "MILWAUKEE_TC1_01_Click_Record" ended with a "Pass" status (Duration: 45.4105).	[MsgId: MMSG-16873]
Action.c(220): Notify: Transaction "MILWAUKEE_TC1_02_Click_Search" started.	[MsgId: MMSG-16999]
Action.c(222): web_url("session.do_6") started  	[MsgId: MMSG-26355]
Action.c(222): web_url("session.do_6") was successful, 56 body bytes, 535 header bytes  	[MsgId: MMSG-26386]
Action.c(231): web_url("capSearch.do") started  	[MsgId: MMSG-26355]
Action.c(231): Error -27492: "HttpSendRequest" failed, Windows error code=12002 and retry limit (0) exceeded for URL="https://av-pt-ferrari.accela.com/portlets/cap/capSearch.do?mode=search&isFromSearch=true&isSearchButton=true&module=Building&isGeneralCAP=Y"  	[MsgId: MERR-27492]
End auto log messages stack.	[MsgId: MMSG-10544]


Start auto log messages stack - Iteration 1.	[MsgId: MMSG-10545]
Action.c(289): web_submit_data("capSearch.do_2") was successful, 24105 body bytes, 2125 header bytes  	[MsgId: MMSG-26386]
Action.c(371): web_submit_data("empty.jsp_3") started  	[MsgId: MMSG-26355]
Action.c(371): web_submit_data("empty.jsp_3") was successful, 79 body bytes, 551 header bytes  	[MsgId: MMSG-26386]
Action.c(381): Notify: Transaction "MILWAUKEE_TC1_03_Search_Record" ended with a "Pass" status (Duration: 23.0292 Wasted Time: 0.0008).	[MsgId: MMSG-16871]
Action.c(383): Notify: Transaction "MILWAUKEE_TC1_04_Record_Details" started.	[MsgId: MMSG-16999]
Action.c(385): web_url("session.do_8") started  	[MsgId: MMSG-26355]
Action.c(385): web_url("session.do_8") was successful, 56 body bytes, 535 header bytes  	[MsgId: MMSG-26386]
Action.c(394): web_url("CapTabSummary.do") started  	[MsgId: MMSG-26355]
Action.c(394): Error -27492: "HttpSendRequest" failed, Windows error code=12002 and retry limit (0) exceeded for URL="https://av-pt-ferrari.accela.com/portlets/cap/capsummary/CapTabSummary.do?mode=tabSummary&serviceProviderCode=MILWAUKEE&ID1=18CAP&ID2=00000&ID3=01PT3&requireNotice=YES&clearForm=clearForm&module=Licenses&isFromCapList=true&isGeneralCAP=Y"  	[MsgId: MERR-27492]
End auto log messages stack.	[MsgId: MMSG-10544]


Start auto log messages stack - Iteration 2.	[MsgId: MMSG-10545]
Start auto log messages stack - Iteration 2.	[MsgId: MMSG-10545]
Action.c(249): web_submit_data("empty.jsp_2") started  	[MsgId: MMSG-26355]
Action.c(249): web_submit_data("empty.jsp_2") was successful, 79 body bytes, 551 header bytes  	[MsgId: MMSG-26386]
Action.c(259): Notify: Transaction "MILWAUKEE_TC1_02_Click_Search" ended with a "Pass" status (Duration: 44.7458).	[MsgId: MMSG-16873]
Action.c(263): Notify: Transaction "MILWAUKEE_TC1_03_Search_Record" started.	[MsgId: MMSG-16999]
Action.c(265): web_url("session.do_7") started  	[MsgId: MMSG-26355]
Action.c(265): web_url("session.do_7") was successful, 56 body bytes, 535 header bytes  	[MsgId: MMSG-26386]
Action.c(280): web_reg_save_param_ex started  	[MsgId: MMSG-26355]
Action.c(280): Registering web_reg_save_param_ex was successful  	[MsgId: MMSG-26390]
Action.c(289): web_submit_data("capSearch.do_2") started  	[MsgId: MMSG-26355]
Action.c(289): Error -27492: "HttpSendRequest" failed, Windows error code=12002 and retry limit (0) exceeded for URL="https://av-pt-ferrari.accela.com/portlets/cap/capSearch.do?module=Building"  	[MsgId: MERR-27492]
Action.c(199): web_url("myCAPDetailPortlet.jsp") was successful, 823475 body bytes, 19897 header bytes  	[MsgId: MMSG-26386]
Action.c(208): web_submit_data("empty.jsp") started  	[MsgId: MMSG-26355]
Action.c(208): web_submit_data("empty.jsp") was successful, 79 body bytes, 551 header bytes  	[MsgId: MMSG-26386]
Action.c(218): Notify: Transaction "MILWAUKEE_TC1_01_Click_Record" ended with a "Pass" status (Duration: 37.6185).	[MsgId: MMSG-16873]
Action.c(220): Notify: Transaction "MILWAUKEE_TC1_02_Click_Search" started.	[MsgId: MMSG-16999]
Action.c(222): web_url("session.do_6") started  	[MsgId: MMSG-26355]
Action.c(222): web_url("session.do_6") was successful, 56 body bytes, 535 header bytes  	[MsgId: MMSG-26386]
Action.c(231): web_url("capSearch.do") started  	[MsgId: MMSG-26355]
Action.c(231): Error -27492: "HttpSendRequest" failed, Windows error code=12002 and retry limit (0) exceeded for URL="https://av-pt-ferrari.accela.com/portlets/cap/capSearch.do?mode=search&isFromSearch=true&isSearchButton=true&module=Building&isGeneralCAP=Y"  	[MsgId: MERR-27492]
Action.c(289): Error -35061: No match found for the requested parameter "Param_ID3". Either the specified boundaries were not found in the response or the matched text is longer than current max html parameter size of 256 bytes. The total length of the response is 0 bytes. You can use "web_set_max_html_param_len" to increase the max parameter size.  	[MsgId: MERR-35061]
End auto log messages stack.	[MsgId: MMSG-10544]


End auto log messages stack.	[MsgId: MMSG-10544]


Start auto log messages stack - Iteration 2.	[MsgId: MMSG-10545]
Action.c(45): Found resource "https://www.accela.com/ext/web/aa/assets/aalogin_header.gif" in HTML "https://www.accela.com/ext/web/aa/header.htm"  	[MsgId: MMSG-26659]
Action.c(45): Found resource "https://www.accela.com/ext/web/aa/assets/spacer.gif" in HTML "https://www.accela.com/ext/web/aa/header.htm"  	[MsgId: MMSG-26659]
Action.c(45): web_url("hostSignon.do") highest severity level was "warning", 451866 body bytes, 6740 header bytes  	[MsgId: MMSG-26388]
Action.c(56): Notify: Transaction "MILWAUKEE_Login" started.	[MsgId: MMSG-16999]
Action.c(58): web_custom_request("loginAction.do") started  	[MsgId: MMSG-26355]
Action.c(58): web_custom_request("loginAction.do") was successful, 23 body bytes, 264 header bytes  	[MsgId: MMSG-26386]
Action.c(71): web_submit_data("hostSignon.do_2") started  	[MsgId: MMSG-26355]
Action.c(71): Error -27492: "HttpSendRequest" failed, Windows error code=12002 and retry limit (0) exceeded for URL="https://av-pt-ferrari.accela.com/security/hostSignon.do?hostSignOn=true"  	[MsgId: MERR-27492]
End auto log messages stack.	[MsgId: MMSG-10544]


Start auto log messages stack - Iteration 1.	[MsgId: MMSG-10545]
Action.c(249): web_submit_data("empty.jsp_2") started  	[MsgId: MMSG-26355]
Action.c(249): web_submit_data("empty.jsp_2") was successful, 79 body bytes, 551 header bytes  	[MsgId: MMSG-26386]
Action.c(259): Notify: Transaction "MILWAUKEE_TC1_02_Click_Search" ended with a "Pass" status (Duration: 53.5879).	[MsgId: MMSG-16873]
Action.c(263): Notify: Transaction "MILWAUKEE_TC1_03_Search_Record" started.	[MsgId: MMSG-16999]
Action.c(265): web_url("session.do_7") started  	[MsgId: MMSG-26355]
Action.c(265): web_url("session.do_7") was successful, 56 body bytes, 535 header bytes  	[MsgId: MMSG-26386]
Action.c(280): web_reg_save_param_ex started  	[MsgId: MMSG-26355]
Action.c(280): Registering web_reg_save_param_ex was successful  	[MsgId: MMSG-26390]
Action.c(289): web_submit_data("capSearch.do_2") started  	[MsgId: MMSG-26355]
Action.c(289): Error -27492: "HttpSendRequest" failed, Windows error code=12002 and retry limit (0) exceeded for URL="https://av-pt-ferrari.accela.com/portlets/cap/capSearch.do?module=Building"  	[MsgId: MERR-27492]
Action.c(289): Error -35061: No match found for the requested parameter "Param_ID3". Either the specified boundaries were not found in the response or the matched text is longer than current max html parameter size of 256 bytes. The total length of the response is 0 bytes. You can use "web_set_max_html_param_len" to increase the max parameter size.  	[MsgId: MERR-35061]
End auto log messages stack.	[MsgId: MMSG-10544]


Start auto log messages stack - Iteration 2.	[MsgId: MMSG-10545]
Action.c(71): web_submit_data("hostSignon.do_2") started  	[MsgId: MMSG-26355]
Action.c(71): web_submit_data("hostSignon.do_2") was successful, 98 body bytes, 992 header bytes  	[MsgId: MMSG-26386]
Action.c(93): web_url("dashboard.do_2") started  	[MsgId: MMSG-26355]
Action.c(93): Detected non-resource "https://av-pt-ferrari.accela.com/portlets/spa/dashboard.do" in "https://av-pt-ferrari.accela.com/portlets/spa/dashboard.do"  	[MsgId: MMSG-26574]
Action.c(93): Found resource "https://av-pt-ferrari.accela.com/security/auth.do?signOffScript=https://av-pt-ferrari.accela.com/portlets/security/signout.do&switchAgencyScript=https://av-pt-ferrari.accela.com/portlets/commons/sso/blank.jsp&CSRF_REQ_PARAM=" in HTML "https://av-pt-ferrari.accela.com/portlets/spa/dashboard.do"  	[MsgId: MMSG-26659]
Action.c(93): Error -27492: "HttpSendRequest" failed, Windows error code=12002 and retry limit (0) exceeded for URL="https://av-pt-ferrari.accela.com/portlets/spa/dashboard.do"  	[MsgId: MERR-27492]
End auto log messages stack.	[MsgId: MMSG-10544]


Start auto log messages stack - Iteration 2.	[MsgId: MMSG-10545]
Action.c(199): Detected non-resource "https://av-pt-ferrari.accela.com/portlets/framework/includes/error/blank.jsp?module=Building" in "https://av-pt-ferrari.accela.com/portlets/commons/cap/myCAPDetailPortlet.jsp?module=-select-"  	[MsgId: MMSG-26574]
Action.c(199): Detected non-resource "https://av-pt-ferrari.accela.com/portlets/framework/includes/error/blank.jsp?module=Building" in "https://av-pt-ferrari.accela.com/portlets/commons/cap/myCAPDetailPortlet.jsp?module=-select-"  	[MsgId: MMSG-26574]
Action.c(199): Found resource "https://av-pt-ferrari.accela.com/portlets/framework/includes/javascript/ac360base.js" in HTML "https://av-pt-ferrari.accela.com/portlets/commons/cap/myCAPDetailPortlet.jsp?module=-select-"  	[MsgId: MMSG-26659]
Action.c(199): Error -27492: "HttpSendRequest" failed, Windows error code=12002 and retry limit (0) exceeded for URL="https://av-pt-ferrari.accela.com/portlets/cap/capSearch.do?searchBy=ByCondition&height=270&mode=init&module=Building&cleanCapId=Y&isGeneralCAP=Y&supportMulAgencySearch=Y"  	[MsgId: MERR-27492]
End auto log messages stack.	[MsgId: MMSG-10544]


Start auto log messages stack - Iteration 2.	[MsgId: MMSG-10545]
Action.c(249): web_submit_data("empty.jsp_2") started  	[MsgId: MMSG-26355]
Action.c(249): web_submit_data("empty.jsp_2") was successful, 79 body bytes, 551 header bytes  	[MsgId: MMSG-26386]
Action.c(259): Notify: Transaction "MILWAUKEE_TC1_02_Click_Search" ended with a "Pass" status (Duration: 33.5380).	[MsgId: MMSG-16873]
Action.c(263): Notify: Transaction "MILWAUKEE_TC1_03_Search_Record" started.	[MsgId: MMSG-16999]
Action.c(265): web_url("session.do_7") started  	[MsgId: MMSG-26355]
Action.c(265): web_url("session.do_7") was successful, 56 body bytes, 535 header bytes  	[MsgId: MMSG-26386]
Action.c(280): web_reg_save_param_ex started  	[MsgId: MMSG-26355]
Action.c(280): Registering web_reg_save_param_ex was successful  	[MsgId: MMSG-26390]
Action.c(289): web_submit_data("capSearch.do_2") started  	[MsgId: MMSG-26355]
Action.c(289): Error -27492: "HttpSendRequest" failed, Windows error code=12002 and retry limit (0) exceeded for URL="https://av-pt-ferrari.accela.com/portlets/cap/capSearch.do?module=Building"  	[MsgId: MERR-27492]
Action.c(289): Error -35061: No match found for the requested parameter "Param_ID3". Either the specified boundaries were not found in the response or the matched text is longer than current max html parameter size of 256 bytes. The total length of the response is 0 bytes. You can use "web_set_max_html_param_len" to increase the max parameter size.  	[MsgId: MERR-35061]
End auto log messages stack.	[MsgId: MMSG-10544]


Start auto log messages stack - Iteration 2.	[MsgId: MMSG-10545]
Action.c(199): Detected non-resource "https://av-pt-ferrari.accela.com/portlets/framework/includes/error/blank.jsp?module=Building" in "https://av-pt-ferrari.accela.com/portlets/commons/cap/myCAPDetailPortlet.jsp?module=-select-"  	[MsgId: MMSG-26574]
Action.c(199): Detected non-resource "https://av-pt-ferrari.accela.com/portlets/framework/includes/error/blank.jsp?module=Building" in "https://av-pt-ferrari.accela.com/portlets/commons/cap/myCAPDetailPortlet.jsp?module=-select-"  	[MsgId: MMSG-26574]
Action.c(199): Found resource "https://av-pt-ferrari.accela.com/portlets/framework/includes/javascript/ac360base.js" in HTML "https://av-pt-ferrari.accela.com/portlets/commons/cap/myCAPDetailPortlet.jsp?module=-select-"  	[MsgId: MMSG-26659]
Action.c(199): Error -27492: "HttpSendRequest" failed, Windows error code=12002 and retry limit (0) exceeded for URL="https://av-pt-ferrari.accela.com/portlets/cap/capSearch.do?searchBy=ByCondition&height=270&mode=init&module=Building&cleanCapId=Y&isGeneralCAP=Y&supportMulAgencySearch=Y"  	[MsgId: MERR-27492]
End auto log messages stack.	[MsgId: MMSG-10544]


Start auto log messages stack - Iteration 2.	[MsgId: MMSG-10545]
Action.c(45): Found resource "https://www.accela.com/ext/web/aa/assets/aalogin_header.gif" in HTML "https://www.accela.com/ext/web/aa/header.htm"  	[MsgId: MMSG-26659]
Action.c(45): Found resource "https://www.accela.com/ext/web/aa/assets/spacer.gif" in HTML "https://www.accela.com/ext/web/aa/header.htm"  	[MsgId: MMSG-26659]
Action.c(45): web_url("hostSignon.do") highest severity level was "warning", 451867 body bytes, 6740 header bytes  	[MsgId: MMSG-26388]
Action.c(56): Notify: Transaction "MILWAUKEE_Login" started.	[MsgId: MMSG-16999]
Action.c(58): web_custom_request("loginAction.do") started  	[MsgId: MMSG-26355]
Action.c(58): web_custom_request("loginAction.do") was successful, 23 body bytes, 264 header bytes  	[MsgId: MMSG-26386]
Action.c(71): web_submit_data("hostSignon.do_2") started  	[MsgId: MMSG-26355]
Action.c(71): Error -27492: "HttpSendRequest" failed, Windows error code=12002 and retry limit (0) exceeded for URL="https://av-pt-ferrari.accela.com/security/hostSignon.do?hostSignOn=true"  	[MsgId: MERR-27492]
End auto log messages stack.	[MsgId: MMSG-10544]


Start auto log messages stack - Iteration 2.	[MsgId: MMSG-10545]
Action.c(199): Detected non-resource "https://av-pt-ferrari.accela.com/portlets/framework/includes/error/blank.jsp?module=Building" in "https://av-pt-ferrari.accela.com/portlets/commons/cap/myCAPDetailPortlet.jsp?module=-select-"  	[MsgId: MMSG-26574]
Action.c(199): Detected non-resource "https://av-pt-ferrari.accela.com/portlets/framework/includes/error/blank.jsp?module=Building" in "https://av-pt-ferrari.accela.com/portlets/commons/cap/myCAPDetailPortlet.jsp?module=-select-"  	[MsgId: MMSG-26574]
Action.c(199): Found resource "https://av-pt-ferrari.accela.com/portlets/framework/includes/javascript/ac360base.js" in HTML "https://av-pt-ferrari.accela.com/portlets/commons/cap/myCAPDetailPortlet.jsp?module=-select-"  	[MsgId: MMSG-26659]
Action.c(199): Error -27492: "HttpSendRequest" failed, Windows error code=12002 and retry limit (0) exceeded for URL="https://av-pt-ferrari.accela.com/portlets/cap/capSearch.do?searchBy=ByCondition&height=270&mode=init&module=Building&cleanCapId=Y&isGeneralCAP=Y&supportMulAgencySearch=Y"  	[MsgId: MERR-27492]
End auto log messages stack.	[MsgId: MMSG-10544]


Start auto log messages stack - Iteration 2.	[MsgId: MMSG-10545]
Action.c(45): Found resource "https://www.accela.com/ext/web/aa/assets/aalogin_header.gif" in HTML "https://www.accela.com/ext/web/aa/header.htm"  	[MsgId: MMSG-26659]
Action.c(45): Found resource "https://www.accela.com/ext/web/aa/assets/spacer.gif" in HTML "https://www.accela.com/ext/web/aa/header.htm"  	[MsgId: MMSG-26659]
Action.c(45): web_url("hostSignon.do") highest severity level was "warning", 451868 body bytes, 6740 header bytes  	[MsgId: MMSG-26388]
Action.c(56): Notify: Transaction "MILWAUKEE_Login" started.	[MsgId: MMSG-16999]
Action.c(58): web_custom_request("loginAction.do") started  	[MsgId: MMSG-26355]
Action.c(58): web_custom_request("loginAction.do") was successful, 23 body bytes, 264 header bytes  	[MsgId: MMSG-26386]
Action.c(71): web_submit_data("hostSignon.do_2") started  	[MsgId: MMSG-26355]
Action.c(71): Error -27492: "HttpSendRequest" failed, Windows error code=12002 and retry limit (0) exceeded for URL="https://av-pt-ferrari.accela.com/security/hostSignon.do?hostSignOn=true"  	[MsgId: MERR-27492]
End auto log messages stack.	[MsgId: MMSG-10544]


Start auto log messages stack - Iteration 2.	[MsgId: MMSG-10545]
Action.c(71): web_submit_data("hostSignon.do_2") started  	[MsgId: MMSG-26355]
Action.c(71): web_submit_data("hostSignon.do_2") was successful, 98 body bytes, 992 header bytes  	[MsgId: MMSG-26386]
Action.c(93): web_url("dashboard.do_2") started  	[MsgId: MMSG-26355]
Action.c(93): Detected non-resource "https://av-pt-ferrari.accela.com/portlets/spa/dashboard.do" in "https://av-pt-ferrari.accela.com/portlets/spa/dashboard.do"  	[MsgId: MMSG-26574]
Action.c(93): Found resource "https://av-pt-ferrari.accela.com/security/auth.do?signOffScript=https://av-pt-ferrari.accela.com/portlets/security/signout.do&switchAgencyScript=https://av-pt-ferrari.accela.com/portlets/commons/sso/blank.jsp&CSRF_REQ_PARAM=" in HTML "https://av-pt-ferrari.accela.com/portlets/spa/dashboard.do"  	[MsgId: MMSG-26659]
Action.c(93): Error -27492: "HttpSendRequest" failed, Windows error code=12002 and retry limit (0) exceeded for URL="https://av-pt-ferrari.accela.com/portlets/spa/dashboard.do"  	[MsgId: MERR-27492]
End auto log messages stack.	[MsgId: MMSG-10544]


Start auto log messages stack - Iteration 3.	[MsgId: MMSG-10545]
Action.c(289): web_submit_data("capSearch.do_2") was successful, 24100 body bytes, 2125 header bytes  	[MsgId: MMSG-26386]
Action.c(371): web_submit_data("empty.jsp_3") started  	[MsgId: MMSG-26355]
Action.c(371): web_submit_data("empty.jsp_3") was successful, 79 body bytes, 551 header bytes  	[MsgId: MMSG-26386]
Action.c(381): Notify: Transaction "MILWAUKEE_TC1_03_Search_Record" ended with a "Pass" status (Duration: 13.5604 Wasted Time: 0.0007).	[MsgId: MMSG-16871]
Action.c(383): Notify: Transaction "MILWAUKEE_TC1_04_Record_Details" started.	[MsgId: MMSG-16999]
Action.c(385): web_url("session.do_8") started  	[MsgId: MMSG-26355]
Action.c(385): web_url("session.do_8") was successful, 56 body bytes, 535 header bytes  	[MsgId: MMSG-26386]
Action.c(394): web_url("CapTabSummary.do") started  	[MsgId: MMSG-26355]
Action.c(394): Error -27492: "HttpSendRequest" failed, Windows error code=12002 and retry limit (0) exceeded for URL="https://av-pt-ferrari.accela.com/portlets/cap/capsummary/CapTabSummary.do?mode=tabSummary&serviceProviderCode=MILWAUKEE&ID1=18CAP&ID2=00000&ID3=01PT3&requireNotice=YES&clearForm=clearForm&module=Licenses&isFromCapList=true&isGeneralCAP=Y"  	[MsgId: MERR-27492]
End auto log messages stack.	[MsgId: MMSG-10544]


Start auto log messages stack - Iteration 3.	[MsgId: MMSG-10545]
Action.c(489): Notify: Transaction "MILWAUKEE_TC1_04_Record_Details" ended with a "Pass" status (Duration: 53.9766).	[MsgId: MMSG-16873]
Action.c(491): web_url("session.do_10") started  	[MsgId: MMSG-26355]
Action.c(491): web_url("session.do_10") was successful, 56 body bytes, 535 header bytes  	[MsgId: MMSG-26386]
Action.c(500): web_url("session.do_11") started  	[MsgId: MMSG-26355]
Action.c(500): web_url("session.do_11") was successful, 56 body bytes, 535 header bytes  	[MsgId: MMSG-26386]
Action.c(511): Notify: Transaction "MILWAUKEE_TC1_05_Click_Addtl_Info" started.	[MsgId: MMSG-16999]
Action.c(513): web_url("session.do_12") started  	[MsgId: MMSG-26355]
Action.c(513): web_url("session.do_12") was successful, 56 body bytes, 535 header bytes  	[MsgId: MMSG-26386]
Action.c(522): web_url("addtInfoForm.do") started  	[MsgId: MMSG-26355]
Action.c(522): Error -27492: "HttpSendRequest" failed, Windows error code=12002 and retry limit (0) exceeded for URL="https://av-pt-ferrari.accela.com/portlets/addtinfo/addtInfoForm.do?mode=view&module=Licenses"  	[MsgId: MERR-27492]
End auto log messages stack.	[MsgId: MMSG-10544]


Start auto log messages stack - Iteration 3.	[MsgId: MMSG-10545]
Action.c(249): web_submit_data("empty.jsp_2") started  	[MsgId: MMSG-26355]
Action.c(249): web_submit_data("empty.jsp_2") was successful, 79 body bytes, 551 header bytes  	[MsgId: MMSG-26386]
Action.c(259): Notify: Transaction "MILWAUKEE_TC1_02_Click_Search" ended with a "Pass" status (Duration: 52.8070).	[MsgId: MMSG-16873]
Action.c(263): Notify: Transaction "MILWAUKEE_TC1_03_Search_Record" started.	[MsgId: MMSG-16999]
Action.c(265): web_url("session.do_7") started  	[MsgId: MMSG-26355]
Action.c(265): web_url("session.do_7") was successful, 56 body bytes, 535 header bytes  	[MsgId: MMSG-26386]
Action.c(280): web_reg_save_param_ex started  	[MsgId: MMSG-26355]
Action.c(280): Registering web_reg_save_param_ex was successful  	[MsgId: MMSG-26390]
Action.c(289): web_submit_data("capSearch.do_2") started  	[MsgId: MMSG-26355]
Action.c(289): Error -27492: "HttpSendRequest" failed, Windows error code=12002 and retry limit (0) exceeded for URL="https://av-pt-ferrari.accela.com/portlets/cap/capSearch.do?module=Building"  	[MsgId: MERR-27492]
Action.c(289): Error -35061: No match found for the requested parameter "Param_ID3". Either the specified boundaries were not found in the response or the matched text is longer than current max html parameter size of 256 bytes. The total length of the response is 0 bytes. You can use "web_set_max_html_param_len" to increase the max parameter size.  	[MsgId: MERR-35061]
End auto log messages stack.	[MsgId: MMSG-10544]


Start auto log messages stack - Iteration 3.	[MsgId: MMSG-10545]
Action.c(249): web_submit_data("empty.jsp_2") started  	[MsgId: MMSG-26355]
Action.c(249): web_submit_data("empty.jsp_2") was successful, 79 body bytes, 551 header bytes  	[MsgId: MMSG-26386]
Action.c(259): Notify: Transaction "MILWAUKEE_TC1_02_Click_Search" ended with a "Pass" status (Duration: 40.4677).	[MsgId: MMSG-16873]
Action.c(263): Notify: Transaction "MILWAUKEE_TC1_03_Search_Record" started.	[MsgId: MMSG-16999]
Action.c(265): web_url("session.do_7") started  	[MsgId: MMSG-26355]
Action.c(265): web_url("session.do_7") was successful, 56 body bytes, 535 header bytes  	[MsgId: MMSG-26386]
Action.c(280): web_reg_save_param_ex started  	[MsgId: MMSG-26355]
Action.c(280): Registering web_reg_save_param_ex was successful  	[MsgId: MMSG-26390]
Action.c(289): web_submit_data("capSearch.do_2") started  	[MsgId: MMSG-26355]
Action.c(289): Error -27492: "HttpSendRequest" failed, Windows error code=12002 and retry limit (0) exceeded for URL="https://av-pt-ferrari.accela.com/portlets/cap/capSearch.do?module=Building"  	[MsgId: MERR-27492]
Action.c(289): Error -35061: No match found for the requested parameter "Param_ID3". Either the specified boundaries were not found in the response or the matched text is longer than current max html parameter size of 256 bytes. The total length of the response is 0 bytes. You can use "web_set_max_html_param_len" to increase the max parameter size.  	[MsgId: MERR-35061]
End auto log messages stack.	[MsgId: MMSG-10544]


Start auto log messages stack - Iteration 3.	[MsgId: MMSG-10545]
Action.c(289): web_submit_data("capSearch.do_2") was successful, 24102 body bytes, 2125 header bytes  	[MsgId: MMSG-26386]
Action.c(371): web_submit_data("empty.jsp_3") started  	[MsgId: MMSG-26355]
Action.c(371): web_submit_data("empty.jsp_3") was successful, 79 body bytes, 551 header bytes  	[MsgId: MMSG-26386]
Action.c(381): Notify: Transaction "MILWAUKEE_TC1_03_Search_Record" ended with a "Pass" status (Duration: 30.7271 Wasted Time: 0.0007).	[MsgId: MMSG-16871]
Action.c(383): Notify: Transaction "MILWAUKEE_TC1_04_Record_Details" started.	[MsgId: MMSG-16999]
Action.c(385): web_url("session.do_8") started  	[MsgId: MMSG-26355]
Action.c(385): web_url("session.do_8") was successful, 56 body bytes, 535 header bytes  	[MsgId: MMSG-26386]
Action.c(394): web_url("CapTabSummary.do") started  	[MsgId: MMSG-26355]
Action.c(394): Error -27492: "HttpSendRequest" failed, Windows error code=12002 and retry limit (0) exceeded for URL="https://av-pt-ferrari.accela.com/portlets/cap/capsummary/CapTabSummary.do?mode=tabSummary&serviceProviderCode=MILWAUKEE&ID1=18CAP&ID2=00000&ID3=01PT3&requireNotice=YES&clearForm=clearForm&module=Licenses&isFromCapList=true&isGeneralCAP=Y"  	[MsgId: MERR-27492]
End auto log messages stack.	[MsgId: MMSG-10544]


Start auto log messages stack - Iteration 3.	[MsgId: MMSG-10545]
Action.c(199): Detected non-resource "https://av-pt-ferrari.accela.com/portlets/framework/includes/error/blank.jsp?module=Building" in "https://av-pt-ferrari.accela.com/portlets/commons/cap/myCAPDetailPortlet.jsp?module=-select-"  	[MsgId: MMSG-26574]
Action.c(199): Detected non-resource "https://av-pt-ferrari.accela.com/portlets/framework/includes/error/blank.jsp?module=Building" in "https://av-pt-ferrari.accela.com/portlets/commons/cap/myCAPDetailPortlet.jsp?module=-select-"  	[MsgId: MMSG-26574]
Action.c(199): Found resource "https://av-pt-ferrari.accela.com/portlets/framework/includes/javascript/ac360base.js" in HTML "https://av-pt-ferrari.accela.com/portlets/commons/cap/myCAPDetailPortlet.jsp?module=-select-"  	[MsgId: MMSG-26659]
Action.c(199): Error -27492: "HttpSendRequest" failed, Windows error code=12002 and retry limit (0) exceeded for URL="https://av-pt-ferrari.accela.com/portlets/cap/capSearch.do?searchBy=ByCondition&height=270&mode=init&module=Building&cleanCapId=Y&isGeneralCAP=Y&supportMulAgencySearch=Y"  	[MsgId: MERR-27492]
End auto log messages stack.	[MsgId: MMSG-10544]


Start auto log messages stack - Iteration 3.	[MsgId: MMSG-10545]
Action.c(71): web_submit_data("hostSignon.do_2") started  	[MsgId: MMSG-26355]
Action.c(71): web_submit_data("hostSignon.do_2") was successful, 98 body bytes, 992 header bytes  	[MsgId: MMSG-26386]
Action.c(93): web_url("dashboard.do_2") started  	[MsgId: MMSG-26355]
Action.c(93): Detected non-resource "https://av-pt-ferrari.accela.com/portlets/spa/dashboard.do" in "https://av-pt-ferrari.accela.com/portlets/spa/dashboard.do"  	[MsgId: MMSG-26574]
Action.c(93): Found resource "https://av-pt-ferrari.accela.com/security/auth.do?signOffScript=https://av-pt-ferrari.accela.com/portlets/security/signout.do&switchAgencyScript=https://av-pt-ferrari.accela.com/portlets/commons/sso/blank.jsp&CSRF_REQ_PARAM=" in HTML "https://av-pt-ferrari.accela.com/portlets/spa/dashboard.do"  	[MsgId: MMSG-26659]
Action.c(93): Error -27492: "HttpSendRequest" failed, Windows error code=12002 and retry limit (0) exceeded for URL="https://av-pt-ferrari.accela.com/portlets/spa/dashboard.do"  	[MsgId: MERR-27492]
End auto log messages stack.	[MsgId: MMSG-10544]


Start auto log messages stack - Iteration 4.	[MsgId: MMSG-10545]
Action.c(289): web_submit_data("capSearch.do_2") was successful, 24103 body bytes, 2125 header bytes  	[MsgId: MMSG-26386]
Action.c(371): web_submit_data("empty.jsp_3") started  	[MsgId: MMSG-26355]
Action.c(371): web_submit_data("empty.jsp_3") was successful, 79 body bytes, 551 header bytes  	[MsgId: MMSG-26386]
Action.c(381): Notify: Transaction "MILWAUKEE_TC1_03_Search_Record" ended with a "Pass" status (Duration: 3.7653 Wasted Time: 0.0010).	[MsgId: MMSG-16871]
Action.c(383): Notify: Transaction "MILWAUKEE_TC1_04_Record_Details" started.	[MsgId: MMSG-16999]
Action.c(385): web_url("session.do_8") started  	[MsgId: MMSG-26355]
Action.c(385): web_url("session.do_8") was successful, 56 body bytes, 535 header bytes  	[MsgId: MMSG-26386]
Action.c(394): web_url("CapTabSummary.do") started  	[MsgId: MMSG-26355]
Action.c(394): Error -27492: "HttpSendRequest" failed, Windows error code=12002 and retry limit (0) exceeded for URL="https://av-pt-ferrari.accela.com/portlets/cap/capsummary/CapTabSummary.do?mode=tabSummary&serviceProviderCode=MILWAUKEE&ID1=18CAP&ID2=00000&ID3=01PT3&requireNotice=YES&clearForm=clearForm&module=Licenses&isFromCapList=true&isGeneralCAP=Y"  	[MsgId: MERR-27492]
End auto log messages stack.	[MsgId: MMSG-10544]


Start auto log messages stack - Iteration 4.	[MsgId: MMSG-10545]
Action.c(199): web_url("myCAPDetailPortlet.jsp") was successful, 823478 body bytes, 19897 header bytes  	[MsgId: MMSG-26386]
Action.c(208): web_submit_data("empty.jsp") started  	[MsgId: MMSG-26355]
Action.c(208): web_submit_data("empty.jsp") was successful, 79 body bytes, 551 header bytes  	[MsgId: MMSG-26386]
Action.c(218): Notify: Transaction "MILWAUKEE_TC1_01_Click_Record" ended with a "Pass" status (Duration: 22.0768).	[MsgId: MMSG-16873]
Action.c(220): Notify: Transaction "MILWAUKEE_TC1_02_Click_Search" started.	[MsgId: MMSG-16999]
Action.c(222): web_url("session.do_6") started  	[MsgId: MMSG-26355]
Action.c(222): web_url("session.do_6") was successful, 56 body bytes, 535 header bytes  	[MsgId: MMSG-26386]
Action.c(231): web_url("capSearch.do") started  	[MsgId: MMSG-26355]
Action.c(231): Error -27492: "HttpSendRequest" failed, Windows error code=12002 and retry limit (0) exceeded for URL="https://av-pt-ferrari.accela.com/portlets/cap/capSearch.do?mode=search&isFromSearch=true&isSearchButton=true&module=Building&isGeneralCAP=Y"  	[MsgId: MERR-27492]
End auto log messages stack.	[MsgId: MMSG-10544]


Start auto log messages stack - Iteration 4.	[MsgId: MMSG-10545]
Start auto log messages stack - Iteration 4.	[MsgId: MMSG-10545]
Action.c(199): web_url("myCAPDetailPortlet.jsp") was successful, 823475 body bytes, 19897 header bytes  	[MsgId: MMSG-26386]
Action.c(489): Notify: Transaction "MILWAUKEE_TC1_04_Record_Details" ended with a "Pass" status (Duration: 49.3490).	[MsgId: MMSG-16873]
Action.c(208): web_submit_data("empty.jsp") started  	[MsgId: MMSG-26355]
Action.c(208): web_submit_data("empty.jsp") was successful, 79 body bytes, 551 header bytes  	[MsgId: MMSG-26386]
Action.c(491): web_url("session.do_10") started  	[MsgId: MMSG-26355]
Action.c(491): web_url("session.do_10") was successful, 56 body bytes, 535 header bytes  	[MsgId: MMSG-26386]
Action.c(218): Notify: Transaction "MILWAUKEE_TC1_01_Click_Record" ended with a "Pass" status (Duration: 26.9538).	[MsgId: MMSG-16873]
Action.c(500): web_url("session.do_11") started  	[MsgId: MMSG-26355]
Action.c(220): Notify: Transaction "MILWAUKEE_TC1_02_Click_Search" started.	[MsgId: MMSG-16999]
Action.c(500): web_url("session.do_11") was successful, 56 body bytes, 535 header bytes  	[MsgId: MMSG-26386]
Action.c(222): web_url("session.do_6") started  	[MsgId: MMSG-26355]
Action.c(222): web_url("session.do_6") was successful, 56 body bytes, 535 header bytes  	[MsgId: MMSG-26386]
Action.c(231): web_url("capSearch.do") started  	[MsgId: MMSG-26355]
Action.c(231): Error -27492: "HttpSendRequest" failed, Windows error code=12002 and retry limit (0) exceeded for URL="https://av-pt-ferrari.accela.com/portlets/cap/capSearch.do?mode=search&isFromSearch=true&isSearchButton=true&module=Building&isGeneralCAP=Y"  	[MsgId: MERR-27492]
Action.c(511): Notify: Transaction "MILWAUKEE_TC1_05_Click_Addtl_Info" started.	[MsgId: MMSG-16999]
Action.c(513): web_url("session.do_12") started  	[MsgId: MMSG-26355]
Action.c(513): web_url("session.do_12") was successful, 56 body bytes, 535 header bytes  	[MsgId: MMSG-26386]
Action.c(522): web_url("addtInfoForm.do") started  	[MsgId: MMSG-26355]
Action.c(522): Error -27492: "HttpSendRequest" failed, Windows error code=12002 and retry limit (0) exceeded for URL="https://av-pt-ferrari.accela.com/portlets/addtinfo/addtInfoForm.do?mode=view&module=Licenses"  	[MsgId: MERR-27492]
End auto log messages stack.	[MsgId: MMSG-10544]


End auto log messages stack.	[MsgId: MMSG-10544]


Start auto log messages stack - Iteration 4.	[MsgId: MMSG-10545]
Start auto log messages stack - Iteration 5.	[MsgId: MMSG-10545]
Action.c(289): web_submit_data("capSearch.do_2") was successful, 24096 body bytes, 2125 header bytes  	[MsgId: MMSG-26386]
Action.c(289): web_submit_data("capSearch.do_2") was successful, 24103 body bytes, 2125 header bytes  	[MsgId: MMSG-26386]
Action.c(371): web_submit_data("empty.jsp_3") started  	[MsgId: MMSG-26355]
Action.c(371): web_submit_data("empty.jsp_3") started  	[MsgId: MMSG-26355]
Action.c(371): web_submit_data("empty.jsp_3") was successful, 79 body bytes, 551 header bytes  	[MsgId: MMSG-26386]
Action.c(371): web_submit_data("empty.jsp_3") was successful, 79 body bytes, 551 header bytes  	[MsgId: MMSG-26386]
Action.c(381): Notify: Transaction "MILWAUKEE_TC1_03_Search_Record" ended with a "Pass" status (Duration: 3.5880).	[MsgId: MMSG-16873]
Action.c(381): Notify: Transaction "MILWAUKEE_TC1_03_Search_Record" ended with a "Pass" status (Duration: 3.2760).	[MsgId: MMSG-16873]
Action.c(383): Notify: Transaction "MILWAUKEE_TC1_04_Record_Details" started.	[MsgId: MMSG-16999]
Action.c(383): Notify: Transaction "MILWAUKEE_TC1_04_Record_Details" started.	[MsgId: MMSG-16999]
Action.c(385): web_url("session.do_8") started  	[MsgId: MMSG-26355]
Action.c(385): web_url("session.do_8") started  	[MsgId: MMSG-26355]
Action.c(385): web_url("session.do_8") was successful, 56 body bytes, 535 header bytes  	[MsgId: MMSG-26386]
Action.c(385): web_url("session.do_8") was successful, 56 body bytes, 535 header bytes  	[MsgId: MMSG-26386]
Action.c(394): web_url("CapTabSummary.do") started  	[MsgId: MMSG-26355]
Action.c(394): web_url("CapTabSummary.do") started  	[MsgId: MMSG-26355]
Action.c(394): Error -27492: "HttpSendRequest" failed, Windows error code=12002 and retry limit (0) exceeded for URL="https://av-pt-ferrari.accela.com/portlets/cap/capsummary/CapTabSummary.do?mode=tabSummary&serviceProviderCode=MILWAUKEE&ID1=18CAP&ID2=00000&ID3=01PT3&requireNotice=YES&clearForm=clearForm&module=Licenses&isFromCapList=true&isGeneralCAP=Y"  	[MsgId: MERR-27492]
Action.c(394): Error -27492: "HttpSendRequest" failed, Windows error code=12002 and retry limit (0) exceeded for URL="https://av-pt-ferrari.accela.com/portlets/cap/capsummary/CapTabSummary.do?mode=tabSummary&serviceProviderCode=MILWAUKEE&ID1=18CAP&ID2=00000&ID3=01PT3&requireNotice=YES&clearForm=clearForm&module=Licenses&isFromCapList=true&isGeneralCAP=Y"  	[MsgId: MERR-27492]
End auto log messages stack.	[MsgId: MMSG-10544]


End auto log messages stack.	[MsgId: MMSG-10544]


Start auto log messages stack - Iteration 5.	[MsgId: MMSG-10545]
Action.c(199): web_url("myCAPDetailPortlet.jsp") was successful, 823471 body bytes, 19897 header bytes  	[MsgId: MMSG-26386]
Action.c(208): web_submit_data("empty.jsp") started  	[MsgId: MMSG-26355]
Action.c(208): web_submit_data("empty.jsp") was successful, 79 body bytes, 551 header bytes  	[MsgId: MMSG-26386]
Action.c(218): Notify: Transaction "MILWAUKEE_TC1_01_Click_Record" ended with a "Pass" status (Duration: 18.5796).	[MsgId: MMSG-16873]
Start auto log messages stack - Iteration 5.	[MsgId: MMSG-10545]
Action.c(220): Notify: Transaction "MILWAUKEE_TC1_02_Click_Search" started.	[MsgId: MMSG-16999]
Action.c(222): web_url("session.do_6") started  	[MsgId: MMSG-26355]
Action.c(222): web_url("session.do_6") was successful, 56 body bytes, 535 header bytes  	[MsgId: MMSG-26386]
Action.c(231): web_url("capSearch.do") started  	[MsgId: MMSG-26355]
Action.c(732): web_submit_data("empty.jsp_8") started  	[MsgId: MMSG-26355]
Action.c(231): Error -27492: "HttpSendRequest" failed, Windows error code=12002 and retry limit (0) exceeded for URL="https://av-pt-ferrari.accela.com/portlets/cap/capSearch.do?mode=search&isFromSearch=true&isSearchButton=true&module=Building&isGeneralCAP=Y"  	[MsgId: MERR-27492]
Action.c(732): web_submit_data("empty.jsp_8") was successful, 79 body bytes, 551 header bytes  	[MsgId: MMSG-26386]
Action.c(742): web_custom_request("text.do_2") started  	[MsgId: MMSG-26355]
Action.c(742): web_custom_request("text.do_2") was successful, 1663 body bytes, 537 header bytes  	[MsgId: MMSG-26386]
Action.c(756): web_url("workflow.do") started  	[MsgId: MMSG-26355]
Action.c(756): web_url("workflow.do") was successful, 53 body bytes, 535 header bytes  	[MsgId: MMSG-26386]
Action.c(765): web_url("workflow.do_2") started  	[MsgId: MMSG-26355]
Action.c(765): Error -27492: "HttpSendRequest" failed, Windows error code=12002 and retry limit (0) exceeded for URL="https://av-pt-ferrari.accela.com/portlets/spa/workflow.do?mode=getTasks&module=Licenses"  	[MsgId: MERR-27492]
End auto log messages stack.	[MsgId: MMSG-10544]


End auto log messages stack.	[MsgId: MMSG-10544]


Start auto log messages stack - Iteration 6.	[MsgId: MMSG-10545]
Action.c(199): web_url("myCAPDetailPortlet.jsp") was successful, 823475 body bytes, 19897 header bytes  	[MsgId: MMSG-26386]
Action.c(208): web_submit_data("empty.jsp") started  	[MsgId: MMSG-26355]
Action.c(208): web_submit_data("empty.jsp") was successful, 79 body bytes, 551 header bytes  	[MsgId: MMSG-26386]
Action.c(218): Notify: Transaction "MILWAUKEE_TC1_01_Click_Record" ended with a "Pass" status (Duration: 38.5008).	[MsgId: MMSG-16873]
Action.c(220): Notify: Transaction "MILWAUKEE_TC1_02_Click_Search" started.	[MsgId: MMSG-16999]
Action.c(222): web_url("session.do_6") started  	[MsgId: MMSG-26355]
Action.c(222): web_url("session.do_6") was successful, 56 body bytes, 535 header bytes  	[MsgId: MMSG-26386]
Action.c(231): web_url("capSearch.do") started  	[MsgId: MMSG-26355]
Action.c(231): Error -27492: "HttpSendRequest" failed, Windows error code=12002 and retry limit (0) exceeded for URL="https://av-pt-ferrari.accela.com/portlets/cap/capSearch.do?mode=search&isFromSearch=true&isSearchButton=true&module=Building&isGeneralCAP=Y"  	[MsgId: MERR-27492]
End auto log messages stack.	[MsgId: MMSG-10544]


Start auto log messages stack - Iteration 6.	[MsgId: MMSG-10545]
Action.c(71): web_submit_data("hostSignon.do_2") started  	[MsgId: MMSG-26355]
Action.c(71): web_submit_data("hostSignon.do_2") was successful, 98 body bytes, 992 header bytes  	[MsgId: MMSG-26386]
Action.c(93): web_url("dashboard.do_2") started  	[MsgId: MMSG-26355]
Action.c(93): Detected non-resource "https://av-pt-ferrari.accela.com/portlets/spa/dashboard.do" in "https://av-pt-ferrari.accela.com/portlets/spa/dashboard.do"  	[MsgId: MMSG-26574]
Action.c(93): Found resource "https://av-pt-ferrari.accela.com/security/auth.do?signOffScript=https://av-pt-ferrari.accela.com/portlets/security/signout.do&switchAgencyScript=https://av-pt-ferrari.accela.com/portlets/commons/sso/blank.jsp&CSRF_REQ_PARAM=" in HTML "https://av-pt-ferrari.accela.com/portlets/spa/dashboard.do"  	[MsgId: MMSG-26659]
Action.c(93): Error -27492: "HttpSendRequest" failed, Windows error code=12002 and retry limit (0) exceeded for URL="https://av-pt-ferrari.accela.com/portlets/spa/dashboard.do"  	[MsgId: MERR-27492]
Start auto log messages stack - Iteration 5.	[MsgId: MMSG-10545]
Action.c(199): web_url("myCAPDetailPortlet.jsp") was successful, 823476 body bytes, 19897 header bytes  	[MsgId: MMSG-26386]
Action.c(208): web_submit_data("empty.jsp") started  	[MsgId: MMSG-26355]
Action.c(208): web_submit_data("empty.jsp") was successful, 79 body bytes, 551 header bytes  	[MsgId: MMSG-26386]
Action.c(218): Notify: Transaction "MILWAUKEE_TC1_01_Click_Record" ended with a "Pass" status (Duration: 26.5512).	[MsgId: MMSG-16873]
Action.c(220): Notify: Transaction "MILWAUKEE_TC1_02_Click_Search" started.	[MsgId: MMSG-16999]
Action.c(222): web_url("session.do_6") started  	[MsgId: MMSG-26355]
Action.c(222): web_url("session.do_6") was successful, 56 body bytes, 535 header bytes  	[MsgId: MMSG-26386]
Action.c(231): web_url("capSearch.do") started  	[MsgId: MMSG-26355]
Action.c(231): Error -27492: "HttpSendRequest" failed, Windows error code=12002 and retry limit (0) exceeded for URL="https://av-pt-ferrari.accela.com/portlets/cap/capSearch.do?mode=search&isFromSearch=true&isSearchButton=true&module=Building&isGeneralCAP=Y"  	[MsgId: MERR-27492]
End auto log messages stack.	[MsgId: MMSG-10544]


End auto log messages stack.	[MsgId: MMSG-10544]


Start auto log messages stack - Iteration 6.	[MsgId: MMSG-10545]
Action.c(289): web_submit_data("capSearch.do_2") was successful, 24104 body bytes, 2125 header bytes  	[MsgId: MMSG-26386]
Action.c(371): web_submit_data("empty.jsp_3") started  	[MsgId: MMSG-26355]
Action.c(371): web_submit_data("empty.jsp_3") was successful, 79 body bytes, 551 header bytes  	[MsgId: MMSG-26386]
Action.c(381): Notify: Transaction "MILWAUKEE_TC1_03_Search_Record" ended with a "Pass" status (Duration: 7.7688).	[MsgId: MMSG-16873]
Action.c(383): Notify: Transaction "MILWAUKEE_TC1_04_Record_Details" started.	[MsgId: MMSG-16999]
Action.c(385): web_url("session.do_8") started  	[MsgId: MMSG-26355]
Action.c(385): web_url("session.do_8") was successful, 56 body bytes, 535 header bytes  	[MsgId: MMSG-26386]
Action.c(394): web_url("CapTabSummary.do") started  	[MsgId: MMSG-26355]
Action.c(394): Error -27492: "HttpSendRequest" failed, Windows error code=12002 and retry limit (0) exceeded for URL="https://av-pt-ferrari.accela.com/portlets/cap/capsummary/CapTabSummary.do?mode=tabSummary&serviceProviderCode=MILWAUKEE&ID1=18CAP&ID2=00000&ID3=01PT3&requireNotice=YES&clearForm=clearForm&module=Licenses&isFromCapList=true&isGeneralCAP=Y"  	[MsgId: MERR-27492]
End auto log messages stack.	[MsgId: MMSG-10544]


Start auto log messages stack - Iteration 7.	[MsgId: MMSG-10545]
Action.c(289): web_submit_data("capSearch.do_2") was successful, 24106 body bytes, 2125 header bytes  	[MsgId: MMSG-26386]
Action.c(371): web_submit_data("empty.jsp_3") started  	[MsgId: MMSG-26355]
Action.c(371): web_submit_data("empty.jsp_3") was successful, 79 body bytes, 551 header bytes  	[MsgId: MMSG-26386]
Action.c(381): Notify: Transaction "MILWAUKEE_TC1_03_Search_Record" ended with a "Pass" status (Duration: 6.3336).	[MsgId: MMSG-16873]
Action.c(383): Notify: Transaction "MILWAUKEE_TC1_04_Record_Details" started.	[MsgId: MMSG-16999]
Action.c(385): web_url("session.do_8") started  	[MsgId: MMSG-26355]
Action.c(385): web_url("session.do_8") was successful, 56 body bytes, 535 header bytes  	[MsgId: MMSG-26386]
Action.c(394): web_url("CapTabSummary.do") started  	[MsgId: MMSG-26355]
Action.c(394): Error -27492: "HttpSendRequest" failed, Windows error code=12002 and retry limit (0) exceeded for URL="https://av-pt-ferrari.accela.com/portlets/cap/capsummary/CapTabSummary.do?mode=tabSummary&serviceProviderCode=MILWAUKEE&ID1=18CAP&ID2=00000&ID3=01PT3&requireNotice=YES&clearForm=clearForm&module=Licenses&isFromCapList=true&isGeneralCAP=Y"  	[MsgId: MERR-27492]
End auto log messages stack.	[MsgId: MMSG-10544]


