Start auto log messages stack - Iteration 2.	[MsgId: MMSG-10545]
Action.c(6): web_url("dashboard.do") was successful, 187 body bytes, 1150 header bytes  	[MsgId: MMSG-26386]
Action.c(21): web_reg_save_param_regexp started  	[MsgId: MMSG-26355]
Action.c(21): Registering web_reg_save_param_regexp was successful  	[MsgId: MMSG-26390]
Action.c(36): web_reg_save_param_regexp started  	[MsgId: MMSG-26355]
Action.c(36): Registering web_reg_save_param_regexp was successful  	[MsgId: MMSG-26390]
Action.c(45): web_url("hostSignon.do") started  	[MsgId: MMSG-26355]
Abort was called from an action.	[MsgId: MMSG-10447]
Ending Vuser...	[MsgId: MMSG-15966]
Starting action vuser_end.	[MsgId: MMSG-15919]
Ending action vuser_end.	[MsgId: MMSG-15918]
Vuser Terminated.	[MsgId: MMSG-15963]
Start auto log messages stack - Iteration 1.	[MsgId: MMSG-10545]
Action.c(371): web_submit_data("empty.jsp_3") started  	[MsgId: MMSG-26355]
Action.c(371): web_submit_data("empty.jsp_3") was successful, 79 body bytes, 551 header bytes  	[MsgId: MMSG-26386]
Action.c(381): Notify: Transaction "MILWAUKEE_TC1_03_Search_Record" ended with a "Pass" status (Duration: 19.0139 Wasted Time: 0.0007).	[MsgId: MMSG-16871]
Action.c(383): Notify: Transaction "MILWAUKEE_TC1_04_Record_Details" started.	[MsgId: MMSG-16999]
Action.c(385): web_url("session.do_8") started  	[MsgId: MMSG-26355]
Action.c(385): web_url("session.do_8") was successful, 56 body bytes, 535 header bytes  	[MsgId: MMSG-26386]
Action.c(394): web_url("CapTabSummary.do") started  	[MsgId: MMSG-26355]
Action.c(394): Notify: Transaction "MILWAUKEE_TC1_04_Record_Details" ended with a "Stop" status (Duration: 10.2042).	[MsgId: MMSG-16873]
Abort was called from an action.	[MsgId: MMSG-10447]
Ending Vuser...	[MsgId: MMSG-15966]
Starting action vuser_end.	[MsgId: MMSG-15919]
Ending action vuser_end.	[MsgId: MMSG-15918]
Vuser Terminated.	[MsgId: MMSG-15963]
Start auto log messages stack - Iteration 2.	[MsgId: MMSG-10545]
Action.c(259): Notify: Transaction "MILWAUKEE_TC1_02_Click_Search" ended with a "Pass" status (Duration: 19.9920).	[MsgId: MMSG-16873]
Action.c(263): Notify: Transaction "MILWAUKEE_TC1_03_Search_Record" started.	[MsgId: MMSG-16999]
Action.c(265): web_url("session.do_7") started  	[MsgId: MMSG-26355]
Action.c(265): web_url("session.do_7") was successful, 56 body bytes, 535 header bytes  	[MsgId: MMSG-26386]
Action.c(280): web_reg_save_param_ex started  	[MsgId: MMSG-26355]
Action.c(280): Registering web_reg_save_param_ex was successful  	[MsgId: MMSG-26390]
Action.c(289): web_submit_data("capSearch.do_2") started  	[MsgId: MMSG-26355]
Action.c(289): Notify: Transaction "MILWAUKEE_TC1_03_Search_Record" ended with a "Stop" status (Duration: 9.0074 Wasted Time: 0.0002).	[MsgId: MMSG-16871]
Abort was called from an action.	[MsgId: MMSG-10447]
Ending Vuser...	[MsgId: MMSG-15966]
Starting action vuser_end.	[MsgId: MMSG-15919]
Ending action vuser_end.	[MsgId: MMSG-15918]
Vuser Terminated.	[MsgId: MMSG-15963]
Action.c(289): Error -27496: Internal Error - _eStat (5) != LRW_ITEM_STAT_ENUM_UNHANDLED for HandledTask at 0ABE79C0  	[MsgId: MERR-27496]
Action.c(289): Error -27492: "HttpSendRequest" failed, Windows error code=12017 and retry limit (0) exceeded for URL="https://av-pt-ferrari.accela.com/portlets/cap/capSearch.do?module=Building"  	[MsgId: MERR-27492]
Error -27496: Internal Error - InternetCloseHandle failed for item at 0ABE79C0, Windows error code=6. Assuming the item can be deleted, but error(s) may occur in fvLrwNetWinInetCallback  	[MsgId: MERR-27496]
Error -27496: Internal Error - LrwNetHandledItem at 0ABE79C0 not marked as deleteable (0)  	[MsgId: MERR-27496]
Error -27496: Internal Error - Invalid _eActivity/_ptHandledItem (5/00000000)  	[MsgId: MERR-27496]
End auto log messages stack.	[MsgId: MMSG-10544]


