Start auto log messages stack - Iteration 536.	[MsgId: MMSG-10545]
Action.c(15): Warning -26594: The header being added may cause unpredictable results if applied to ALL the URLs generated on behalf of the next script function. It will apply to the primary URL only.  	[MsgId: MWAR-26594]
Action.c(15): web_add_header("Content-Type") highest severity level was "warning"  	[MsgId: MMSG-26391]
Action.c(17): web_add_header("User-Agent") started  	[MsgId: MMSG-26355]
Action.c(17): web_add_header("User-Agent") was successful  	[MsgId: MMSG-26392]
Action.c(29): web_reg_find started  	[MsgId: MMSG-26355]
Action.c(29): Registering web_reg_find was successful  	[MsgId: MMSG-26390]
Action.c(37): web_custom_request("web_custom_request") started  	[MsgId: MMSG-26355]
Action.c(37): Error -26622: HTTP Status-Code=409 (Conflict) for "http://10.106.21.52:3080/apis/v4/records?token=20923626371560461489140002990259924613539486674424476876882044192466616112530808359929866498030896703772300066368071439990148503&serviceProviderCode=PASCO"  	[MsgId: MERR-26622]
Action.c(37): Error -26366: "Text=200" not found for web_reg_find  	[MsgId: MERR-26366]
End auto log messages stack.	[MsgId: MMSG-10544]


Start auto log messages stack - Iteration 1597.	[MsgId: MMSG-10545]
Action.c(15): Warning -26594: The header being added may cause unpredictable results if applied to ALL the URLs generated on behalf of the next script function. It will apply to the primary URL only.  	[MsgId: MWAR-26594]
Action.c(15): web_add_header("Content-Type") highest severity level was "warning"  	[MsgId: MMSG-26391]
Action.c(17): web_add_header("User-Agent") started  	[MsgId: MMSG-26355]
Action.c(17): web_add_header("User-Agent") was successful  	[MsgId: MMSG-26392]
Action.c(29): web_reg_find started  	[MsgId: MMSG-26355]
Action.c(29): Registering web_reg_find was successful  	[MsgId: MMSG-26390]
Action.c(37): web_custom_request("web_custom_request") started  	[MsgId: MMSG-26355]
Action.c(37): Error -26622: HTTP Status-Code=409 (Conflict) for "http://10.106.21.52:3080/apis/v4/records?token=41876232000777813982841332065032988213930245127931531937723460558727961413401260869530771849353444369982113237139132169589589165&serviceProviderCode=PASCO"  	[MsgId: MERR-26622]
Action.c(37): Error -26366: "Text=200" not found for web_reg_find  	[MsgId: MERR-26366]
End auto log messages stack.	[MsgId: MMSG-10544]


Start auto log messages stack - Iteration 3452.	[MsgId: MMSG-10545]
Action.c(15): Warning -26594: The header being added may cause unpredictable results if applied to ALL the URLs generated on behalf of the next script function. It will apply to the primary URL only.  	[MsgId: MWAR-26594]
Action.c(15): web_add_header("Content-Type") highest severity level was "warning"  	[MsgId: MMSG-26391]
Action.c(17): web_add_header("User-Agent") started  	[MsgId: MMSG-26355]
Action.c(17): web_add_header("User-Agent") was successful  	[MsgId: MMSG-26392]
Action.c(29): web_reg_find started  	[MsgId: MMSG-26355]
Action.c(29): Registering web_reg_find was successful  	[MsgId: MMSG-26390]
Action.c(37): web_custom_request("web_custom_request") started  	[MsgId: MMSG-26355]
Action.c(37): Error -26622: HTTP Status-Code=409 (Conflict) for "http://10.106.21.52:3080/apis/v4/records?token=20923626371560461489140002990259924613539486674424476876882044192466616112530808359929866498030896703772300066368071439990148503&serviceProviderCode=PASCO"  	[MsgId: MERR-26622]
Action.c(37): Error -26366: "Text=200" not found for web_reg_find  	[MsgId: MERR-26366]
End auto log messages stack.	[MsgId: MMSG-10544]


