Start auto log messages stack - Iteration 5.	[MsgId: MMSG-10545]
Starting action Action.	[MsgId: MMSG-15919]
Action.c(4): web_set_sockets_option started  	[MsgId: MMSG-26355]
Action.c(4): web_set_sockets_option was successful  	[MsgId: MMSG-26392]
Action.c(6): web_url("dashboard.do") started  	[MsgId: MMSG-26355]
Action.c(6): Error -27792: Failed to connect to server "av-pt-ferrari.accela.com:443": [10060] Connection timed out  	[MsgId: MERR-27792]
End auto log messages stack.	[MsgId: MMSG-10544]


Start auto log messages stack - Iteration 5.	[MsgId: MMSG-10545]
Starting action Action.	[MsgId: MMSG-15919]
Action.c(4): web_set_sockets_option started  	[MsgId: MMSG-26355]
Action.c(4): web_set_sockets_option was successful  	[MsgId: MMSG-26392]
Action.c(6): web_url("dashboard.do") started  	[MsgId: MMSG-26355]
Action.c(6): ssl_handle_status encounter error : SSL_ERROR_SYSCALL, error id : 0  	[MsgId: MMSG-26000]
Action.c(6): Error -27776: [GENERAL_MSG_CAT_SSL_ERROR]connect to host "av-pt-ferrari.accela.com" failed: [10053] Software caused connection abort  	[MsgId: MERR-27776]
End auto log messages stack.	[MsgId: MMSG-10544]


Start auto log messages stack - Iteration 5.	[MsgId: MMSG-10545]
Starting action Action.	[MsgId: MMSG-15919]
Action.c(4): web_set_sockets_option started  	[MsgId: MMSG-26355]
Action.c(4): web_set_sockets_option was successful  	[MsgId: MMSG-26392]
Action.c(6): web_url("dashboard.do") started  	[MsgId: MMSG-26355]
Action.c(6): Error -27792: Failed to connect to server "av-pt-ferrari.accela.com:443": [10060] Connection timed out  	[MsgId: MERR-27792]
End auto log messages stack.	[MsgId: MMSG-10544]


Start auto log messages stack - Iteration 6.	[MsgId: MMSG-10545]
Action.c(46): Warning -26627: HTTP Status-Code=404 (Not Found) for "https://use.typekit.net/c/2e9066/1w;proxima-nova,2,b5x:R:i4,b61:R:i7,b5w:R:n4,bBh:R:n7/l?3bb2a6e53c9684ffdc9a9af1195b2a62d69a4fbfbedecc7b6a1ca4a2f465fc6de1e789e0f31638c0f2c06cab515671a39937bdd0377dcc75d96fbefdaf06299c28ca55726044c37fd1"  	[MsgId: MWAR-26627]
Action.c(46): Found resource "https://www.accela.com/ext/web/aa/assets/aalogin_header.gif" in HTML "https://www.accela.com/ext/web/aa/header.htm"  	[MsgId: MMSG-26659]
Action.c(46): Found resource "https://www.accela.com/ext/web/aa/assets/spacer.gif" in HTML "https://www.accela.com/ext/web/aa/header.htm"  	[MsgId: MMSG-26659]
Action.c(46): Error -27792: Failed to connect to server "av-pt-ferrari.accela.com:443": [10060] Connection timed out  	[MsgId: MERR-27792]
Start auto log messages stack - Iteration 6.	[MsgId: MMSG-10545]
Starting action Action.	[MsgId: MMSG-15919]
Action.c(4): web_set_sockets_option started  	[MsgId: MMSG-26355]
Action.c(4): web_set_sockets_option was successful  	[MsgId: MMSG-26392]
Action.c(6): web_url("dashboard.do") started  	[MsgId: MMSG-26355]
Action.c(6): Error -27792: Failed to connect to server "av-pt-ferrari.accela.com:443": [10060] Connection timed out  	[MsgId: MERR-27792]
End auto log messages stack.	[MsgId: MMSG-10544]


Start auto log messages stack - Iteration 6.	[MsgId: MMSG-10545]
Starting action Action.	[MsgId: MMSG-15919]
Action.c(4): web_set_sockets_option started  	[MsgId: MMSG-26355]
Action.c(4): web_set_sockets_option was successful  	[MsgId: MMSG-26392]
Action.c(6): web_url("dashboard.do") started  	[MsgId: MMSG-26355]
Action.c(6): Error -27792: Failed to connect to server "av-pt-ferrari.accela.com:443": [10060] Connection timed out  	[MsgId: MERR-27792]
End auto log messages stack.	[MsgId: MMSG-10544]


Start auto log messages stack - Iteration 6.	[MsgId: MMSG-10545]
Starting action Action.	[MsgId: MMSG-15919]
Action.c(4): web_set_sockets_option started  	[MsgId: MMSG-26355]
Action.c(4): web_set_sockets_option was successful  	[MsgId: MMSG-26392]
Action.c(6): web_url("dashboard.do") started  	[MsgId: MMSG-26355]
Action.c(6): Redirecting "https://av-pt-ferrari.accela.com/portlets/spa/dashboard.do" (redirection depth is 0)  	[MsgId: MMSG-26694]
Action.c(6): To location "https://av-pt-ferrari.accela.com/ssoAdapter/loginAction.do?successURL=https%3A%2F%2Fav-pt-ferrari.accela.com%2Fportlets%2Fspa%2Fdashboard.do&SignOnModule="  	[MsgId: MMSG-26693]
Action.c(6): Error -27792: Failed to connect to server "av-pt-ferrari.accela.com:443": [10060] Connection timed out  	[MsgId: MERR-27792]
End auto log messages stack.	[MsgId: MMSG-10544]


Start auto log messages stack - Iteration 6.	[MsgId: MMSG-10545]
Starting action Action.	[MsgId: MMSG-15919]
Action.c(4): web_set_sockets_option started  	[MsgId: MMSG-26355]
Action.c(4): web_set_sockets_option was successful  	[MsgId: MMSG-26392]
Action.c(6): web_url("dashboard.do") started  	[MsgId: MMSG-26355]
Action.c(6): ssl_handle_status encounter error : SSL_ERROR_SYSCALL, error id : 0  	[MsgId: MMSG-26000]
Action.c(6): Error -27776: [GENERAL_MSG_CAT_SSL_ERROR]connect to host "av-pt-ferrari.accela.com" failed: [10053] Software caused connection abort  	[MsgId: MERR-27776]
End auto log messages stack.	[MsgId: MMSG-10544]


Action.c(46): Error -35049: No match found for the requested parameter "requestToken". Check whether the requested regular expression exists in the response data  	[MsgId: MERR-35049]
Action.c(46): Error -35049: No match found for the requested parameter "requestLanguageToken". Check whether the requested regular expression exists in the response data  	[MsgId: MERR-35049]
End auto log messages stack.	[MsgId: MMSG-10544]


Start auto log messages stack - Iteration 6.	[MsgId: MMSG-10545]
Action.c(46): Warning -26627: HTTP Status-Code=404 (Not Found) for "https://use.typekit.net/c/2e9066/1w;proxima-nova,2,b5x:R:i4,b61:R:i7,b5w:R:n4,bBh:R:n7/l?3bb2a6e53c9684ffdc9a9af1195b2a62d69a4fbfbedecc7b6a1ca4a2f465fc6de1e789e0f31638c0f2c06cab515671a39937bdd0377dcc75d96fbefdaf06299c28ca55726044c37fd1"  	[MsgId: MWAR-26627]
Action.c(46): ssl_handle_status encounter error : SSL_ERROR_SYSCALL, error id : 0  	[MsgId: MMSG-26000]
Action.c(46): web_url("hostSignon.do") highest severity level was "warning", 449967 body bytes, 7725 header bytes, 2726 chunking overhead bytes  	[MsgId: MMSG-26387]
Action.c(56): Think time - Waiting 1.00 seconds (according to limit).	[MsgId: MMSG-15946]
Action.c(56): lr_think_time: 1.00 seconds (recorded think time was 12.00 seconds).	[MsgId: MMSG-15947]
Action.c(58): web_custom_request("loginAction.do") started  	[MsgId: MMSG-26355]
Action.c(58): Error -27792: Failed to connect to server "av-pt-ferrari.accela.com:443": [10060] Connection timed out  	[MsgId: MERR-27792]
End auto log messages stack.	[MsgId: MMSG-10544]


Start auto log messages stack - Iteration 6.	[MsgId: MMSG-10545]
Starting action Action.	[MsgId: MMSG-15919]
Action.c(4): web_set_sockets_option started  	[MsgId: MMSG-26355]
Action.c(4): web_set_sockets_option was successful  	[MsgId: MMSG-26392]
Action.c(6): web_url("dashboard.do") started  	[MsgId: MMSG-26355]
Action.c(6): ssl_handle_status encounter error : SSL_ERROR_SYSCALL, error id : 0  	[MsgId: MMSG-26000]
Action.c(6): Error -27776: [GENERAL_MSG_CAT_SSL_ERROR]connect to host "av-pt-ferrari.accela.com" failed: [10053] Software caused connection abort  	[MsgId: MERR-27776]
End auto log messages stack.	[MsgId: MMSG-10544]


Start auto log messages stack - Iteration 7.	[MsgId: MMSG-10545]
Starting action Action.	[MsgId: MMSG-15919]
Action.c(4): web_set_sockets_option started  	[MsgId: MMSG-26355]
Action.c(4): web_set_sockets_option was successful  	[MsgId: MMSG-26392]
Action.c(6): web_url("dashboard.do") started  	[MsgId: MMSG-26355]
Action.c(6): ssl_handle_status encounter error : SSL_ERROR_SYSCALL, error id : 0  	[MsgId: MMSG-26000]
Action.c(6): Error -27776: [GENERAL_MSG_CAT_SSL_ERROR]connect to host "av-pt-ferrari.accela.com" failed: [10053] Software caused connection abort  	[MsgId: MERR-27776]
End auto log messages stack.	[MsgId: MMSG-10544]


Start auto log messages stack - Iteration 6.	[MsgId: MMSG-10545]
Starting action Action.	[MsgId: MMSG-15919]
Action.c(4): web_set_sockets_option started  	[MsgId: MMSG-26355]
Action.c(4): web_set_sockets_option was successful  	[MsgId: MMSG-26392]
Action.c(6): web_url("dashboard.do") started  	[MsgId: MMSG-26355]
Action.c(6): Redirecting "https://av-pt-ferrari.accela.com/portlets/spa/dashboard.do" (redirection depth is 0)  	[MsgId: MMSG-26694]
Action.c(6): To location "https://av-pt-ferrari.accela.com/ssoAdapter/loginAction.do?successURL=https%3A%2F%2Fav-pt-ferrari.accela.com%2Fportlets%2Fspa%2Fdashboard.do&SignOnModule="  	[MsgId: MMSG-26693]
Action.c(6): ssl_handle_status encounter error : SSL_ERROR_SYSCALL, error id : 0  	[MsgId: MMSG-26000]
Action.c(6): Error -27776: [GENERAL_MSG_CAT_SSL_ERROR]connect to host "av-pt-ferrari.accela.com" failed: [10053] Software caused connection abort  	[MsgId: MERR-27776]
End auto log messages stack.	[MsgId: MMSG-10544]


