Start auto log messages stack - Iteration 1.	[MsgId: MMSG-10545]
Action.c(320): web_submit_data("regionalSyncMask.do_2") started  	[MsgId: MMSG-26355]
Action.c(320): web_submit_data("regionalSyncMask.do_2") was successful, 0 body bytes, 0 header bytes  	[MsgId: MMSG-26386]
Action.c(331): Notify: Transaction "MILARA_TC1_02_Click_Search" ended with a "Pass" status (Duration: 0.0021).	[MsgId: MMSG-16873]
Action.c(333): Notify: Transaction "MILARA_TC1_03_Search_Record" started.	[MsgId: MMSG-16999]
Action.c(335): web_url("session.do_7") started  	[MsgId: MMSG-26355]
Action.c(335): web_url("session.do_7") was successful, 0 body bytes, 0 header bytes  	[MsgId: MMSG-26386]
Action.c(351): web_reg_save_param_ex started  	[MsgId: MMSG-26355]
Action.c(351): Registering web_reg_save_param_ex was successful  	[MsgId: MMSG-26390]
Action.c(360): web_submit_data("capSearch.do_2") started  	[MsgId: MMSG-26355]
Action.c(360): Error -35061: No match found for the requested parameter "Param_ID3". Either the specified boundaries were not found in the response or the matched text is longer than current max html parameter size of 256 bytes. The total length of the response is 0 bytes. You can use "web_set_max_html_param_len" to increase the max parameter size.  	[MsgId: MERR-35061]
End auto log messages stack.	[MsgId: MMSG-10544]


Start auto log messages stack - Iteration 1.	[MsgId: MMSG-10545]
Action.c(360): web_submit_data("capSearch.do_2") was successful, 24996 body bytes, 2125 header bytes  	[MsgId: MMSG-26386]
Action.c(452): web_submit_data("empty.jsp_3") started  	[MsgId: MMSG-26355]
Action.c(452): web_submit_data("empty.jsp_3") was successful, 79 body bytes, 551 header bytes  	[MsgId: MMSG-26386]
Action.c(463): Notify: Transaction "MILARA_TC1_03_Search_Record" ended with a "Pass" status (Duration: 8.9554 Wasted Time: 0.0007).	[MsgId: MMSG-16871]
Action.c(467): Notify: Transaction "MILARA_TC1_04_Record_Details" started.	[MsgId: MMSG-16999]
Action.c(469): web_url("session.do_8") started  	[MsgId: MMSG-26355]
Action.c(469): web_url("session.do_8") was successful, 56 body bytes, 535 header bytes  	[MsgId: MMSG-26386]
Action.c(479): web_url("CapTabSummary.do") started  	[MsgId: MMSG-26355]
Action.c(479): Error -27492: "HttpSendRequest" failed, Windows error code=12002 and retry limit (0) exceeded for URL="https://av-pt-ferrari.accela.com/portlets/cap/capsummary/CapTabSummary.do?mode=tabSummary&serviceProviderCode=MILARA&ID1=REC18&ID2=00000&ID3=00VL9&requireNotice=YES&clearForm=clearForm&module=Licenses&isFromCapList=true&isGeneralCAP=Y"  	[MsgId: MERR-27492]
End auto log messages stack.	[MsgId: MMSG-10544]


Start auto log messages stack - Iteration 1.	[MsgId: MMSG-10545]
Action.c(86): web_submit_data("hostSignon.do_2") started  	[MsgId: MMSG-26355]
Action.c(86): web_submit_data("hostSignon.do_2") was successful, 98 body bytes, 986 header bytes  	[MsgId: MMSG-26386]
Action.c(109): web_url("dashboard.do_2") started  	[MsgId: MMSG-26355]
Action.c(109): Detected non-resource "https://av-pt-ferrari.accela.com/portlets/spa/dashboard.do" in "https://av-pt-ferrari.accela.com/portlets/spa/dashboard.do"  	[MsgId: MMSG-26574]
Action.c(109): Found resource "https://av-pt-ferrari.accela.com/security/auth.do?signOffScript=https://av-pt-ferrari.accela.com/portlets/security/signout.do&switchAgencyScript=https://av-pt-ferrari.accela.com/portlets/commons/sso/blank.jsp&CSRF_REQ_PARAM=" in HTML "https://av-pt-ferrari.accela.com/portlets/spa/dashboard.do"  	[MsgId: MMSG-26659]
Action.c(109): Error -27492: "HttpSendRequest" failed, Windows error code=12002 and retry limit (0) exceeded for URL="https://av-pt-ferrari.accela.com/portlets/spa/dashboard.do"  	[MsgId: MERR-27492]
End auto log messages stack.	[MsgId: MMSG-10544]


Start auto log messages stack - Iteration 1.	[MsgId: MMSG-10545]
Action.c(360): web_submit_data("capSearch.do_2") was successful, 24996 body bytes, 2125 header bytes  	[MsgId: MMSG-26386]
Action.c(452): web_submit_data("empty.jsp_3") started  	[MsgId: MMSG-26355]
Action.c(452): web_submit_data("empty.jsp_3") was successful, 79 body bytes, 551 header bytes  	[MsgId: MMSG-26386]
Action.c(463): Notify: Transaction "MILARA_TC1_03_Search_Record" ended with a "Pass" status (Duration: 14.1799 Wasted Time: 0.0008).	[MsgId: MMSG-16871]
Action.c(467): Notify: Transaction "MILARA_TC1_04_Record_Details" started.	[MsgId: MMSG-16999]
Action.c(469): web_url("session.do_8") started  	[MsgId: MMSG-26355]
Action.c(469): web_url("session.do_8") was successful, 56 body bytes, 535 header bytes  	[MsgId: MMSG-26386]
Action.c(479): web_url("CapTabSummary.do") started  	[MsgId: MMSG-26355]
Action.c(479): Error -27492: "HttpSendRequest" failed, Windows error code=12002 and retry limit (0) exceeded for URL="https://av-pt-ferrari.accela.com/portlets/cap/capsummary/CapTabSummary.do?mode=tabSummary&serviceProviderCode=MILARA&ID1=REC18&ID2=00000&ID3=00VL9&requireNotice=YES&clearForm=clearForm&module=Licenses&isFromCapList=true&isGeneralCAP=Y"  	[MsgId: MERR-27492]
End auto log messages stack.	[MsgId: MMSG-10544]


Start auto log messages stack - Iteration 1.	[MsgId: MMSG-10545]
Start auto log messages stack - Iteration 2.	[MsgId: MMSG-10545]
Start auto log messages stack - Iteration 1.	[MsgId: MMSG-10545]
Start auto log messages stack - Iteration 2.	[MsgId: MMSG-10545]
Action.c(223): Detected non-resource "https://av-pt-ferrari.accela.com/portlets/framework/includes/error/blank.jsp?module=Licenses" in "https://av-pt-ferrari.accela.com/portlets/commons/cap/myCAPDetailPortlet.jsp?module=-select-"  	[MsgId: MMSG-26574]
Action.c(223): Detected non-resource "https://av-pt-ferrari.accela.com/portlets/framework/includes/error/blank.jsp?module=Licenses" in "https://av-pt-ferrari.accela.com/portlets/commons/cap/myCAPDetailPortlet.jsp?module=-select-"  	[MsgId: MMSG-26574]
Action.c(223): Found resource "https://av-pt-ferrari.accela.com/portlets/framework/includes/javascript/ac360base.js" in HTML "https://av-pt-ferrari.accela.com/portlets/commons/cap/myCAPDetailPortlet.jsp?module=-select-"  	[MsgId: MMSG-26659]
Action.c(223): Error -27492: "HttpSendRequest" failed, Windows error code=12002 and retry limit (0) exceeded for URL="https://av-pt-ferrari.accela.com/portlets/cap/capSearch.do?searchBy=ByCondition&height=270&mode=init&module=Licenses&cleanCapId=Y&isGeneralCAP=Y&supportMulAgencySearch=Y"  	[MsgId: MERR-27492]
End auto log messages stack.	[MsgId: MMSG-10544]
Action.c(233): web_url("View the content of this inline frame") was successful, 259 body bytes, 616 header bytes  	[MsgId: MMSG-26386]


Action.c(320): web_submit_data("regionalSyncMask.do_2") started  	[MsgId: MMSG-26355]
Action.c(223): Detected non-resource "https://av-pt-ferrari.accela.com/portlets/framework/includes/error/blank.jsp?module=Licenses" in "https://av-pt-ferrari.accela.com/portlets/commons/cap/myCAPDetailPortlet.jsp?module=-select-"  	[MsgId: MMSG-26574]
Action.c(243): web_submit_data("empty.jsp") started  	[MsgId: MMSG-26355]
Action.c(320): web_submit_data("regionalSyncMask.do_2") was successful, 379 body bytes, 529 header bytes  	[MsgId: MMSG-26386]
Action.c(243): web_submit_data("empty.jsp") was successful, 79 body bytes, 551 header bytes  	[MsgId: MMSG-26386]
Action.c(331): Notify: Transaction "MILARA_TC1_02_Click_Search" ended with a "Pass" status (Duration: 52.6192).	[MsgId: MMSG-16873]
Action.c(254): Notify: Transaction "MILARA_TC1_01_Click_Records" ended with a "Pass" status (Duration: 51.5069).	[MsgId: MMSG-16873]
Action.c(333): Notify: Transaction "MILARA_TC1_03_Search_Record" started.	[MsgId: MMSG-16999]
Action.c(223): Detected non-resource "https://av-pt-ferrari.accela.com/portlets/framework/includes/error/blank.jsp?module=Licenses" in "https://av-pt-ferrari.accela.com/portlets/commons/cap/myCAPDetailPortlet.jsp?module=-select-"  	[MsgId: MMSG-26574]
Action.c(335): web_url("session.do_7") started  	[MsgId: MMSG-26355]
Action.c(256): Notify: Transaction "MILARA_TC1_02_Click_Search" started.	[MsgId: MMSG-16999]
Action.c(223): Found resource "https://av-pt-ferrari.accela.com/portlets/framework/includes/javascript/ac360base.js" in HTML "https://av-pt-ferrari.accela.com/portlets/commons/cap/myCAPDetailPortlet.jsp?module=-select-"  	[MsgId: MMSG-26659]
Action.c(335): web_url("session.do_7") was successful, 56 body bytes, 535 header bytes  	[MsgId: MMSG-26386]
Action.c(258): web_url("session.do_6") started  	[MsgId: MMSG-26355]
Action.c(258): web_url("session.do_6") was successful, 56 body bytes, 535 header bytes  	[MsgId: MMSG-26386]
Action.c(223): Error -27492: "HttpSendRequest" failed, Windows error code=12002 and retry limit (0) exceeded for URL="https://av-pt-ferrari.accela.com/portlets/cap/capSearch.do?searchBy=ByCondition&height=270&mode=init&module=Licenses&cleanCapId=Y&isGeneralCAP=Y&supportMulAgencySearch=Y"  	[MsgId: MERR-27492]
Action.c(268): web_url("capSearch.do") started  	[MsgId: MMSG-26355]
Action.c(351): web_reg_save_param_ex started  	[MsgId: MMSG-26355]
Action.c(268): Error -27492: "HttpSendRequest" failed, Windows error code=12002 and retry limit (0) exceeded for URL="https://av-pt-ferrari.accela.com/portlets/cap/capSearch.do?mode=search&isFromSearch=true&isSearchButton=true&module=Licenses&isGeneralCAP=Y"  	[MsgId: MERR-27492]
Action.c(351): Registering web_reg_save_param_ex was successful  	[MsgId: MMSG-26390]
Action.c(360): web_submit_data("capSearch.do_2") started  	[MsgId: MMSG-26355]
Action.c(360): Error -27492: "HttpSendRequest" failed, Windows error code=12002 and retry limit (0) exceeded for URL="https://av-pt-ferrari.accela.com/portlets/cap/capSearch.do?module=Licenses"  	[MsgId: MERR-27492]
End auto log messages stack.	[MsgId: MMSG-10544]


End auto log messages stack.	[MsgId: MMSG-10544]


Action.c(360): Error -35061: No match found for the requested parameter "Param_ID3". Either the specified boundaries were not found in the response or the matched text is longer than current max html parameter size of 256 bytes. The total length of the response is 0 bytes. You can use "web_set_max_html_param_len" to increase the max parameter size.  	[MsgId: MERR-35061]
End auto log messages stack.	[MsgId: MMSG-10544]


Start auto log messages stack - Iteration 2.	[MsgId: MMSG-10545]
Action.c(4): web_set_sockets_option highest severity level was "warning"  	[MsgId: MMSG-26391]
Action.c(6): web_url("dashboard.do") started  	[MsgId: MMSG-26355]
Action.c(6): web_url("dashboard.do") was successful, 0 body bytes, 0 header bytes  	[MsgId: MMSG-26386]
Action.c(22): web_reg_save_param_regexp started  	[MsgId: MMSG-26355]
Action.c(22): Registering web_reg_save_param_regexp was successful  	[MsgId: MMSG-26390]
Action.c(37): web_reg_save_param_regexp started  	[MsgId: MMSG-26355]
Action.c(37): Registering web_reg_save_param_regexp was successful  	[MsgId: MMSG-26390]
Action.c(46): web_url("hostSignon.do") started  	[MsgId: MMSG-26355]
Action.c(46): Error -35049: No match found for the requested parameter "requestToken". Check whether the requested regular expression exists in the response data  	[MsgId: MERR-35049]
Action.c(46): Error -35049: No match found for the requested parameter "requestLanguageToken". Check whether the requested regular expression exists in the response data  	[MsgId: MERR-35049]
End auto log messages stack.	[MsgId: MMSG-10544]


Start auto log messages stack - Iteration 2.	[MsgId: MMSG-10545]
Start auto log messages stack - Iteration 1.	[MsgId: MMSG-10545]
Action.c(233): web_url("View the content of this inline frame") was successful, 259 body bytes, 616 header bytes  	[MsgId: MMSG-26386]
Action.c(243): web_submit_data("empty.jsp") started  	[MsgId: MMSG-26355]
Action.c(320): web_submit_data("regionalSyncMask.do_2") started  	[MsgId: MMSG-26355]
Action.c(243): web_submit_data("empty.jsp") was successful, 79 body bytes, 551 header bytes  	[MsgId: MMSG-26386]
Action.c(320): web_submit_data("regionalSyncMask.do_2") was successful, 379 body bytes, 529 header bytes  	[MsgId: MMSG-26386]
Action.c(254): Notify: Transaction "MILARA_TC1_01_Click_Records" ended with a "Pass" status (Duration: 27.7977).	[MsgId: MMSG-16873]
Action.c(331): Notify: Transaction "MILARA_TC1_02_Click_Search" ended with a "Pass" status (Duration: 29.5396).	[MsgId: MMSG-16873]
Action.c(256): Notify: Transaction "MILARA_TC1_02_Click_Search" started.	[MsgId: MMSG-16999]
Action.c(333): Notify: Transaction "MILARA_TC1_03_Search_Record" started.	[MsgId: MMSG-16999]
Action.c(258): web_url("session.do_6") started  	[MsgId: MMSG-26355]
Action.c(335): web_url("session.do_7") started  	[MsgId: MMSG-26355]
Action.c(258): web_url("session.do_6") was successful, 56 body bytes, 535 header bytes  	[MsgId: MMSG-26386]
Action.c(268): web_url("capSearch.do") started  	[MsgId: MMSG-26355]
Action.c(335): web_url("session.do_7") was successful, 56 body bytes, 535 header bytes  	[MsgId: MMSG-26386]
Action.c(268): Error -27492: "HttpSendRequest" failed, Windows error code=12002 and retry limit (0) exceeded for URL="https://av-pt-ferrari.accela.com/portlets/cap/capSearch.do?mode=search&isFromSearch=true&isSearchButton=true&module=Licenses&isGeneralCAP=Y"  	[MsgId: MERR-27492]
Action.c(351): web_reg_save_param_ex started  	[MsgId: MMSG-26355]
Action.c(351): Registering web_reg_save_param_ex was successful  	[MsgId: MMSG-26390]
Action.c(360): web_submit_data("capSearch.do_2") started  	[MsgId: MMSG-26355]
Action.c(360): Error -27492: "HttpSendRequest" failed, Windows error code=12002 and retry limit (0) exceeded for URL="https://av-pt-ferrari.accela.com/portlets/cap/capSearch.do?module=Licenses"  	[MsgId: MERR-27492]
End auto log messages stack.	[MsgId: MMSG-10544]


Action.c(360): Error -35061: No match found for the requested parameter "Param_ID3". Either the specified boundaries were not found in the response or the matched text is longer than current max html parameter size of 256 bytes. The total length of the response is 0 bytes. You can use "web_set_max_html_param_len" to increase the max parameter size.  	[MsgId: MERR-35061]
End auto log messages stack.	[MsgId: MMSG-10544]


Start auto log messages stack - Iteration 1.	[MsgId: MMSG-10545]
Start auto log messages stack - Iteration 1.	[MsgId: MMSG-10545]
Start auto log messages stack - Iteration 1.	[MsgId: MMSG-10545]
Action.c(360): web_submit_data("capSearch.do_2") was successful, 24996 body bytes, 2125 header bytes  	[MsgId: MMSG-26386]
Action.c(452): web_submit_data("empty.jsp_3") started  	[MsgId: MMSG-26355]
Action.c(452): web_submit_data("empty.jsp_3") was successful, 79 body bytes, 551 header bytes  	[MsgId: MMSG-26386]
Action.c(233): web_url("View the content of this inline frame") was successful, 259 body bytes, 616 header bytes  	[MsgId: MMSG-26386]
Action.c(463): Notify: Transaction "MILARA_TC1_03_Search_Record" ended with a "Pass" status (Duration: 29.4296 Wasted Time: 0.0009).	[MsgId: MMSG-16871]
Action.c(243): web_submit_data("empty.jsp") started  	[MsgId: MMSG-26355]
Action.c(360): web_submit_data("capSearch.do_2") was successful, 24996 body bytes, 2125 header bytes  	[MsgId: MMSG-26386]
Action.c(467): Notify: Transaction "MILARA_TC1_04_Record_Details" started.	[MsgId: MMSG-16999]
Action.c(243): web_submit_data("empty.jsp") was successful, 79 body bytes, 551 header bytes  	[MsgId: MMSG-26386]
Action.c(452): web_submit_data("empty.jsp_3") started  	[MsgId: MMSG-26355]
Action.c(254): Notify: Transaction "MILARA_TC1_01_Click_Records" ended with a "Pass" status (Duration: 32.1327).	[MsgId: MMSG-16873]
Action.c(452): web_submit_data("empty.jsp_3") was successful, 79 body bytes, 551 header bytes  	[MsgId: MMSG-26386]
Action.c(469): web_url("session.do_8") started  	[MsgId: MMSG-26355]
Action.c(256): Notify: Transaction "MILARA_TC1_02_Click_Search" started.	[MsgId: MMSG-16999]
Action.c(469): web_url("session.do_8") was successful, 56 body bytes, 535 header bytes  	[MsgId: MMSG-26386]
Action.c(479): web_url("CapTabSummary.do") started  	[MsgId: MMSG-26355]
Action.c(463): Notify: Transaction "MILARA_TC1_03_Search_Record" ended with a "Pass" status (Duration: 28.1055 Wasted Time: 0.0008).	[MsgId: MMSG-16871]
Action.c(479): Error -27492: "HttpSendRequest" failed, Windows error code=12002 and retry limit (0) exceeded for URL="https://av-pt-ferrari.accela.com/portlets/cap/capsummary/CapTabSummary.do?mode=tabSummary&serviceProviderCode=MILARA&ID1=REC18&ID2=00000&ID3=00VL9&requireNotice=YES&clearForm=clearForm&module=Licenses&isFromCapList=true&isGeneralCAP=Y"  	[MsgId: MERR-27492]
Action.c(258): web_url("session.do_6") started  	[MsgId: MMSG-26355]
Action.c(258): web_url("session.do_6") was successful, 56 body bytes, 535 header bytes  	[MsgId: MMSG-26386]
Action.c(467): Notify: Transaction "MILARA_TC1_04_Record_Details" started.	[MsgId: MMSG-16999]
Action.c(268): web_url("capSearch.do") started  	[MsgId: MMSG-26355]
Action.c(268): Error -27492: "HttpSendRequest" failed, Windows error code=12002 and retry limit (0) exceeded for URL="https://av-pt-ferrari.accela.com/portlets/cap/capSearch.do?mode=search&isFromSearch=true&isSearchButton=true&module=Licenses&isGeneralCAP=Y"  	[MsgId: MERR-27492]
Action.c(469): web_url("session.do_8") started  	[MsgId: MMSG-26355]
Action.c(469): web_url("session.do_8") was successful, 56 body bytes, 535 header bytes  	[MsgId: MMSG-26386]
Action.c(479): web_url("CapTabSummary.do") started  	[MsgId: MMSG-26355]
Action.c(479): Error -27492: "HttpSendRequest" failed, Windows error code=12002 and retry limit (0) exceeded for URL="https://av-pt-ferrari.accela.com/portlets/cap/capsummary/CapTabSummary.do?mode=tabSummary&serviceProviderCode=MILARA&ID1=REC18&ID2=00000&ID3=00VL9&requireNotice=YES&clearForm=clearForm&module=Licenses&isFromCapList=true&isGeneralCAP=Y"  	[MsgId: MERR-27492]
End auto log messages stack.	[MsgId: MMSG-10544]
End auto log messages stack.	[MsgId: MMSG-10544]




End auto log messages stack.	[MsgId: MMSG-10544]


Start auto log messages stack - Iteration 1.	[MsgId: MMSG-10545]
Action.c(233): web_url("View the content of this inline frame") was successful, 259 body bytes, 616 header bytes  	[MsgId: MMSG-26386]
Action.c(243): web_submit_data("empty.jsp") started  	[MsgId: MMSG-26355]
Action.c(243): web_submit_data("empty.jsp") was successful, 79 body bytes, 551 header bytes  	[MsgId: MMSG-26386]
Action.c(254): Notify: Transaction "MILARA_TC1_01_Click_Records" ended with a "Pass" status (Duration: 42.9328).	[MsgId: MMSG-16873]
Action.c(256): Notify: Transaction "MILARA_TC1_02_Click_Search" started.	[MsgId: MMSG-16999]
Action.c(258): web_url("session.do_6") started  	[MsgId: MMSG-26355]
Action.c(258): web_url("session.do_6") was successful, 56 body bytes, 535 header bytes  	[MsgId: MMSG-26386]
Action.c(268): web_url("capSearch.do") started  	[MsgId: MMSG-26355]
Action.c(268): Error -27492: "HttpSendRequest" failed, Windows error code=12002 and retry limit (0) exceeded for URL="https://av-pt-ferrari.accela.com/portlets/cap/capSearch.do?mode=search&isFromSearch=true&isSearchButton=true&module=Licenses&isGeneralCAP=Y"  	[MsgId: MERR-27492]
End auto log messages stack.	[MsgId: MMSG-10544]


Start auto log messages stack - Iteration 2.	[MsgId: MMSG-10545]
Action.c(86): web_submit_data("hostSignon.do_2") started  	[MsgId: MMSG-26355]
Action.c(86): web_submit_data("hostSignon.do_2") was successful, 98 body bytes, 986 header bytes  	[MsgId: MMSG-26386]
Action.c(109): web_url("dashboard.do_2") started  	[MsgId: MMSG-26355]
Action.c(109): Detected non-resource "https://av-pt-ferrari.accela.com/portlets/spa/dashboard.do" in "https://av-pt-ferrari.accela.com/portlets/spa/dashboard.do"  	[MsgId: MMSG-26574]
Action.c(109): Found resource "https://av-pt-ferrari.accela.com/security/auth.do?signOffScript=https://av-pt-ferrari.accela.com/portlets/security/signout.do&switchAgencyScript=https://av-pt-ferrari.accela.com/portlets/commons/sso/blank.jsp&CSRF_REQ_PARAM=" in HTML "https://av-pt-ferrari.accela.com/portlets/spa/dashboard.do"  	[MsgId: MMSG-26659]
Action.c(109): Error -27492: "HttpSendRequest" failed, Windows error code=12002 and retry limit (0) exceeded for URL="https://av-pt-ferrari.accela.com/portlets/spa/dashboard.do"  	[MsgId: MERR-27492]
End auto log messages stack.	[MsgId: MMSG-10544]


Start auto log messages stack - Iteration 2.	[MsgId: MMSG-10545]
Action.c(233): web_url("View the content of this inline frame") was successful, 259 body bytes, 616 header bytes  	[MsgId: MMSG-26386]
Action.c(243): web_submit_data("empty.jsp") started  	[MsgId: MMSG-26355]
Action.c(243): web_submit_data("empty.jsp") was successful, 79 body bytes, 551 header bytes  	[MsgId: MMSG-26386]
Action.c(254): Notify: Transaction "MILARA_TC1_01_Click_Records" ended with a "Pass" status (Duration: 53.6945).	[MsgId: MMSG-16873]
Action.c(256): Notify: Transaction "MILARA_TC1_02_Click_Search" started.	[MsgId: MMSG-16999]
Action.c(258): web_url("session.do_6") started  	[MsgId: MMSG-26355]
Action.c(258): web_url("session.do_6") was successful, 56 body bytes, 535 header bytes  	[MsgId: MMSG-26386]
Action.c(268): web_url("capSearch.do") started  	[MsgId: MMSG-26355]
Action.c(268): Error -27492: "HttpSendRequest" failed, Windows error code=12002 and retry limit (0) exceeded for URL="https://av-pt-ferrari.accela.com/portlets/cap/capSearch.do?mode=search&isFromSearch=true&isSearchButton=true&module=Licenses&isGeneralCAP=Y"  	[MsgId: MERR-27492]
End auto log messages stack.	[MsgId: MMSG-10544]


Start auto log messages stack - Iteration 1.	[MsgId: MMSG-10545]
Action.c(320): web_submit_data("regionalSyncMask.do_2") started  	[MsgId: MMSG-26355]
Action.c(320): web_submit_data("regionalSyncMask.do_2") was successful, 379 body bytes, 529 header bytes  	[MsgId: MMSG-26386]
Action.c(331): Notify: Transaction "MILARA_TC1_02_Click_Search" ended with a "Pass" status (Duration: 49.8926).	[MsgId: MMSG-16873]
Action.c(333): Notify: Transaction "MILARA_TC1_03_Search_Record" started.	[MsgId: MMSG-16999]
Action.c(335): web_url("session.do_7") started  	[MsgId: MMSG-26355]
Action.c(335): web_url("session.do_7") was successful, 56 body bytes, 535 header bytes  	[MsgId: MMSG-26386]
Action.c(351): web_reg_save_param_ex started  	[MsgId: MMSG-26355]
Action.c(351): Registering web_reg_save_param_ex was successful  	[MsgId: MMSG-26390]
Action.c(360): web_submit_data("capSearch.do_2") started  	[MsgId: MMSG-26355]
Action.c(360): Error -27492: "HttpSendRequest" failed, Windows error code=12002 and retry limit (0) exceeded for URL="https://av-pt-ferrari.accela.com/portlets/cap/capSearch.do?module=Licenses"  	[MsgId: MERR-27492]
Action.c(360): Error -35061: No match found for the requested parameter "Param_ID3". Either the specified boundaries were not found in the response or the matched text is longer than current max html parameter size of 256 bytes. The total length of the response is 0 bytes. You can use "web_set_max_html_param_len" to increase the max parameter size.  	[MsgId: MERR-35061]
End auto log messages stack.	[MsgId: MMSG-10544]


Start auto log messages stack - Iteration 2.	[MsgId: MMSG-10545]
Action.c(86): web_submit_data("hostSignon.do_2") started  	[MsgId: MMSG-26355]
Action.c(86): web_submit_data("hostSignon.do_2") was successful, 98 body bytes, 986 header bytes  	[MsgId: MMSG-26386]
Action.c(109): web_url("dashboard.do_2") started  	[MsgId: MMSG-26355]
Action.c(109): Detected non-resource "https://av-pt-ferrari.accela.com/portlets/spa/dashboard.do" in "https://av-pt-ferrari.accela.com/portlets/spa/dashboard.do"  	[MsgId: MMSG-26574]
Action.c(109): Found resource "https://av-pt-ferrari.accela.com/security/auth.do?signOffScript=https://av-pt-ferrari.accela.com/portlets/security/signout.do&switchAgencyScript=https://av-pt-ferrari.accela.com/portlets/commons/sso/blank.jsp&CSRF_REQ_PARAM=" in HTML "https://av-pt-ferrari.accela.com/portlets/spa/dashboard.do"  	[MsgId: MMSG-26659]
Action.c(109): Error -27492: "HttpSendRequest" failed, Windows error code=12002 and retry limit (0) exceeded for URL="https://av-pt-ferrari.accela.com/portlets/spa/dashboard.do"  	[MsgId: MERR-27492]
End auto log messages stack.	[MsgId: MMSG-10544]


Start auto log messages stack - Iteration 3.	[MsgId: MMSG-10545]
Action.c(46): web_url("hostSignon.do") highest severity level was "warning", 451866 body bytes, 6740 header bytes  	[MsgId: MMSG-26388]
Action.c(58): web_url("plugins_win.json") started  	[MsgId: MMSG-26355]
Action.c(58): web_url("plugins_win.json") was successful, 2015 body bytes, 438 header bytes  	[MsgId: MMSG-26386]
Action.c(70): Notify: Transaction "MILARA_Login" started.	[MsgId: MMSG-16999]
Action.c(72): web_custom_request("loginAction.do") started  	[MsgId: MMSG-26355]
Action.c(72): web_custom_request("loginAction.do") was successful, 23 body bytes, 264 header bytes  	[MsgId: MMSG-26386]
Action.c(86): web_submit_data("hostSignon.do_2") started  	[MsgId: MMSG-26355]
Action.c(86): Error -27492: "HttpSendRequest" failed, Windows error code=12002 and retry limit (0) exceeded for URL="https://av-pt-ferrari.accela.com/security/hostSignon.do?hostSignOn=true"  	[MsgId: MERR-27492]
End auto log messages stack.	[MsgId: MMSG-10544]


Start auto log messages stack - Iteration 2.	[MsgId: MMSG-10545]
Action.c(223): Detected non-resource "https://av-pt-ferrari.accela.com/portlets/framework/includes/error/blank.jsp?module=Licenses" in "https://av-pt-ferrari.accela.com/portlets/commons/cap/myCAPDetailPortlet.jsp?module=-select-"  	[MsgId: MMSG-26574]
Action.c(223): Detected non-resource "https://av-pt-ferrari.accela.com/portlets/framework/includes/error/blank.jsp?module=Licenses" in "https://av-pt-ferrari.accela.com/portlets/commons/cap/myCAPDetailPortlet.jsp?module=-select-"  	[MsgId: MMSG-26574]
Action.c(223): Found resource "https://av-pt-ferrari.accela.com/portlets/framework/includes/javascript/ac360base.js" in HTML "https://av-pt-ferrari.accela.com/portlets/commons/cap/myCAPDetailPortlet.jsp?module=-select-"  	[MsgId: MMSG-26659]
Action.c(223): Error -27492: "HttpSendRequest" failed, Windows error code=12002 and retry limit (0) exceeded for URL="https://av-pt-ferrari.accela.com/portlets/cap/capSearch.do?searchBy=ByCondition&height=270&mode=init&module=Licenses&cleanCapId=Y&isGeneralCAP=Y&supportMulAgencySearch=Y"  	[MsgId: MERR-27492]
End auto log messages stack.	[MsgId: MMSG-10544]


Start auto log messages stack - Iteration 3.	[MsgId: MMSG-10545]
Action.c(46): web_url("hostSignon.do") highest severity level was "warning", 451866 body bytes, 6740 header bytes  	[MsgId: MMSG-26388]
Action.c(58): web_url("plugins_win.json") started  	[MsgId: MMSG-26355]
Action.c(58): web_url("plugins_win.json") was successful, 2015 body bytes, 438 header bytes  	[MsgId: MMSG-26386]
Action.c(70): Notify: Transaction "MILARA_Login" started.	[MsgId: MMSG-16999]
Action.c(72): web_custom_request("loginAction.do") started  	[MsgId: MMSG-26355]
Action.c(72): web_custom_request("loginAction.do") was successful, 23 body bytes, 264 header bytes  	[MsgId: MMSG-26386]
Action.c(86): web_submit_data("hostSignon.do_2") started  	[MsgId: MMSG-26355]
Action.c(86): Error -27492: "HttpSendRequest" failed, Windows error code=12002 and retry limit (0) exceeded for URL="https://av-pt-ferrari.accela.com/security/hostSignon.do?hostSignOn=true"  	[MsgId: MERR-27492]
End auto log messages stack.	[MsgId: MMSG-10544]


Start auto log messages stack - Iteration 2.	[MsgId: MMSG-10545]
Action.c(46): web_url("hostSignon.do") highest severity level was "warning", 451866 body bytes, 6740 header bytes  	[MsgId: MMSG-26388]
Action.c(58): web_url("plugins_win.json") started  	[MsgId: MMSG-26355]
Action.c(58): web_url("plugins_win.json") was successful, 2015 body bytes, 438 header bytes  	[MsgId: MMSG-26386]
Action.c(70): Notify: Transaction "MILARA_Login" started.	[MsgId: MMSG-16999]
Action.c(72): web_custom_request("loginAction.do") started  	[MsgId: MMSG-26355]
Action.c(72): web_custom_request("loginAction.do") was successful, 23 body bytes, 264 header bytes  	[MsgId: MMSG-26386]
Action.c(86): web_submit_data("hostSignon.do_2") started  	[MsgId: MMSG-26355]
Action.c(86): Error -27492: "HttpSendRequest" failed, Windows error code=12002 and retry limit (0) exceeded for URL="https://av-pt-ferrari.accela.com/security/hostSignon.do?hostSignOn=true"  	[MsgId: MERR-27492]
End auto log messages stack.	[MsgId: MMSG-10544]


Start auto log messages stack - Iteration 2.	[MsgId: MMSG-10545]
Action.c(46): web_url("hostSignon.do") highest severity level was "warning", 451867 body bytes, 6740 header bytes  	[MsgId: MMSG-26388]
Action.c(58): web_url("plugins_win.json") started  	[MsgId: MMSG-26355]
Action.c(58): web_url("plugins_win.json") was successful, 2015 body bytes, 438 header bytes  	[MsgId: MMSG-26386]
Action.c(70): Notify: Transaction "MILARA_Login" started.	[MsgId: MMSG-16999]
Action.c(72): web_custom_request("loginAction.do") started  	[MsgId: MMSG-26355]
Action.c(72): web_custom_request("loginAction.do") was successful, 23 body bytes, 264 header bytes  	[MsgId: MMSG-26386]
Action.c(86): web_submit_data("hostSignon.do_2") started  	[MsgId: MMSG-26355]
Action.c(86): Error -27492: "HttpSendRequest" failed, Windows error code=12002 and retry limit (0) exceeded for URL="https://av-pt-ferrari.accela.com/security/hostSignon.do?hostSignOn=true"  	[MsgId: MERR-27492]
End auto log messages stack.	[MsgId: MMSG-10544]


Start auto log messages stack - Iteration 3.	[MsgId: MMSG-10545]
Action.c(46): web_url("hostSignon.do") highest severity level was "warning", 451867 body bytes, 6740 header bytes  	[MsgId: MMSG-26388]
Action.c(58): web_url("plugins_win.json") started  	[MsgId: MMSG-26355]
Action.c(58): web_url("plugins_win.json") was successful, 2015 body bytes, 438 header bytes  	[MsgId: MMSG-26386]
Action.c(70): Notify: Transaction "MILARA_Login" started.	[MsgId: MMSG-16999]
Action.c(72): web_custom_request("loginAction.do") started  	[MsgId: MMSG-26355]
Action.c(72): web_custom_request("loginAction.do") was successful, 23 body bytes, 264 header bytes  	[MsgId: MMSG-26386]
Action.c(86): web_submit_data("hostSignon.do_2") started  	[MsgId: MMSG-26355]
Action.c(86): Error -27492: "HttpSendRequest" failed, Windows error code=12002 and retry limit (0) exceeded for URL="https://av-pt-ferrari.accela.com/security/hostSignon.do?hostSignOn=true"  	[MsgId: MERR-27492]
End auto log messages stack.	[MsgId: MMSG-10544]


Start auto log messages stack - Iteration 3.	[MsgId: MMSG-10545]
Action.c(4): web_set_sockets_option highest severity level was "warning"  	[MsgId: MMSG-26391]
Action.c(6): web_url("dashboard.do") started  	[MsgId: MMSG-26355]
Action.c(6): web_url("dashboard.do") was successful, 0 body bytes, 0 header bytes  	[MsgId: MMSG-26386]
Action.c(22): web_reg_save_param_regexp started  	[MsgId: MMSG-26355]
Action.c(22): Registering web_reg_save_param_regexp was successful  	[MsgId: MMSG-26390]
Action.c(37): web_reg_save_param_regexp started  	[MsgId: MMSG-26355]
Action.c(37): Registering web_reg_save_param_regexp was successful  	[MsgId: MMSG-26390]
Action.c(46): web_url("hostSignon.do") started  	[MsgId: MMSG-26355]
Action.c(46): Error -35049: No match found for the requested parameter "requestToken". Check whether the requested regular expression exists in the response data  	[MsgId: MERR-35049]
Action.c(46): Error -35049: No match found for the requested parameter "requestLanguageToken". Check whether the requested regular expression exists in the response data  	[MsgId: MERR-35049]
End auto log messages stack.	[MsgId: MMSG-10544]


Start auto log messages stack - Iteration 3.	[MsgId: MMSG-10545]
Action.c(360): web_submit_data("capSearch.do_2") was successful, 24994 body bytes, 2125 header bytes  	[MsgId: MMSG-26386]
Action.c(452): web_submit_data("empty.jsp_3") started  	[MsgId: MMSG-26355]
Action.c(452): web_submit_data("empty.jsp_3") was successful, 79 body bytes, 551 header bytes  	[MsgId: MMSG-26386]
Action.c(463): Notify: Transaction "MILARA_TC1_03_Search_Record" ended with a "Pass" status (Duration: 11.6302 Wasted Time: 0.0007).	[MsgId: MMSG-16871]
Action.c(467): Notify: Transaction "MILARA_TC1_04_Record_Details" started.	[MsgId: MMSG-16999]
Action.c(469): web_url("session.do_8") started  	[MsgId: MMSG-26355]
Action.c(469): web_url("session.do_8") was successful, 56 body bytes, 535 header bytes  	[MsgId: MMSG-26386]
Action.c(479): web_url("CapTabSummary.do") started  	[MsgId: MMSG-26355]
Action.c(479): Error -27492: "HttpSendRequest" failed, Windows error code=12002 and retry limit (0) exceeded for URL="https://av-pt-ferrari.accela.com/portlets/cap/capsummary/CapTabSummary.do?mode=tabSummary&serviceProviderCode=MILARA&ID1=REC18&ID2=00000&ID3=00VL9&requireNotice=YES&clearForm=clearForm&module=Licenses&isFromCapList=true&isGeneralCAP=Y"  	[MsgId: MERR-27492]
End auto log messages stack.	[MsgId: MMSG-10544]


Start auto log messages stack - Iteration 3.	[MsgId: MMSG-10545]
Action.c(223): Detected non-resource "https://av-pt-ferrari.accela.com/portlets/framework/includes/error/blank.jsp?module=Licenses" in "https://av-pt-ferrari.accela.com/portlets/commons/cap/myCAPDetailPortlet.jsp?module=-select-"  	[MsgId: MMSG-26574]
Action.c(223): Detected non-resource "https://av-pt-ferrari.accela.com/portlets/framework/includes/error/blank.jsp?module=Licenses" in "https://av-pt-ferrari.accela.com/portlets/commons/cap/myCAPDetailPortlet.jsp?module=-select-"  	[MsgId: MMSG-26574]
Action.c(223): Found resource "https://av-pt-ferrari.accela.com/portlets/framework/includes/javascript/ac360base.js" in HTML "https://av-pt-ferrari.accela.com/portlets/commons/cap/myCAPDetailPortlet.jsp?module=-select-"  	[MsgId: MMSG-26659]
Action.c(223): Error -27492: "HttpSendRequest" failed, Windows error code=12002 and retry limit (0) exceeded for URL="https://av-pt-ferrari.accela.com/portlets/cap/capSearch.do?searchBy=ByCondition&height=270&mode=init&module=Licenses&cleanCapId=Y&isGeneralCAP=Y&supportMulAgencySearch=Y"  	[MsgId: MERR-27492]
End auto log messages stack.	[MsgId: MMSG-10544]


Start auto log messages stack - Iteration 2.	[MsgId: MMSG-10545]
Action.c(489): web_submit_data("ajax.do") was successful, 10 body bytes, 528 header bytes  	[MsgId: MMSG-26386]
Action.c(500): web_submit_data("empty.jsp_4") started  	[MsgId: MMSG-26355]
Action.c(500): web_submit_data("empty.jsp_4") was successful, 79 body bytes, 551 header bytes  	[MsgId: MMSG-26386]
Action.c(511): web_url("blank.jsp_2") started  	[MsgId: MMSG-26355]
Action.c(511): Resource "https://av-pt-ferrari.accela.com/portlets/framework/includes/javascript/ac360base.js" is in the cache already and will not be downloaded again  	[MsgId: MMSG-26655]
Action.c(511): web_url("blank.jsp_2") was successful, 259 body bytes, 616 header bytes  	[MsgId: MMSG-26386]
Action.c(521): web_custom_request("tabRecordCount.do") started  	[MsgId: MMSG-26355]
Action.c(521): Error -27492: "HttpSendRequest" failed, Windows error code=12002 and retry limit (0) exceeded for URL="https://av-pt-ferrari.accela.com/portlets/cap/tabRecordCount.do?module=Licenses&ID1=REC18&ID2=00000&ID3=00VL9&xmlin=%3Croot%3E%3CcountID%3E5%3C/countID%3E%3CcountID%3E6%3C/countID%3E%3CcountID%3E2%3C/countID%3E%3CcountID%3E134%3C/countID%3E%3CcountID%3E16%3C/countID%3E%3CcountID%3E23%3C/countID%3E%3CcountID%3E415%3C/countID%3E%3CcountID%3E397%3C/countID%3E%3CcountID%3E456%3C/countID%3E%3CcountID%3E1%3C/countID%3E%3CcountID%3E378%3C/countID%3E%3CcountID%3E21%3C/countID%3E%3CcountID%3E226%3C/countID%3E%3CcountID%3E372%3C/countID%3E%3CcountID%3E24%3C/countID%3E%3CcountID%3E379%3C/countID%3E%3CcountID%3E10%3C/countID%3E%3CcountID%3E133%3C/countID%3E%3CcountID%3E17%3C/countID%3E%3CcountID%3E8%3C/countID%3E%3CcountID%3E19%3C/countID%3E%3CcountID%3E373%3C/countID%3E%3CcountID%3E14%3C/countID%3E%3CcountID%3E12%3C/countID%3E%3CcountID%3E13%3C/countID%3E%3CcountID%3E371%3C/countID%3E%3CcountID%3E27%3C/countID%3E%3CcountID%3E404%3C/countID%3E%3CcountID%3E360%3C/countID%3E%3CcountID%3E152%3C/countID%3E%3CcountID%3E303%3C/countID%3E%3CcountID%3E4%3C/countID%3E%3C/root%3E"  	[MsgId: MERR-27492]
End auto log messages stack.	[MsgId: MMSG-10544]


Start auto log messages stack - Iteration 3.	[MsgId: MMSG-10545]
Action.c(360): web_submit_data("capSearch.do_2") was successful, 24998 body bytes, 2125 header bytes  	[MsgId: MMSG-26386]
Action.c(452): web_submit_data("empty.jsp_3") started  	[MsgId: MMSG-26355]
Action.c(452): web_submit_data("empty.jsp_3") was successful, 79 body bytes, 551 header bytes  	[MsgId: MMSG-26386]
Action.c(463): Notify: Transaction "MILARA_TC1_03_Search_Record" ended with a "Pass" status (Duration: 35.9878 Wasted Time: 0.0007).	[MsgId: MMSG-16871]
Action.c(467): Notify: Transaction "MILARA_TC1_04_Record_Details" started.	[MsgId: MMSG-16999]
Action.c(469): web_url("session.do_8") started  	[MsgId: MMSG-26355]
Action.c(469): web_url("session.do_8") was successful, 56 body bytes, 535 header bytes  	[MsgId: MMSG-26386]
Action.c(479): web_url("CapTabSummary.do") started  	[MsgId: MMSG-26355]
Action.c(479): Error -27492: "HttpSendRequest" failed, Windows error code=12002 and retry limit (0) exceeded for URL="https://av-pt-ferrari.accela.com/portlets/cap/capsummary/CapTabSummary.do?mode=tabSummary&serviceProviderCode=MILARA&ID1=REC18&ID2=00000&ID3=00VL9&requireNotice=YES&clearForm=clearForm&module=Licenses&isFromCapList=true&isGeneralCAP=Y"  	[MsgId: MERR-27492]
End auto log messages stack.	[MsgId: MMSG-10544]


Start auto log messages stack - Iteration 4.	[MsgId: MMSG-10545]
Start auto log messages stack - Iteration 3.	[MsgId: MMSG-10545]
Start auto log messages stack - Iteration 3.	[MsgId: MMSG-10545]
Action.c(86): web_submit_data("hostSignon.do_2") started  	[MsgId: MMSG-26355]
Action.c(86): web_submit_data("hostSignon.do_2") started  	[MsgId: MMSG-26355]
Action.c(86): web_submit_data("hostSignon.do_2") was successful, 98 body bytes, 986 header bytes  	[MsgId: MMSG-26386]
Action.c(86): web_submit_data("hostSignon.do_2") was successful, 98 body bytes, 986 header bytes  	[MsgId: MMSG-26386]
Action.c(109): web_url("dashboard.do_2") started  	[MsgId: MMSG-26355]
Action.c(86): web_submit_data("hostSignon.do_2") started  	[MsgId: MMSG-26355]
Action.c(109): Detected non-resource "https://av-pt-ferrari.accela.com/portlets/spa/dashboard.do" in "https://av-pt-ferrari.accela.com/portlets/spa/dashboard.do"  	[MsgId: MMSG-26574]
Action.c(109): web_url("dashboard.do_2") started  	[MsgId: MMSG-26355]
Action.c(109): Found resource "https://av-pt-ferrari.accela.com/security/auth.do?signOffScript=https://av-pt-ferrari.accela.com/portlets/security/signout.do&switchAgencyScript=https://av-pt-ferrari.accela.com/portlets/commons/sso/blank.jsp&CSRF_REQ_PARAM=" in HTML "https://av-pt-ferrari.accela.com/portlets/spa/dashboard.do"  	[MsgId: MMSG-26659]
Action.c(86): web_submit_data("hostSignon.do_2") was successful, 98 body bytes, 986 header bytes  	[MsgId: MMSG-26386]
Action.c(109): Detected non-resource "https://av-pt-ferrari.accela.com/portlets/spa/dashboard.do" in "https://av-pt-ferrari.accela.com/portlets/spa/dashboard.do"  	[MsgId: MMSG-26574]
Action.c(109): Error -27492: "HttpSendRequest" failed, Windows error code=12002 and retry limit (0) exceeded for URL="https://av-pt-ferrari.accela.com/portlets/spa/dashboard.do"  	[MsgId: MERR-27492]
Action.c(109): Found resource "https://av-pt-ferrari.accela.com/security/auth.do?signOffScript=https://av-pt-ferrari.accela.com/portlets/security/signout.do&switchAgencyScript=https://av-pt-ferrari.accela.com/portlets/commons/sso/blank.jsp&CSRF_REQ_PARAM=" in HTML "https://av-pt-ferrari.accela.com/portlets/spa/dashboard.do"  	[MsgId: MMSG-26659]
Action.c(109): web_url("dashboard.do_2") started  	[MsgId: MMSG-26355]
Action.c(109): Error -27492: "HttpSendRequest" failed, Windows error code=12002 and retry limit (0) exceeded for URL="https://av-pt-ferrari.accela.com/portlets/spa/dashboard.do"  	[MsgId: MERR-27492]
Action.c(109): Detected non-resource "https://av-pt-ferrari.accela.com/portlets/spa/dashboard.do" in "https://av-pt-ferrari.accela.com/portlets/spa/dashboard.do"  	[MsgId: MMSG-26574]
Action.c(109): Found resource "https://av-pt-ferrari.accela.com/security/auth.do?signOffScript=https://av-pt-ferrari.accela.com/portlets/security/signout.do&switchAgencyScript=https://av-pt-ferrari.accela.com/portlets/commons/sso/blank.jsp&CSRF_REQ_PARAM=" in HTML "https://av-pt-ferrari.accela.com/portlets/spa/dashboard.do"  	[MsgId: MMSG-26659]
Action.c(109): Error -27492: "HttpSendRequest" failed, Windows error code=12002 and retry limit (0) exceeded for URL="https://av-pt-ferrari.accela.com/portlets/spa/dashboard.do"  	[MsgId: MERR-27492]
End auto log messages stack.	[MsgId: MMSG-10544]


End auto log messages stack.	[MsgId: MMSG-10544]


End auto log messages stack.	[MsgId: MMSG-10544]


Start auto log messages stack - Iteration 4.	[MsgId: MMSG-10545]
Action.c(4): web_set_sockets_option highest severity level was "warning"  	[MsgId: MMSG-26391]
Action.c(6): web_url("dashboard.do") started  	[MsgId: MMSG-26355]
Action.c(6): web_url("dashboard.do") was successful, 0 body bytes, 0 header bytes  	[MsgId: MMSG-26386]
Action.c(22): web_reg_save_param_regexp started  	[MsgId: MMSG-26355]
Action.c(22): Registering web_reg_save_param_regexp was successful  	[MsgId: MMSG-26390]
Action.c(37): web_reg_save_param_regexp started  	[MsgId: MMSG-26355]
Action.c(37): Registering web_reg_save_param_regexp was successful  	[MsgId: MMSG-26390]
Action.c(46): web_url("hostSignon.do") started  	[MsgId: MMSG-26355]
Action.c(46): Error -35049: No match found for the requested parameter "requestToken". Check whether the requested regular expression exists in the response data  	[MsgId: MERR-35049]
Action.c(46): Error -35049: No match found for the requested parameter "requestLanguageToken". Check whether the requested regular expression exists in the response data  	[MsgId: MERR-35049]
End auto log messages stack.	[MsgId: MMSG-10544]


Start auto log messages stack - Iteration 3.	[MsgId: MMSG-10545]
Action.c(223): Detected non-resource "https://av-pt-ferrari.accela.com/portlets/framework/includes/error/blank.jsp?module=Licenses" in "https://av-pt-ferrari.accela.com/portlets/commons/cap/myCAPDetailPortlet.jsp?module=-select-"  	[MsgId: MMSG-26574]
Action.c(223): Detected non-resource "https://av-pt-ferrari.accela.com/portlets/framework/includes/error/blank.jsp?module=Licenses" in "https://av-pt-ferrari.accela.com/portlets/commons/cap/myCAPDetailPortlet.jsp?module=-select-"  	[MsgId: MMSG-26574]
Action.c(223): Found resource "https://av-pt-ferrari.accela.com/portlets/framework/includes/javascript/ac360base.js" in HTML "https://av-pt-ferrari.accela.com/portlets/commons/cap/myCAPDetailPortlet.jsp?module=-select-"  	[MsgId: MMSG-26659]
Action.c(223): Error -27492: "HttpSendRequest" failed, Windows error code=12002 and retry limit (0) exceeded for URL="https://av-pt-ferrari.accela.com/portlets/cap/capSearch.do?searchBy=ByCondition&height=270&mode=init&module=Licenses&cleanCapId=Y&isGeneralCAP=Y&supportMulAgencySearch=Y"  	[MsgId: MERR-27492]
End auto log messages stack.	[MsgId: MMSG-10544]


Start auto log messages stack - Iteration 4.	[MsgId: MMSG-10545]
Action.c(761): Resource "https://av-pt-ferrari.accela.com/portlets/framework/includes/javascript/layoutPublic.js" is in the cache already and will not be downloaded again  	[MsgId: MMSG-26655]
Action.c(761): web_url("recordActivityReport.do") was successful, 15556 body bytes, 1603 header bytes  	[MsgId: MMSG-26386]
Action.c(771): web_submit_data("empty.jsp_8") started  	[MsgId: MMSG-26355]
Action.c(771): web_submit_data("empty.jsp_8") was successful, 79 body bytes, 551 header bytes  	[MsgId: MMSG-26386]
Action.c(782): web_custom_request("tabRecordCount.do_4") started  	[MsgId: MMSG-26355]
Action.c(782): Error -27492: "HttpSendRequest" failed, Windows error code=12002 and retry limit (0) exceeded for URL="https://av-pt-ferrari.accela.com/portlets/cap/tabRecordCount.do?module=Licenses&ID1=REC18&ID2=00000&ID3=00VL9&xmlin=%3Croot%3E%3CcountID%3E5%3C/countID%3E%3CcountID%3E6%3C/countID%3E%3CcountID%3E2%3C/countID%3E%3CcountID%3E134%3C/countID%3E%3CcountID%3E16%3C/countID%3E%3CcountID%3E23%3C/countID%3E%3CcountID%3E415%3C/countID%3E%3CcountID%3E397%3C/countID%3E%3CcountID%3E456%3C/countID%3E%3CcountID%3E1%3C/countID%3E%3CcountID%3E378%3C/countID%3E%3CcountID%3E21%3C/countID%3E%3CcountID%3E226%3C/countID%3E%3CcountID%3E372%3C/countID%3E%3CcountID%3E24%3C/countID%3E%3CcountID%3E379%3C/countID%3E%3CcountID%3E10%3C/countID%3E%3CcountID%3E133%3C/countID%3E%3CcountID%3E17%3C/countID%3E%3CcountID%3E8%3C/countID%3E%3CcountID%3E19%3C/countID%3E%3CcountID%3E373%3C/countID%3E%3CcountID%3E14%3C/countID%3E%3CcountID%3E12%3C/countID%3E%3CcountID%3E13%3C/countID%3E%3CcountID%3E371%3C/countID%3E%3CcountID%3E27%3C/countID%3E%3CcountID%3E404%3C/countID%3E%3CcountID%3E360%3C/countID%3E%3CcountID%3E152%3C/countID%3E%3CcountID%3E303%3C/countID%3E%3CcountID%3E4%3C/countID%3E%3C/root%3E"  	[MsgId: MERR-27492]
End auto log messages stack.	[MsgId: MMSG-10544]


Start auto log messages stack - Iteration 4.	[MsgId: MMSG-10545]
Action.c(692): Detected non-resource "https://av-pt-ferrari.accela.com/portlets/framework/includes/error/blank.jsp" in "https://av-pt-ferrari.accela.com/portlets/emse/EMSEMessage.do?module=Licenses"  	[MsgId: MMSG-26574]
Action.c(692): Resource "https://av-pt-ferrari.accela.com/portlets/framework/includes/javascript/layoutPublic.js" is in the cache already and will not be downloaded again  	[MsgId: MMSG-26655]
Action.c(692): web_url("EMSEMessage.do") was successful, 10137 body bytes, 1603 header bytes  	[MsgId: MMSG-26386]
Action.c(702): web_submit_data("empty.jsp_6") started  	[MsgId: MMSG-26355]
Action.c(702): web_submit_data("empty.jsp_6") was successful, 79 body bytes, 551 header bytes  	[MsgId: MMSG-26386]
Action.c(713): web_custom_request("tabRecordCount.do_3") started  	[MsgId: MMSG-26355]
Action.c(713): Error -27492: "HttpSendRequest" failed, Windows error code=12002 and retry limit (0) exceeded for URL="https://av-pt-ferrari.accela.com/portlets/cap/tabRecordCount.do?module=Licenses&ID1=REC18&ID2=00000&ID3=00VL9&xmlin=%3Croot%3E%3CcountID%3E5%3C/countID%3E%3CcountID%3E6%3C/countID%3E%3CcountID%3E2%3C/countID%3E%3CcountID%3E134%3C/countID%3E%3CcountID%3E16%3C/countID%3E%3CcountID%3E23%3C/countID%3E%3CcountID%3E415%3C/countID%3E%3CcountID%3E397%3C/countID%3E%3CcountID%3E456%3C/countID%3E%3CcountID%3E1%3C/countID%3E%3CcountID%3E378%3C/countID%3E%3CcountID%3E21%3C/countID%3E%3CcountID%3E226%3C/countID%3E%3CcountID%3E372%3C/countID%3E%3CcountID%3E24%3C/countID%3E%3CcountID%3E379%3C/countID%3E%3CcountID%3E10%3C/countID%3E%3CcountID%3E133%3C/countID%3E%3CcountID%3E17%3C/countID%3E%3CcountID%3E8%3C/countID%3E%3CcountID%3E19%3C/countID%3E%3CcountID%3E373%3C/countID%3E%3CcountID%3E14%3C/countID%3E%3CcountID%3E12%3C/countID%3E%3CcountID%3E13%3C/countID%3E%3CcountID%3E371%3C/countID%3E%3CcountID%3E27%3C/countID%3E%3CcountID%3E404%3C/countID%3E%3CcountID%3E360%3C/countID%3E%3CcountID%3E152%3C/countID%3E%3CcountID%3E303%3C/countID%3E%3CcountID%3E4%3C/countID%3E%3C/root%3E"  	[MsgId: MERR-27492]
End auto log messages stack.	[MsgId: MMSG-10544]


Start auto log messages stack - Iteration 5.	[MsgId: MMSG-10545]
Action.c(360): web_submit_data("capSearch.do_2") was successful, 24995 body bytes, 2125 header bytes  	[MsgId: MMSG-26386]
Action.c(452): web_submit_data("empty.jsp_3") started  	[MsgId: MMSG-26355]
Action.c(452): web_submit_data("empty.jsp_3") was successful, 79 body bytes, 551 header bytes  	[MsgId: MMSG-26386]
Action.c(463): Notify: Transaction "MILARA_TC1_03_Search_Record" ended with a "Pass" status (Duration: 8.4716 Wasted Time: 0.0008).	[MsgId: MMSG-16871]
Action.c(467): Notify: Transaction "MILARA_TC1_04_Record_Details" started.	[MsgId: MMSG-16999]
Action.c(469): web_url("session.do_8") started  	[MsgId: MMSG-26355]
Action.c(469): web_url("session.do_8") was successful, 56 body bytes, 535 header bytes  	[MsgId: MMSG-26386]
Action.c(479): web_url("CapTabSummary.do") started  	[MsgId: MMSG-26355]
Action.c(479): Error -27492: "HttpSendRequest" failed, Windows error code=12002 and retry limit (0) exceeded for URL="https://av-pt-ferrari.accela.com/portlets/cap/capsummary/CapTabSummary.do?mode=tabSummary&serviceProviderCode=MILARA&ID1=REC18&ID2=00000&ID3=00VL9&requireNotice=YES&clearForm=clearForm&module=Licenses&isFromCapList=true&isGeneralCAP=Y"  	[MsgId: MERR-27492]
End auto log messages stack.	[MsgId: MMSG-10544]


Start auto log messages stack - Iteration 5.	[MsgId: MMSG-10545]
Action.c(4): web_set_sockets_option highest severity level was "warning"  	[MsgId: MMSG-26391]
Action.c(6): web_url("dashboard.do") started  	[MsgId: MMSG-26355]
Action.c(6): web_url("dashboard.do") was successful, 0 body bytes, 0 header bytes  	[MsgId: MMSG-26386]
Action.c(22): web_reg_save_param_regexp started  	[MsgId: MMSG-26355]
Action.c(22): Registering web_reg_save_param_regexp was successful  	[MsgId: MMSG-26390]
Action.c(37): web_reg_save_param_regexp started  	[MsgId: MMSG-26355]
Action.c(37): Registering web_reg_save_param_regexp was successful  	[MsgId: MMSG-26390]
Action.c(46): web_url("hostSignon.do") started  	[MsgId: MMSG-26355]
Action.c(46): Error -35049: No match found for the requested parameter "requestToken". Check whether the requested regular expression exists in the response data  	[MsgId: MERR-35049]
Action.c(46): Error -35049: No match found for the requested parameter "requestLanguageToken". Check whether the requested regular expression exists in the response data  	[MsgId: MERR-35049]
End auto log messages stack.	[MsgId: MMSG-10544]


Start auto log messages stack - Iteration 5.	[MsgId: MMSG-10545]
Action.c(233): web_url("View the content of this inline frame") was successful, 259 body bytes, 616 header bytes  	[MsgId: MMSG-26386]
Action.c(243): web_submit_data("empty.jsp") started  	[MsgId: MMSG-26355]
Action.c(243): web_submit_data("empty.jsp") was successful, 79 body bytes, 551 header bytes  	[MsgId: MMSG-26386]
Action.c(254): Notify: Transaction "MILARA_TC1_01_Click_Records" ended with a "Pass" status (Duration: 22.7608).	[MsgId: MMSG-16873]
Action.c(256): Notify: Transaction "MILARA_TC1_02_Click_Search" started.	[MsgId: MMSG-16999]
Action.c(258): web_url("session.do_6") started  	[MsgId: MMSG-26355]
Action.c(258): web_url("session.do_6") was successful, 56 body bytes, 535 header bytes  	[MsgId: MMSG-26386]
Action.c(268): web_url("capSearch.do") started  	[MsgId: MMSG-26355]
Action.c(268): Error -27492: "HttpSendRequest" failed, Windows error code=12002 and retry limit (0) exceeded for URL="https://av-pt-ferrari.accela.com/portlets/cap/capSearch.do?mode=search&isFromSearch=true&isSearchButton=true&module=Licenses&isGeneralCAP=Y"  	[MsgId: MERR-27492]
End auto log messages stack.	[MsgId: MMSG-10544]


Start auto log messages stack - Iteration 5.	[MsgId: MMSG-10545]
Action.c(320): web_submit_data("regionalSyncMask.do_2") started  	[MsgId: MMSG-26355]
Action.c(320): web_submit_data("regionalSyncMask.do_2") was successful, 379 body bytes, 529 header bytes  	[MsgId: MMSG-26386]
Start auto log messages stack - Iteration 4.	[MsgId: MMSG-10545]
Start auto log messages stack - Iteration 4.	[MsgId: MMSG-10545]
Action.c(331): Notify: Transaction "MILARA_TC1_02_Click_Search" ended with a "Pass" status (Duration: 22.0563).	[MsgId: MMSG-16873]
Action.c(320): web_submit_data("regionalSyncMask.do_2") started  	[MsgId: MMSG-26355]
Action.c(333): Notify: Transaction "MILARA_TC1_03_Search_Record" started.	[MsgId: MMSG-16999]
Action.c(320): web_submit_data("regionalSyncMask.do_2") started  	[MsgId: MMSG-26355]
Action.c(335): web_url("session.do_7") started  	[MsgId: MMSG-26355]
Action.c(320): web_submit_data("regionalSyncMask.do_2") was successful, 379 body bytes, 529 header bytes  	[MsgId: MMSG-26386]
Action.c(320): web_submit_data("regionalSyncMask.do_2") was successful, 379 body bytes, 529 header bytes  	[MsgId: MMSG-26386]
Action.c(335): web_url("session.do_7") was successful, 56 body bytes, 535 header bytes  	[MsgId: MMSG-26386]
Action.c(351): web_reg_save_param_ex started  	[MsgId: MMSG-26355]
Action.c(331): Notify: Transaction "MILARA_TC1_02_Click_Search" ended with a "Pass" status (Duration: 22.0211).	[MsgId: MMSG-16873]
Action.c(351): Registering web_reg_save_param_ex was successful  	[MsgId: MMSG-26390]
Action.c(331): Notify: Transaction "MILARA_TC1_02_Click_Search" ended with a "Pass" status (Duration: 22.0195).	[MsgId: MMSG-16873]
Action.c(333): Notify: Transaction "MILARA_TC1_03_Search_Record" started.	[MsgId: MMSG-16999]
Action.c(335): web_url("session.do_7") started  	[MsgId: MMSG-26355]
Action.c(335): web_url("session.do_7") was successful, 56 body bytes, 535 header bytes  	[MsgId: MMSG-26386]
Action.c(360): web_submit_data("capSearch.do_2") started  	[MsgId: MMSG-26355]
Action.c(351): web_reg_save_param_ex started  	[MsgId: MMSG-26355]
Action.c(360): Error -27492: "HttpSendRequest" failed, Windows error code=12002 and retry limit (0) exceeded for URL="https://av-pt-ferrari.accela.com/portlets/cap/capSearch.do?module=Licenses"  	[MsgId: MERR-27492]
Action.c(333): Notify: Transaction "MILARA_TC1_03_Search_Record" started.	[MsgId: MMSG-16999]
Action.c(351): Registering web_reg_save_param_ex was successful  	[MsgId: MMSG-26390]
Action.c(335): web_url("session.do_7") started  	[MsgId: MMSG-26355]
Action.c(335): web_url("session.do_7") was successful, 56 body bytes, 535 header bytes  	[MsgId: MMSG-26386]
Action.c(351): web_reg_save_param_ex started  	[MsgId: MMSG-26355]
Action.c(351): Registering web_reg_save_param_ex was successful  	[MsgId: MMSG-26390]
Action.c(360): web_submit_data("capSearch.do_2") started  	[MsgId: MMSG-26355]
Action.c(360): Error -27492: "HttpSendRequest" failed, Windows error code=12002 and retry limit (0) exceeded for URL="https://av-pt-ferrari.accela.com/portlets/cap/capSearch.do?module=Licenses"  	[MsgId: MERR-27492]
Action.c(360): web_submit_data("capSearch.do_2") started  	[MsgId: MMSG-26355]
Action.c(360): Error -27492: "HttpSendRequest" failed, Windows error code=12002 and retry limit (0) exceeded for URL="https://av-pt-ferrari.accela.com/portlets/cap/capSearch.do?module=Licenses"  	[MsgId: MERR-27492]
Action.c(360): Error -35061: No match found for the requested parameter "Param_ID3". Either the specified boundaries were not found in the response or the matched text is longer than current max html parameter size of 256 bytes. The total length of the response is 0 bytes. You can use "web_set_max_html_param_len" to increase the max parameter size.  	[MsgId: MERR-35061]
Action.c(360): Error -35061: No match found for the requested parameter "Param_ID3". Either the specified boundaries were not found in the response or the matched text is longer than current max html parameter size of 256 bytes. The total length of the response is 0 bytes. You can use "web_set_max_html_param_len" to increase the max parameter size.  	[MsgId: MERR-35061]
End auto log messages stack.	[MsgId: MMSG-10544]
End auto log messages stack.	[MsgId: MMSG-10544]




Action.c(360): Error -35061: No match found for the requested parameter "Param_ID3". Either the specified boundaries were not found in the response or the matched text is longer than current max html parameter size of 256 bytes. The total length of the response is 0 bytes. You can use "web_set_max_html_param_len" to increase the max parameter size.  	[MsgId: MERR-35061]
End auto log messages stack.	[MsgId: MMSG-10544]


Start auto log messages stack - Iteration 4.	[MsgId: MMSG-10545]
Action.c(360): Resource "https://av-pt-ferrari.accela.com/portlets/images/sky_blue/menu/Previous_Button_Grayed_Out.jpg" is in the cache already and will not be downloaded again  	[MsgId: MMSG-26655]
Action.c(360): Found resource "https://av-pt-ferrari.accela.com/portlets/images/sky_blue/menu/Next_Button_Grayed_Out.jpg" in HTML "https://av-pt-ferrari.accela.com/portlets/cap/capSearch.do?module=Licenses"  	[MsgId: MMSG-26659]
Action.c(360): Resource "https://av-pt-ferrari.accela.com/portlets/framework/includes/javascript/layoutPublic.js" is in the cache already and will not be downloaded again  	[MsgId: MMSG-26655]
Action.c(360): web_submit_data("capSearch.do_2") was successful, 24997 body bytes, 2125 header bytes  	[MsgId: MMSG-26386]
Action.c(452): web_submit_data("empty.jsp_3") started  	[MsgId: MMSG-26355]
Action.c(452): Error -27492: "HttpSendRequest" failed, Windows error code=12002 and retry limit (0) exceeded for URL="https://av-pt-ferrari.accela.com/portlets/framework/includes/error/empty.jsp"  	[MsgId: MERR-27492]
End auto log messages stack.	[MsgId: MMSG-10544]


Start auto log messages stack - Iteration 4.	[MsgId: MMSG-10545]
Start auto log messages stack - Iteration 4.	[MsgId: MMSG-10545]
Action.c(771): web_submit_data("empty.jsp_8") was successful, 79 body bytes, 551 header bytes  	[MsgId: MMSG-26386]
Action.c(782): web_custom_request("tabRecordCount.do_4") started  	[MsgId: MMSG-26355]
Action.c(782): web_custom_request("tabRecordCount.do_4") was successful, 195 body bytes, 622 header bytes  	[MsgId: MMSG-26386]
Action.c(601): Resource "https://av-pt-ferrari.accela.com/portlets/framework/includes/javascript/layoutPublic.js" is in the cache already and will not be downloaded again  	[MsgId: MMSG-26655]
Action.c(601): web_url("addtInfoForm.do") was successful, 15612 body bytes, 1603 header bytes  	[MsgId: MMSG-26386]
Action.c(795): Notify: Transaction "MILARA_TC1_07_Click_RecordHistory" ended with a "Pass" status (Duration: 32.1984).	[MsgId: MMSG-16873]
Action.c(611): web_submit_data("empty.jsp_5") started  	[MsgId: MMSG-26355]
Action.c(799): Notify: Transaction "MILARA_TC1_08_Click_WorkFlow" started.	[MsgId: MMSG-16999]
Action.c(611): web_submit_data("empty.jsp_5") was successful, 79 body bytes, 551 header bytes  	[MsgId: MMSG-26386]
Action.c(801): web_url("session.do_16") started  	[MsgId: MMSG-26355]
Action.c(622): web_custom_request("tabRecordCount.do_2") started  	[MsgId: MMSG-26355]
Action.c(801): web_url("session.do_16") was successful, 56 body bytes, 535 header bytes  	[MsgId: MMSG-26386]
Action.c(622): Error -27492: "HttpSendRequest" failed, Windows error code=12002 and retry limit (0) exceeded for URL="https://av-pt-ferrari.accela.com/portlets/cap/tabRecordCount.do?module=Licenses&ID1=REC18&ID2=00000&ID3=00VL9&xmlin=%3Croot%3E%3CcountID%3E5%3C/countID%3E%3CcountID%3E6%3C/countID%3E%3CcountID%3E2%3C/countID%3E%3CcountID%3E134%3C/countID%3E%3CcountID%3E16%3C/countID%3E%3CcountID%3E23%3C/countID%3E%3CcountID%3E415%3C/countID%3E%3CcountID%3E397%3C/countID%3E%3CcountID%3E456%3C/countID%3E%3CcountID%3E1%3C/countID%3E%3CcountID%3E378%3C/countID%3E%3CcountID%3E21%3C/countID%3E%3CcountID%3E226%3C/countID%3E%3CcountID%3E372%3C/countID%3E%3CcountID%3E24%3C/countID%3E%3CcountID%3E379%3C/countID%3E%3CcountID%3E10%3C/countID%3E%3CcountID%3E133%3C/countID%3E%3CcountID%3E17%3C/countID%3E%3CcountID%3E8%3C/countID%3E%3CcountID%3E19%3C/countID%3E%3CcountID%3E373%3C/countID%3E%3CcountID%3E14%3C/countID%3E%3CcountID%3E12%3C/countID%3E%3CcountID%3E13%3C/countID%3E%3CcountID%3E371%3C/countID%3E%3CcountID%3E27%3C/countID%3E%3CcountID%3E404%3C/countID%3E%3CcountID%3E360%3C/countID%3E%3CcountID%3E152%3C/countID%3E%3CcountID%3E303%3C/countID%3E%3CcountID%3E4%3C/countID%3E%3C/root%3E"  	[MsgId: MERR-27492]
Action.c(811): web_url("workflowStatusList.do") started  	[MsgId: MMSG-26355]
Action.c(811): Error -27492: "HttpSendRequest" failed, Windows error code=12002 and retry limit (0) exceeded for URL="https://av-pt-ferrari.accela.com/portlets/workflow/workflowStatusList.do?module=Licenses"  	[MsgId: MERR-27492]
End auto log messages stack.	[MsgId: MMSG-10544]


End auto log messages stack.	[MsgId: MMSG-10544]


Start auto log messages stack - Iteration 4.	[MsgId: MMSG-10545]
Action.c(489): web_submit_data("ajax.do") was successful, 10 body bytes, 528 header bytes  	[MsgId: MMSG-26386]
Action.c(500): web_submit_data("empty.jsp_4") started  	[MsgId: MMSG-26355]
Action.c(500): web_submit_data("empty.jsp_4") was successful, 79 body bytes, 551 header bytes  	[MsgId: MMSG-26386]
Action.c(511): web_url("blank.jsp_2") started  	[MsgId: MMSG-26355]
Action.c(511): Resource "https://av-pt-ferrari.accela.com/portlets/framework/includes/javascript/ac360base.js" is in the cache already and will not be downloaded again  	[MsgId: MMSG-26655]
Action.c(511): web_url("blank.jsp_2") was successful, 259 body bytes, 616 header bytes  	[MsgId: MMSG-26386]
Action.c(521): web_custom_request("tabRecordCount.do") started  	[MsgId: MMSG-26355]
Action.c(521): Error -27492: "HttpSendRequest" failed, Windows error code=12002 and retry limit (0) exceeded for URL="https://av-pt-ferrari.accela.com/portlets/cap/tabRecordCount.do?module=Licenses&ID1=REC18&ID2=00000&ID3=00VL9&xmlin=%3Croot%3E%3CcountID%3E5%3C/countID%3E%3CcountID%3E6%3C/countID%3E%3CcountID%3E2%3C/countID%3E%3CcountID%3E134%3C/countID%3E%3CcountID%3E16%3C/countID%3E%3CcountID%3E23%3C/countID%3E%3CcountID%3E415%3C/countID%3E%3CcountID%3E397%3C/countID%3E%3CcountID%3E456%3C/countID%3E%3CcountID%3E1%3C/countID%3E%3CcountID%3E378%3C/countID%3E%3CcountID%3E21%3C/countID%3E%3CcountID%3E226%3C/countID%3E%3CcountID%3E372%3C/countID%3E%3CcountID%3E24%3C/countID%3E%3CcountID%3E379%3C/countID%3E%3CcountID%3E10%3C/countID%3E%3CcountID%3E133%3C/countID%3E%3CcountID%3E17%3C/countID%3E%3CcountID%3E8%3C/countID%3E%3CcountID%3E19%3C/countID%3E%3CcountID%3E373%3C/countID%3E%3CcountID%3E14%3C/countID%3E%3CcountID%3E12%3C/countID%3E%3CcountID%3E13%3C/countID%3E%3CcountID%3E371%3C/countID%3E%3CcountID%3E27%3C/countID%3E%3CcountID%3E404%3C/countID%3E%3CcountID%3E360%3C/countID%3E%3CcountID%3E152%3C/countID%3E%3CcountID%3E303%3C/countID%3E%3CcountID%3E4%3C/countID%3E%3C/root%3E"  	[MsgId: MERR-27492]
End auto log messages stack.	[MsgId: MMSG-10544]


Start auto log messages stack - Iteration 6.	[MsgId: MMSG-10545]
Action.c(4): web_set_sockets_option highest severity level was "warning"  	[MsgId: MMSG-26391]
Action.c(6): web_url("dashboard.do") started  	[MsgId: MMSG-26355]
Action.c(6): web_url("dashboard.do") was successful, 0 body bytes, 0 header bytes  	[MsgId: MMSG-26386]
Action.c(22): web_reg_save_param_regexp started  	[MsgId: MMSG-26355]
Action.c(22): Registering web_reg_save_param_regexp was successful  	[MsgId: MMSG-26390]
Action.c(37): web_reg_save_param_regexp started  	[MsgId: MMSG-26355]
Action.c(37): Registering web_reg_save_param_regexp was successful  	[MsgId: MMSG-26390]
Action.c(46): web_url("hostSignon.do") started  	[MsgId: MMSG-26355]
Action.c(46): Error -35049: No match found for the requested parameter "requestToken". Check whether the requested regular expression exists in the response data  	[MsgId: MERR-35049]
Action.c(46): Error -35049: No match found for the requested parameter "requestLanguageToken". Check whether the requested regular expression exists in the response data  	[MsgId: MERR-35049]
End auto log messages stack.	[MsgId: MMSG-10544]


Start auto log messages stack - Iteration 5.	[MsgId: MMSG-10545]
Action.c(320): web_submit_data("regionalSyncMask.do_2") started  	[MsgId: MMSG-26355]
Action.c(320): web_submit_data("regionalSyncMask.do_2") was successful, 0 body bytes, 0 header bytes  	[MsgId: MMSG-26386]
Action.c(331): Notify: Transaction "MILARA_TC1_02_Click_Search" ended with a "Pass" status (Duration: 0.0000).	[MsgId: MMSG-16873]
Action.c(333): Notify: Transaction "MILARA_TC1_03_Search_Record" started.	[MsgId: MMSG-16999]
Action.c(335): web_url("session.do_7") started  	[MsgId: MMSG-26355]
Action.c(335): web_url("session.do_7") was successful, 0 body bytes, 0 header bytes  	[MsgId: MMSG-26386]
Action.c(351): web_reg_save_param_ex started  	[MsgId: MMSG-26355]
Action.c(351): Registering web_reg_save_param_ex was successful  	[MsgId: MMSG-26390]
Action.c(360): web_submit_data("capSearch.do_2") started  	[MsgId: MMSG-26355]
Action.c(360): Error -35061: No match found for the requested parameter "Param_ID3". Either the specified boundaries were not found in the response or the matched text is longer than current max html parameter size of 256 bytes. The total length of the response is 0 bytes. You can use "web_set_max_html_param_len" to increase the max parameter size.  	[MsgId: MERR-35061]
End auto log messages stack.	[MsgId: MMSG-10544]


Start auto log messages stack - Iteration 5.	[MsgId: MMSG-10545]
Action.c(320): web_submit_data("regionalSyncMask.do_2") started  	[MsgId: MMSG-26355]
Action.c(320): web_submit_data("regionalSyncMask.do_2") was successful, 0 body bytes, 0 header bytes  	[MsgId: MMSG-26386]
Action.c(331): Notify: Transaction "MILARA_TC1_02_Click_Search" ended with a "Pass" status (Duration: 0.0000).	[MsgId: MMSG-16873]
Action.c(333): Notify: Transaction "MILARA_TC1_03_Search_Record" started.	[MsgId: MMSG-16999]
Action.c(335): web_url("session.do_7") started  	[MsgId: MMSG-26355]
Action.c(335): web_url("session.do_7") was successful, 0 body bytes, 0 header bytes  	[MsgId: MMSG-26386]
Action.c(351): web_reg_save_param_ex started  	[MsgId: MMSG-26355]
Action.c(351): Registering web_reg_save_param_ex was successful  	[MsgId: MMSG-26390]
Action.c(360): web_submit_data("capSearch.do_2") started  	[MsgId: MMSG-26355]
Action.c(360): Error -35061: No match found for the requested parameter "Param_ID3". Either the specified boundaries were not found in the response or the matched text is longer than current max html parameter size of 256 bytes. The total length of the response is 0 bytes. You can use "web_set_max_html_param_len" to increase the max parameter size.  	[MsgId: MERR-35061]
End auto log messages stack.	[MsgId: MMSG-10544]


Start auto log messages stack - Iteration 5.	[MsgId: MMSG-10545]
Action.c(320): web_submit_data("regionalSyncMask.do_2") started  	[MsgId: MMSG-26355]
Action.c(320): web_submit_data("regionalSyncMask.do_2") was successful, 0 body bytes, 0 header bytes  	[MsgId: MMSG-26386]
Action.c(331): Notify: Transaction "MILARA_TC1_02_Click_Search" ended with a "Pass" status (Duration: 0.0000).	[MsgId: MMSG-16873]
Action.c(333): Notify: Transaction "MILARA_TC1_03_Search_Record" started.	[MsgId: MMSG-16999]
Action.c(335): web_url("session.do_7") started  	[MsgId: MMSG-26355]
Action.c(335): web_url("session.do_7") was successful, 0 body bytes, 0 header bytes  	[MsgId: MMSG-26386]
Action.c(351): web_reg_save_param_ex started  	[MsgId: MMSG-26355]
Action.c(351): Registering web_reg_save_param_ex was successful  	[MsgId: MMSG-26390]
Action.c(360): web_submit_data("capSearch.do_2") started  	[MsgId: MMSG-26355]
Action.c(360): Error -35061: No match found for the requested parameter "Param_ID3". Either the specified boundaries were not found in the response or the matched text is longer than current max html parameter size of 256 bytes. The total length of the response is 0 bytes. You can use "web_set_max_html_param_len" to increase the max parameter size.  	[MsgId: MERR-35061]
End auto log messages stack.	[MsgId: MMSG-10544]


Start auto log messages stack - Iteration 5.	[MsgId: MMSG-10545]
Action.c(320): web_submit_data("regionalSyncMask.do_2") started  	[MsgId: MMSG-26355]
Action.c(320): web_submit_data("regionalSyncMask.do_2") was successful, 0 body bytes, 0 header bytes  	[MsgId: MMSG-26386]
Action.c(331): Notify: Transaction "MILARA_TC1_02_Click_Search" ended with a "Pass" status (Duration: 0.0000).	[MsgId: MMSG-16873]
Action.c(333): Notify: Transaction "MILARA_TC1_03_Search_Record" started.	[MsgId: MMSG-16999]
Action.c(335): web_url("session.do_7") started  	[MsgId: MMSG-26355]
Action.c(335): web_url("session.do_7") was successful, 0 body bytes, 0 header bytes  	[MsgId: MMSG-26386]
Action.c(351): web_reg_save_param_ex started  	[MsgId: MMSG-26355]
Action.c(351): Registering web_reg_save_param_ex was successful  	[MsgId: MMSG-26390]
Action.c(360): web_submit_data("capSearch.do_2") started  	[MsgId: MMSG-26355]
Action.c(360): Error -35061: No match found for the requested parameter "Param_ID3". Either the specified boundaries were not found in the response or the matched text is longer than current max html parameter size of 256 bytes. The total length of the response is 0 bytes. You can use "web_set_max_html_param_len" to increase the max parameter size.  	[MsgId: MERR-35061]
End auto log messages stack.	[MsgId: MMSG-10544]


Start auto log messages stack - Iteration 5.	[MsgId: MMSG-10545]
Action.c(320): web_submit_data("regionalSyncMask.do_2") started  	[MsgId: MMSG-26355]
Action.c(320): web_submit_data("regionalSyncMask.do_2") was successful, 0 body bytes, 0 header bytes  	[MsgId: MMSG-26386]
Action.c(331): Notify: Transaction "MILARA_TC1_02_Click_Search" ended with a "Pass" status (Duration: 0.0000).	[MsgId: MMSG-16873]
Action.c(333): Notify: Transaction "MILARA_TC1_03_Search_Record" started.	[MsgId: MMSG-16999]
Action.c(335): web_url("session.do_7") started  	[MsgId: MMSG-26355]
Action.c(335): web_url("session.do_7") was successful, 0 body bytes, 0 header bytes  	[MsgId: MMSG-26386]
Action.c(351): web_reg_save_param_ex started  	[MsgId: MMSG-26355]
Action.c(351): Registering web_reg_save_param_ex was successful  	[MsgId: MMSG-26390]
Action.c(360): web_submit_data("capSearch.do_2") started  	[MsgId: MMSG-26355]
Action.c(360): Error -35061: No match found for the requested parameter "Param_ID3". Either the specified boundaries were not found in the response or the matched text is longer than current max html parameter size of 256 bytes. The total length of the response is 0 bytes. You can use "web_set_max_html_param_len" to increase the max parameter size.  	[MsgId: MERR-35061]
End auto log messages stack.	[MsgId: MMSG-10544]


Start auto log messages stack - Iteration 6.	[MsgId: MMSG-10545]
Action.c(320): web_submit_data("regionalSyncMask.do_2") started  	[MsgId: MMSG-26355]
Action.c(320): web_submit_data("regionalSyncMask.do_2") was successful, 0 body bytes, 0 header bytes  	[MsgId: MMSG-26386]
Action.c(331): Notify: Transaction "MILARA_TC1_02_Click_Search" ended with a "Pass" status (Duration: 0.0000).	[MsgId: MMSG-16873]
Action.c(333): Notify: Transaction "MILARA_TC1_03_Search_Record" started.	[MsgId: MMSG-16999]
Action.c(335): web_url("session.do_7") started  	[MsgId: MMSG-26355]
Action.c(335): web_url("session.do_7") was successful, 0 body bytes, 0 header bytes  	[MsgId: MMSG-26386]
Action.c(351): web_reg_save_param_ex started  	[MsgId: MMSG-26355]
Action.c(351): Registering web_reg_save_param_ex was successful  	[MsgId: MMSG-26390]
Action.c(360): web_submit_data("capSearch.do_2") started  	[MsgId: MMSG-26355]
Action.c(360): Error -35061: No match found for the requested parameter "Param_ID3". Either the specified boundaries were not found in the response or the matched text is longer than current max html parameter size of 256 bytes. The total length of the response is 0 bytes. You can use "web_set_max_html_param_len" to increase the max parameter size.  	[MsgId: MERR-35061]
End auto log messages stack.	[MsgId: MMSG-10544]


Start auto log messages stack - Iteration 6.	[MsgId: MMSG-10545]
Action.c(320): web_submit_data("regionalSyncMask.do_2") started  	[MsgId: MMSG-26355]
Action.c(320): web_submit_data("regionalSyncMask.do_2") was successful, 0 body bytes, 0 header bytes  	[MsgId: MMSG-26386]
Action.c(331): Notify: Transaction "MILARA_TC1_02_Click_Search" ended with a "Pass" status (Duration: 0.0156).	[MsgId: MMSG-16873]
Action.c(333): Notify: Transaction "MILARA_TC1_03_Search_Record" started.	[MsgId: MMSG-16999]
Action.c(335): web_url("session.do_7") started  	[MsgId: MMSG-26355]
Action.c(335): web_url("session.do_7") was successful, 0 body bytes, 0 header bytes  	[MsgId: MMSG-26386]
Action.c(351): web_reg_save_param_ex started  	[MsgId: MMSG-26355]
Action.c(351): Registering web_reg_save_param_ex was successful  	[MsgId: MMSG-26390]
Action.c(360): web_submit_data("capSearch.do_2") started  	[MsgId: MMSG-26355]
Action.c(360): Error -35061: No match found for the requested parameter "Param_ID3". Either the specified boundaries were not found in the response or the matched text is longer than current max html parameter size of 256 bytes. The total length of the response is 0 bytes. You can use "web_set_max_html_param_len" to increase the max parameter size.  	[MsgId: MERR-35061]
End auto log messages stack.	[MsgId: MMSG-10544]


Start auto log messages stack - Iteration 6.	[MsgId: MMSG-10545]
Action.c(320): web_submit_data("regionalSyncMask.do_2") started  	[MsgId: MMSG-26355]
Action.c(320): web_submit_data("regionalSyncMask.do_2") was successful, 0 body bytes, 0 header bytes  	[MsgId: MMSG-26386]
Action.c(331): Notify: Transaction "MILARA_TC1_02_Click_Search" ended with a "Pass" status (Duration: 0.0000).	[MsgId: MMSG-16873]
Action.c(333): Notify: Transaction "MILARA_TC1_03_Search_Record" started.	[MsgId: MMSG-16999]
Action.c(335): web_url("session.do_7") started  	[MsgId: MMSG-26355]
Action.c(335): web_url("session.do_7") was successful, 0 body bytes, 0 header bytes  	[MsgId: MMSG-26386]
Action.c(351): web_reg_save_param_ex started  	[MsgId: MMSG-26355]
Action.c(351): Registering web_reg_save_param_ex was successful  	[MsgId: MMSG-26390]
Action.c(360): web_submit_data("capSearch.do_2") started  	[MsgId: MMSG-26355]
Action.c(360): Error -35061: No match found for the requested parameter "Param_ID3". Either the specified boundaries were not found in the response or the matched text is longer than current max html parameter size of 256 bytes. The total length of the response is 0 bytes. You can use "web_set_max_html_param_len" to increase the max parameter size.  	[MsgId: MERR-35061]
End auto log messages stack.	[MsgId: MMSG-10544]


Start auto log messages stack - Iteration 6.	[MsgId: MMSG-10545]
Action.c(320): web_submit_data("regionalSyncMask.do_2") started  	[MsgId: MMSG-26355]
Action.c(320): web_submit_data("regionalSyncMask.do_2") was successful, 0 body bytes, 0 header bytes  	[MsgId: MMSG-26386]
Action.c(331): Notify: Transaction "MILARA_TC1_02_Click_Search" ended with a "Pass" status (Duration: 0.0156).	[MsgId: MMSG-16873]
Action.c(333): Notify: Transaction "MILARA_TC1_03_Search_Record" started.	[MsgId: MMSG-16999]
Action.c(335): web_url("session.do_7") started  	[MsgId: MMSG-26355]
Action.c(335): web_url("session.do_7") was successful, 0 body bytes, 0 header bytes  	[MsgId: MMSG-26386]
Action.c(351): web_reg_save_param_ex started  	[MsgId: MMSG-26355]
Action.c(351): Registering web_reg_save_param_ex was successful  	[MsgId: MMSG-26390]
Action.c(360): web_submit_data("capSearch.do_2") started  	[MsgId: MMSG-26355]
Action.c(360): Error -35061: No match found for the requested parameter "Param_ID3". Either the specified boundaries were not found in the response or the matched text is longer than current max html parameter size of 256 bytes. The total length of the response is 0 bytes. You can use "web_set_max_html_param_len" to increase the max parameter size.  	[MsgId: MERR-35061]
End auto log messages stack.	[MsgId: MMSG-10544]


Start auto log messages stack - Iteration 7.	[MsgId: MMSG-10545]
Action.c(320): web_submit_data("regionalSyncMask.do_2") started  	[MsgId: MMSG-26355]
Action.c(320): web_submit_data("regionalSyncMask.do_2") was successful, 0 body bytes, 0 header bytes  	[MsgId: MMSG-26386]
Action.c(331): Notify: Transaction "MILARA_TC1_02_Click_Search" ended with a "Pass" status (Duration: 0.0000).	[MsgId: MMSG-16873]
Action.c(333): Notify: Transaction "MILARA_TC1_03_Search_Record" started.	[MsgId: MMSG-16999]
Action.c(335): web_url("session.do_7") started  	[MsgId: MMSG-26355]
Action.c(335): web_url("session.do_7") was successful, 0 body bytes, 0 header bytes  	[MsgId: MMSG-26386]
Action.c(351): web_reg_save_param_ex started  	[MsgId: MMSG-26355]
Action.c(351): Registering web_reg_save_param_ex was successful  	[MsgId: MMSG-26390]
Action.c(360): web_submit_data("capSearch.do_2") started  	[MsgId: MMSG-26355]
Action.c(360): Error -35061: No match found for the requested parameter "Param_ID3". Either the specified boundaries were not found in the response or the matched text is longer than current max html parameter size of 256 bytes. The total length of the response is 0 bytes. You can use "web_set_max_html_param_len" to increase the max parameter size.  	[MsgId: MERR-35061]
End auto log messages stack.	[MsgId: MMSG-10544]


Start auto log messages stack - Iteration 7.	[MsgId: MMSG-10545]
Action.c(4): web_set_sockets_option highest severity level was "warning"  	[MsgId: MMSG-26391]
Action.c(6): web_url("dashboard.do") started  	[MsgId: MMSG-26355]
Action.c(6): web_url("dashboard.do") was successful, 0 body bytes, 0 header bytes  	[MsgId: MMSG-26386]
Action.c(22): web_reg_save_param_regexp started  	[MsgId: MMSG-26355]
Action.c(22): Registering web_reg_save_param_regexp was successful  	[MsgId: MMSG-26390]
Action.c(37): web_reg_save_param_regexp started  	[MsgId: MMSG-26355]
Action.c(37): Registering web_reg_save_param_regexp was successful  	[MsgId: MMSG-26390]
Action.c(46): web_url("hostSignon.do") started  	[MsgId: MMSG-26355]
Action.c(46): Error -35049: No match found for the requested parameter "requestToken". Check whether the requested regular expression exists in the response data  	[MsgId: MERR-35049]
Action.c(46): Error -35049: No match found for the requested parameter "requestLanguageToken". Check whether the requested regular expression exists in the response data  	[MsgId: MERR-35049]
End auto log messages stack.	[MsgId: MMSG-10544]


Start auto log messages stack - Iteration 6.	[MsgId: MMSG-10545]
Action.c(4): web_set_sockets_option highest severity level was "warning"  	[MsgId: MMSG-26391]
Action.c(6): web_url("dashboard.do") started  	[MsgId: MMSG-26355]
Action.c(6): web_url("dashboard.do") was successful, 0 body bytes, 0 header bytes  	[MsgId: MMSG-26386]
Action.c(22): web_reg_save_param_regexp started  	[MsgId: MMSG-26355]
Action.c(22): Registering web_reg_save_param_regexp was successful  	[MsgId: MMSG-26390]
Action.c(37): web_reg_save_param_regexp started  	[MsgId: MMSG-26355]
Action.c(37): Registering web_reg_save_param_regexp was successful  	[MsgId: MMSG-26390]
Action.c(46): web_url("hostSignon.do") started  	[MsgId: MMSG-26355]
Action.c(46): Error -35049: No match found for the requested parameter "requestToken". Check whether the requested regular expression exists in the response data  	[MsgId: MERR-35049]
Action.c(46): Error -35049: No match found for the requested parameter "requestLanguageToken". Check whether the requested regular expression exists in the response data  	[MsgId: MERR-35049]
End auto log messages stack.	[MsgId: MMSG-10544]


Start auto log messages stack - Iteration 6.	[MsgId: MMSG-10545]
Action.c(4): web_set_sockets_option highest severity level was "warning"  	[MsgId: MMSG-26391]
Action.c(6): web_url("dashboard.do") started  	[MsgId: MMSG-26355]
Action.c(6): web_url("dashboard.do") was successful, 0 body bytes, 0 header bytes  	[MsgId: MMSG-26386]
Action.c(22): web_reg_save_param_regexp started  	[MsgId: MMSG-26355]
Action.c(22): Registering web_reg_save_param_regexp was successful  	[MsgId: MMSG-26390]
Action.c(37): web_reg_save_param_regexp started  	[MsgId: MMSG-26355]
Action.c(37): Registering web_reg_save_param_regexp was successful  	[MsgId: MMSG-26390]
Action.c(46): web_url("hostSignon.do") started  	[MsgId: MMSG-26355]
Action.c(46): Error -35049: No match found for the requested parameter "requestToken". Check whether the requested regular expression exists in the response data  	[MsgId: MERR-35049]
Action.c(46): Error -35049: No match found for the requested parameter "requestLanguageToken". Check whether the requested regular expression exists in the response data  	[MsgId: MERR-35049]
End auto log messages stack.	[MsgId: MMSG-10544]


Start auto log messages stack - Iteration 6.	[MsgId: MMSG-10545]
Action.c(4): web_set_sockets_option highest severity level was "warning"  	[MsgId: MMSG-26391]
Action.c(6): web_url("dashboard.do") started  	[MsgId: MMSG-26355]
Action.c(6): web_url("dashboard.do") was successful, 0 body bytes, 0 header bytes  	[MsgId: MMSG-26386]
Action.c(22): web_reg_save_param_regexp started  	[MsgId: MMSG-26355]
Action.c(22): Registering web_reg_save_param_regexp was successful  	[MsgId: MMSG-26390]
Action.c(37): web_reg_save_param_regexp started  	[MsgId: MMSG-26355]
Action.c(37): Registering web_reg_save_param_regexp was successful  	[MsgId: MMSG-26390]
Action.c(46): web_url("hostSignon.do") started  	[MsgId: MMSG-26355]
Action.c(46): Error -35049: No match found for the requested parameter "requestToken". Check whether the requested regular expression exists in the response data  	[MsgId: MERR-35049]
Action.c(46): Error -35049: No match found for the requested parameter "requestLanguageToken". Check whether the requested regular expression exists in the response data  	[MsgId: MERR-35049]
End auto log messages stack.	[MsgId: MMSG-10544]


Start auto log messages stack - Iteration 6.	[MsgId: MMSG-10545]
Action.c(4): web_set_sockets_option highest severity level was "warning"  	[MsgId: MMSG-26391]
Action.c(6): web_url("dashboard.do") started  	[MsgId: MMSG-26355]
Action.c(6): web_url("dashboard.do") was successful, 0 body bytes, 0 header bytes  	[MsgId: MMSG-26386]
Action.c(22): web_reg_save_param_regexp started  	[MsgId: MMSG-26355]
Action.c(22): Registering web_reg_save_param_regexp was successful  	[MsgId: MMSG-26390]
Action.c(37): web_reg_save_param_regexp started  	[MsgId: MMSG-26355]
Action.c(37): Registering web_reg_save_param_regexp was successful  	[MsgId: MMSG-26390]
Action.c(46): web_url("hostSignon.do") started  	[MsgId: MMSG-26355]
Action.c(46): Error -35049: No match found for the requested parameter "requestToken". Check whether the requested regular expression exists in the response data  	[MsgId: MERR-35049]
Action.c(46): Error -35049: No match found for the requested parameter "requestLanguageToken". Check whether the requested regular expression exists in the response data  	[MsgId: MERR-35049]
End auto log messages stack.	[MsgId: MMSG-10544]


Start auto log messages stack - Iteration 6.	[MsgId: MMSG-10545]
Action.c(4): web_set_sockets_option highest severity level was "warning"  	[MsgId: MMSG-26391]
Action.c(6): web_url("dashboard.do") started  	[MsgId: MMSG-26355]
Action.c(6): web_url("dashboard.do") was successful, 0 body bytes, 0 header bytes  	[MsgId: MMSG-26386]
Action.c(22): web_reg_save_param_regexp started  	[MsgId: MMSG-26355]
Action.c(22): Registering web_reg_save_param_regexp was successful  	[MsgId: MMSG-26390]
Action.c(37): web_reg_save_param_regexp started  	[MsgId: MMSG-26355]
Action.c(37): Registering web_reg_save_param_regexp was successful  	[MsgId: MMSG-26390]
Action.c(46): web_url("hostSignon.do") started  	[MsgId: MMSG-26355]
Action.c(46): Error -35049: No match found for the requested parameter "requestToken". Check whether the requested regular expression exists in the response data  	[MsgId: MERR-35049]
Action.c(46): Error -35049: No match found for the requested parameter "requestLanguageToken". Check whether the requested regular expression exists in the response data  	[MsgId: MERR-35049]
End auto log messages stack.	[MsgId: MMSG-10544]


Start auto log messages stack - Iteration 7.	[MsgId: MMSG-10545]
Action.c(4): web_set_sockets_option highest severity level was "warning"  	[MsgId: MMSG-26391]
Action.c(6): web_url("dashboard.do") started  	[MsgId: MMSG-26355]
Action.c(6): web_url("dashboard.do") was successful, 0 body bytes, 0 header bytes  	[MsgId: MMSG-26386]
Action.c(22): web_reg_save_param_regexp started  	[MsgId: MMSG-26355]
Action.c(22): Registering web_reg_save_param_regexp was successful  	[MsgId: MMSG-26390]
Action.c(37): web_reg_save_param_regexp started  	[MsgId: MMSG-26355]
Action.c(37): Registering web_reg_save_param_regexp was successful  	[MsgId: MMSG-26390]
Action.c(46): web_url("hostSignon.do") started  	[MsgId: MMSG-26355]
Action.c(46): Error -35049: No match found for the requested parameter "requestToken". Check whether the requested regular expression exists in the response data  	[MsgId: MERR-35049]
Action.c(46): Error -35049: No match found for the requested parameter "requestLanguageToken". Check whether the requested regular expression exists in the response data  	[MsgId: MERR-35049]
End auto log messages stack.	[MsgId: MMSG-10544]


Start auto log messages stack - Iteration 7.	[MsgId: MMSG-10545]
Action.c(4): web_set_sockets_option highest severity level was "warning"  	[MsgId: MMSG-26391]
Action.c(6): web_url("dashboard.do") started  	[MsgId: MMSG-26355]
Action.c(6): web_url("dashboard.do") was successful, 0 body bytes, 0 header bytes  	[MsgId: MMSG-26386]
Action.c(22): web_reg_save_param_regexp started  	[MsgId: MMSG-26355]
Action.c(22): Registering web_reg_save_param_regexp was successful  	[MsgId: MMSG-26390]
Action.c(37): web_reg_save_param_regexp started  	[MsgId: MMSG-26355]
Action.c(37): Registering web_reg_save_param_regexp was successful  	[MsgId: MMSG-26390]
Action.c(46): web_url("hostSignon.do") started  	[MsgId: MMSG-26355]
Action.c(46): Error -35049: No match found for the requested parameter "requestToken". Check whether the requested regular expression exists in the response data  	[MsgId: MERR-35049]
Action.c(46): Error -35049: No match found for the requested parameter "requestLanguageToken". Check whether the requested regular expression exists in the response data  	[MsgId: MERR-35049]
End auto log messages stack.	[MsgId: MMSG-10544]


Start auto log messages stack - Iteration 7.	[MsgId: MMSG-10545]
Action.c(4): web_set_sockets_option highest severity level was "warning"  	[MsgId: MMSG-26391]
Action.c(6): web_url("dashboard.do") started  	[MsgId: MMSG-26355]
Action.c(6): web_url("dashboard.do") was successful, 0 body bytes, 0 header bytes  	[MsgId: MMSG-26386]
Action.c(22): web_reg_save_param_regexp started  	[MsgId: MMSG-26355]
Action.c(22): Registering web_reg_save_param_regexp was successful  	[MsgId: MMSG-26390]
Action.c(37): web_reg_save_param_regexp started  	[MsgId: MMSG-26355]
Action.c(37): Registering web_reg_save_param_regexp was successful  	[MsgId: MMSG-26390]
Action.c(46): web_url("hostSignon.do") started  	[MsgId: MMSG-26355]
Action.c(46): Error -35049: No match found for the requested parameter "requestToken". Check whether the requested regular expression exists in the response data  	[MsgId: MERR-35049]
Action.c(46): Error -35049: No match found for the requested parameter "requestLanguageToken". Check whether the requested regular expression exists in the response data  	[MsgId: MERR-35049]
End auto log messages stack.	[MsgId: MMSG-10544]


Start auto log messages stack - Iteration 7.	[MsgId: MMSG-10545]
Action.c(4): web_set_sockets_option highest severity level was "warning"  	[MsgId: MMSG-26391]
Action.c(6): web_url("dashboard.do") started  	[MsgId: MMSG-26355]
Action.c(6): web_url("dashboard.do") was successful, 0 body bytes, 0 header bytes  	[MsgId: MMSG-26386]
Action.c(22): web_reg_save_param_regexp started  	[MsgId: MMSG-26355]
Action.c(22): Registering web_reg_save_param_regexp was successful  	[MsgId: MMSG-26390]
Action.c(37): web_reg_save_param_regexp started  	[MsgId: MMSG-26355]
Action.c(37): Registering web_reg_save_param_regexp was successful  	[MsgId: MMSG-26390]
Action.c(46): web_url("hostSignon.do") started  	[MsgId: MMSG-26355]
Action.c(46): Error -35049: No match found for the requested parameter "requestToken". Check whether the requested regular expression exists in the response data  	[MsgId: MERR-35049]
Action.c(46): Error -35049: No match found for the requested parameter "requestLanguageToken". Check whether the requested regular expression exists in the response data  	[MsgId: MERR-35049]
End auto log messages stack.	[MsgId: MMSG-10544]


Start auto log messages stack - Iteration 8.	[MsgId: MMSG-10545]
Action.c(4): web_set_sockets_option highest severity level was "warning"  	[MsgId: MMSG-26391]
Action.c(6): web_url("dashboard.do") started  	[MsgId: MMSG-26355]
Action.c(6): web_url("dashboard.do") was successful, 0 body bytes, 0 header bytes  	[MsgId: MMSG-26386]
Action.c(22): web_reg_save_param_regexp started  	[MsgId: MMSG-26355]
Action.c(22): Registering web_reg_save_param_regexp was successful  	[MsgId: MMSG-26390]
Action.c(37): web_reg_save_param_regexp started  	[MsgId: MMSG-26355]
Action.c(37): Registering web_reg_save_param_regexp was successful  	[MsgId: MMSG-26390]
Action.c(46): web_url("hostSignon.do") started  	[MsgId: MMSG-26355]
Action.c(46): Error -35049: No match found for the requested parameter "requestToken". Check whether the requested regular expression exists in the response data  	[MsgId: MERR-35049]
Action.c(46): Error -35049: No match found for the requested parameter "requestLanguageToken". Check whether the requested regular expression exists in the response data  	[MsgId: MERR-35049]
End auto log messages stack.	[MsgId: MMSG-10544]


Start auto log messages stack - Iteration 8.	[MsgId: MMSG-10545]
Action.c(4): web_set_sockets_option highest severity level was "warning"  	[MsgId: MMSG-26391]
Action.c(6): web_url("dashboard.do") started  	[MsgId: MMSG-26355]
Action.c(6): web_url("dashboard.do") was successful, 0 body bytes, 0 header bytes  	[MsgId: MMSG-26386]
Action.c(22): web_reg_save_param_regexp started  	[MsgId: MMSG-26355]
Action.c(22): Registering web_reg_save_param_regexp was successful  	[MsgId: MMSG-26390]
Action.c(37): web_reg_save_param_regexp started  	[MsgId: MMSG-26355]
Action.c(37): Registering web_reg_save_param_regexp was successful  	[MsgId: MMSG-26390]
Action.c(46): web_url("hostSignon.do") started  	[MsgId: MMSG-26355]
Action.c(46): Error -35049: No match found for the requested parameter "requestToken". Check whether the requested regular expression exists in the response data  	[MsgId: MERR-35049]
Action.c(46): Error -35049: No match found for the requested parameter "requestLanguageToken". Check whether the requested regular expression exists in the response data  	[MsgId: MERR-35049]
End auto log messages stack.	[MsgId: MMSG-10544]


Start auto log messages stack - Iteration 7.	[MsgId: MMSG-10545]
Action.c(4): web_set_sockets_option highest severity level was "warning"  	[MsgId: MMSG-26391]
Action.c(6): web_url("dashboard.do") started  	[MsgId: MMSG-26355]
Action.c(6): web_url("dashboard.do") was successful, 0 body bytes, 0 header bytes  	[MsgId: MMSG-26386]
Action.c(22): web_reg_save_param_regexp started  	[MsgId: MMSG-26355]
Action.c(22): Registering web_reg_save_param_regexp was successful  	[MsgId: MMSG-26390]
Action.c(37): web_reg_save_param_regexp started  	[MsgId: MMSG-26355]
Action.c(37): Registering web_reg_save_param_regexp was successful  	[MsgId: MMSG-26390]
Action.c(46): web_url("hostSignon.do") started  	[MsgId: MMSG-26355]
Action.c(46): Error -35049: No match found for the requested parameter "requestToken". Check whether the requested regular expression exists in the response data  	[MsgId: MERR-35049]
Action.c(46): Error -35049: No match found for the requested parameter "requestLanguageToken". Check whether the requested regular expression exists in the response data  	[MsgId: MERR-35049]
End auto log messages stack.	[MsgId: MMSG-10544]


Start auto log messages stack - Iteration 7.	[MsgId: MMSG-10545]
Action.c(4): web_set_sockets_option highest severity level was "warning"  	[MsgId: MMSG-26391]
Action.c(6): web_url("dashboard.do") started  	[MsgId: MMSG-26355]
Action.c(6): web_url("dashboard.do") was successful, 0 body bytes, 0 header bytes  	[MsgId: MMSG-26386]
Action.c(22): web_reg_save_param_regexp started  	[MsgId: MMSG-26355]
Action.c(22): Registering web_reg_save_param_regexp was successful  	[MsgId: MMSG-26390]
Action.c(37): web_reg_save_param_regexp started  	[MsgId: MMSG-26355]
Action.c(37): Registering web_reg_save_param_regexp was successful  	[MsgId: MMSG-26390]
Action.c(46): web_url("hostSignon.do") started  	[MsgId: MMSG-26355]
Action.c(46): Error -35049: No match found for the requested parameter "requestToken". Check whether the requested regular expression exists in the response data  	[MsgId: MERR-35049]
Action.c(46): Error -35049: No match found for the requested parameter "requestLanguageToken". Check whether the requested regular expression exists in the response data  	[MsgId: MERR-35049]
End auto log messages stack.	[MsgId: MMSG-10544]


Start auto log messages stack - Iteration 7.	[MsgId: MMSG-10545]
Action.c(4): web_set_sockets_option highest severity level was "warning"  	[MsgId: MMSG-26391]
Action.c(6): web_url("dashboard.do") started  	[MsgId: MMSG-26355]
Action.c(6): web_url("dashboard.do") was successful, 0 body bytes, 0 header bytes  	[MsgId: MMSG-26386]
Action.c(22): web_reg_save_param_regexp started  	[MsgId: MMSG-26355]
Action.c(22): Registering web_reg_save_param_regexp was successful  	[MsgId: MMSG-26390]
Action.c(37): web_reg_save_param_regexp started  	[MsgId: MMSG-26355]
Action.c(37): Registering web_reg_save_param_regexp was successful  	[MsgId: MMSG-26390]
Action.c(46): web_url("hostSignon.do") started  	[MsgId: MMSG-26355]
Action.c(46): Error -35049: No match found for the requested parameter "requestToken". Check whether the requested regular expression exists in the response data  	[MsgId: MERR-35049]
Action.c(46): Error -35049: No match found for the requested parameter "requestLanguageToken". Check whether the requested regular expression exists in the response data  	[MsgId: MERR-35049]
End auto log messages stack.	[MsgId: MMSG-10544]


Start auto log messages stack - Iteration 7.	[MsgId: MMSG-10545]
Action.c(4): web_set_sockets_option highest severity level was "warning"  	[MsgId: MMSG-26391]
Action.c(6): web_url("dashboard.do") started  	[MsgId: MMSG-26355]
Action.c(6): web_url("dashboard.do") was successful, 0 body bytes, 0 header bytes  	[MsgId: MMSG-26386]
Action.c(22): web_reg_save_param_regexp started  	[MsgId: MMSG-26355]
Action.c(22): Registering web_reg_save_param_regexp was successful  	[MsgId: MMSG-26390]
Action.c(37): web_reg_save_param_regexp started  	[MsgId: MMSG-26355]
Action.c(37): Registering web_reg_save_param_regexp was successful  	[MsgId: MMSG-26390]
Action.c(46): web_url("hostSignon.do") started  	[MsgId: MMSG-26355]
Action.c(46): Error -35049: No match found for the requested parameter "requestToken". Check whether the requested regular expression exists in the response data  	[MsgId: MERR-35049]
Action.c(46): Error -35049: No match found for the requested parameter "requestLanguageToken". Check whether the requested regular expression exists in the response data  	[MsgId: MERR-35049]
End auto log messages stack.	[MsgId: MMSG-10544]


Start auto log messages stack - Iteration 7.	[MsgId: MMSG-10545]
Action.c(4): web_set_sockets_option highest severity level was "warning"  	[MsgId: MMSG-26391]
Action.c(6): web_url("dashboard.do") started  	[MsgId: MMSG-26355]
Action.c(6): web_url("dashboard.do") was successful, 0 body bytes, 0 header bytes  	[MsgId: MMSG-26386]
Action.c(22): web_reg_save_param_regexp started  	[MsgId: MMSG-26355]
Action.c(22): Registering web_reg_save_param_regexp was successful  	[MsgId: MMSG-26390]
Action.c(37): web_reg_save_param_regexp started  	[MsgId: MMSG-26355]
Action.c(37): Registering web_reg_save_param_regexp was successful  	[MsgId: MMSG-26390]
Action.c(46): web_url("hostSignon.do") started  	[MsgId: MMSG-26355]
Action.c(46): Error -35049: No match found for the requested parameter "requestToken". Check whether the requested regular expression exists in the response data  	[MsgId: MERR-35049]
Action.c(46): Error -35049: No match found for the requested parameter "requestLanguageToken". Check whether the requested regular expression exists in the response data  	[MsgId: MERR-35049]
End auto log messages stack.	[MsgId: MMSG-10544]


Start auto log messages stack - Iteration 8.	[MsgId: MMSG-10545]
Action.c(4): web_set_sockets_option highest severity level was "warning"  	[MsgId: MMSG-26391]
Action.c(6): web_url("dashboard.do") started  	[MsgId: MMSG-26355]
Action.c(6): web_url("dashboard.do") was successful, 0 body bytes, 0 header bytes  	[MsgId: MMSG-26386]
Action.c(22): web_reg_save_param_regexp started  	[MsgId: MMSG-26355]
Action.c(22): Registering web_reg_save_param_regexp was successful  	[MsgId: MMSG-26390]
Action.c(37): web_reg_save_param_regexp started  	[MsgId: MMSG-26355]
Action.c(37): Registering web_reg_save_param_regexp was successful  	[MsgId: MMSG-26390]
Action.c(46): web_url("hostSignon.do") started  	[MsgId: MMSG-26355]
Action.c(46): Error -35049: No match found for the requested parameter "requestToken". Check whether the requested regular expression exists in the response data  	[MsgId: MERR-35049]
Action.c(46): Error -35049: No match found for the requested parameter "requestLanguageToken". Check whether the requested regular expression exists in the response data  	[MsgId: MERR-35049]
End auto log messages stack.	[MsgId: MMSG-10544]


Start auto log messages stack - Iteration 8.	[MsgId: MMSG-10545]
Action.c(4): web_set_sockets_option highest severity level was "warning"  	[MsgId: MMSG-26391]
Action.c(6): web_url("dashboard.do") started  	[MsgId: MMSG-26355]
Action.c(6): web_url("dashboard.do") was successful, 0 body bytes, 0 header bytes  	[MsgId: MMSG-26386]
Action.c(22): web_reg_save_param_regexp started  	[MsgId: MMSG-26355]
Action.c(22): Registering web_reg_save_param_regexp was successful  	[MsgId: MMSG-26390]
Action.c(37): web_reg_save_param_regexp started  	[MsgId: MMSG-26355]
Action.c(37): Registering web_reg_save_param_regexp was successful  	[MsgId: MMSG-26390]
Action.c(46): web_url("hostSignon.do") started  	[MsgId: MMSG-26355]
Action.c(46): Error -35049: No match found for the requested parameter "requestToken". Check whether the requested regular expression exists in the response data  	[MsgId: MERR-35049]
Action.c(46): Error -35049: No match found for the requested parameter "requestLanguageToken". Check whether the requested regular expression exists in the response data  	[MsgId: MERR-35049]
End auto log messages stack.	[MsgId: MMSG-10544]


