Start auto log messages stack - Iteration 1.	[MsgId: MMSG-10545]
Start auto log messages stack - Iteration 1.	[MsgId: MMSG-10545]
Action.c(497): web_custom_request("tabRecordCount.do_3") was successful, 77 body bytes, 567 header bytes  	[MsgId: MMSG-26386]
Action.c(71): web_submit_data("hostSignon.do_2") started  	[MsgId: MMSG-26355]
Action.c(508): web_custom_request("tabRecordCount.do_4") started  	[MsgId: MMSG-26355]
Action.c(71): web_submit_data("hostSignon.do_2") was successful, 98 body bytes, 1400 header bytes  	[MsgId: MMSG-26386]
Action.c(508): web_custom_request("tabRecordCount.do_4") was successful, 1485 body bytes, 569 header bytes  	[MsgId: MMSG-26386]
Action.c(93): web_url("dashboard.do_2") started  	[MsgId: MMSG-26355]
Action.c(93): Detected non-resource "https://av-pt-ferrari.accela.com/portlets/spa/dashboard.do" in "https://av-pt-ferrari.accela.com/portlets/spa/dashboard.do"  	[MsgId: MMSG-26574]
Action.c(519): Notify: Transaction "PASCO_TC1_05_Click_Addtl_Info" ended with a "Pass" status (Duration: 23.6716).	[MsgId: MMSG-16873]
Action.c(93): Found resource "https://av-pt-ferrari.accela.com/security/auth.do?signOffScript=https://av-pt-ferrari.accela.com/portlets/security/signout.do&switchAgencyScript=https://av-pt-ferrari.accela.com/portlets/commons/sso/blank.jsp&CSRF_REQ_PARAM=" in HTML "https://av-pt-ferrari.accela.com/portlets/spa/dashboard.do"  	[MsgId: MMSG-26659]
Action.c(523): Notify: Transaction "PASCO_TC1_06_Save_Addtl_Info" started.	[MsgId: MMSG-16999]
Action.c(525): web_url("session.do_12") started  	[MsgId: MMSG-26355]
Action.c(93): Error -27492: "HttpSendRequest" failed, Windows error code=12002 and retry limit (0) exceeded for URL="https://av-pt-ferrari.accela.com/portlets/spa/dashboard.do"  	[MsgId: MERR-27492]
Action.c(525): web_url("session.do_12") was successful, 56 body bytes, 535 header bytes  	[MsgId: MMSG-26386]
Action.c(534): web_submit_data("addtInfoForm.do_2") started  	[MsgId: MMSG-26355]
Action.c(534): Error -27492: "HttpSendRequest" failed, Windows error code=12002 and retry limit (0) exceeded for URL="https://av-pt-ferrari.accela.com/portlets/addtinfo/addtInfoForm.do?module=Permits"  	[MsgId: MERR-27492]
End auto log messages stack.	[MsgId: MMSG-10544]
End auto log messages stack.	[MsgId: MMSG-10544]




Start auto log messages stack - Iteration 1.	[MsgId: MMSG-10545]
Action.c(248): web_url("blank.jsp") was successful, 259 body bytes, 616 header bytes  	[MsgId: MMSG-26386]
Action.c(257): Notify: Transaction "PASCO_TC1_02_Click_Search" ended with a "Pass" status (Duration: 28.5922).	[MsgId: MMSG-16873]
Action.c(259): Notify: Transaction "PASCO_TC1_03_Search_Record" started.	[MsgId: MMSG-16999]
Action.c(261): web_url("session.do_7") started  	[MsgId: MMSG-26355]
Action.c(261): web_url("session.do_7") was successful, 56 body bytes, 535 header bytes  	[MsgId: MMSG-26386]
Action.c(276): web_reg_save_param_ex started  	[MsgId: MMSG-26355]
Action.c(276): Registering web_reg_save_param_ex was successful  	[MsgId: MMSG-26390]
Action.c(285): web_submit_data("capSearch.do_2") started  	[MsgId: MMSG-26355]
Action.c(285): Error -27492: "HttpSendRequest" failed, Windows error code=12002 and retry limit (0) exceeded for URL="https://av-pt-ferrari.accela.com/portlets/cap/capSearch.do?module=Permits"  	[MsgId: MERR-27492]
Action.c(285): Error -35061: No match found for the requested parameter "Param_ID3". Either the specified boundaries were not found in the response or the matched text is longer than current max html parameter size of 256 bytes. The total length of the response is 0 bytes. You can use "web_set_max_html_param_len" to increase the max parameter size.  	[MsgId: MERR-35061]
End auto log messages stack.	[MsgId: MMSG-10544]


Start auto log messages stack - Iteration 1.	[MsgId: MMSG-10545]
Action.c(497): web_custom_request("tabRecordCount.do_3") was successful, 77 body bytes, 567 header bytes  	[MsgId: MMSG-26386]
Action.c(508): web_custom_request("tabRecordCount.do_4") started  	[MsgId: MMSG-26355]
Action.c(508): web_custom_request("tabRecordCount.do_4") was successful, 1485 body bytes, 569 header bytes  	[MsgId: MMSG-26386]
Action.c(519): Notify: Transaction "PASCO_TC1_05_Click_Addtl_Info" ended with a "Pass" status (Duration: 50.1320).	[MsgId: MMSG-16873]
Action.c(523): Notify: Transaction "PASCO_TC1_06_Save_Addtl_Info" started.	[MsgId: MMSG-16999]
Action.c(525): web_url("session.do_12") started  	[MsgId: MMSG-26355]
Action.c(525): web_url("session.do_12") was successful, 56 body bytes, 535 header bytes  	[MsgId: MMSG-26386]
Action.c(534): web_submit_data("addtInfoForm.do_2") started  	[MsgId: MMSG-26355]
Action.c(534): Error -27492: "HttpSendRequest" failed, Windows error code=12002 and retry limit (0) exceeded for URL="https://av-pt-ferrari.accela.com/portlets/addtinfo/addtInfoForm.do?module=Permits"  	[MsgId: MERR-27492]
End auto log messages stack.	[MsgId: MMSG-10544]


Start auto log messages stack - Iteration 1.	[MsgId: MMSG-10545]
Start auto log messages stack - Iteration 1.	[MsgId: MMSG-10545]
Action.c(197): web_url("myCAPDetailPortlet.jsp") was successful, 824747 body bytes, 19897 header bytes  	[MsgId: MMSG-26386]
Action.c(197): web_url("myCAPDetailPortlet.jsp") was successful, 824752 body bytes, 19897 header bytes  	[MsgId: MMSG-26386]
Action.c(206): web_submit_data("empty.jsp") started  	[MsgId: MMSG-26355]
Action.c(206): web_submit_data("empty.jsp") started  	[MsgId: MMSG-26355]
Action.c(206): web_submit_data("empty.jsp") was successful, 79 body bytes, 551 header bytes  	[MsgId: MMSG-26386]
Action.c(206): web_submit_data("empty.jsp") was successful, 79 body bytes, 551 header bytes  	[MsgId: MMSG-26386]
Action.c(216): Notify: Transaction "PASCO_TC1_01_Click_Record" ended with a "Pass" status (Duration: 20.4912).	[MsgId: MMSG-16873]
Action.c(216): Notify: Transaction "PASCO_TC1_01_Click_Record" ended with a "Pass" status (Duration: 20.4903).	[MsgId: MMSG-16873]
Action.c(218): Notify: Transaction "PASCO_TC1_02_Click_Search" started.	[MsgId: MMSG-16999]
Action.c(218): Notify: Transaction "PASCO_TC1_02_Click_Search" started.	[MsgId: MMSG-16999]
Action.c(220): web_url("session.do_6") started  	[MsgId: MMSG-26355]
Action.c(220): web_url("session.do_6") was successful, 56 body bytes, 535 header bytes  	[MsgId: MMSG-26386]
Action.c(220): web_url("session.do_6") started  	[MsgId: MMSG-26355]
Action.c(229): web_url("capSearch.do") started  	[MsgId: MMSG-26355]
Action.c(220): web_url("session.do_6") was successful, 56 body bytes, 535 header bytes  	[MsgId: MMSG-26386]
Action.c(229): Error -27492: "HttpSendRequest" failed, Windows error code=12002 and retry limit (0) exceeded for URL="https://av-pt-ferrari.accela.com/portlets/cap/capSearch.do?mode=search&isFromSearch=true&isSearchButton=true&module=Permits&isGeneralCAP=Y"  	[MsgId: MERR-27492]
Action.c(229): web_url("capSearch.do") started  	[MsgId: MMSG-26355]
Action.c(229): Error -27492: "HttpSendRequest" failed, Windows error code=12002 and retry limit (0) exceeded for URL="https://av-pt-ferrari.accela.com/portlets/cap/capSearch.do?mode=search&isFromSearch=true&isSearchButton=true&module=Permits&isGeneralCAP=Y"  	[MsgId: MERR-27492]
End auto log messages stack.	[MsgId: MMSG-10544]


End auto log messages stack.	[MsgId: MMSG-10544]


Start auto log messages stack - Iteration 1.	[MsgId: MMSG-10545]
Action.c(197): web_url("myCAPDetailPortlet.jsp") was successful, 824752 body bytes, 19897 header bytes  	[MsgId: MMSG-26386]
Action.c(206): web_submit_data("empty.jsp") started  	[MsgId: MMSG-26355]
Action.c(206): web_submit_data("empty.jsp") was successful, 79 body bytes, 551 header bytes  	[MsgId: MMSG-26386]
Action.c(216): Notify: Transaction "PASCO_TC1_01_Click_Record" ended with a "Pass" status (Duration: 17.0301).	[MsgId: MMSG-16873]
Action.c(218): Notify: Transaction "PASCO_TC1_02_Click_Search" started.	[MsgId: MMSG-16999]
Action.c(220): web_url("session.do_6") started  	[MsgId: MMSG-26355]
Action.c(220): web_url("session.do_6") was successful, 56 body bytes, 535 header bytes  	[MsgId: MMSG-26386]
Action.c(229): web_url("capSearch.do") started  	[MsgId: MMSG-26355]
Action.c(229): Error -27492: "HttpSendRequest" failed, Windows error code=12002 and retry limit (0) exceeded for URL="https://av-pt-ferrari.accela.com/portlets/cap/capSearch.do?mode=search&isFromSearch=true&isSearchButton=true&module=Permits&isGeneralCAP=Y"  	[MsgId: MERR-27492]
End auto log messages stack.	[MsgId: MMSG-10544]


Start auto log messages stack - Iteration 2.	[MsgId: MMSG-10545]
Action.c(197): web_url("myCAPDetailPortlet.jsp") was successful, 824749 body bytes, 19897 header bytes  	[MsgId: MMSG-26386]
Action.c(206): web_submit_data("empty.jsp") started  	[MsgId: MMSG-26355]
Action.c(206): web_submit_data("empty.jsp") was successful, 79 body bytes, 551 header bytes  	[MsgId: MMSG-26386]
Action.c(216): Notify: Transaction "PASCO_TC1_01_Click_Record" ended with a "Pass" status (Duration: 25.4957).	[MsgId: MMSG-16873]
Action.c(218): Notify: Transaction "PASCO_TC1_02_Click_Search" started.	[MsgId: MMSG-16999]
Action.c(220): web_url("session.do_6") started  	[MsgId: MMSG-26355]
Action.c(220): web_url("session.do_6") was successful, 56 body bytes, 535 header bytes  	[MsgId: MMSG-26386]
Action.c(229): web_url("capSearch.do") started  	[MsgId: MMSG-26355]
Action.c(229): Error -27492: "HttpSendRequest" failed, Windows error code=12002 and retry limit (0) exceeded for URL="https://av-pt-ferrari.accela.com/portlets/cap/capSearch.do?mode=search&isFromSearch=true&isSearchButton=true&module=Permits&isGeneralCAP=Y"  	[MsgId: MERR-27492]
End auto log messages stack.	[MsgId: MMSG-10544]


Start auto log messages stack - Iteration 1.	[MsgId: MMSG-10545]
Action.c(285): web_submit_data("capSearch.do_2") was successful, 23876 body bytes, 2125 header bytes  	[MsgId: MMSG-26386]
Action.c(374): web_submit_data("empty.jsp_3") started  	[MsgId: MMSG-26355]
Action.c(374): web_submit_data("empty.jsp_3") was successful, 79 body bytes, 551 header bytes  	[MsgId: MMSG-26386]
Action.c(384): Notify: Transaction "PASCO_TC1_03_Search_Record" ended with a "Pass" status (Duration: 28.5801 Wasted Time: 0.0007).	[MsgId: MMSG-16871]
Action.c(386): Notify: Transaction "PASCO_TC1_04_Record_Details" started.	[MsgId: MMSG-16999]
Action.c(388): web_url("session.do_8") started  	[MsgId: MMSG-26355]
Action.c(388): web_url("session.do_8") was successful, 56 body bytes, 535 header bytes  	[MsgId: MMSG-26386]
Action.c(397): web_url("CapTabSummary.do") started  	[MsgId: MMSG-26355]
Action.c(397): Error -27492: "HttpSendRequest" failed, Windows error code=12002 and retry limit (0) exceeded for URL="https://av-pt-ferrari.accela.com/portlets/cap/capsummary/CapTabSummary.do?mode=tabSummary&serviceProviderCode=PASCO&ID1=DUB18&ID2=00000&ID3=00P2D&requireNotice=YES&clearForm=clearForm&module=Permits&isFromCapList=true&isGeneralCAP=Y"  	[MsgId: MERR-27492]
End auto log messages stack.	[MsgId: MMSG-10544]


Start auto log messages stack - Iteration 1.	[MsgId: MMSG-10545]
Action.c(197): web_url("myCAPDetailPortlet.jsp") was successful, 824749 body bytes, 19897 header bytes  	[MsgId: MMSG-26386]
Action.c(206): web_submit_data("empty.jsp") started  	[MsgId: MMSG-26355]
Action.c(206): web_submit_data("empty.jsp") was successful, 79 body bytes, 551 header bytes  	[MsgId: MMSG-26386]
Action.c(216): Notify: Transaction "PASCO_TC1_01_Click_Record" ended with a "Pass" status (Duration: 40.0857).	[MsgId: MMSG-16873]
Action.c(218): Notify: Transaction "PASCO_TC1_02_Click_Search" started.	[MsgId: MMSG-16999]
Action.c(220): web_url("session.do_6") started  	[MsgId: MMSG-26355]
Action.c(220): web_url("session.do_6") was successful, 56 body bytes, 535 header bytes  	[MsgId: MMSG-26386]
Action.c(229): web_url("capSearch.do") started  	[MsgId: MMSG-26355]
Action.c(229): Error -27492: "HttpSendRequest" failed, Windows error code=12002 and retry limit (0) exceeded for URL="https://av-pt-ferrari.accela.com/portlets/cap/capSearch.do?mode=search&isFromSearch=true&isSearchButton=true&module=Permits&isGeneralCAP=Y"  	[MsgId: MERR-27492]
End auto log messages stack.	[MsgId: MMSG-10544]


Start auto log messages stack - Iteration 1.	[MsgId: MMSG-10545]
Start auto log messages stack - Iteration 1.	[MsgId: MMSG-10545]
Action.c(197): web_url("myCAPDetailPortlet.jsp") was successful, 824748 body bytes, 19897 header bytes  	[MsgId: MMSG-26386]
Action.c(197): web_url("myCAPDetailPortlet.jsp") was successful, 824748 body bytes, 19897 header bytes  	[MsgId: MMSG-26386]
Action.c(206): web_submit_data("empty.jsp") started  	[MsgId: MMSG-26355]
Action.c(206): web_submit_data("empty.jsp") started  	[MsgId: MMSG-26355]
Action.c(206): web_submit_data("empty.jsp") was successful, 79 body bytes, 551 header bytes  	[MsgId: MMSG-26386]
Action.c(206): web_submit_data("empty.jsp") was successful, 79 body bytes, 551 header bytes  	[MsgId: MMSG-26386]
Action.c(216): Notify: Transaction "PASCO_TC1_01_Click_Record" ended with a "Pass" status (Duration: 36.2119).	[MsgId: MMSG-16873]
Action.c(216): Notify: Transaction "PASCO_TC1_01_Click_Record" ended with a "Pass" status (Duration: 43.3322).	[MsgId: MMSG-16873]
Action.c(218): Notify: Transaction "PASCO_TC1_02_Click_Search" started.	[MsgId: MMSG-16999]
Action.c(218): Notify: Transaction "PASCO_TC1_02_Click_Search" started.	[MsgId: MMSG-16999]
Action.c(220): web_url("session.do_6") started  	[MsgId: MMSG-26355]
Action.c(220): web_url("session.do_6") started  	[MsgId: MMSG-26355]
Action.c(220): web_url("session.do_6") was successful, 56 body bytes, 535 header bytes  	[MsgId: MMSG-26386]
Action.c(220): web_url("session.do_6") was successful, 56 body bytes, 535 header bytes  	[MsgId: MMSG-26386]
Action.c(229): web_url("capSearch.do") started  	[MsgId: MMSG-26355]
Action.c(229): web_url("capSearch.do") started  	[MsgId: MMSG-26355]
Action.c(229): Error -27492: "HttpSendRequest" failed, Windows error code=12002 and retry limit (0) exceeded for URL="https://av-pt-ferrari.accela.com/portlets/cap/capSearch.do?mode=search&isFromSearch=true&isSearchButton=true&module=Permits&isGeneralCAP=Y"  	[MsgId: MERR-27492]
Action.c(229): Error -27492: "HttpSendRequest" failed, Windows error code=12002 and retry limit (0) exceeded for URL="https://av-pt-ferrari.accela.com/portlets/cap/capSearch.do?mode=search&isFromSearch=true&isSearchButton=true&module=Permits&isGeneralCAP=Y"  	[MsgId: MERR-27492]
End auto log messages stack.	[MsgId: MMSG-10544]
End auto log messages stack.	[MsgId: MMSG-10544]




Start auto log messages stack - Iteration 2.	[MsgId: MMSG-10545]
Action.c(285): web_submit_data("capSearch.do_2") was successful, 23877 body bytes, 2125 header bytes  	[MsgId: MMSG-26386]
Action.c(374): web_submit_data("empty.jsp_3") started  	[MsgId: MMSG-26355]
Action.c(374): web_submit_data("empty.jsp_3") was successful, 79 body bytes, 551 header bytes  	[MsgId: MMSG-26386]
Action.c(384): Notify: Transaction "PASCO_TC1_03_Search_Record" ended with a "Pass" status (Duration: 11.2404 Wasted Time: 0.0007).	[MsgId: MMSG-16871]
Action.c(386): Notify: Transaction "PASCO_TC1_04_Record_Details" started.	[MsgId: MMSG-16999]
Action.c(388): web_url("session.do_8") started  	[MsgId: MMSG-26355]
Action.c(388): web_url("session.do_8") was successful, 56 body bytes, 535 header bytes  	[MsgId: MMSG-26386]
Action.c(397): web_url("CapTabSummary.do") started  	[MsgId: MMSG-26355]
Action.c(397): Error -27492: "HttpSendRequest" failed, Windows error code=12002 and retry limit (0) exceeded for URL="https://av-pt-ferrari.accela.com/portlets/cap/capsummary/CapTabSummary.do?mode=tabSummary&serviceProviderCode=PASCO&ID1=DUB18&ID2=00000&ID3=00P2D&requireNotice=YES&clearForm=clearForm&module=Permits&isFromCapList=true&isGeneralCAP=Y"  	[MsgId: MERR-27492]
End auto log messages stack.	[MsgId: MMSG-10544]


Start auto log messages stack - Iteration 2.	[MsgId: MMSG-10545]
Start auto log messages stack - Iteration 2.	[MsgId: MMSG-10545]
Action.c(71): web_submit_data("hostSignon.do_2") started  	[MsgId: MMSG-26355]
Action.c(71): web_submit_data("hostSignon.do_2") was successful, 98 body bytes, 1400 header bytes  	[MsgId: MMSG-26386]
Action.c(93): web_url("dashboard.do_2") started  	[MsgId: MMSG-26355]
Action.c(93): Detected non-resource "https://av-pt-ferrari.accela.com/portlets/spa/dashboard.do" in "https://av-pt-ferrari.accela.com/portlets/spa/dashboard.do"  	[MsgId: MMSG-26574]
Action.c(93): Found resource "https://av-pt-ferrari.accela.com/security/auth.do?signOffScript=https://av-pt-ferrari.accela.com/portlets/security/signout.do&switchAgencyScript=https://av-pt-ferrari.accela.com/portlets/commons/sso/blank.jsp&CSRF_REQ_PARAM=" in HTML "https://av-pt-ferrari.accela.com/portlets/spa/dashboard.do"  	[MsgId: MMSG-26659]
Action.c(93): Error -27492: "HttpSendRequest" failed, Windows error code=12002 and retry limit (0) exceeded for URL="https://av-pt-ferrari.accela.com/portlets/spa/dashboard.do"  	[MsgId: MERR-27492]
Action.c(197): web_url("myCAPDetailPortlet.jsp") was successful, 824747 body bytes, 19897 header bytes  	[MsgId: MMSG-26386]
Action.c(206): web_submit_data("empty.jsp") started  	[MsgId: MMSG-26355]
Action.c(206): web_submit_data("empty.jsp") was successful, 79 body bytes, 551 header bytes  	[MsgId: MMSG-26386]
End auto log messages stack.	[MsgId: MMSG-10544]
Action.c(216): Notify: Transaction "PASCO_TC1_01_Click_Record" ended with a "Pass" status (Duration: 26.7292).	[MsgId: MMSG-16873]


Action.c(218): Notify: Transaction "PASCO_TC1_02_Click_Search" started.	[MsgId: MMSG-16999]
Action.c(220): web_url("session.do_6") started  	[MsgId: MMSG-26355]
Action.c(220): web_url("session.do_6") was successful, 56 body bytes, 535 header bytes  	[MsgId: MMSG-26386]
Action.c(229): web_url("capSearch.do") started  	[MsgId: MMSG-26355]
Action.c(229): Error -27492: "HttpSendRequest" failed, Windows error code=12002 and retry limit (0) exceeded for URL="https://av-pt-ferrari.accela.com/portlets/cap/capSearch.do?mode=search&isFromSearch=true&isSearchButton=true&module=Permits&isGeneralCAP=Y"  	[MsgId: MERR-27492]
End auto log messages stack.	[MsgId: MMSG-10544]


Start auto log messages stack - Iteration 2.	[MsgId: MMSG-10545]
Start auto log messages stack - Iteration 2.	[MsgId: MMSG-10545]
Action.c(71): web_submit_data("hostSignon.do_2") started  	[MsgId: MMSG-26355]
Action.c(71): web_submit_data("hostSignon.do_2") was successful, 98 body bytes, 1400 header bytes  	[MsgId: MMSG-26386]
Action.c(93): web_url("dashboard.do_2") started  	[MsgId: MMSG-26355]
Action.c(93): Detected non-resource "https://av-pt-ferrari.accela.com/portlets/spa/dashboard.do" in "https://av-pt-ferrari.accela.com/portlets/spa/dashboard.do"  	[MsgId: MMSG-26574]
Action.c(93): Found resource "https://av-pt-ferrari.accela.com/security/auth.do?signOffScript=https://av-pt-ferrari.accela.com/portlets/security/signout.do&switchAgencyScript=https://av-pt-ferrari.accela.com/portlets/commons/sso/blank.jsp&CSRF_REQ_PARAM=" in HTML "https://av-pt-ferrari.accela.com/portlets/spa/dashboard.do"  	[MsgId: MMSG-26659]
Action.c(93): Error -27492: "HttpSendRequest" failed, Windows error code=12002 and retry limit (0) exceeded for URL="https://av-pt-ferrari.accela.com/portlets/spa/dashboard.do"  	[MsgId: MERR-27492]
Action.c(197): web_url("myCAPDetailPortlet.jsp") was successful, 824747 body bytes, 19897 header bytes  	[MsgId: MMSG-26386]
End auto log messages stack.	[MsgId: MMSG-10544]
Action.c(206): web_submit_data("empty.jsp") started  	[MsgId: MMSG-26355]


Action.c(206): web_submit_data("empty.jsp") was successful, 79 body bytes, 551 header bytes  	[MsgId: MMSG-26386]
Action.c(216): Notify: Transaction "PASCO_TC1_01_Click_Record" ended with a "Pass" status (Duration: 40.9191).	[MsgId: MMSG-16873]
Action.c(218): Notify: Transaction "PASCO_TC1_02_Click_Search" started.	[MsgId: MMSG-16999]
Action.c(220): web_url("session.do_6") started  	[MsgId: MMSG-26355]
Action.c(220): web_url("session.do_6") was successful, 56 body bytes, 535 header bytes  	[MsgId: MMSG-26386]
Action.c(229): web_url("capSearch.do") started  	[MsgId: MMSG-26355]
Action.c(229): Error -27492: "HttpSendRequest" failed, Windows error code=12002 and retry limit (0) exceeded for URL="https://av-pt-ferrari.accela.com/portlets/cap/capSearch.do?mode=search&isFromSearch=true&isSearchButton=true&module=Permits&isGeneralCAP=Y"  	[MsgId: MERR-27492]
End auto log messages stack.	[MsgId: MMSG-10544]


Start auto log messages stack - Iteration 2.	[MsgId: MMSG-10545]
Action.c(197): Detected non-resource "https://av-pt-ferrari.accela.com/portlets/framework/includes/error/blank.jsp?module=Permits" in "https://av-pt-ferrari.accela.com/portlets/commons/cap/myCAPDetailPortlet.jsp?module=-select-"  	[MsgId: MMSG-26574]
Action.c(197): Detected non-resource "https://av-pt-ferrari.accela.com/portlets/framework/includes/error/blank.jsp?module=Permits" in "https://av-pt-ferrari.accela.com/portlets/commons/cap/myCAPDetailPortlet.jsp?module=-select-"  	[MsgId: MMSG-26574]
Action.c(197): Found resource "https://av-pt-ferrari.accela.com/portlets/framework/includes/javascript/ac360base.js" in HTML "https://av-pt-ferrari.accela.com/portlets/commons/cap/myCAPDetailPortlet.jsp?module=-select-"  	[MsgId: MMSG-26659]
Action.c(197): Error -27492: "HttpSendRequest" failed, Windows error code=12002 and retry limit (0) exceeded for URL="https://av-pt-ferrari.accela.com/portlets/cap/capSearch.do?searchBy=ByCondition&height=270&mode=init&module=Permits&cleanCapId=Y&isGeneralCAP=Y&supportMulAgencySearch=Y"  	[MsgId: MERR-27492]
End auto log messages stack.	[MsgId: MMSG-10544]


Start auto log messages stack - Iteration 2.	[MsgId: MMSG-10545]
Action.c(197): web_url("myCAPDetailPortlet.jsp") was successful, 824751 body bytes, 19897 header bytes  	[MsgId: MMSG-26386]
Action.c(206): web_submit_data("empty.jsp") started  	[MsgId: MMSG-26355]
Action.c(206): web_submit_data("empty.jsp") was successful, 79 body bytes, 551 header bytes  	[MsgId: MMSG-26386]
Action.c(216): Notify: Transaction "PASCO_TC1_01_Click_Record" ended with a "Pass" status (Duration: 38.5279).	[MsgId: MMSG-16873]
Action.c(218): Notify: Transaction "PASCO_TC1_02_Click_Search" started.	[MsgId: MMSG-16999]
Action.c(220): web_url("session.do_6") started  	[MsgId: MMSG-26355]
Action.c(220): web_url("session.do_6") was successful, 56 body bytes, 535 header bytes  	[MsgId: MMSG-26386]
Action.c(229): web_url("capSearch.do") started  	[MsgId: MMSG-26355]
Action.c(229): Error -27492: "HttpSendRequest" failed, Windows error code=12002 and retry limit (0) exceeded for URL="https://av-pt-ferrari.accela.com/portlets/cap/capSearch.do?mode=search&isFromSearch=true&isSearchButton=true&module=Permits&isGeneralCAP=Y"  	[MsgId: MERR-27492]
End auto log messages stack.	[MsgId: MMSG-10544]


Start auto log messages stack - Iteration 2.	[MsgId: MMSG-10545]
Action.c(197): web_url("myCAPDetailPortlet.jsp") was successful, 824747 body bytes, 19897 header bytes  	[MsgId: MMSG-26386]
Action.c(206): web_submit_data("empty.jsp") started  	[MsgId: MMSG-26355]
Action.c(206): web_submit_data("empty.jsp") was successful, 79 body bytes, 551 header bytes  	[MsgId: MMSG-26386]
Action.c(216): Notify: Transaction "PASCO_TC1_01_Click_Record" ended with a "Pass" status (Duration: 47.0670).	[MsgId: MMSG-16873]
Action.c(218): Notify: Transaction "PASCO_TC1_02_Click_Search" started.	[MsgId: MMSG-16999]
Action.c(220): web_url("session.do_6") started  	[MsgId: MMSG-26355]
Action.c(220): web_url("session.do_6") was successful, 56 body bytes, 535 header bytes  	[MsgId: MMSG-26386]
Action.c(229): web_url("capSearch.do") started  	[MsgId: MMSG-26355]
Action.c(229): Error -27492: "HttpSendRequest" failed, Windows error code=12002 and retry limit (0) exceeded for URL="https://av-pt-ferrari.accela.com/portlets/cap/capSearch.do?mode=search&isFromSearch=true&isSearchButton=true&module=Permits&isGeneralCAP=Y"  	[MsgId: MERR-27492]
End auto log messages stack.	[MsgId: MMSG-10544]


Start auto log messages stack - Iteration 2.	[MsgId: MMSG-10545]
Action.c(197): Detected non-resource "https://av-pt-ferrari.accela.com/portlets/framework/includes/error/blank.jsp?module=Permits" in "https://av-pt-ferrari.accela.com/portlets/commons/cap/myCAPDetailPortlet.jsp?module=-select-"  	[MsgId: MMSG-26574]
Action.c(197): Detected non-resource "https://av-pt-ferrari.accela.com/portlets/framework/includes/error/blank.jsp?module=Permits" in "https://av-pt-ferrari.accela.com/portlets/commons/cap/myCAPDetailPortlet.jsp?module=-select-"  	[MsgId: MMSG-26574]
Action.c(197): Found resource "https://av-pt-ferrari.accela.com/portlets/framework/includes/javascript/ac360base.js" in HTML "https://av-pt-ferrari.accela.com/portlets/commons/cap/myCAPDetailPortlet.jsp?module=-select-"  	[MsgId: MMSG-26659]
Action.c(197): Error -27492: "HttpSendRequest" failed, Windows error code=12002 and retry limit (0) exceeded for URL="https://av-pt-ferrari.accela.com/portlets/cap/capSearch.do?searchBy=ByCondition&height=270&mode=init&module=Permits&cleanCapId=Y&isGeneralCAP=Y&supportMulAgencySearch=Y"  	[MsgId: MERR-27492]
End auto log messages stack.	[MsgId: MMSG-10544]


Start auto log messages stack - Iteration 2.	[MsgId: MMSG-10545]
Action.c(71): web_submit_data("hostSignon.do_2") started  	[MsgId: MMSG-26355]
Action.c(71): web_submit_data("hostSignon.do_2") was successful, 98 body bytes, 1400 header bytes  	[MsgId: MMSG-26386]
Action.c(93): web_url("dashboard.do_2") started  	[MsgId: MMSG-26355]
Action.c(93): Detected non-resource "https://av-pt-ferrari.accela.com/portlets/spa/dashboard.do" in "https://av-pt-ferrari.accela.com/portlets/spa/dashboard.do"  	[MsgId: MMSG-26574]
Action.c(93): Found resource "https://av-pt-ferrari.accela.com/security/auth.do?signOffScript=https://av-pt-ferrari.accela.com/portlets/security/signout.do&switchAgencyScript=https://av-pt-ferrari.accela.com/portlets/commons/sso/blank.jsp&CSRF_REQ_PARAM=" in HTML "https://av-pt-ferrari.accela.com/portlets/spa/dashboard.do"  	[MsgId: MMSG-26659]
Action.c(93): Error -27492: "HttpSendRequest" failed, Windows error code=12002 and retry limit (0) exceeded for URL="https://av-pt-ferrari.accela.com/portlets/spa/dashboard.do"  	[MsgId: MERR-27492]
End auto log messages stack.	[MsgId: MMSG-10544]


Start auto log messages stack - Iteration 3.	[MsgId: MMSG-10545]
Action.c(45): Found resource "https://www.accela.com/ext/web/aa/assets/aalogin_header.gif" in HTML "https://www.accela.com/ext/web/aa/header.htm"  	[MsgId: MMSG-26659]
Action.c(45): Found resource "https://www.accela.com/ext/web/aa/assets/spacer.gif" in HTML "https://www.accela.com/ext/web/aa/header.htm"  	[MsgId: MMSG-26659]
Action.c(45): web_url("hostSignon.do") highest severity level was "warning", 451866 body bytes, 6740 header bytes  	[MsgId: MMSG-26388]
Action.c(56): Notify: Transaction "PASCO_Login" started.	[MsgId: MMSG-16999]
Action.c(58): web_custom_request("loginAction.do") started  	[MsgId: MMSG-26355]
Action.c(58): web_custom_request("loginAction.do") was successful, 23 body bytes, 264 header bytes  	[MsgId: MMSG-26386]
Action.c(71): web_submit_data("hostSignon.do_2") started  	[MsgId: MMSG-26355]
Action.c(71): Error -27492: "HttpSendRequest" failed, Windows error code=12002 and retry limit (0) exceeded for URL="https://av-pt-ferrari.accela.com/security/hostSignon.do?hostSignOn=true"  	[MsgId: MERR-27492]
End auto log messages stack.	[MsgId: MMSG-10544]


Start auto log messages stack - Iteration 2.	[MsgId: MMSG-10545]
Start auto log messages stack - Iteration 2.	[MsgId: MMSG-10545]
Action.c(45): Found resource "https://www.accela.com/ext/web/aa/assets/aalogin_header.gif" in HTML "https://www.accela.com/ext/web/aa/header.htm"  	[MsgId: MMSG-26659]
Action.c(45): Found resource "https://www.accela.com/ext/web/aa/assets/spacer.gif" in HTML "https://www.accela.com/ext/web/aa/header.htm"  	[MsgId: MMSG-26659]
Action.c(197): Detected non-resource "https://av-pt-ferrari.accela.com/portlets/framework/includes/error/blank.jsp?module=Permits" in "https://av-pt-ferrari.accela.com/portlets/commons/cap/myCAPDetailPortlet.jsp?module=-select-"  	[MsgId: MMSG-26574]
Action.c(45): web_url("hostSignon.do") highest severity level was "warning", 451868 body bytes, 6740 header bytes  	[MsgId: MMSG-26388]
Action.c(197): Detected non-resource "https://av-pt-ferrari.accela.com/portlets/framework/includes/error/blank.jsp?module=Permits" in "https://av-pt-ferrari.accela.com/portlets/commons/cap/myCAPDetailPortlet.jsp?module=-select-"  	[MsgId: MMSG-26574]
Action.c(56): Notify: Transaction "PASCO_Login" started.	[MsgId: MMSG-16999]
Action.c(197): Found resource "https://av-pt-ferrari.accela.com/portlets/framework/includes/javascript/ac360base.js" in HTML "https://av-pt-ferrari.accela.com/portlets/commons/cap/myCAPDetailPortlet.jsp?module=-select-"  	[MsgId: MMSG-26659]
Action.c(58): web_custom_request("loginAction.do") started  	[MsgId: MMSG-26355]
Action.c(197): Error -27492: "HttpSendRequest" failed, Windows error code=12002 and retry limit (0) exceeded for URL="https://av-pt-ferrari.accela.com/portlets/cap/capSearch.do?searchBy=ByCondition&height=270&mode=init&module=Permits&cleanCapId=Y&isGeneralCAP=Y&supportMulAgencySearch=Y"  	[MsgId: MERR-27492]
Action.c(58): web_custom_request("loginAction.do") was successful, 23 body bytes, 264 header bytes  	[MsgId: MMSG-26386]
Action.c(71): web_submit_data("hostSignon.do_2") started  	[MsgId: MMSG-26355]
Action.c(71): Error -27492: "HttpSendRequest" failed, Windows error code=12002 and retry limit (0) exceeded for URL="https://av-pt-ferrari.accela.com/security/hostSignon.do?hostSignOn=true"  	[MsgId: MERR-27492]
End auto log messages stack.	[MsgId: MMSG-10544]


End auto log messages stack.	[MsgId: MMSG-10544]


Start auto log messages stack - Iteration 3.	[MsgId: MMSG-10545]
Action.c(584): web_custom_request("tabRecordCount.do_5") was successful, 77 body bytes, 567 header bytes  	[MsgId: MMSG-26386]
Action.c(595): web_custom_request("tabRecordCount.do_6") started  	[MsgId: MMSG-26355]
Action.c(595): web_custom_request("tabRecordCount.do_6") was successful, 1485 body bytes, 569 header bytes  	[MsgId: MMSG-26386]
Action.c(606): Notify: Transaction "PASCO_TC1_06_Save_Addtl_Info" ended with a "Pass" status (Duration: 23.0774).	[MsgId: MMSG-16873]
Action.c(610): Notify: Transaction "PASCO_TC1_07_Click_FeeHistory" started.	[MsgId: MMSG-16999]
Action.c(612): web_url("session.do_13") started  	[MsgId: MMSG-26355]
Action.c(612): web_url("session.do_13") was successful, 56 body bytes, 535 header bytes  	[MsgId: MMSG-26386]
Action.c(621): web_url("assessFeeHistory.do") started  	[MsgId: MMSG-26355]
Action.c(621): Error -27492: "HttpSendRequest" failed, Windows error code=12002 and retry limit (0) exceeded for URL="https://av-pt-ferrari.accela.com/portlets/fee/assessFeeHistory.do?mode=list&module=Permits"  	[MsgId: MERR-27492]
End auto log messages stack.	[MsgId: MMSG-10544]


Start auto log messages stack - Iteration 3.	[MsgId: MMSG-10545]
Start auto log messages stack - Iteration 3.	[MsgId: MMSG-10545]
Action.c(197): web_url("myCAPDetailPortlet.jsp") was successful, 824748 body bytes, 19897 header bytes  	[MsgId: MMSG-26386]
Action.c(425): Resource "https://av-pt-ferrari.accela.com/portlets/framework/includes/javascript/ac360base.js" is in the cache already and will not be downloaded again  	[MsgId: MMSG-26655]
Action.c(206): web_submit_data("empty.jsp") started  	[MsgId: MMSG-26355]
Action.c(425): web_url("blank.jsp_2") was successful, 259 body bytes, 616 header bytes  	[MsgId: MMSG-26386]
Action.c(206): web_submit_data("empty.jsp") was successful, 79 body bytes, 551 header bytes  	[MsgId: MMSG-26386]
Action.c(434): web_url("session.do_10") started  	[MsgId: MMSG-26355]
Action.c(434): web_url("session.do_10") was successful, 56 body bytes, 535 header bytes  	[MsgId: MMSG-26386]
Action.c(216): Notify: Transaction "PASCO_TC1_01_Click_Record" ended with a "Pass" status (Duration: 22.2071).	[MsgId: MMSG-16873]
Action.c(443): web_custom_request("tabRecordCount.do") started  	[MsgId: MMSG-26355]
Action.c(443): web_custom_request("tabRecordCount.do") was successful, 77 body bytes, 567 header bytes  	[MsgId: MMSG-26386]
Action.c(218): Notify: Transaction "PASCO_TC1_02_Click_Search" started.	[MsgId: MMSG-16999]
Action.c(454): web_custom_request("tabRecordCount.do_2") started  	[MsgId: MMSG-26355]
Action.c(220): web_url("session.do_6") started  	[MsgId: MMSG-26355]
Action.c(220): web_url("session.do_6") was successful, 56 body bytes, 535 header bytes  	[MsgId: MMSG-26386]
Action.c(454): Error -27492: "HttpSendRequest" failed, Windows error code=12002 and retry limit (0) exceeded for URL="https://av-pt-ferrari.accela.com/portlets/cap/tabRecordCount.do?module=Permits&ID1=DUB18&ID2=00000&ID3=00P2D&xmlin=%3Croot%3E%3CcountID%3E5%3C/countID%3E%3CcountID%3E6%3C/countID%3E%3CcountID%3E2%3C/countID%3E%3CcountID%3E134%3C/countID%3E%3CcountID%3E23%3C/countID%3E%3CcountID%3E17%3C/countID%3E%3CcountID%3E397%3C/countID%3E%3CcountID%3E456%3C/countID%3E%3CcountID%3E1%3C/countID%3E%3CcountID%3E21%3C/countID%3E%3CcountID%3E10%3C/countID%3E%3CcountID%3E133%3C/countID%3E%3CcountID%3E8%3C/countID%3E%3CcountID%3E19%3C/countID%3E%3CcountID%3E373%3C/countID%3E%3CcountID%3E14%3C/countID%3E%3CcountID%3E12%3C/countID%3E%3CcountID%3E13%3C/countID%3E%3CcountID%3E371%3C/countID%3E%3CcountID%3E27%3C/countID%3E%3CcountID%3E3%3C/countID%3E%3CcountID%3E152%3C/countID%3E%3CcountID%3E4%3C/countID%3E%3C/root%3E"  	[MsgId: MERR-27492]
Action.c(229): web_url("capSearch.do") started  	[MsgId: MMSG-26355]
Action.c(229): Error -27492: "HttpSendRequest" failed, Windows error code=12002 and retry limit (0) exceeded for URL="https://av-pt-ferrari.accela.com/portlets/cap/capSearch.do?mode=search&isFromSearch=true&isSearchButton=true&module=Permits&isGeneralCAP=Y"  	[MsgId: MERR-27492]
End auto log messages stack.	[MsgId: MMSG-10544]


End auto log messages stack.	[MsgId: MMSG-10544]


Start auto log messages stack - Iteration 3.	[MsgId: MMSG-10545]
Action.c(71): web_submit_data("hostSignon.do_2") started  	[MsgId: MMSG-26355]
Action.c(71): web_submit_data("hostSignon.do_2") was successful, 98 body bytes, 1400 header bytes  	[MsgId: MMSG-26386]
Action.c(93): web_url("dashboard.do_2") started  	[MsgId: MMSG-26355]
Action.c(93): Detected non-resource "https://av-pt-ferrari.accela.com/portlets/spa/dashboard.do" in "https://av-pt-ferrari.accela.com/portlets/spa/dashboard.do"  	[MsgId: MMSG-26574]
Action.c(93): Found resource "https://av-pt-ferrari.accela.com/security/auth.do?signOffScript=https://av-pt-ferrari.accela.com/portlets/security/signout.do&switchAgencyScript=https://av-pt-ferrari.accela.com/portlets/commons/sso/blank.jsp&CSRF_REQ_PARAM=" in HTML "https://av-pt-ferrari.accela.com/portlets/spa/dashboard.do"  	[MsgId: MMSG-26659]
Action.c(93): Error -27492: "HttpSendRequest" failed, Windows error code=12002 and retry limit (0) exceeded for URL="https://av-pt-ferrari.accela.com/portlets/spa/dashboard.do"  	[MsgId: MERR-27492]
End auto log messages stack.	[MsgId: MMSG-10544]


Start auto log messages stack - Iteration 3.	[MsgId: MMSG-10545]
Start auto log messages stack - Iteration 3.	[MsgId: MMSG-10545]
Action.c(45): Found resource "https://www.accela.com/ext/web/aa/assets/aalogin_header.gif" in HTML "https://www.accela.com/ext/web/aa/header.htm"  	[MsgId: MMSG-26659]
Action.c(45): Found resource "https://www.accela.com/ext/web/aa/assets/spacer.gif" in HTML "https://www.accela.com/ext/web/aa/header.htm"  	[MsgId: MMSG-26659]
Action.c(45): web_url("hostSignon.do") highest severity level was "warning", 451867 body bytes, 6740 header bytes  	[MsgId: MMSG-26388]
Action.c(640): web_custom_request("tabRecordCount.do_7") was successful, 77 body bytes, 567 header bytes  	[MsgId: MMSG-26386]
Action.c(651): web_custom_request("tabRecordCount.do_8") started  	[MsgId: MMSG-26355]
Action.c(56): Notify: Transaction "PASCO_Login" started.	[MsgId: MMSG-16999]
Action.c(651): web_custom_request("tabRecordCount.do_8") was successful, 1485 body bytes, 569 header bytes  	[MsgId: MMSG-26386]
Action.c(58): web_custom_request("loginAction.do") started  	[MsgId: MMSG-26355]
Action.c(58): web_custom_request("loginAction.do") was successful, 23 body bytes, 264 header bytes  	[MsgId: MMSG-26386]
Action.c(662): Notify: Transaction "PASCO_TC1_07_Click_FeeHistory" ended with a "Pass" status (Duration: 40.8465).	[MsgId: MMSG-16873]
Action.c(71): web_submit_data("hostSignon.do_2") started  	[MsgId: MMSG-26355]
Action.c(666): Notify: Transaction "PASCO_TC1_08_Click_WorkFlow" started.	[MsgId: MMSG-16999]
Action.c(71): Error -27492: "HttpSendRequest" failed, Windows error code=12002 and retry limit (0) exceeded for URL="https://av-pt-ferrari.accela.com/security/hostSignon.do?hostSignOn=true"  	[MsgId: MERR-27492]
Action.c(668): web_url("session.do_14") started  	[MsgId: MMSG-26355]
Action.c(668): web_url("session.do_14") was successful, 56 body bytes, 535 header bytes  	[MsgId: MMSG-26386]
Action.c(677): web_url("workflowStatusList.do") started  	[MsgId: MMSG-26355]
Action.c(677): Error -27492: "HttpSendRequest" failed, Windows error code=12002 and retry limit (0) exceeded for URL="https://av-pt-ferrari.accela.com/portlets/workflow/workflowStatusList.do?module=Permits"  	[MsgId: MERR-27492]
End auto log messages stack.	[MsgId: MMSG-10544]
End auto log messages stack.	[MsgId: MMSG-10544]




Start auto log messages stack - Iteration 3.	[MsgId: MMSG-10545]
Action.c(285): web_submit_data("capSearch.do_2") was successful, 23877 body bytes, 2125 header bytes  	[MsgId: MMSG-26386]
Action.c(374): web_submit_data("empty.jsp_3") started  	[MsgId: MMSG-26355]
Action.c(374): web_submit_data("empty.jsp_3") was successful, 79 body bytes, 551 header bytes  	[MsgId: MMSG-26386]
Action.c(384): Notify: Transaction "PASCO_TC1_03_Search_Record" ended with a "Pass" status (Duration: 14.0354 Wasted Time: 0.0013).	[MsgId: MMSG-16871]
Action.c(386): Notify: Transaction "PASCO_TC1_04_Record_Details" started.	[MsgId: MMSG-16999]
Action.c(388): web_url("session.do_8") started  	[MsgId: MMSG-26355]
Action.c(388): web_url("session.do_8") was successful, 56 body bytes, 535 header bytes  	[MsgId: MMSG-26386]
Action.c(397): web_url("CapTabSummary.do") started  	[MsgId: MMSG-26355]
Action.c(397): Error -27492: "HttpSendRequest" failed, Windows error code=12002 and retry limit (0) exceeded for URL="https://av-pt-ferrari.accela.com/portlets/cap/capsummary/CapTabSummary.do?mode=tabSummary&serviceProviderCode=PASCO&ID1=DUB18&ID2=00000&ID3=00P2D&requireNotice=YES&clearForm=clearForm&module=Permits&isFromCapList=true&isGeneralCAP=Y"  	[MsgId: MERR-27492]
End auto log messages stack.	[MsgId: MMSG-10544]


Start auto log messages stack - Iteration 3.	[MsgId: MMSG-10545]
Action.c(197): web_url("myCAPDetailPortlet.jsp") was successful, 824748 body bytes, 19897 header bytes  	[MsgId: MMSG-26386]
Action.c(206): web_submit_data("empty.jsp") started  	[MsgId: MMSG-26355]
Action.c(206): web_submit_data("empty.jsp") was successful, 79 body bytes, 551 header bytes  	[MsgId: MMSG-26386]
Action.c(216): Notify: Transaction "PASCO_TC1_01_Click_Record" ended with a "Pass" status (Duration: 21.2408).	[MsgId: MMSG-16873]
Action.c(218): Notify: Transaction "PASCO_TC1_02_Click_Search" started.	[MsgId: MMSG-16999]
Action.c(220): web_url("session.do_6") started  	[MsgId: MMSG-26355]
Action.c(220): web_url("session.do_6") was successful, 56 body bytes, 535 header bytes  	[MsgId: MMSG-26386]
Action.c(229): web_url("capSearch.do") started  	[MsgId: MMSG-26355]
Action.c(229): Error -27492: "HttpSendRequest" failed, Windows error code=12002 and retry limit (0) exceeded for URL="https://av-pt-ferrari.accela.com/portlets/cap/capSearch.do?mode=search&isFromSearch=true&isSearchButton=true&module=Permits&isGeneralCAP=Y"  	[MsgId: MERR-27492]
End auto log messages stack.	[MsgId: MMSG-10544]


Start auto log messages stack - Iteration 3.	[MsgId: MMSG-10545]
Action.c(285): web_submit_data("capSearch.do_2") was successful, 23874 body bytes, 2125 header bytes  	[MsgId: MMSG-26386]
Action.c(374): web_submit_data("empty.jsp_3") started  	[MsgId: MMSG-26355]
Action.c(374): web_submit_data("empty.jsp_3") was successful, 79 body bytes, 551 header bytes  	[MsgId: MMSG-26386]
Action.c(384): Notify: Transaction "PASCO_TC1_03_Search_Record" ended with a "Pass" status (Duration: 40.5314 Wasted Time: 0.0007).	[MsgId: MMSG-16871]
Action.c(386): Notify: Transaction "PASCO_TC1_04_Record_Details" started.	[MsgId: MMSG-16999]
Action.c(388): web_url("session.do_8") started  	[MsgId: MMSG-26355]
Action.c(388): web_url("session.do_8") was successful, 56 body bytes, 535 header bytes  	[MsgId: MMSG-26386]
Action.c(397): web_url("CapTabSummary.do") started  	[MsgId: MMSG-26355]
Action.c(397): Error -27492: "HttpSendRequest" failed, Windows error code=12002 and retry limit (0) exceeded for URL="https://av-pt-ferrari.accela.com/portlets/cap/capsummary/CapTabSummary.do?mode=tabSummary&serviceProviderCode=PASCO&ID1=DUB18&ID2=00000&ID3=00P2D&requireNotice=YES&clearForm=clearForm&module=Permits&isFromCapList=true&isGeneralCAP=Y"  	[MsgId: MERR-27492]
End auto log messages stack.	[MsgId: MMSG-10544]


Start auto log messages stack - Iteration 4.	[MsgId: MMSG-10545]
Action.c(197): web_url("myCAPDetailPortlet.jsp") was successful, 824750 body bytes, 19897 header bytes  	[MsgId: MMSG-26386]
Action.c(206): web_submit_data("empty.jsp") started  	[MsgId: MMSG-26355]
Action.c(206): web_submit_data("empty.jsp") was successful, 79 body bytes, 551 header bytes  	[MsgId: MMSG-26386]
Action.c(216): Notify: Transaction "PASCO_TC1_01_Click_Record" ended with a "Pass" status (Duration: 38.6216).	[MsgId: MMSG-16873]
Action.c(218): Notify: Transaction "PASCO_TC1_02_Click_Search" started.	[MsgId: MMSG-16999]
Action.c(220): web_url("session.do_6") started  	[MsgId: MMSG-26355]
Action.c(220): web_url("session.do_6") was successful, 56 body bytes, 535 header bytes  	[MsgId: MMSG-26386]
Action.c(229): web_url("capSearch.do") started  	[MsgId: MMSG-26355]
Action.c(229): Error -27492: "HttpSendRequest" failed, Windows error code=12002 and retry limit (0) exceeded for URL="https://av-pt-ferrari.accela.com/portlets/cap/capSearch.do?mode=search&isFromSearch=true&isSearchButton=true&module=Permits&isGeneralCAP=Y"  	[MsgId: MERR-27492]
End auto log messages stack.	[MsgId: MMSG-10544]


Start auto log messages stack - Iteration 4.	[MsgId: MMSG-10545]
Action.c(478): web_url("addtInfoForm.do") was successful, 13993 body bytes, 1603 header bytes  	[MsgId: MMSG-26386]
Action.c(487): web_submit_data("empty.jsp_5") started  	[MsgId: MMSG-26355]
Action.c(487): web_submit_data("empty.jsp_5") was successful, 79 body bytes, 551 header bytes  	[MsgId: MMSG-26386]
Action.c(497): web_custom_request("tabRecordCount.do_3") started  	[MsgId: MMSG-26355]
Action.c(497): web_custom_request("tabRecordCount.do_3") was successful, 77 body bytes, 567 header bytes  	[MsgId: MMSG-26386]
Start auto log messages stack - Iteration 3.	[MsgId: MMSG-10545]
Action.c(508): web_custom_request("tabRecordCount.do_4") started  	[MsgId: MMSG-26355]
Action.c(508): Error -27492: "HttpSendRequest" failed, Windows error code=12002 and retry limit (0) exceeded for URL="https://av-pt-ferrari.accela.com/portlets/cap/tabRecordCount.do?module=Permits&ID1=DUB18&ID2=00000&ID3=00P2D&xmlin=%3Croot%3E%3CcountID%3E5%3C/countID%3E%3CcountID%3E6%3C/countID%3E%3CcountID%3E2%3C/countID%3E%3CcountID%3E134%3C/countID%3E%3CcountID%3E23%3C/countID%3E%3CcountID%3E17%3C/countID%3E%3CcountID%3E397%3C/countID%3E%3CcountID%3E456%3C/countID%3E%3CcountID%3E1%3C/countID%3E%3CcountID%3E21%3C/countID%3E%3CcountID%3E10%3C/countID%3E%3CcountID%3E133%3C/countID%3E%3CcountID%3E8%3C/countID%3E%3CcountID%3E19%3C/countID%3E%3CcountID%3E373%3C/countID%3E%3CcountID%3E14%3C/countID%3E%3CcountID%3E12%3C/countID%3E%3CcountID%3E13%3C/countID%3E%3CcountID%3E371%3C/countID%3E%3CcountID%3E27%3C/countID%3E%3CcountID%3E3%3C/countID%3E%3CcountID%3E152%3C/countID%3E%3CcountID%3E4%3C/countID%3E%3C/root%3E"  	[MsgId: MERR-27492]
Action.c(534): web_submit_data("addtInfoForm.do_2") was successful, 13985 body bytes, 1539 header bytes  	[MsgId: MMSG-26386]
Action.c(574): web_submit_data("empty.jsp_6") started  	[MsgId: MMSG-26355]
Action.c(574): web_submit_data("empty.jsp_6") was successful, 79 body bytes, 551 header bytes  	[MsgId: MMSG-26386]
Action.c(584): web_custom_request("tabRecordCount.do_5") started  	[MsgId: MMSG-26355]
Action.c(584): web_custom_request("tabRecordCount.do_5") was successful, 77 body bytes, 567 header bytes  	[MsgId: MMSG-26386]
Action.c(595): web_custom_request("tabRecordCount.do_6") started  	[MsgId: MMSG-26355]
Action.c(595): Error -27492: "HttpSendRequest" failed, Windows error code=12002 and retry limit (0) exceeded for URL="https://av-pt-ferrari.accela.com/portlets/cap/tabRecordCount.do?module=Permits&ID1=DUB18&ID2=00000&ID3=00P2D&xmlin=%3Croot%3E%3CcountID%3E5%3C/countID%3E%3CcountID%3E6%3C/countID%3E%3CcountID%3E2%3C/countID%3E%3CcountID%3E134%3C/countID%3E%3CcountID%3E23%3C/countID%3E%3CcountID%3E17%3C/countID%3E%3CcountID%3E397%3C/countID%3E%3CcountID%3E456%3C/countID%3E%3CcountID%3E1%3C/countID%3E%3CcountID%3E21%3C/countID%3E%3CcountID%3E10%3C/countID%3E%3CcountID%3E133%3C/countID%3E%3CcountID%3E8%3C/countID%3E%3CcountID%3E19%3C/countID%3E%3CcountID%3E373%3C/countID%3E%3CcountID%3E14%3C/countID%3E%3CcountID%3E12%3C/countID%3E%3CcountID%3E13%3C/countID%3E%3CcountID%3E371%3C/countID%3E%3CcountID%3E27%3C/countID%3E%3CcountID%3E3%3C/countID%3E%3CcountID%3E152%3C/countID%3E%3CcountID%3E4%3C/countID%3E%3C/root%3E"  	[MsgId: MERR-27492]
End auto log messages stack.	[MsgId: MMSG-10544]
End auto log messages stack.	[MsgId: MMSG-10544]




Start auto log messages stack - Iteration 5.	[MsgId: MMSG-10545]
Action.c(478): web_url("addtInfoForm.do") was successful, 13989 body bytes, 1603 header bytes  	[MsgId: MMSG-26386]
Action.c(487): web_submit_data("empty.jsp_5") started  	[MsgId: MMSG-26355]
Action.c(487): web_submit_data("empty.jsp_5") was successful, 79 body bytes, 551 header bytes  	[MsgId: MMSG-26386]
Action.c(497): web_custom_request("tabRecordCount.do_3") started  	[MsgId: MMSG-26355]
Action.c(497): web_custom_request("tabRecordCount.do_3") was successful, 77 body bytes, 567 header bytes  	[MsgId: MMSG-26386]
Action.c(508): web_custom_request("tabRecordCount.do_4") started  	[MsgId: MMSG-26355]
Action.c(508): Error -27492: "HttpSendRequest" failed, Windows error code=12002 and retry limit (0) exceeded for URL="https://av-pt-ferrari.accela.com/portlets/cap/tabRecordCount.do?module=Permits&ID1=DUB18&ID2=00000&ID3=00P2D&xmlin=%3Croot%3E%3CcountID%3E5%3C/countID%3E%3CcountID%3E6%3C/countID%3E%3CcountID%3E2%3C/countID%3E%3CcountID%3E134%3C/countID%3E%3CcountID%3E23%3C/countID%3E%3CcountID%3E17%3C/countID%3E%3CcountID%3E397%3C/countID%3E%3CcountID%3E456%3C/countID%3E%3CcountID%3E1%3C/countID%3E%3CcountID%3E21%3C/countID%3E%3CcountID%3E10%3C/countID%3E%3CcountID%3E133%3C/countID%3E%3CcountID%3E8%3C/countID%3E%3CcountID%3E19%3C/countID%3E%3CcountID%3E373%3C/countID%3E%3CcountID%3E14%3C/countID%3E%3CcountID%3E12%3C/countID%3E%3CcountID%3E13%3C/countID%3E%3CcountID%3E371%3C/countID%3E%3CcountID%3E27%3C/countID%3E%3CcountID%3E3%3C/countID%3E%3CcountID%3E152%3C/countID%3E%3CcountID%3E4%3C/countID%3E%3C/root%3E"  	[MsgId: MERR-27492]
End auto log messages stack.	[MsgId: MMSG-10544]


Start auto log messages stack - Iteration 4.	[MsgId: MMSG-10545]
Action.c(197): web_url("myCAPDetailPortlet.jsp") was successful, 824747 body bytes, 19897 header bytes  	[MsgId: MMSG-26386]
Action.c(206): web_submit_data("empty.jsp") started  	[MsgId: MMSG-26355]
Action.c(206): web_submit_data("empty.jsp") was successful, 79 body bytes, 551 header bytes  	[MsgId: MMSG-26386]
Start auto log messages stack - Iteration 4.	[MsgId: MMSG-10545]
Action.c(216): Notify: Transaction "PASCO_TC1_01_Click_Record" ended with a "Pass" status (Duration: 16.7111).	[MsgId: MMSG-16873]
Action.c(218): Notify: Transaction "PASCO_TC1_02_Click_Search" started.	[MsgId: MMSG-16999]
Action.c(686): web_submit_data("empty.jsp_8") started  	[MsgId: MMSG-26355]
Action.c(220): web_url("session.do_6") started  	[MsgId: MMSG-26355]
Action.c(686): web_submit_data("empty.jsp_8") was successful, 79 body bytes, 551 header bytes  	[MsgId: MMSG-26386]
Action.c(220): web_url("session.do_6") was successful, 56 body bytes, 535 header bytes  	[MsgId: MMSG-26386]
Action.c(696): web_custom_request("text.do_2") started  	[MsgId: MMSG-26355]
Action.c(229): web_url("capSearch.do") started  	[MsgId: MMSG-26355]
Action.c(696): web_custom_request("text.do_2") was successful, 1663 body bytes, 537 header bytes  	[MsgId: MMSG-26386]
Action.c(229): Error -27492: "HttpSendRequest" failed, Windows error code=12002 and retry limit (0) exceeded for URL="https://av-pt-ferrari.accela.com/portlets/cap/capSearch.do?mode=search&isFromSearch=true&isSearchButton=true&module=Permits&isGeneralCAP=Y"  	[MsgId: MERR-27492]
Action.c(710): web_url("workflow.do") started  	[MsgId: MMSG-26355]
Action.c(710): web_url("workflow.do") was successful, 53 body bytes, 535 header bytes  	[MsgId: MMSG-26386]
Action.c(719): web_url("workflow.do_2") started  	[MsgId: MMSG-26355]
Action.c(719): Error -27492: "HttpSendRequest" failed, Windows error code=12002 and retry limit (0) exceeded for URL="https://av-pt-ferrari.accela.com/portlets/spa/workflow.do?mode=getTasks&module=Permits"  	[MsgId: MERR-27492]
End auto log messages stack.	[MsgId: MMSG-10544]


End auto log messages stack.	[MsgId: MMSG-10544]


Start auto log messages stack - Iteration 5.	[MsgId: MMSG-10545]
Action.c(71): web_submit_data("hostSignon.do_2") started  	[MsgId: MMSG-26355]
Action.c(71): web_submit_data("hostSignon.do_2") was successful, 98 body bytes, 1400 header bytes  	[MsgId: MMSG-26386]
Action.c(93): web_url("dashboard.do_2") started  	[MsgId: MMSG-26355]
Action.c(93): Detected non-resource "https://av-pt-ferrari.accela.com/portlets/spa/dashboard.do" in "https://av-pt-ferrari.accela.com/portlets/spa/dashboard.do"  	[MsgId: MMSG-26574]
Action.c(93): Found resource "https://av-pt-ferrari.accela.com/security/auth.do?signOffScript=https://av-pt-ferrari.accela.com/portlets/security/signout.do&switchAgencyScript=https://av-pt-ferrari.accela.com/portlets/commons/sso/blank.jsp&CSRF_REQ_PARAM=" in HTML "https://av-pt-ferrari.accela.com/portlets/spa/dashboard.do"  	[MsgId: MMSG-26659]
Action.c(93): Error -27492: "HttpSendRequest" failed, Windows error code=12002 and retry limit (0) exceeded for URL="https://av-pt-ferrari.accela.com/portlets/spa/dashboard.do"  	[MsgId: MERR-27492]
End auto log messages stack.	[MsgId: MMSG-10544]


Start auto log messages stack - Iteration 6.	[MsgId: MMSG-10545]
Action.c(621): web_url("assessFeeHistory.do") was successful, 18871 body bytes, 2862 header bytes  	[MsgId: MMSG-26386]
Action.c(630): web_submit_data("empty.jsp_7") started  	[MsgId: MMSG-26355]
Action.c(630): web_submit_data("empty.jsp_7") was successful, 79 body bytes, 551 header bytes  	[MsgId: MMSG-26386]
Action.c(640): web_custom_request("tabRecordCount.do_7") started  	[MsgId: MMSG-26355]
Action.c(640): web_custom_request("tabRecordCount.do_7") was successful, 77 body bytes, 567 header bytes  	[MsgId: MMSG-26386]
Action.c(651): web_custom_request("tabRecordCount.do_8") started  	[MsgId: MMSG-26355]
Action.c(651): Error -27492: "HttpSendRequest" failed, Windows error code=12002 and retry limit (0) exceeded for URL="https://av-pt-ferrari.accela.com/portlets/cap/tabRecordCount.do?module=Permits&ID1=DUB18&ID2=00000&ID3=00P2D&xmlin=%3Croot%3E%3CcountID%3E5%3C/countID%3E%3CcountID%3E6%3C/countID%3E%3CcountID%3E2%3C/countID%3E%3CcountID%3E134%3C/countID%3E%3CcountID%3E23%3C/countID%3E%3CcountID%3E17%3C/countID%3E%3CcountID%3E397%3C/countID%3E%3CcountID%3E456%3C/countID%3E%3CcountID%3E1%3C/countID%3E%3CcountID%3E21%3C/countID%3E%3CcountID%3E10%3C/countID%3E%3CcountID%3E133%3C/countID%3E%3CcountID%3E8%3C/countID%3E%3CcountID%3E19%3C/countID%3E%3CcountID%3E373%3C/countID%3E%3CcountID%3E14%3C/countID%3E%3CcountID%3E12%3C/countID%3E%3CcountID%3E13%3C/countID%3E%3CcountID%3E371%3C/countID%3E%3CcountID%3E27%3C/countID%3E%3CcountID%3E3%3C/countID%3E%3CcountID%3E152%3C/countID%3E%3CcountID%3E4%3C/countID%3E%3C/root%3E"  	[MsgId: MERR-27492]
End auto log messages stack.	[MsgId: MMSG-10544]


Start auto log messages stack - Iteration 6.	[MsgId: MMSG-10545]
Action.c(584): web_custom_request("tabRecordCount.do_5") was successful, 77 body bytes, 567 header bytes  	[MsgId: MMSG-26386]
Action.c(595): web_custom_request("tabRecordCount.do_6") started  	[MsgId: MMSG-26355]
Action.c(595): web_custom_request("tabRecordCount.do_6") was successful, 1485 body bytes, 569 header bytes  	[MsgId: MMSG-26386]
Action.c(606): Notify: Transaction "PASCO_TC1_06_Save_Addtl_Info" ended with a "Pass" status (Duration: 11.5596).	[MsgId: MMSG-16873]
Action.c(610): Notify: Transaction "PASCO_TC1_07_Click_FeeHistory" started.	[MsgId: MMSG-16999]
Action.c(612): web_url("session.do_13") started  	[MsgId: MMSG-26355]
Action.c(612): web_url("session.do_13") was successful, 56 body bytes, 535 header bytes  	[MsgId: MMSG-26386]
Action.c(621): web_url("assessFeeHistory.do") started  	[MsgId: MMSG-26355]
Action.c(621): Error -27492: "HttpSendRequest" failed, Windows error code=12002 and retry limit (0) exceeded for URL="https://av-pt-ferrari.accela.com/portlets/fee/assessFeeHistory.do?mode=list&module=Permits"  	[MsgId: MERR-27492]
End auto log messages stack.	[MsgId: MMSG-10544]


Start auto log messages stack - Iteration 7.	[MsgId: MMSG-10545]
Action.c(285): web_submit_data("capSearch.do_2") was successful, 23875 body bytes, 2125 header bytes  	[MsgId: MMSG-26386]
Action.c(374): web_submit_data("empty.jsp_3") started  	[MsgId: MMSG-26355]
Action.c(374): web_submit_data("empty.jsp_3") was successful, 79 body bytes, 551 header bytes  	[MsgId: MMSG-26386]
Action.c(384): Notify: Transaction "PASCO_TC1_03_Search_Record" ended with a "Pass" status (Duration: 12.2928).	[MsgId: MMSG-16873]
Action.c(386): Notify: Transaction "PASCO_TC1_04_Record_Details" started.	[MsgId: MMSG-16999]
Action.c(388): web_url("session.do_8") started  	[MsgId: MMSG-26355]
Action.c(388): web_url("session.do_8") was successful, 56 body bytes, 535 header bytes  	[MsgId: MMSG-26386]
Action.c(397): web_url("CapTabSummary.do") started  	[MsgId: MMSG-26355]
Action.c(397): Error -27492: "HttpSendRequest" failed, Windows error code=12002 and retry limit (0) exceeded for URL="https://av-pt-ferrari.accela.com/portlets/cap/capsummary/CapTabSummary.do?mode=tabSummary&serviceProviderCode=PASCO&ID1=DUB18&ID2=00000&ID3=00P2D&requireNotice=YES&clearForm=clearForm&module=Permits&isFromCapList=true&isGeneralCAP=Y"  	[MsgId: MERR-27492]
End auto log messages stack.	[MsgId: MMSG-10544]


