Start auto log messages stack - Iteration 9.	[MsgId: MMSG-10545]
Starting action Action.	[MsgId: MMSG-15919]
Action.c(4): web_set_sockets_option started  	[MsgId: MMSG-26355]
Action.c(4): web_set_sockets_option was successful  	[MsgId: MMSG-26392]
Action.c(6): web_url("dashboard.do") started  	[MsgId: MMSG-26355]
Action.c(6): ssl_handle_status encounter error : SSL_ERROR_SYSCALL, error id : 0  	[MsgId: MMSG-26000]
Action.c(6): Error -27776: [GENERAL_MSG_CAT_SSL_ERROR]connect to host "av-pt-ferrari.accela.com" failed: [10053] Software caused connection abort  	[MsgId: MERR-27776]
End auto log messages stack.	[MsgId: MMSG-10544]


Start auto log messages stack - Iteration 9.	[MsgId: MMSG-10545]
Starting action Action.	[MsgId: MMSG-15919]
Action.c(4): web_set_sockets_option started  	[MsgId: MMSG-26355]
Action.c(4): web_set_sockets_option was successful  	[MsgId: MMSG-26392]
Action.c(6): web_url("dashboard.do") started  	[MsgId: MMSG-26355]
Action.c(6): Redirecting "https://av-pt-ferrari.accela.com/portlets/spa/dashboard.do" (redirection depth is 0)  	[MsgId: MMSG-26694]
Action.c(6): To location "https://av-pt-ferrari.accela.com/ssoAdapter/loginAction.do?successURL=https%3A%2F%2Fav-pt-ferrari.accela.com%2Fportlets%2Fspa%2Fdashboard.do&SignOnModule="  	[MsgId: MMSG-26693]
Action.c(6): Error -27792: Failed to connect to server "av-pt-ferrari.accela.com:443": [10060] Connection timed out  	[MsgId: MERR-27792]
End auto log messages stack.	[MsgId: MMSG-10544]


Start auto log messages stack - Iteration 10.	[MsgId: MMSG-10545]
Starting action Action.	[MsgId: MMSG-15919]
Action.c(4): web_set_sockets_option started  	[MsgId: MMSG-26355]
Action.c(4): web_set_sockets_option was successful  	[MsgId: MMSG-26392]
Action.c(6): web_url("dashboard.do") started  	[MsgId: MMSG-26355]
Action.c(6): Error -27792: Failed to connect to server "av-pt-ferrari.accela.com:443": [10060] Connection timed out  	[MsgId: MERR-27792]
End auto log messages stack.	[MsgId: MMSG-10544]


Start auto log messages stack - Iteration 9.	[MsgId: MMSG-10545]
Starting action Action.	[MsgId: MMSG-15919]
Action.c(4): web_set_sockets_option started  	[MsgId: MMSG-26355]
Action.c(4): web_set_sockets_option was successful  	[MsgId: MMSG-26392]
Action.c(6): web_url("dashboard.do") started  	[MsgId: MMSG-26355]
Action.c(6): ssl_handle_status encounter error : SSL_ERROR_SYSCALL, error id : 0  	[MsgId: MMSG-26000]
Action.c(6): Error -27776: [GENERAL_MSG_CAT_SSL_ERROR]connect to host "av-pt-ferrari.accela.com" failed: [10053] Software caused connection abort  	[MsgId: MERR-27776]
End auto log messages stack.	[MsgId: MMSG-10544]


Start auto log messages stack - Iteration 9.	[MsgId: MMSG-10545]
Action.c(677): To location "https://av-pt-ferrari.accela.com"  	[MsgId: MMSG-26693]
Action.c(677): Redirecting "https://av-pt-ferrari.accela.com" (redirection depth is 1)  	[MsgId: MMSG-26694]
Action.c(677): To location "https://av-pt-ferrari.accela.com/jetspeed/index.jsp"  	[MsgId: MMSG-26693]
Action.c(677): Redirecting "https://av-pt-ferrari.accela.com/portlets/spa/js/i18n-config.js" (redirection depth is 0)  	[MsgId: MMSG-26694]
Action.c(677): To location "https://av-pt-ferrari.accela.com"  	[MsgId: MMSG-26693]
Action.c(677): Redirecting "https://av-pt-ferrari.accela.com" (redirection depth is 1)  	[MsgId: MMSG-26694]
Action.c(677): To location "https://av-pt-ferrari.accela.com/jetspeed/index.jsp"  	[MsgId: MMSG-26693]
Action.c(677): Error -27792: Failed to connect to server "av-pt-ferrari.accela.com:443": [10060] Connection timed out  	[MsgId: MERR-27792]
Action.c(677): Error -27792: Failed to connect to server "av-pt-ferrari.accela.com:443": [10060] Connection timed out  	[MsgId: MERR-27792]
Start auto log messages stack - Iteration 9.	[MsgId: MMSG-10545]
Starting action Action.	[MsgId: MMSG-15919]
Action.c(4): web_set_sockets_option started  	[MsgId: MMSG-26355]
Action.c(4): web_set_sockets_option was successful  	[MsgId: MMSG-26392]
Action.c(6): web_url("dashboard.do") started  	[MsgId: MMSG-26355]
Action.c(6): Redirecting "https://av-pt-ferrari.accela.com/portlets/spa/dashboard.do" (redirection depth is 0)  	[MsgId: MMSG-26694]
Action.c(6): To location "https://av-pt-ferrari.accela.com/ssoAdapter/loginAction.do?successURL=https%3A%2F%2Fav-pt-ferrari.accela.com%2Fportlets%2Fspa%2Fdashboard.do&SignOnModule="  	[MsgId: MMSG-26693]
Action.c(6): Error -27792: Failed to connect to server "av-pt-ferrari.accela.com:443": [10060] Connection timed out  	[MsgId: MERR-27792]
End auto log messages stack.	[MsgId: MMSG-10544]


Start auto log messages stack - Iteration 9.	[MsgId: MMSG-10545]
Starting action Action.	[MsgId: MMSG-15919]
Action.c(4): web_set_sockets_option started  	[MsgId: MMSG-26355]
Action.c(4): web_set_sockets_option was successful  	[MsgId: MMSG-26392]
Action.c(6): web_url("dashboard.do") started  	[MsgId: MMSG-26355]
Action.c(6): ssl_handle_status encounter error : SSL_ERROR_SYSCALL, error id : 0  	[MsgId: MMSG-26000]
Action.c(6): Error -27776: [GENERAL_MSG_CAT_SSL_ERROR]connect to host "av-pt-ferrari.accela.com" failed: [10053] Software caused connection abort  	[MsgId: MERR-27776]
End auto log messages stack.	[MsgId: MMSG-10544]


Start auto log messages stack - Iteration 9.	[MsgId: MMSG-10545]
Starting action Action.	[MsgId: MMSG-15919]
Action.c(4): web_set_sockets_option started  	[MsgId: MMSG-26355]
Action.c(4): web_set_sockets_option was successful  	[MsgId: MMSG-26392]
Action.c(6): web_url("dashboard.do") started  	[MsgId: MMSG-26355]
Action.c(6): Error -27792: Failed to connect to server "av-pt-ferrari.accela.com:443": [10060] Connection timed out  	[MsgId: MERR-27792]
End auto log messages stack.	[MsgId: MMSG-10544]


Start auto log messages stack - Iteration 10.	[MsgId: MMSG-10545]
Starting action Action.	[MsgId: MMSG-15919]
Action.c(4): web_set_sockets_option started  	[MsgId: MMSG-26355]
Action.c(4): web_set_sockets_option was successful  	[MsgId: MMSG-26392]
Action.c(6): web_url("dashboard.do") started  	[MsgId: MMSG-26355]
Action.c(6): Redirecting "https://av-pt-ferrari.accela.com/portlets/spa/dashboard.do" (redirection depth is 0)  	[MsgId: MMSG-26694]
Action.c(6): To location "https://av-pt-ferrari.accela.com/ssoAdapter/loginAction.do?successURL=https%3A%2F%2Fav-pt-ferrari.accela.com%2Fportlets%2Fspa%2Fdashboard.do&SignOnModule="  	[MsgId: MMSG-26693]
Action.c(6): Error -27792: Failed to connect to server "av-pt-ferrari.accela.com:443": [10060] Connection timed out  	[MsgId: MERR-27792]
End auto log messages stack.	[MsgId: MMSG-10544]


Start auto log messages stack - Iteration 10.	[MsgId: MMSG-10545]
Starting action Action.	[MsgId: MMSG-15919]
Action.c(4): web_set_sockets_option started  	[MsgId: MMSG-26355]
Action.c(4): web_set_sockets_option was successful  	[MsgId: MMSG-26392]
Action.c(6): web_url("dashboard.do") started  	[MsgId: MMSG-26355]
Action.c(6): Error -27792: Failed to connect to server "av-pt-ferrari.accela.com:443": [10060] Connection timed out  	[MsgId: MERR-27792]
End auto log messages stack.	[MsgId: MMSG-10544]


End auto log messages stack.	[MsgId: MMSG-10544]


Start auto log messages stack - Iteration 9.	[MsgId: MMSG-10545]
Action.c(6): To location "https://av-pt-ferrari.accela.com/ssoAdapter/loginAction.do?successURL=https%3A%2F%2Fav-pt-ferrari.accela.com%2Fportlets%2Fspa%2Fdashboard.do&SignOnModule="  	[MsgId: MMSG-26693]
Action.c(6): web_url("dashboard.do") was successful, 187 body bytes, 1505 header bytes  	[MsgId: MMSG-26386]
Action.c(21): web_reg_save_param_regexp started  	[MsgId: MMSG-26355]
Action.c(21): Registering web_reg_save_param_regexp was successful  	[MsgId: MMSG-26390]
Action.c(36): web_reg_save_param_regexp started  	[MsgId: MMSG-26355]
Action.c(36): Registering web_reg_save_param_regexp was successful  	[MsgId: MMSG-26390]
Action.c(45): web_url("hostSignon.do") started  	[MsgId: MMSG-26355]
Action.c(45): Error -27792: Failed to connect to server "av-pt-ferrari.accela.com:443": [10060] Connection timed out  	[MsgId: MERR-27792]
Action.c(45): Error -35049: No match found for the requested parameter "requestToken". Check whether the requested regular expression exists in the response data  	[MsgId: MERR-35049]
Action.c(45): Error -35049: No match found for the requested parameter "requestLanguageToken". Check whether the requested regular expression exists in the response data  	[MsgId: MERR-35049]
End auto log messages stack.	[MsgId: MMSG-10544]


Start auto log messages stack - Iteration 10.	[MsgId: MMSG-10545]
Starting action Action.	[MsgId: MMSG-15919]
Action.c(4): web_set_sockets_option started  	[MsgId: MMSG-26355]
Action.c(4): web_set_sockets_option was successful  	[MsgId: MMSG-26392]
Action.c(6): web_url("dashboard.do") started  	[MsgId: MMSG-26355]
Action.c(6): Redirecting "https://av-pt-ferrari.accela.com/portlets/spa/dashboard.do" (redirection depth is 0)  	[MsgId: MMSG-26694]
Action.c(6): To location "https://av-pt-ferrari.accela.com/ssoAdapter/loginAction.do?successURL=https%3A%2F%2Fav-pt-ferrari.accela.com%2Fportlets%2Fspa%2Fdashboard.do&SignOnModule="  	[MsgId: MMSG-26693]
Action.c(6): ssl_handle_status encounter error : SSL_ERROR_SYSCALL, error id : 0  	[MsgId: MMSG-26000]
Action.c(6): Error -27776: [GENERAL_MSG_CAT_SSL_ERROR]read to host "av-pt-ferrari.accela.com" failed: [10053] Software caused connection abort  	[MsgId: MERR-27776]
Action.c(6): Error -27787: Server "av-pt-ferrari.accela.com" has shut down the connection prematurely  	[MsgId: MERR-27787]
End auto log messages stack.	[MsgId: MMSG-10544]


Start auto log messages stack - Iteration 9.	[MsgId: MMSG-10545]
Starting action Action.	[MsgId: MMSG-15919]
Action.c(4): web_set_sockets_option started  	[MsgId: MMSG-26355]
Action.c(4): web_set_sockets_option was successful  	[MsgId: MMSG-26392]
Action.c(6): web_url("dashboard.do") started  	[MsgId: MMSG-26355]
Action.c(6): Redirecting "https://av-pt-ferrari.accela.com/portlets/spa/dashboard.do" (redirection depth is 0)  	[MsgId: MMSG-26694]
Action.c(6): To location "https://av-pt-ferrari.accela.com/ssoAdapter/loginAction.do?successURL=https%3A%2F%2Fav-pt-ferrari.accela.com%2Fportlets%2Fspa%2Fdashboard.do&SignOnModule="  	[MsgId: MMSG-26693]
Action.c(6): ssl_handle_status encounter error : SSL_ERROR_SYSCALL, error id : 0  	[MsgId: MMSG-26000]
Action.c(6): Error -27776: [GENERAL_MSG_CAT_SSL_ERROR]read to host "av-pt-ferrari.accela.com" failed: [10053] Software caused connection abort  	[MsgId: MERR-27776]
Action.c(6): Error -27787: Server "av-pt-ferrari.accela.com" has shut down the connection prematurely  	[MsgId: MERR-27787]
End auto log messages stack.	[MsgId: MMSG-10544]


Start auto log messages stack - Iteration 9.	[MsgId: MMSG-10545]
Starting action Action.	[MsgId: MMSG-15919]
Action.c(4): web_set_sockets_option started  	[MsgId: MMSG-26355]
Action.c(4): web_set_sockets_option was successful  	[MsgId: MMSG-26392]
Action.c(6): web_url("dashboard.do") started  	[MsgId: MMSG-26355]
Action.c(6): Redirecting "https://av-pt-ferrari.accela.com/portlets/spa/dashboard.do" (redirection depth is 0)  	[MsgId: MMSG-26694]
Action.c(6): To location "https://av-pt-ferrari.accela.com/ssoAdapter/loginAction.do?successURL=https%3A%2F%2Fav-pt-ferrari.accela.com%2Fportlets%2Fspa%2Fdashboard.do&SignOnModule="  	[MsgId: MMSG-26693]
Action.c(6): ssl_handle_status encounter error : SSL_ERROR_SYSCALL, error id : 0  	[MsgId: MMSG-26000]
Action.c(6): Error -27776: [GENERAL_MSG_CAT_SSL_ERROR]connect to host "av-pt-ferrari.accela.com" failed: [10053] Software caused connection abort  	[MsgId: MERR-27776]
End auto log messages stack.	[MsgId: MMSG-10544]


