Start auto log messages stack - Iteration 1.	[MsgId: MMSG-10545]
Action.c(6): web_url("dashboard.do") was successful, 187 body bytes, 1150 header bytes  	[MsgId: MMSG-26386]
Action.c(21): web_reg_save_param_regexp started  	[MsgId: MMSG-26355]
Action.c(21): Registering web_reg_save_param_regexp was successful  	[MsgId: MMSG-26390]
Action.c(36): web_reg_save_param_regexp started  	[MsgId: MMSG-26355]
Action.c(36): Registering web_reg_save_param_regexp was successful  	[MsgId: MMSG-26390]
Action.c(45): web_url("hostSignon.do") started  	[MsgId: MMSG-26355]
Abort was called from an action.	[MsgId: MMSG-10447]
Ending Vuser...	[MsgId: MMSG-15966]
Starting action vuser_end.	[MsgId: MMSG-15919]
Ending action vuser_end.	[MsgId: MMSG-15918]
Vuser Terminated.	[MsgId: MMSG-15963]
Start auto log messages stack - Iteration 1.	[MsgId: MMSG-10545]
Action.c(374): web_submit_data("empty.jsp_3") started  	[MsgId: MMSG-26355]
Action.c(374): web_submit_data("empty.jsp_3") was successful, 79 body bytes, 551 header bytes  	[MsgId: MMSG-26386]
Action.c(384): Notify: Transaction "PASCO_TC1_03_Search_Record" ended with a "Pass" status (Duration: 18.8406 Wasted Time: 0.0007).	[MsgId: MMSG-16871]
Action.c(386): Notify: Transaction "PASCO_TC1_04_Record_Details" started.	[MsgId: MMSG-16999]
Action.c(388): web_url("session.do_8") started  	[MsgId: MMSG-26355]
Action.c(388): web_url("session.do_8") was successful, 56 body bytes, 535 header bytes  	[MsgId: MMSG-26386]
Action.c(397): web_url("CapTabSummary.do") started  	[MsgId: MMSG-26355]
Action.c(397): Notify: Transaction "PASCO_TC1_04_Record_Details" ended with a "Stop" status (Duration: 10.0613).	[MsgId: MMSG-16873]
Abort was called from an action.	[MsgId: MMSG-10447]
Ending Vuser...	[MsgId: MMSG-15966]
Starting action vuser_end.	[MsgId: MMSG-15919]
Ending action vuser_end.	[MsgId: MMSG-15918]
Vuser Terminated.	[MsgId: MMSG-15963]
Start auto log messages stack - Iteration 1.	[MsgId: MMSG-10545]
Action.c(374): web_submit_data("empty.jsp_3") started  	[MsgId: MMSG-26355]
Action.c(374): web_submit_data("empty.jsp_3") was successful, 79 body bytes, 551 header bytes  	[MsgId: MMSG-26386]
Action.c(384): Notify: Transaction "PASCO_TC1_03_Search_Record" ended with a "Pass" status (Duration: 14.7177 Wasted Time: 0.0007).	[MsgId: MMSG-16871]
Action.c(386): Notify: Transaction "PASCO_TC1_04_Record_Details" started.	[MsgId: MMSG-16999]
Action.c(388): web_url("session.do_8") started  	[MsgId: MMSG-26355]
Action.c(388): web_url("session.do_8") was successful, 56 body bytes, 535 header bytes  	[MsgId: MMSG-26386]
Action.c(397): web_url("CapTabSummary.do") started  	[MsgId: MMSG-26355]
Action.c(397): Notify: Transaction "PASCO_TC1_04_Record_Details" ended with a "Stop" status (Duration: 9.6260).	[MsgId: MMSG-16873]
Abort was called from an action.	[MsgId: MMSG-10447]
Ending Vuser...	[MsgId: MMSG-15966]
Starting action vuser_end.	[MsgId: MMSG-15919]
Ending action vuser_end.	[MsgId: MMSG-15918]
Vuser Terminated.	[MsgId: MMSG-15963]
