Start auto log messages stack - Iteration 1.	[MsgId: MMSG-10545]
Action.c(672): web_url("session.do_11") was successful, 56 body bytes, 535 header bytes  	[MsgId: MMSG-26386]
Action.c(682): Notify: Transaction "OSCEOLA_TC1_05_Record_Click_Record" ended with a "Pass" status (Duration: 2.7984).	[MsgId: MMSG-16873]
Action.c(686): Notify: Transaction "OSCEOLA_TC1_06_Record_SaveRecord" started.	[MsgId: MMSG-16999]
Action.c(688): web_url("session.do_12") started  	[MsgId: MMSG-26355]
Action.c(688): web_url("session.do_12") was successful, 56 body bytes, 535 header bytes  	[MsgId: MMSG-26386]
Action.c(698): web_custom_request("dataList.do") started  	[MsgId: MMSG-26355]
Action.c(698): web_custom_request("dataList.do") was successful, 33 body bytes, 528 header bytes  	[MsgId: MMSG-26386]
Action.c(713): web_submit_data("capDetail.do_2") started  	[MsgId: MMSG-26355]
Action.c(713): Error -27492: "HttpSendRequest" failed, Windows error code=12002 and retry limit (0) exceeded for URL="https://av-pt-ferrari.accela.com/portlets/cap/capDetail.do?module=Building"  	[MsgId: MERR-27492]
End auto log messages stack.	[MsgId: MMSG-10544]


Start auto log messages stack - Iteration 1.	[MsgId: MMSG-10545]
Action.c(672): web_url("session.do_11") was successful, 56 body bytes, 535 header bytes  	[MsgId: MMSG-26386]
Action.c(682): Notify: Transaction "OSCEOLA_TC1_05_Record_Click_Record" ended with a "Pass" status (Duration: 13.1593).	[MsgId: MMSG-16873]
Action.c(686): Notify: Transaction "OSCEOLA_TC1_06_Record_SaveRecord" started.	[MsgId: MMSG-16999]
Action.c(688): web_url("session.do_12") started  	[MsgId: MMSG-26355]
Action.c(688): web_url("session.do_12") was successful, 56 body bytes, 535 header bytes  	[MsgId: MMSG-26386]
Action.c(698): web_custom_request("dataList.do") started  	[MsgId: MMSG-26355]
Action.c(698): web_custom_request("dataList.do") was successful, 33 body bytes, 528 header bytes  	[MsgId: MMSG-26386]
Action.c(713): web_submit_data("capDetail.do_2") started  	[MsgId: MMSG-26355]
Action.c(713): Error -27492: "HttpSendRequest" failed, Windows error code=12002 and retry limit (0) exceeded for URL="https://av-pt-ferrari.accela.com/portlets/cap/capDetail.do?module=Building"  	[MsgId: MERR-27492]
End auto log messages stack.	[MsgId: MMSG-10544]


Start auto log messages stack - Iteration 1.	[MsgId: MMSG-10545]
Action.c(672): web_url("session.do_11") was successful, 56 body bytes, 535 header bytes  	[MsgId: MMSG-26386]
Action.c(682): Notify: Transaction "OSCEOLA_TC1_05_Record_Click_Record" ended with a "Pass" status (Duration: 30.3888).	[MsgId: MMSG-16873]
Action.c(686): Notify: Transaction "OSCEOLA_TC1_06_Record_SaveRecord" started.	[MsgId: MMSG-16999]
Action.c(688): web_url("session.do_12") started  	[MsgId: MMSG-26355]
Action.c(688): web_url("session.do_12") was successful, 56 body bytes, 535 header bytes  	[MsgId: MMSG-26386]
Action.c(698): web_custom_request("dataList.do") started  	[MsgId: MMSG-26355]
Action.c(698): web_custom_request("dataList.do") was successful, 33 body bytes, 528 header bytes  	[MsgId: MMSG-26386]
Action.c(713): web_submit_data("capDetail.do_2") started  	[MsgId: MMSG-26355]
Action.c(713): Error -27492: "HttpSendRequest" failed, Windows error code=12002 and retry limit (0) exceeded for URL="https://av-pt-ferrari.accela.com/portlets/cap/capDetail.do?module=Building"  	[MsgId: MERR-27492]
End auto log messages stack.	[MsgId: MMSG-10544]


Start auto log messages stack - Iteration 1.	[MsgId: MMSG-10545]
Action.c(328): web_submit_data("capSearch.do_2") was successful, 24250 body bytes, 2125 header bytes  	[MsgId: MMSG-26386]
Action.c(412): web_submit_data("empty.jsp_3") started  	[MsgId: MMSG-26355]
Action.c(412): web_submit_data("empty.jsp_3") was successful, 79 body bytes, 551 header bytes  	[MsgId: MMSG-26386]
Action.c(423): Notify: Transaction "OSCEOLA_TC1_03_Search_Record" ended with a "Pass" status (Duration: 1.2441 Wasted Time: 0.0007).	[MsgId: MMSG-16871]
Action.c(425): Notify: Transaction "OSCEOLA_TC1_04_Record_Details" started.	[MsgId: MMSG-16999]
Action.c(427): web_url("session.do_8") started  	[MsgId: MMSG-26355]
Action.c(427): web_url("session.do_8") was successful, 56 body bytes, 535 header bytes  	[MsgId: MMSG-26386]
Action.c(437): web_url("CapTabSummary.do") started  	[MsgId: MMSG-26355]
Action.c(437): Error -27492: "HttpSendRequest" failed, Windows error code=12002 and retry limit (0) exceeded for URL="https://av-pt-ferrari.accela.com/portlets/cap/capsummary/CapTabSummary.do?mode=tabSummary&serviceProviderCode=OSCEOLA&ID1=REC18&ID2=00000&ID3=00K2N&requireNotice=YES&clearForm=clearForm&module=Building&isFromCapList=true&isGeneralCAP=Y"  	[MsgId: MERR-27492]
End auto log messages stack.	[MsgId: MMSG-10544]


Start auto log messages stack - Iteration 1.	[MsgId: MMSG-10545]
Action.c(328): web_submit_data("capSearch.do_2") was successful, 24245 body bytes, 2125 header bytes  	[MsgId: MMSG-26386]
Action.c(412): web_submit_data("empty.jsp_3") started  	[MsgId: MMSG-26355]
Action.c(412): web_submit_data("empty.jsp_3") was successful, 79 body bytes, 551 header bytes  	[MsgId: MMSG-26386]
Action.c(423): Notify: Transaction "OSCEOLA_TC1_03_Search_Record" ended with a "Pass" status (Duration: 13.9200 Wasted Time: 0.0012).	[MsgId: MMSG-16871]
Action.c(425): Notify: Transaction "OSCEOLA_TC1_04_Record_Details" started.	[MsgId: MMSG-16999]
Action.c(427): web_url("session.do_8") started  	[MsgId: MMSG-26355]
Action.c(427): web_url("session.do_8") was successful, 56 body bytes, 535 header bytes  	[MsgId: MMSG-26386]
Action.c(437): web_url("CapTabSummary.do") started  	[MsgId: MMSG-26355]
Action.c(437): Error -27492: "HttpSendRequest" failed, Windows error code=12002 and retry limit (0) exceeded for URL="https://av-pt-ferrari.accela.com/portlets/cap/capsummary/CapTabSummary.do?mode=tabSummary&serviceProviderCode=OSCEOLA&ID1=REC18&ID2=00000&ID3=00K2N&requireNotice=YES&clearForm=clearForm&module=Building&isFromCapList=true&isGeneralCAP=Y"  	[MsgId: MERR-27492]
End auto log messages stack.	[MsgId: MMSG-10544]


Start auto log messages stack - Iteration 1.	[MsgId: MMSG-10545]
Start auto log messages stack - Iteration 2.	[MsgId: MMSG-10545]
Start auto log messages stack - Iteration 1.	[MsgId: MMSG-10545]
Action.c(288): web_submit_data("ajax.do_2") started  	[MsgId: MMSG-26355]
Action.c(328): web_submit_data("capSearch.do_2") was successful, 24250 body bytes, 2125 header bytes  	[MsgId: MMSG-26386]
Action.c(288): web_submit_data("ajax.do_2") was successful, 0 body bytes, 527 header bytes  	[MsgId: MMSG-26386]
Action.c(412): web_submit_data("empty.jsp_3") started  	[MsgId: MMSG-26355]
Action.c(209): web_url("myCAPDetailPortlet.jsp") was successful, 825880 body bytes, 19897 header bytes  	[MsgId: MMSG-26386]
Action.c(412): web_submit_data("empty.jsp_3") was successful, 79 body bytes, 551 header bytes  	[MsgId: MMSG-26386]
Action.c(299): Notify: Transaction "OSCEOLA_TC1_02_Click_Search" ended with a "Pass" status (Duration: 40.5379).	[MsgId: MMSG-16873]
Action.c(219): web_submit_data("empty.jsp") started  	[MsgId: MMSG-26355]
Action.c(219): web_submit_data("empty.jsp") was successful, 79 body bytes, 551 header bytes  	[MsgId: MMSG-26386]
Action.c(301): Notify: Transaction "OSCEOLA_TC1_03_Search_Record" started.	[MsgId: MMSG-16999]
Action.c(423): Notify: Transaction "OSCEOLA_TC1_03_Search_Record" ended with a "Pass" status (Duration: 24.4898 Wasted Time: 0.0010).	[MsgId: MMSG-16871]
Action.c(303): web_url("session.do_7") started  	[MsgId: MMSG-26355]
Action.c(230): Notify: Transaction "OSCEOLA_TC1_01_Click_Records" ended with a "Pass" status (Duration: 17.0585).	[MsgId: MMSG-16873]
Action.c(425): Notify: Transaction "OSCEOLA_TC1_04_Record_Details" started.	[MsgId: MMSG-16999]
Action.c(303): web_url("session.do_7") was successful, 56 body bytes, 535 header bytes  	[MsgId: MMSG-26386]
Action.c(234): Notify: Transaction "OSCEOLA_TC1_02_Click_Search" started.	[MsgId: MMSG-16999]
Action.c(319): web_reg_save_param_ex started  	[MsgId: MMSG-26355]
Action.c(427): web_url("session.do_8") started  	[MsgId: MMSG-26355]
Action.c(319): Registering web_reg_save_param_ex was successful  	[MsgId: MMSG-26390]
Action.c(427): web_url("session.do_8") was successful, 56 body bytes, 535 header bytes  	[MsgId: MMSG-26386]
Action.c(328): web_submit_data("capSearch.do_2") started  	[MsgId: MMSG-26355]
Action.c(236): web_url("session.do_6") started  	[MsgId: MMSG-26355]
Action.c(437): web_url("CapTabSummary.do") started  	[MsgId: MMSG-26355]
Action.c(328): Error -27492: "HttpSendRequest" failed, Windows error code=12002 and retry limit (0) exceeded for URL="https://av-pt-ferrari.accela.com/portlets/cap/capSearch.do?module=Building"  	[MsgId: MERR-27492]
Action.c(236): web_url("session.do_6") was successful, 56 body bytes, 535 header bytes  	[MsgId: MMSG-26386]
Action.c(437): Error -27492: "HttpSendRequest" failed, Windows error code=12002 and retry limit (0) exceeded for URL="https://av-pt-ferrari.accela.com/portlets/cap/capsummary/CapTabSummary.do?mode=tabSummary&serviceProviderCode=OSCEOLA&ID1=REC18&ID2=00000&ID3=00K2N&requireNotice=YES&clearForm=clearForm&module=Building&isFromCapList=true&isGeneralCAP=Y"  	[MsgId: MERR-27492]
Action.c(246): web_url("capSearch.do") started  	[MsgId: MMSG-26355]
Action.c(246): Error -27492: "HttpSendRequest" failed, Windows error code=12002 and retry limit (0) exceeded for URL="https://av-pt-ferrari.accela.com/portlets/cap/capSearch.do?mode=search&isFromSearch=true&isSearchButton=true&module=Building&isGeneralCAP=Y"  	[MsgId: MERR-27492]
End auto log messages stack.	[MsgId: MMSG-10544]


Action.c(328): Error -35061: No match found for the requested parameter "Param_ID3". Either the specified boundaries were not found in the response or the matched text is longer than current max html parameter size of 256 bytes. The total length of the response is 0 bytes. You can use "web_set_max_html_param_len" to increase the max parameter size.  	[MsgId: MERR-35061]
End auto log messages stack.	[MsgId: MMSG-10544]


End auto log messages stack.	[MsgId: MMSG-10544]


Start auto log messages stack - Iteration 1.	[MsgId: MMSG-10545]
Action.c(209): Detected non-resource "https://av-pt-ferrari.accela.com/portlets/framework/includes/error/blank.jsp?module=Building" in "https://av-pt-ferrari.accela.com/portlets/commons/cap/myCAPDetailPortlet.jsp?module=-select-"  	[MsgId: MMSG-26574]
Action.c(209): Detected non-resource "https://av-pt-ferrari.accela.com/portlets/framework/includes/error/blank.jsp?module=Building" in "https://av-pt-ferrari.accela.com/portlets/commons/cap/myCAPDetailPortlet.jsp?module=-select-"  	[MsgId: MMSG-26574]
Action.c(209): Found resource "https://av-pt-ferrari.accela.com/portlets/framework/includes/javascript/ac360base.js" in HTML "https://av-pt-ferrari.accela.com/portlets/commons/cap/myCAPDetailPortlet.jsp?module=-select-"  	[MsgId: MMSG-26659]
Action.c(209): Error -27492: "HttpSendRequest" failed, Windows error code=12002 and retry limit (0) exceeded for URL="https://av-pt-ferrari.accela.com/portlets/cap/capSearch.do?searchBy=ByCondition&height=270&mode=init&module=Building&cleanCapId=Y&isGeneralCAP=Y&supportMulAgencySearch=Y"  	[MsgId: MERR-27492]
End auto log messages stack.	[MsgId: MMSG-10544]


Start auto log messages stack - Iteration 1.	[MsgId: MMSG-10545]
Action.c(209): web_url("myCAPDetailPortlet.jsp") was successful, 825874 body bytes, 19897 header bytes  	[MsgId: MMSG-26386]
Action.c(219): web_submit_data("empty.jsp") started  	[MsgId: MMSG-26355]
Action.c(219): web_submit_data("empty.jsp") was successful, 79 body bytes, 551 header bytes  	[MsgId: MMSG-26386]
Action.c(230): Notify: Transaction "OSCEOLA_TC1_01_Click_Records" ended with a "Pass" status (Duration: 24.5010).	[MsgId: MMSG-16873]
Action.c(234): Notify: Transaction "OSCEOLA_TC1_02_Click_Search" started.	[MsgId: MMSG-16999]
Action.c(236): web_url("session.do_6") started  	[MsgId: MMSG-26355]
Action.c(236): web_url("session.do_6") was successful, 56 body bytes, 535 header bytes  	[MsgId: MMSG-26386]
Action.c(246): web_url("capSearch.do") started  	[MsgId: MMSG-26355]
Action.c(246): Error -27492: "HttpSendRequest" failed, Windows error code=12002 and retry limit (0) exceeded for URL="https://av-pt-ferrari.accela.com/portlets/cap/capSearch.do?mode=search&isFromSearch=true&isSearchButton=true&module=Building&isGeneralCAP=Y"  	[MsgId: MERR-27492]
End auto log messages stack.	[MsgId: MMSG-10544]


Start auto log messages stack - Iteration 1.	[MsgId: MMSG-10545]
Action.c(209): web_url("myCAPDetailPortlet.jsp") was successful, 825877 body bytes, 19897 header bytes  	[MsgId: MMSG-26386]
Action.c(219): web_submit_data("empty.jsp") started  	[MsgId: MMSG-26355]
Action.c(219): web_submit_data("empty.jsp") was successful, 79 body bytes, 551 header bytes  	[MsgId: MMSG-26386]
Action.c(230): Notify: Transaction "OSCEOLA_TC1_01_Click_Records" ended with a "Pass" status (Duration: 17.0796).	[MsgId: MMSG-16873]
Action.c(234): Notify: Transaction "OSCEOLA_TC1_02_Click_Search" started.	[MsgId: MMSG-16999]
Action.c(236): web_url("session.do_6") started  	[MsgId: MMSG-26355]
Action.c(236): web_url("session.do_6") was successful, 56 body bytes, 535 header bytes  	[MsgId: MMSG-26386]
Action.c(246): web_url("capSearch.do") started  	[MsgId: MMSG-26355]
Action.c(246): Error -27492: "HttpSendRequest" failed, Windows error code=12002 and retry limit (0) exceeded for URL="https://av-pt-ferrari.accela.com/portlets/cap/capSearch.do?mode=search&isFromSearch=true&isSearchButton=true&module=Building&isGeneralCAP=Y"  	[MsgId: MERR-27492]
End auto log messages stack.	[MsgId: MMSG-10544]


Start auto log messages stack - Iteration 2.	[MsgId: MMSG-10545]
Action.c(209): Detected non-resource "https://av-pt-ferrari.accela.com/portlets/framework/includes/error/blank.jsp?module=Building" in "https://av-pt-ferrari.accela.com/portlets/commons/cap/myCAPDetailPortlet.jsp?module=-select-"  	[MsgId: MMSG-26574]
Action.c(209): Detected non-resource "https://av-pt-ferrari.accela.com/portlets/framework/includes/error/blank.jsp?module=Building" in "https://av-pt-ferrari.accela.com/portlets/commons/cap/myCAPDetailPortlet.jsp?module=-select-"  	[MsgId: MMSG-26574]
Action.c(209): Found resource "https://av-pt-ferrari.accela.com/portlets/framework/includes/javascript/ac360base.js" in HTML "https://av-pt-ferrari.accela.com/portlets/commons/cap/myCAPDetailPortlet.jsp?module=-select-"  	[MsgId: MMSG-26659]
Action.c(209): Error -27492: "HttpSendRequest" failed, Windows error code=12002 and retry limit (0) exceeded for URL="https://av-pt-ferrari.accela.com/portlets/cap/capSearch.do?searchBy=ByCondition&height=270&mode=init&module=Building&cleanCapId=Y&isGeneralCAP=Y&supportMulAgencySearch=Y"  	[MsgId: MERR-27492]
End auto log messages stack.	[MsgId: MMSG-10544]


Start auto log messages stack - Iteration 1.	[MsgId: MMSG-10545]
Action.c(209): web_url("myCAPDetailPortlet.jsp") was successful, 825876 body bytes, 19897 header bytes  	[MsgId: MMSG-26386]
Action.c(219): web_submit_data("empty.jsp") started  	[MsgId: MMSG-26355]
Action.c(219): web_submit_data("empty.jsp") was successful, 79 body bytes, 551 header bytes  	[MsgId: MMSG-26386]
Action.c(230): Notify: Transaction "OSCEOLA_TC1_01_Click_Records" ended with a "Pass" status (Duration: 32.2283).	[MsgId: MMSG-16873]
Action.c(234): Notify: Transaction "OSCEOLA_TC1_02_Click_Search" started.	[MsgId: MMSG-16999]
Action.c(236): web_url("session.do_6") started  	[MsgId: MMSG-26355]
Action.c(236): web_url("session.do_6") was successful, 56 body bytes, 535 header bytes  	[MsgId: MMSG-26386]
Action.c(246): web_url("capSearch.do") started  	[MsgId: MMSG-26355]
Action.c(246): Error -27492: "HttpSendRequest" failed, Windows error code=12002 and retry limit (0) exceeded for URL="https://av-pt-ferrari.accela.com/portlets/cap/capSearch.do?mode=search&isFromSearch=true&isSearchButton=true&module=Building&isGeneralCAP=Y"  	[MsgId: MERR-27492]
End auto log messages stack.	[MsgId: MMSG-10544]


Start auto log messages stack - Iteration 2.	[MsgId: MMSG-10545]
Action.c(209): web_url("myCAPDetailPortlet.jsp") was successful, 825874 body bytes, 19897 header bytes  	[MsgId: MMSG-26386]
Action.c(219): web_submit_data("empty.jsp") started  	[MsgId: MMSG-26355]
Action.c(219): web_submit_data("empty.jsp") was successful, 79 body bytes, 551 header bytes  	[MsgId: MMSG-26386]
Action.c(230): Notify: Transaction "OSCEOLA_TC1_01_Click_Records" ended with a "Pass" status (Duration: 23.6657).	[MsgId: MMSG-16873]
Action.c(234): Notify: Transaction "OSCEOLA_TC1_02_Click_Search" started.	[MsgId: MMSG-16999]
Action.c(236): web_url("session.do_6") started  	[MsgId: MMSG-26355]
Action.c(236): web_url("session.do_6") was successful, 56 body bytes, 535 header bytes  	[MsgId: MMSG-26386]
Action.c(246): web_url("capSearch.do") started  	[MsgId: MMSG-26355]
Action.c(246): Error -27492: "HttpSendRequest" failed, Windows error code=12002 and retry limit (0) exceeded for URL="https://av-pt-ferrari.accela.com/portlets/cap/capSearch.do?mode=search&isFromSearch=true&isSearchButton=true&module=Building&isGeneralCAP=Y"  	[MsgId: MERR-27492]
End auto log messages stack.	[MsgId: MMSG-10544]


Start auto log messages stack - Iteration 1.	[MsgId: MMSG-10545]
Action.c(209): web_url("myCAPDetailPortlet.jsp") was successful, 825876 body bytes, 19897 header bytes  	[MsgId: MMSG-26386]
Action.c(219): web_submit_data("empty.jsp") started  	[MsgId: MMSG-26355]
Action.c(219): web_submit_data("empty.jsp") was successful, 79 body bytes, 551 header bytes  	[MsgId: MMSG-26386]
Action.c(230): Notify: Transaction "OSCEOLA_TC1_01_Click_Records" ended with a "Pass" status (Duration: 27.6820).	[MsgId: MMSG-16873]
Action.c(234): Notify: Transaction "OSCEOLA_TC1_02_Click_Search" started.	[MsgId: MMSG-16999]
Action.c(236): web_url("session.do_6") started  	[MsgId: MMSG-26355]
Action.c(236): web_url("session.do_6") was successful, 56 body bytes, 535 header bytes  	[MsgId: MMSG-26386]
Action.c(246): web_url("capSearch.do") started  	[MsgId: MMSG-26355]
Action.c(246): Error -27492: "HttpSendRequest" failed, Windows error code=12002 and retry limit (0) exceeded for URL="https://av-pt-ferrari.accela.com/portlets/cap/capSearch.do?mode=search&isFromSearch=true&isSearchButton=true&module=Building&isGeneralCAP=Y"  	[MsgId: MERR-27492]
End auto log messages stack.	[MsgId: MMSG-10544]


Start auto log messages stack - Iteration 2.	[MsgId: MMSG-10545]
Start auto log messages stack - Iteration 2.	[MsgId: MMSG-10545]
Start auto log messages stack - Iteration 1.	[MsgId: MMSG-10545]
Action.c(209): web_url("myCAPDetailPortlet.jsp") was successful, 825875 body bytes, 19897 header bytes  	[MsgId: MMSG-26386]
Action.c(209): Detected non-resource "https://av-pt-ferrari.accela.com/portlets/framework/includes/error/blank.jsp?module=Building" in "https://av-pt-ferrari.accela.com/portlets/commons/cap/myCAPDetailPortlet.jsp?module=-select-"  	[MsgId: MMSG-26574]
Action.c(219): web_submit_data("empty.jsp") started  	[MsgId: MMSG-26355]
Action.c(209): Detected non-resource "https://av-pt-ferrari.accela.com/portlets/framework/includes/error/blank.jsp?module=Building" in "https://av-pt-ferrari.accela.com/portlets/commons/cap/myCAPDetailPortlet.jsp?module=-select-"  	[MsgId: MMSG-26574]
Action.c(209): Found resource "https://av-pt-ferrari.accela.com/portlets/framework/includes/javascript/ac360base.js" in HTML "https://av-pt-ferrari.accela.com/portlets/commons/cap/myCAPDetailPortlet.jsp?module=-select-"  	[MsgId: MMSG-26659]
Action.c(219): web_submit_data("empty.jsp") was successful, 79 body bytes, 551 header bytes  	[MsgId: MMSG-26386]
Action.c(209): Error -27492: "HttpSendRequest" failed, Windows error code=12002 and retry limit (0) exceeded for URL="https://av-pt-ferrari.accela.com/portlets/cap/capSearch.do?searchBy=ByCondition&height=270&mode=init&module=Building&cleanCapId=Y&isGeneralCAP=Y&supportMulAgencySearch=Y"  	[MsgId: MERR-27492]
Action.c(230): Notify: Transaction "OSCEOLA_TC1_01_Click_Records" ended with a "Pass" status (Duration: 26.7483).	[MsgId: MMSG-16873]
Action.c(234): Notify: Transaction "OSCEOLA_TC1_02_Click_Search" started.	[MsgId: MMSG-16999]
Action.c(236): web_url("session.do_6") started  	[MsgId: MMSG-26355]
Action.c(236): web_url("session.do_6") was successful, 56 body bytes, 535 header bytes  	[MsgId: MMSG-26386]
Action.c(246): web_url("capSearch.do") started  	[MsgId: MMSG-26355]
Action.c(246): Error -27492: "HttpSendRequest" failed, Windows error code=12002 and retry limit (0) exceeded for URL="https://av-pt-ferrari.accela.com/portlets/cap/capSearch.do?mode=search&isFromSearch=true&isSearchButton=true&module=Building&isGeneralCAP=Y"  	[MsgId: MERR-27492]
Action.c(328): web_submit_data("capSearch.do_2") was successful, 24249 body bytes, 2125 header bytes  	[MsgId: MMSG-26386]
Action.c(412): web_submit_data("empty.jsp_3") started  	[MsgId: MMSG-26355]
End auto log messages stack.	[MsgId: MMSG-10544]


Action.c(412): web_submit_data("empty.jsp_3") was successful, 79 body bytes, 551 header bytes  	[MsgId: MMSG-26386]
Action.c(423): Notify: Transaction "OSCEOLA_TC1_03_Search_Record" ended with a "Pass" status (Duration: 26.8629 Wasted Time: 0.0007).	[MsgId: MMSG-16871]
Action.c(425): Notify: Transaction "OSCEOLA_TC1_04_Record_Details" started.	[MsgId: MMSG-16999]
End auto log messages stack.	[MsgId: MMSG-10544]
Action.c(427): web_url("session.do_8") started  	[MsgId: MMSG-26355]
Action.c(427): web_url("session.do_8") was successful, 56 body bytes, 535 header bytes  	[MsgId: MMSG-26386]


Action.c(437): web_url("CapTabSummary.do") started  	[MsgId: MMSG-26355]
Action.c(437): Error -27492: "HttpSendRequest" failed, Windows error code=12002 and retry limit (0) exceeded for URL="https://av-pt-ferrari.accela.com/portlets/cap/capsummary/CapTabSummary.do?mode=tabSummary&serviceProviderCode=OSCEOLA&ID1=REC18&ID2=00000&ID3=00K2N&requireNotice=YES&clearForm=clearForm&module=Building&isFromCapList=true&isGeneralCAP=Y"  	[MsgId: MERR-27492]
End auto log messages stack.	[MsgId: MMSG-10544]


Start auto log messages stack - Iteration 2.	[MsgId: MMSG-10545]
Action.c(72): web_submit_data("hostSignon.do_2") started  	[MsgId: MMSG-26355]
Action.c(72): web_submit_data("hostSignon.do_2") was successful, 98 body bytes, 988 header bytes  	[MsgId: MMSG-26386]
Action.c(95): web_url("dashboard.do_2") started  	[MsgId: MMSG-26355]
Action.c(95): Detected non-resource "https://av-pt-ferrari.accela.com/portlets/spa/dashboard.do" in "https://av-pt-ferrari.accela.com/portlets/spa/dashboard.do"  	[MsgId: MMSG-26574]
Action.c(95): Found resource "https://av-pt-ferrari.accela.com/security/auth.do?signOffScript=https://av-pt-ferrari.accela.com/portlets/security/signout.do&switchAgencyScript=https://av-pt-ferrari.accela.com/portlets/commons/sso/blank.jsp&CSRF_REQ_PARAM=" in HTML "https://av-pt-ferrari.accela.com/portlets/spa/dashboard.do"  	[MsgId: MMSG-26659]
Action.c(95): Error -27492: "HttpSendRequest" failed, Windows error code=12002 and retry limit (0) exceeded for URL="https://av-pt-ferrari.accela.com/portlets/spa/dashboard.do"  	[MsgId: MERR-27492]
End auto log messages stack.	[MsgId: MMSG-10544]


Start auto log messages stack - Iteration 2.	[MsgId: MMSG-10545]
Action.c(72): web_submit_data("hostSignon.do_2") started  	[MsgId: MMSG-26355]
Action.c(72): web_submit_data("hostSignon.do_2") was successful, 98 body bytes, 988 header bytes  	[MsgId: MMSG-26386]
Action.c(95): web_url("dashboard.do_2") started  	[MsgId: MMSG-26355]
Action.c(95): Detected non-resource "https://av-pt-ferrari.accela.com/portlets/spa/dashboard.do" in "https://av-pt-ferrari.accela.com/portlets/spa/dashboard.do"  	[MsgId: MMSG-26574]
Action.c(95): Found resource "https://av-pt-ferrari.accela.com/security/auth.do?signOffScript=https://av-pt-ferrari.accela.com/portlets/security/signout.do&switchAgencyScript=https://av-pt-ferrari.accela.com/portlets/commons/sso/blank.jsp&CSRF_REQ_PARAM=" in HTML "https://av-pt-ferrari.accela.com/portlets/spa/dashboard.do"  	[MsgId: MMSG-26659]
Action.c(95): Error -27492: "HttpSendRequest" failed, Windows error code=12002 and retry limit (0) exceeded for URL="https://av-pt-ferrari.accela.com/portlets/spa/dashboard.do"  	[MsgId: MERR-27492]
End auto log messages stack.	[MsgId: MMSG-10544]


Start auto log messages stack - Iteration 2.	[MsgId: MMSG-10545]
Action.c(46): web_url("hostSignon.do") highest severity level was "warning", 451867 body bytes, 6740 header bytes  	[MsgId: MMSG-26388]
Action.c(58): Notify: Transaction "OSCEOLA_Login" started.	[MsgId: MMSG-16999]
Action.c(60): web_custom_request("loginAction.do") started  	[MsgId: MMSG-26355]
Action.c(60): web_custom_request("loginAction.do") was successful, 23 body bytes, 264 header bytes  	[MsgId: MMSG-26386]
Action.c(72): web_submit_data("hostSignon.do_2") started  	[MsgId: MMSG-26355]
Action.c(72): web_submit_data("hostSignon.do_2") was successful, 98 body bytes, 988 header bytes  	[MsgId: MMSG-26386]
Action.c(95): web_url("dashboard.do_2") started  	[MsgId: MMSG-26355]
Action.c(95): Error -27492: "HttpSendRequest" failed, Windows error code=12002 and retry limit (0) exceeded for URL="https://av-pt-ferrari.accela.com/portlets/spa/dashboard.do"  	[MsgId: MERR-27492]
End auto log messages stack.	[MsgId: MMSG-10544]


Start auto log messages stack - Iteration 2.	[MsgId: MMSG-10545]
Action.c(46): Found resource "https://www.accela.com/ext/web/aa/assets/aalogin_header.gif" in HTML "https://www.accela.com/ext/web/aa/header.htm"  	[MsgId: MMSG-26659]
Action.c(46): Found resource "https://www.accela.com/ext/web/aa/assets/spacer.gif" in HTML "https://www.accela.com/ext/web/aa/header.htm"  	[MsgId: MMSG-26659]
Action.c(46): web_url("hostSignon.do") highest severity level was "warning", 451867 body bytes, 6740 header bytes  	[MsgId: MMSG-26388]
Action.c(58): Notify: Transaction "OSCEOLA_Login" started.	[MsgId: MMSG-16999]
Action.c(60): web_custom_request("loginAction.do") started  	[MsgId: MMSG-26355]
Action.c(60): web_custom_request("loginAction.do") was successful, 23 body bytes, 264 header bytes  	[MsgId: MMSG-26386]
Action.c(72): web_submit_data("hostSignon.do_2") started  	[MsgId: MMSG-26355]
Action.c(72): Error -27492: "HttpSendRequest" failed, Windows error code=12002 and retry limit (0) exceeded for URL="https://av-pt-ferrari.accela.com/security/hostSignon.do?hostSignOn=true"  	[MsgId: MERR-27492]
End auto log messages stack.	[MsgId: MMSG-10544]


Start auto log messages stack - Iteration 2.	[MsgId: MMSG-10545]
Action.c(46): Found resource "https://www.accela.com/ext/web/aa/assets/aalogin_header.gif" in HTML "https://www.accela.com/ext/web/aa/header.htm"  	[MsgId: MMSG-26659]
Action.c(46): Found resource "https://www.accela.com/ext/web/aa/assets/spacer.gif" in HTML "https://www.accela.com/ext/web/aa/header.htm"  	[MsgId: MMSG-26659]
Action.c(46): web_url("hostSignon.do") highest severity level was "warning", 451866 body bytes, 6740 header bytes  	[MsgId: MMSG-26388]
Action.c(58): Notify: Transaction "OSCEOLA_Login" started.	[MsgId: MMSG-16999]
Action.c(60): web_custom_request("loginAction.do") started  	[MsgId: MMSG-26355]
Action.c(60): web_custom_request("loginAction.do") was successful, 23 body bytes, 264 header bytes  	[MsgId: MMSG-26386]
Action.c(72): web_submit_data("hostSignon.do_2") started  	[MsgId: MMSG-26355]
Action.c(72): Error -27492: "HttpSendRequest" failed, Windows error code=12002 and retry limit (0) exceeded for URL="https://av-pt-ferrari.accela.com/security/hostSignon.do?hostSignOn=true"  	[MsgId: MERR-27492]
End auto log messages stack.	[MsgId: MMSG-10544]


Start auto log messages stack - Iteration 2.	[MsgId: MMSG-10545]
Action.c(209): Detected non-resource "https://av-pt-ferrari.accela.com/portlets/framework/includes/error/blank.jsp?module=Building" in "https://av-pt-ferrari.accela.com/portlets/commons/cap/myCAPDetailPortlet.jsp?module=-select-"  	[MsgId: MMSG-26574]
Action.c(209): Detected non-resource "https://av-pt-ferrari.accela.com/portlets/framework/includes/error/blank.jsp?module=Building" in "https://av-pt-ferrari.accela.com/portlets/commons/cap/myCAPDetailPortlet.jsp?module=-select-"  	[MsgId: MMSG-26574]
Action.c(209): Found resource "https://av-pt-ferrari.accela.com/portlets/framework/includes/javascript/ac360base.js" in HTML "https://av-pt-ferrari.accela.com/portlets/commons/cap/myCAPDetailPortlet.jsp?module=-select-"  	[MsgId: MMSG-26659]
Action.c(209): Error -27492: "HttpSendRequest" failed, Windows error code=12002 and retry limit (0) exceeded for URL="https://av-pt-ferrari.accela.com/portlets/cap/capSearch.do?searchBy=ByCondition&height=270&mode=init&module=Building&cleanCapId=Y&isGeneralCAP=Y&supportMulAgencySearch=Y"  	[MsgId: MERR-27492]
End auto log messages stack.	[MsgId: MMSG-10544]


Start auto log messages stack - Iteration 2.	[MsgId: MMSG-10545]
Action.c(46): Found resource "https://www.accela.com/ext/web/aa/assets/aalogin_header.gif" in HTML "https://www.accela.com/ext/web/aa/header.htm"  	[MsgId: MMSG-26659]
Action.c(46): Found resource "https://www.accela.com/ext/web/aa/assets/spacer.gif" in HTML "https://www.accela.com/ext/web/aa/header.htm"  	[MsgId: MMSG-26659]
Action.c(46): web_url("hostSignon.do") highest severity level was "warning", 451866 body bytes, 6740 header bytes  	[MsgId: MMSG-26388]
Action.c(58): Notify: Transaction "OSCEOLA_Login" started.	[MsgId: MMSG-16999]
Action.c(60): web_custom_request("loginAction.do") started  	[MsgId: MMSG-26355]
Action.c(60): web_custom_request("loginAction.do") was successful, 23 body bytes, 264 header bytes  	[MsgId: MMSG-26386]
Action.c(72): web_submit_data("hostSignon.do_2") started  	[MsgId: MMSG-26355]
Action.c(72): Error -27492: "HttpSendRequest" failed, Windows error code=12002 and retry limit (0) exceeded for URL="https://av-pt-ferrari.accela.com/security/hostSignon.do?hostSignOn=true"  	[MsgId: MERR-27492]
End auto log messages stack.	[MsgId: MMSG-10544]


Start auto log messages stack - Iteration 3.	[MsgId: MMSG-10545]
Action.c(46): Found resource "https://www.accela.com/ext/web/aa/assets/aalogin_header.gif" in HTML "https://www.accela.com/ext/web/aa/header.htm"  	[MsgId: MMSG-26659]
Action.c(46): Found resource "https://www.accela.com/ext/web/aa/assets/spacer.gif" in HTML "https://www.accela.com/ext/web/aa/header.htm"  	[MsgId: MMSG-26659]
Action.c(46): web_url("hostSignon.do") highest severity level was "warning", 451868 body bytes, 6740 header bytes  	[MsgId: MMSG-26388]
Action.c(58): Notify: Transaction "OSCEOLA_Login" started.	[MsgId: MMSG-16999]
Action.c(60): web_custom_request("loginAction.do") started  	[MsgId: MMSG-26355]
Action.c(60): web_custom_request("loginAction.do") was successful, 23 body bytes, 264 header bytes  	[MsgId: MMSG-26386]
Action.c(72): web_submit_data("hostSignon.do_2") started  	[MsgId: MMSG-26355]
Action.c(72): Error -27492: "HttpSendRequest" failed, Windows error code=12002 and retry limit (0) exceeded for URL="https://av-pt-ferrari.accela.com/security/hostSignon.do?hostSignOn=true"  	[MsgId: MERR-27492]
End auto log messages stack.	[MsgId: MMSG-10544]


Start auto log messages stack - Iteration 2.	[MsgId: MMSG-10545]
Action.c(46): Found resource "https://www.accela.com/ext/web/aa/assets/aalogin_header.gif" in HTML "https://www.accela.com/ext/web/aa/header.htm"  	[MsgId: MMSG-26659]
Action.c(46): Found resource "https://www.accela.com/ext/web/aa/assets/spacer.gif" in HTML "https://www.accela.com/ext/web/aa/header.htm"  	[MsgId: MMSG-26659]
Action.c(46): web_url("hostSignon.do") highest severity level was "warning", 451867 body bytes, 6740 header bytes  	[MsgId: MMSG-26388]
Action.c(58): Notify: Transaction "OSCEOLA_Login" started.	[MsgId: MMSG-16999]
Action.c(60): web_custom_request("loginAction.do") started  	[MsgId: MMSG-26355]
Action.c(60): web_custom_request("loginAction.do") was successful, 23 body bytes, 264 header bytes  	[MsgId: MMSG-26386]
Action.c(72): web_submit_data("hostSignon.do_2") started  	[MsgId: MMSG-26355]
Action.c(72): Error -27492: "HttpSendRequest" failed, Windows error code=12002 and retry limit (0) exceeded for URL="https://av-pt-ferrari.accela.com/security/hostSignon.do?hostSignOn=true"  	[MsgId: MERR-27492]
End auto log messages stack.	[MsgId: MMSG-10544]


Start auto log messages stack - Iteration 3.	[MsgId: MMSG-10545]
Action.c(209): Detected non-resource "https://av-pt-ferrari.accela.com/portlets/framework/includes/error/blank.jsp?module=Building" in "https://av-pt-ferrari.accela.com/portlets/commons/cap/myCAPDetailPortlet.jsp?module=-select-"  	[MsgId: MMSG-26574]
Action.c(209): Detected non-resource "https://av-pt-ferrari.accela.com/portlets/framework/includes/error/blank.jsp?module=Building" in "https://av-pt-ferrari.accela.com/portlets/commons/cap/myCAPDetailPortlet.jsp?module=-select-"  	[MsgId: MMSG-26574]
Action.c(209): Found resource "https://av-pt-ferrari.accela.com/portlets/framework/includes/javascript/ac360base.js" in HTML "https://av-pt-ferrari.accela.com/portlets/commons/cap/myCAPDetailPortlet.jsp?module=-select-"  	[MsgId: MMSG-26659]
Action.c(209): Error -27492: "HttpSendRequest" failed, Windows error code=12002 and retry limit (0) exceeded for URL="https://av-pt-ferrari.accela.com/portlets/cap/capSearch.do?searchBy=ByCondition&height=270&mode=init&module=Building&cleanCapId=Y&isGeneralCAP=Y&supportMulAgencySearch=Y"  	[MsgId: MERR-27492]
End auto log messages stack.	[MsgId: MMSG-10544]


Start auto log messages stack - Iteration 3.	[MsgId: MMSG-10545]
Action.c(447): web_submit_data("ajax.do_3") was successful, 10 body bytes, 528 header bytes  	[MsgId: MMSG-26386]
Action.c(458): web_submit_data("empty.jsp_4") started  	[MsgId: MMSG-26355]
Action.c(458): web_submit_data("empty.jsp_4") was successful, 79 body bytes, 551 header bytes  	[MsgId: MMSG-26386]
Action.c(469): web_url("blank.jsp_2") started  	[MsgId: MMSG-26355]
Action.c(469): Resource "https://av-pt-ferrari.accela.com/portlets/framework/includes/javascript/ac360base.js" is in the cache already and will not be downloaded again  	[MsgId: MMSG-26655]
Action.c(469): web_url("blank.jsp_2") was successful, 259 body bytes, 616 header bytes  	[MsgId: MMSG-26386]
Action.c(479): web_custom_request("tabRecordCount.do") started  	[MsgId: MMSG-26355]
Action.c(479): Error -27492: "HttpSendRequest" failed, Windows error code=12002 and retry limit (0) exceeded for URL="https://av-pt-ferrari.accela.com/portlets/cap/tabRecordCount.do?module=Building&ID1=REC18&ID2=00000&ID3=00K2N&xmlin=%3Croot%3E%3CcountID%3E5%3C/countID%3E%3CcountID%3E6%3C/countID%3E%3CcountID%3E2%3C/countID%3E%3CcountID%3E134%3C/countID%3E%3CcountID%3E16%3C/countID%3E%3CcountID%3E23%3C/countID%3E%3CcountID%3E415%3C/countID%3E%3CcountID%3E17%3C/countID%3E%3CcountID%3E397%3C/countID%3E%3CcountID%3E456%3C/countID%3E%3CcountID%3E1%3C/countID%3E%3CcountID%3E378%3C/countID%3E%3CcountID%3E21%3C/countID%3E%3CcountID%3E226%3C/countID%3E%3CcountID%3E372%3C/countID%3E%3CcountID%3E24%3C/countID%3E%3CcountID%3E379%3C/countID%3E%3CcountID%3E10%3C/countID%3E%3CcountID%3E133%3C/countID%3E%3CcountID%3E8%3C/countID%3E%3CcountID%3E19%3C/countID%3E%3CcountID%3E373%3C/countID%3E%3CcountID%3E14%3C/countID%3E%3CcountID%3E12%3C/countID%3E%3CcountID%3E13%3C/countID%3E%3CcountID%3E371%3C/countID%3E%3CcountID%3E27%3C/countID%3E%3CcountID%3E404%3C/countID%3E%3CcountID%3E360%3C/countID%3E%3CcountID%3E3%3C/countID%3E%3CcountID%3E152%3C/countID%3E%3CcountID%3E303%3C/countID%3E%3CcountID%3E4%3C/countID%3E%3C/root%3E"  	[MsgId: MERR-27492]
End auto log messages stack.	[MsgId: MMSG-10544]


Start auto log messages stack - Iteration 2.	[MsgId: MMSG-10545]
Action.c(1040): web_url("workflow.do") started  	[MsgId: MMSG-26355]
Action.c(1040): web_url("workflow.do") was successful, 53 body bytes, 535 header bytes  	[MsgId: MMSG-26386]
Action.c(1050): web_url("workflow.do_2") started  	[MsgId: MMSG-26355]
Action.c(1050): web_url("workflow.do_2") was successful, 13346 body bytes, 543 header bytes  	[MsgId: MMSG-26386]
Action.c(1060): web_submit_data("empty.jsp_9") started  	[MsgId: MMSG-26355]
Action.c(1060): web_submit_data("empty.jsp_9") was successful, 79 body bytes, 551 header bytes  	[MsgId: MMSG-26386]
Action.c(1071): web_custom_request("tabRecordCount.do_9") started  	[MsgId: MMSG-26355]
Action.c(1071): Error -27492: "HttpSendRequest" failed, Windows error code=12002 and retry limit (0) exceeded for URL="https://av-pt-ferrari.accela.com/portlets/cap/tabRecordCount.do?module=Building&ID1=REC18&ID2=00000&ID3=00K2N&xmlin=%3Croot%3E%3CcountID%3E5%3C/countID%3E%3CcountID%3E6%3C/countID%3E%3CcountID%3E2%3C/countID%3E%3CcountID%3E134%3C/countID%3E%3CcountID%3E16%3C/countID%3E%3CcountID%3E23%3C/countID%3E%3CcountID%3E415%3C/countID%3E%3CcountID%3E17%3C/countID%3E%3CcountID%3E397%3C/countID%3E%3CcountID%3E456%3C/countID%3E%3CcountID%3E1%3C/countID%3E%3CcountID%3E378%3C/countID%3E%3CcountID%3E21%3C/countID%3E%3CcountID%3E226%3C/countID%3E%3CcountID%3E372%3C/countID%3E%3CcountID%3E24%3C/countID%3E%3CcountID%3E379%3C/countID%3E%3CcountID%3E10%3C/countID%3E%3CcountID%3E133%3C/countID%3E%3CcountID%3E8%3C/countID%3E%3CcountID%3E19%3C/countID%3E%3CcountID%3E373%3C/countID%3E%3CcountID%3E14%3C/countID%3E%3CcountID%3E12%3C/countID%3E%3CcountID%3E13%3C/countID%3E%3CcountID%3E371%3C/countID%3E%3CcountID%3E27%3C/countID%3E%3CcountID%3E404%3C/countID%3E%3CcountID%3E360%3C/countID%3E%3CcountID%3E3%3C/countID%3E%3CcountID%3E152%3C/countID%3E%3CcountID%3E303%3C/countID%3E%3CcountID%3E4%3C/countID%3E%3C/root%3E"  	[MsgId: MERR-27492]
End auto log messages stack.	[MsgId: MMSG-10544]


Start auto log messages stack - Iteration 3.	[MsgId: MMSG-10545]
Start auto log messages stack - Iteration 2.	[MsgId: MMSG-10545]
Action.c(964): web_custom_request("tabRecordCount.do_8") was successful, 77 body bytes, 567 header bytes  	[MsgId: MMSG-26386]
Action.c(1050): web_url("workflow.do_2") started  	[MsgId: MMSG-26355]
Action.c(976): web_url("session.do_14") started  	[MsgId: MMSG-26355]
Action.c(1050): web_url("workflow.do_2") was successful, 13346 body bytes, 543 header bytes  	[MsgId: MMSG-26386]
Action.c(976): web_url("session.do_14") was successful, 56 body bytes, 535 header bytes  	[MsgId: MMSG-26386]
Action.c(1060): web_submit_data("empty.jsp_9") started  	[MsgId: MMSG-26355]
Action.c(1060): web_submit_data("empty.jsp_9") was successful, 79 body bytes, 551 header bytes  	[MsgId: MMSG-26386]
Action.c(986): Notify: Transaction "OSCEOLA_TC1_07_Click_AppHistory" ended with a "Pass" status (Duration: 52.0314).	[MsgId: MMSG-16873]
Action.c(1071): web_custom_request("tabRecordCount.do_9") started  	[MsgId: MMSG-26355]
Action.c(1071): web_custom_request("tabRecordCount.do_9") was successful, 196 body bytes, 622 header bytes  	[MsgId: MMSG-26386]
Action.c(990): Notify: Transaction "OSCEOLA_TC1_08_Click_WorkFlow" started.	[MsgId: MMSG-16999]
Action.c(1084): web_custom_request("tabRecordCount.do_10") started  	[MsgId: MMSG-26355]
Action.c(992): web_url("session.do_15") started  	[MsgId: MMSG-26355]
Action.c(1084): Error -27492: "HttpSendRequest" failed, Windows error code=12002 and retry limit (0) exceeded for URL="https://av-pt-ferrari.accela.com/portlets/cap/tabRecordCount.do?module=Building&ID1=REC18&ID2=00000&ID3=00K2N&xmlin=%3Croot%3E%3CcountID%3E18%3C/countID%3E%3C/root%3E"  	[MsgId: MERR-27492]
Action.c(992): web_url("session.do_15") was successful, 56 body bytes, 535 header bytes  	[MsgId: MMSG-26386]
Action.c(1004): web_url("workflowStatusList.do") started  	[MsgId: MMSG-26355]
Action.c(1004): Error -27492: "HttpSendRequest" failed, Windows error code=12002 and retry limit (0) exceeded for URL="https://av-pt-ferrari.accela.com/portlets/workflow/workflowStatusList.do?module=Building"  	[MsgId: MERR-27492]
End auto log messages stack.	[MsgId: MMSG-10544]
End auto log messages stack.	[MsgId: MMSG-10544]




Start auto log messages stack - Iteration 3.	[MsgId: MMSG-10545]
Action.c(838): web_custom_request("tabRecordCount.do_5") was successful, 196 body bytes, 622 header bytes  	[MsgId: MMSG-26386]
Action.c(851): web_custom_request("tabRecordCount.do_6") started  	[MsgId: MMSG-26355]
Action.c(851): web_custom_request("tabRecordCount.do_6") was successful, 77 body bytes, 567 header bytes  	[MsgId: MMSG-26386]
Action.c(863): Notify: Transaction "OSCEOLA_TC1_06_Record_SaveRecord" ended with a "Pass" status (Duration: 43.0798).	[MsgId: MMSG-16873]
Action.c(865): Notify: Transaction "OSCEOLA_TC1_07_Click_AppHistory" started.	[MsgId: MMSG-16999]
Action.c(867): web_url("session.do_13") started  	[MsgId: MMSG-26355]
Action.c(867): web_url("session.do_13") was successful, 56 body bytes, 535 header bytes  	[MsgId: MMSG-26386]
Action.c(877): web_url("appSpecInfoForm.do") started  	[MsgId: MMSG-26355]
Action.c(877): Error -27492: "HttpSendRequest" failed, Windows error code=12002 and retry limit (0) exceeded for URL="https://av-pt-ferrari.accela.com/portlets/appspecinfo/appSpecInfoForm.do?mode=view&singleMode=Building+Roofing_SCREEN_NAME_SCREEN_LABEL_SPLIT_Application+Information_SCREEN_NAME_SCREEN_LABEL_SPLIT_BLD_COM_ROOF&module=Building&fromTab=Y"  	[MsgId: MERR-27492]
End auto log messages stack.	[MsgId: MMSG-10544]


Start auto log messages stack - Iteration 3.	[MsgId: MMSG-10545]
Action.c(328): web_submit_data("capSearch.do_2") was successful, 24251 body bytes, 2125 header bytes  	[MsgId: MMSG-26386]
Action.c(412): web_submit_data("empty.jsp_3") started  	[MsgId: MMSG-26355]
Action.c(412): web_submit_data("empty.jsp_3") was successful, 79 body bytes, 551 header bytes  	[MsgId: MMSG-26386]
Action.c(423): Notify: Transaction "OSCEOLA_TC1_03_Search_Record" ended with a "Pass" status (Duration: 47.4470 Wasted Time: 0.0009).	[MsgId: MMSG-16871]
Action.c(425): Notify: Transaction "OSCEOLA_TC1_04_Record_Details" started.	[MsgId: MMSG-16999]
Action.c(427): web_url("session.do_8") started  	[MsgId: MMSG-26355]
Action.c(427): web_url("session.do_8") was successful, 56 body bytes, 535 header bytes  	[MsgId: MMSG-26386]
Action.c(437): web_url("CapTabSummary.do") started  	[MsgId: MMSG-26355]
Action.c(437): Error -27492: "HttpSendRequest" failed, Windows error code=12002 and retry limit (0) exceeded for URL="https://av-pt-ferrari.accela.com/portlets/cap/capsummary/CapTabSummary.do?mode=tabSummary&serviceProviderCode=OSCEOLA&ID1=REC18&ID2=00000&ID3=00K2N&requireNotice=YES&clearForm=clearForm&module=Building&isFromCapList=true&isGeneralCAP=Y"  	[MsgId: MERR-27492]
End auto log messages stack.	[MsgId: MMSG-10544]


Start auto log messages stack - Iteration 4.	[MsgId: MMSG-10545]
Action.c(209): web_url("myCAPDetailPortlet.jsp") was successful, 825876 body bytes, 19897 header bytes  	[MsgId: MMSG-26386]
Action.c(219): web_submit_data("empty.jsp") started  	[MsgId: MMSG-26355]
Action.c(219): web_submit_data("empty.jsp") was successful, 79 body bytes, 551 header bytes  	[MsgId: MMSG-26386]
Action.c(230): Notify: Transaction "OSCEOLA_TC1_01_Click_Records" ended with a "Pass" status (Duration: 18.8455).	[MsgId: MMSG-16873]
Action.c(234): Notify: Transaction "OSCEOLA_TC1_02_Click_Search" started.	[MsgId: MMSG-16999]
Action.c(236): web_url("session.do_6") started  	[MsgId: MMSG-26355]
Action.c(236): web_url("session.do_6") was successful, 56 body bytes, 535 header bytes  	[MsgId: MMSG-26386]
Action.c(246): web_url("capSearch.do") started  	[MsgId: MMSG-26355]
Action.c(246): Error -27492: "HttpSendRequest" failed, Windows error code=12002 and retry limit (0) exceeded for URL="https://av-pt-ferrari.accela.com/portlets/cap/capSearch.do?mode=search&isFromSearch=true&isSearchButton=true&module=Building&isGeneralCAP=Y"  	[MsgId: MERR-27492]
End auto log messages stack.	[MsgId: MMSG-10544]


Start auto log messages stack - Iteration 3.	[MsgId: MMSG-10545]
Action.c(288): web_submit_data("ajax.do_2") started  	[MsgId: MMSG-26355]
Action.c(288): web_submit_data("ajax.do_2") was successful, 0 body bytes, 527 header bytes  	[MsgId: MMSG-26386]
Action.c(299): Notify: Transaction "OSCEOLA_TC1_02_Click_Search" ended with a "Pass" status (Duration: 47.1797).	[MsgId: MMSG-16873]
Action.c(301): Notify: Transaction "OSCEOLA_TC1_03_Search_Record" started.	[MsgId: MMSG-16999]
Action.c(303): web_url("session.do_7") started  	[MsgId: MMSG-26355]
Action.c(303): web_url("session.do_7") was successful, 56 body bytes, 535 header bytes  	[MsgId: MMSG-26386]
Action.c(319): web_reg_save_param_ex started  	[MsgId: MMSG-26355]
Action.c(319): Registering web_reg_save_param_ex was successful  	[MsgId: MMSG-26390]
Action.c(328): web_submit_data("capSearch.do_2") started  	[MsgId: MMSG-26355]
Action.c(328): Error -27492: "HttpSendRequest" failed, Windows error code=12002 and retry limit (0) exceeded for URL="https://av-pt-ferrari.accela.com/portlets/cap/capSearch.do?module=Building"  	[MsgId: MERR-27492]
Action.c(328): Error -35061: No match found for the requested parameter "Param_ID3". Either the specified boundaries were not found in the response or the matched text is longer than current max html parameter size of 256 bytes. The total length of the response is 0 bytes. You can use "web_set_max_html_param_len" to increase the max parameter size.  	[MsgId: MERR-35061]
End auto log messages stack.	[MsgId: MMSG-10544]


Start auto log messages stack - Iteration 3.	[MsgId: MMSG-10545]
Start auto log messages stack - Iteration 4.	[MsgId: MMSG-10545]
Start auto log messages stack - Iteration 3.	[MsgId: MMSG-10545]
Action.c(209): Detected non-resource "https://av-pt-ferrari.accela.com/portlets/framework/includes/error/blank.jsp?module=Building" in "https://av-pt-ferrari.accela.com/portlets/commons/cap/myCAPDetailPortlet.jsp?module=-select-"  	[MsgId: MMSG-26574]
Action.c(72): web_submit_data("hostSignon.do_2") started  	[MsgId: MMSG-26355]
Action.c(209): Detected non-resource "https://av-pt-ferrari.accela.com/portlets/framework/includes/error/blank.jsp?module=Building" in "https://av-pt-ferrari.accela.com/portlets/commons/cap/myCAPDetailPortlet.jsp?module=-select-"  	[MsgId: MMSG-26574]
Action.c(72): web_submit_data("hostSignon.do_2") was successful, 98 body bytes, 988 header bytes  	[MsgId: MMSG-26386]
Action.c(209): Found resource "https://av-pt-ferrari.accela.com/portlets/framework/includes/javascript/ac360base.js" in HTML "https://av-pt-ferrari.accela.com/portlets/commons/cap/myCAPDetailPortlet.jsp?module=-select-"  	[MsgId: MMSG-26659]
Action.c(95): web_url("dashboard.do_2") started  	[MsgId: MMSG-26355]
Action.c(72): web_submit_data("hostSignon.do_2") started  	[MsgId: MMSG-26355]
Action.c(209): Error -27492: "HttpSendRequest" failed, Windows error code=12002 and retry limit (0) exceeded for URL="https://av-pt-ferrari.accela.com/portlets/cap/capSearch.do?searchBy=ByCondition&height=270&mode=init&module=Building&cleanCapId=Y&isGeneralCAP=Y&supportMulAgencySearch=Y"  	[MsgId: MERR-27492]
Action.c(95): Detected non-resource "https://av-pt-ferrari.accela.com/portlets/spa/dashboard.do" in "https://av-pt-ferrari.accela.com/portlets/spa/dashboard.do"  	[MsgId: MMSG-26574]
Action.c(72): web_submit_data("hostSignon.do_2") was successful, 98 body bytes, 988 header bytes  	[MsgId: MMSG-26386]
Action.c(95): web_url("dashboard.do_2") started  	[MsgId: MMSG-26355]
Action.c(95): Found resource "https://av-pt-ferrari.accela.com/security/auth.do?signOffScript=https://av-pt-ferrari.accela.com/portlets/security/signout.do&switchAgencyScript=https://av-pt-ferrari.accela.com/portlets/commons/sso/blank.jsp&CSRF_REQ_PARAM=" in HTML "https://av-pt-ferrari.accela.com/portlets/spa/dashboard.do"  	[MsgId: MMSG-26659]
Action.c(95): Detected non-resource "https://av-pt-ferrari.accela.com/portlets/spa/dashboard.do" in "https://av-pt-ferrari.accela.com/portlets/spa/dashboard.do"  	[MsgId: MMSG-26574]
Action.c(95): Error -27492: "HttpSendRequest" failed, Windows error code=12002 and retry limit (0) exceeded for URL="https://av-pt-ferrari.accela.com/portlets/spa/dashboard.do"  	[MsgId: MERR-27492]
Action.c(95): Found resource "https://av-pt-ferrari.accela.com/security/auth.do?signOffScript=https://av-pt-ferrari.accela.com/portlets/security/signout.do&switchAgencyScript=https://av-pt-ferrari.accela.com/portlets/commons/sso/blank.jsp&CSRF_REQ_PARAM=" in HTML "https://av-pt-ferrari.accela.com/portlets/spa/dashboard.do"  	[MsgId: MMSG-26659]
Action.c(95): Error -27492: "HttpSendRequest" failed, Windows error code=12002 and retry limit (0) exceeded for URL="https://av-pt-ferrari.accela.com/portlets/spa/dashboard.do"  	[MsgId: MERR-27492]
End auto log messages stack.	[MsgId: MMSG-10544]
End auto log messages stack.	[MsgId: MMSG-10544]
End auto log messages stack.	[MsgId: MMSG-10544]






Start auto log messages stack - Iteration 3.	[MsgId: MMSG-10545]
Action.c(672): web_url("session.do_11") was successful, 56 body bytes, 535 header bytes  	[MsgId: MMSG-26386]
Action.c(682): Notify: Transaction "OSCEOLA_TC1_05_Record_Click_Record" ended with a "Pass" status (Duration: 46.2632).	[MsgId: MMSG-16873]
Action.c(686): Notify: Transaction "OSCEOLA_TC1_06_Record_SaveRecord" started.	[MsgId: MMSG-16999]
Action.c(688): web_url("session.do_12") started  	[MsgId: MMSG-26355]
Action.c(688): web_url("session.do_12") was successful, 56 body bytes, 535 header bytes  	[MsgId: MMSG-26386]
Action.c(698): web_custom_request("dataList.do") started  	[MsgId: MMSG-26355]
Action.c(698): web_custom_request("dataList.do") was successful, 33 body bytes, 528 header bytes  	[MsgId: MMSG-26386]
Action.c(713): web_submit_data("capDetail.do_2") started  	[MsgId: MMSG-26355]
Action.c(713): Error -27492: "HttpSendRequest" failed, Windows error code=12002 and retry limit (0) exceeded for URL="https://av-pt-ferrari.accela.com/portlets/cap/capDetail.do?module=Building"  	[MsgId: MERR-27492]
End auto log messages stack.	[MsgId: MMSG-10544]


Start auto log messages stack - Iteration 5.	[MsgId: MMSG-10545]
Action.c(713): Resource "https://av-pt-ferrari.accela.com/portlets/commons/spellchecker/spellchecker-caller.js" is in the cache already and will not be downloaded again  	[MsgId: MMSG-26655]
Action.c(713): Resource "https://av-pt-ferrari.accela.com/portlets/framework/includes/javascript/layoutPublic.js" is in the cache already and will not be downloaded again  	[MsgId: MMSG-26655]
Action.c(713): web_submit_data("capDetail.do_2") was successful, 24331 body bytes, 1539 header bytes  	[MsgId: MMSG-26386]
Action.c(827): web_submit_data("empty.jsp_6") started  	[MsgId: MMSG-26355]
Action.c(827): web_submit_data("empty.jsp_6") was successful, 79 body bytes, 551 header bytes  	[MsgId: MMSG-26386]
Action.c(838): web_custom_request("tabRecordCount.do_5") started  	[MsgId: MMSG-26355]
Action.c(838): Error -27492: "HttpSendRequest" failed, Windows error code=12002 and retry limit (0) exceeded for URL="https://av-pt-ferrari.accela.com/portlets/cap/tabRecordCount.do?module=Building&ID1=REC18&ID2=00000&ID3=00K2N&xmlin=%3Croot%3E%3CcountID%3E5%3C/countID%3E%3CcountID%3E6%3C/countID%3E%3CcountID%3E2%3C/countID%3E%3CcountID%3E134%3C/countID%3E%3CcountID%3E16%3C/countID%3E%3CcountID%3E23%3C/countID%3E%3CcountID%3E415%3C/countID%3E%3CcountID%3E17%3C/countID%3E%3CcountID%3E397%3C/countID%3E%3CcountID%3E456%3C/countID%3E%3CcountID%3E1%3C/countID%3E%3CcountID%3E378%3C/countID%3E%3CcountID%3E21%3C/countID%3E%3CcountID%3E226%3C/countID%3E%3CcountID%3E372%3C/countID%3E%3CcountID%3E24%3C/countID%3E%3CcountID%3E379%3C/countID%3E%3CcountID%3E10%3C/countID%3E%3CcountID%3E133%3C/countID%3E%3CcountID%3E8%3C/countID%3E%3CcountID%3E19%3C/countID%3E%3CcountID%3E373%3C/countID%3E%3CcountID%3E14%3C/countID%3E%3CcountID%3E12%3C/countID%3E%3CcountID%3E13%3C/countID%3E%3CcountID%3E371%3C/countID%3E%3CcountID%3E27%3C/countID%3E%3CcountID%3E404%3C/countID%3E%3CcountID%3E360%3C/countID%3E%3CcountID%3E3%3C/countID%3E%3CcountID%3E152%3C/countID%3E%3CcountID%3E303%3C/countID%3E%3CcountID%3E4%3C/countID%3E%3C/root%3E"  	[MsgId: MERR-27492]
End auto log messages stack.	[MsgId: MMSG-10544]


Start auto log messages stack - Iteration 4.	[MsgId: MMSG-10545]
Action.c(328): web_submit_data("capSearch.do_2") was successful, 24247 body bytes, 2125 header bytes  	[MsgId: MMSG-26386]
Action.c(412): web_submit_data("empty.jsp_3") started  	[MsgId: MMSG-26355]
Action.c(412): web_submit_data("empty.jsp_3") was successful, 79 body bytes, 551 header bytes  	[MsgId: MMSG-26386]
Action.c(423): Notify: Transaction "OSCEOLA_TC1_03_Search_Record" ended with a "Pass" status (Duration: 18.0733 Wasted Time: 0.0009).	[MsgId: MMSG-16871]
Action.c(425): Notify: Transaction "OSCEOLA_TC1_04_Record_Details" started.	[MsgId: MMSG-16999]
Action.c(427): web_url("session.do_8") started  	[MsgId: MMSG-26355]
Action.c(427): web_url("session.do_8") was successful, 56 body bytes, 535 header bytes  	[MsgId: MMSG-26386]
Action.c(437): web_url("CapTabSummary.do") started  	[MsgId: MMSG-26355]
Action.c(437): Error -27492: "HttpSendRequest" failed, Windows error code=12002 and retry limit (0) exceeded for URL="https://av-pt-ferrari.accela.com/portlets/cap/capsummary/CapTabSummary.do?mode=tabSummary&serviceProviderCode=OSCEOLA&ID1=REC18&ID2=00000&ID3=00K2N&requireNotice=YES&clearForm=clearForm&module=Building&isFromCapList=true&isGeneralCAP=Y"  	[MsgId: MERR-27492]
End auto log messages stack.	[MsgId: MMSG-10544]


Start auto log messages stack - Iteration 4.	[MsgId: MMSG-10545]
Action.c(1040): web_url("workflow.do") started  	[MsgId: MMSG-26355]
Action.c(1040): web_url("workflow.do") was successful, 53 body bytes, 535 header bytes  	[MsgId: MMSG-26386]
Action.c(1050): web_url("workflow.do_2") started  	[MsgId: MMSG-26355]
Action.c(1050): web_url("workflow.do_2") was successful, 13346 body bytes, 543 header bytes  	[MsgId: MMSG-26386]
Action.c(1060): web_submit_data("empty.jsp_9") started  	[MsgId: MMSG-26355]
Action.c(1060): web_submit_data("empty.jsp_9") was successful, 79 body bytes, 551 header bytes  	[MsgId: MMSG-26386]
Action.c(1071): web_custom_request("tabRecordCount.do_9") started  	[MsgId: MMSG-26355]
Action.c(1071): Error -27492: "HttpSendRequest" failed, Windows error code=12002 and retry limit (0) exceeded for URL="https://av-pt-ferrari.accela.com/portlets/cap/tabRecordCount.do?module=Building&ID1=REC18&ID2=00000&ID3=00K2N&xmlin=%3Croot%3E%3CcountID%3E5%3C/countID%3E%3CcountID%3E6%3C/countID%3E%3CcountID%3E2%3C/countID%3E%3CcountID%3E134%3C/countID%3E%3CcountID%3E16%3C/countID%3E%3CcountID%3E23%3C/countID%3E%3CcountID%3E415%3C/countID%3E%3CcountID%3E17%3C/countID%3E%3CcountID%3E397%3C/countID%3E%3CcountID%3E456%3C/countID%3E%3CcountID%3E1%3C/countID%3E%3CcountID%3E378%3C/countID%3E%3CcountID%3E21%3C/countID%3E%3CcountID%3E226%3C/countID%3E%3CcountID%3E372%3C/countID%3E%3CcountID%3E24%3C/countID%3E%3CcountID%3E379%3C/countID%3E%3CcountID%3E10%3C/countID%3E%3CcountID%3E133%3C/countID%3E%3CcountID%3E8%3C/countID%3E%3CcountID%3E19%3C/countID%3E%3CcountID%3E373%3C/countID%3E%3CcountID%3E14%3C/countID%3E%3CcountID%3E12%3C/countID%3E%3CcountID%3E13%3C/countID%3E%3CcountID%3E371%3C/countID%3E%3CcountID%3E27%3C/countID%3E%3CcountID%3E404%3C/countID%3E%3CcountID%3E360%3C/countID%3E%3CcountID%3E3%3C/countID%3E%3CcountID%3E152%3C/countID%3E%3CcountID%3E303%3C/countID%3E%3CcountID%3E4%3C/countID%3E%3C/root%3E"  	[MsgId: MERR-27492]
End auto log messages stack.	[MsgId: MMSG-10544]


Start auto log messages stack - Iteration 4.	[MsgId: MMSG-10545]
Action.c(328): web_submit_data("capSearch.do_2") was successful, 24248 body bytes, 2125 header bytes  	[MsgId: MMSG-26386]
Action.c(412): web_submit_data("empty.jsp_3") started  	[MsgId: MMSG-26355]
Action.c(412): web_submit_data("empty.jsp_3") was successful, 79 body bytes, 551 header bytes  	[MsgId: MMSG-26386]
Action.c(423): Notify: Transaction "OSCEOLA_TC1_03_Search_Record" ended with a "Pass" status (Duration: 2.3975 Wasted Time: 0.0008).	[MsgId: MMSG-16871]
Action.c(425): Notify: Transaction "OSCEOLA_TC1_04_Record_Details" started.	[MsgId: MMSG-16999]
Action.c(427): web_url("session.do_8") started  	[MsgId: MMSG-26355]
Action.c(427): web_url("session.do_8") was successful, 56 body bytes, 535 header bytes  	[MsgId: MMSG-26386]
Action.c(437): web_url("CapTabSummary.do") started  	[MsgId: MMSG-26355]
Action.c(437): Error -27492: "HttpSendRequest" failed, Windows error code=12002 and retry limit (0) exceeded for URL="https://av-pt-ferrari.accela.com/portlets/cap/capsummary/CapTabSummary.do?mode=tabSummary&serviceProviderCode=OSCEOLA&ID1=REC18&ID2=00000&ID3=00K2N&requireNotice=YES&clearForm=clearForm&module=Building&isFromCapList=true&isGeneralCAP=Y"  	[MsgId: MERR-27492]
End auto log messages stack.	[MsgId: MMSG-10544]


Start auto log messages stack - Iteration 4.	[MsgId: MMSG-10545]
Start auto log messages stack - Iteration 4.	[MsgId: MMSG-10545]
Action.c(288): web_submit_data("ajax.do_2") started  	[MsgId: MMSG-26355]
Action.c(209): web_url("myCAPDetailPortlet.jsp") was successful, 825874 body bytes, 19897 header bytes  	[MsgId: MMSG-26386]
Action.c(288): web_submit_data("ajax.do_2") was successful, 0 body bytes, 527 header bytes  	[MsgId: MMSG-26386]
Action.c(219): web_submit_data("empty.jsp") started  	[MsgId: MMSG-26355]
Action.c(219): web_submit_data("empty.jsp") was successful, 79 body bytes, 551 header bytes  	[MsgId: MMSG-26386]
Action.c(230): Notify: Transaction "OSCEOLA_TC1_01_Click_Records" ended with a "Pass" status (Duration: 19.2367).	[MsgId: MMSG-16873]
Action.c(299): Notify: Transaction "OSCEOLA_TC1_02_Click_Search" ended with a "Pass" status (Duration: 32.3859).	[MsgId: MMSG-16873]
Action.c(234): Notify: Transaction "OSCEOLA_TC1_02_Click_Search" started.	[MsgId: MMSG-16999]
Action.c(236): web_url("session.do_6") started  	[MsgId: MMSG-26355]
Action.c(301): Notify: Transaction "OSCEOLA_TC1_03_Search_Record" started.	[MsgId: MMSG-16999]
Action.c(303): web_url("session.do_7") started  	[MsgId: MMSG-26355]
Action.c(303): web_url("session.do_7") was successful, 56 body bytes, 535 header bytes  	[MsgId: MMSG-26386]
Action.c(319): web_reg_save_param_ex started  	[MsgId: MMSG-26355]
Action.c(319): Registering web_reg_save_param_ex was successful  	[MsgId: MMSG-26390]
Action.c(328): web_submit_data("capSearch.do_2") started  	[MsgId: MMSG-26355]
Action.c(328): Error -27492: "HttpSendRequest" failed, Windows error code=12002 and retry limit (0) exceeded for URL="https://av-pt-ferrari.accela.com/portlets/cap/capSearch.do?module=Building"  	[MsgId: MERR-27492]
Action.c(236): web_url("session.do_6") was successful, 56 body bytes, 535 header bytes  	[MsgId: MMSG-26386]
Action.c(246): web_url("capSearch.do") started  	[MsgId: MMSG-26355]
Action.c(246): Error -27492: "HttpSendRequest" failed, Windows error code=12002 and retry limit (0) exceeded for URL="https://av-pt-ferrari.accela.com/portlets/cap/capSearch.do?mode=search&isFromSearch=true&isSearchButton=true&module=Building&isGeneralCAP=Y"  	[MsgId: MERR-27492]
End auto log messages stack.	[MsgId: MMSG-10544]
Action.c(328): Error -35061: No match found for the requested parameter "Param_ID3". Either the specified boundaries were not found in the response or the matched text is longer than current max html parameter size of 256 bytes. The total length of the response is 0 bytes. You can use "web_set_max_html_param_len" to increase the max parameter size.  	[MsgId: MERR-35061]


End auto log messages stack.	[MsgId: MMSG-10544]


Start auto log messages stack - Iteration 5.	[MsgId: MMSG-10545]
Start auto log messages stack - Iteration 5.	[MsgId: MMSG-10545]
Action.c(72): web_submit_data("hostSignon.do_2") started  	[MsgId: MMSG-26355]
Action.c(209): web_url("myCAPDetailPortlet.jsp") was successful, 825880 body bytes, 19897 header bytes  	[MsgId: MMSG-26386]
Action.c(72): web_submit_data("hostSignon.do_2") was successful, 98 body bytes, 988 header bytes  	[MsgId: MMSG-26386]
Action.c(219): web_submit_data("empty.jsp") started  	[MsgId: MMSG-26355]
Action.c(95): web_url("dashboard.do_2") started  	[MsgId: MMSG-26355]
Action.c(219): web_submit_data("empty.jsp") was successful, 79 body bytes, 551 header bytes  	[MsgId: MMSG-26386]
Action.c(95): Detected non-resource "https://av-pt-ferrari.accela.com/portlets/spa/dashboard.do" in "https://av-pt-ferrari.accela.com/portlets/spa/dashboard.do"  	[MsgId: MMSG-26574]
Action.c(95): Found resource "https://av-pt-ferrari.accela.com/security/auth.do?signOffScript=https://av-pt-ferrari.accela.com/portlets/security/signout.do&switchAgencyScript=https://av-pt-ferrari.accela.com/portlets/commons/sso/blank.jsp&CSRF_REQ_PARAM=" in HTML "https://av-pt-ferrari.accela.com/portlets/spa/dashboard.do"  	[MsgId: MMSG-26659]
Action.c(230): Notify: Transaction "OSCEOLA_TC1_01_Click_Records" ended with a "Pass" status (Duration: 21.0207).	[MsgId: MMSG-16873]
Action.c(95): Error -27492: "HttpSendRequest" failed, Windows error code=12002 and retry limit (0) exceeded for URL="https://av-pt-ferrari.accela.com/portlets/spa/dashboard.do"  	[MsgId: MERR-27492]
Action.c(234): Notify: Transaction "OSCEOLA_TC1_02_Click_Search" started.	[MsgId: MMSG-16999]
Action.c(236): web_url("session.do_6") started  	[MsgId: MMSG-26355]
Action.c(236): web_url("session.do_6") was successful, 56 body bytes, 535 header bytes  	[MsgId: MMSG-26386]
Action.c(246): web_url("capSearch.do") started  	[MsgId: MMSG-26355]
Action.c(246): Error -27492: "HttpSendRequest" failed, Windows error code=12002 and retry limit (0) exceeded for URL="https://av-pt-ferrari.accela.com/portlets/cap/capSearch.do?mode=search&isFromSearch=true&isSearchButton=true&module=Building&isGeneralCAP=Y"  	[MsgId: MERR-27492]
End auto log messages stack.	[MsgId: MMSG-10544]


End auto log messages stack.	[MsgId: MMSG-10544]


Start auto log messages stack - Iteration 4.	[MsgId: MMSG-10545]
Action.c(256): Resource "https://av-pt-ferrari.accela.com/portlets/framework/includes/javascript/ac360base.js" is in the cache already and will not be downloaded again  	[MsgId: MMSG-26655]
Action.c(256): web_url("blank.jsp") was successful, 259 body bytes, 616 header bytes  	[MsgId: MMSG-26386]
Action.c(266): web_submit_data("empty.jsp_2") started  	[MsgId: MMSG-26355]
Action.c(266): web_submit_data("empty.jsp_2") was successful, 79 body bytes, 551 header bytes  	[MsgId: MMSG-26386]
Action.c(277): web_submit_data("ajax.do") started  	[MsgId: MMSG-26355]
Action.c(277): web_submit_data("ajax.do") was successful, 10 body bytes, 528 header bytes  	[MsgId: MMSG-26386]
Action.c(288): web_submit_data("ajax.do_2") started  	[MsgId: MMSG-26355]
Action.c(288): Error -27492: "HttpSendRequest" failed, Windows error code=12002 and retry limit (0) exceeded for URL="https://av-pt-ferrari.accela.com/portlets/i18n/ajax.do?mode=getBizDomainByName&domainName=DATE_THRESHOLD"  	[MsgId: MERR-27492]
End auto log messages stack.	[MsgId: MMSG-10544]


Start auto log messages stack - Iteration 4.	[MsgId: MMSG-10545]
Action.c(672): web_url("session.do_11") was successful, 56 body bytes, 535 header bytes  	[MsgId: MMSG-26386]
Action.c(682): Notify: Transaction "OSCEOLA_TC1_05_Record_Click_Record" ended with a "Pass" status (Duration: 24.6948).	[MsgId: MMSG-16873]
Action.c(686): Notify: Transaction "OSCEOLA_TC1_06_Record_SaveRecord" started.	[MsgId: MMSG-16999]
Action.c(688): web_url("session.do_12") started  	[MsgId: MMSG-26355]
Start auto log messages stack - Iteration 5.	[MsgId: MMSG-10545]
Action.c(688): web_url("session.do_12") was successful, 56 body bytes, 535 header bytes  	[MsgId: MMSG-26386]
Action.c(698): web_custom_request("dataList.do") started  	[MsgId: MMSG-26355]
Action.c(698): web_custom_request("dataList.do") was successful, 33 body bytes, 528 header bytes  	[MsgId: MMSG-26386]
Action.c(447): web_submit_data("ajax.do_3") was successful, 10 body bytes, 528 header bytes  	[MsgId: MMSG-26386]
Action.c(713): web_submit_data("capDetail.do_2") started  	[MsgId: MMSG-26355]
Action.c(458): web_submit_data("empty.jsp_4") started  	[MsgId: MMSG-26355]
Action.c(713): Error -27492: "HttpSendRequest" failed, Windows error code=12002 and retry limit (0) exceeded for URL="https://av-pt-ferrari.accela.com/portlets/cap/capDetail.do?module=Building"  	[MsgId: MERR-27492]
Action.c(458): web_submit_data("empty.jsp_4") was successful, 79 body bytes, 551 header bytes  	[MsgId: MMSG-26386]
Action.c(469): web_url("blank.jsp_2") started  	[MsgId: MMSG-26355]
Action.c(469): Resource "https://av-pt-ferrari.accela.com/portlets/framework/includes/javascript/ac360base.js" is in the cache already and will not be downloaded again  	[MsgId: MMSG-26655]
Action.c(469): web_url("blank.jsp_2") was successful, 259 body bytes, 616 header bytes  	[MsgId: MMSG-26386]
Action.c(479): web_custom_request("tabRecordCount.do") started  	[MsgId: MMSG-26355]
Action.c(479): Error -27492: "HttpSendRequest" failed, Windows error code=12002 and retry limit (0) exceeded for URL="https://av-pt-ferrari.accela.com/portlets/cap/tabRecordCount.do?module=Building&ID1=REC18&ID2=00000&ID3=00K2N&xmlin=%3Croot%3E%3CcountID%3E5%3C/countID%3E%3CcountID%3E6%3C/countID%3E%3CcountID%3E2%3C/countID%3E%3CcountID%3E134%3C/countID%3E%3CcountID%3E16%3C/countID%3E%3CcountID%3E23%3C/countID%3E%3CcountID%3E415%3C/countID%3E%3CcountID%3E17%3C/countID%3E%3CcountID%3E397%3C/countID%3E%3CcountID%3E456%3C/countID%3E%3CcountID%3E1%3C/countID%3E%3CcountID%3E378%3C/countID%3E%3CcountID%3E21%3C/countID%3E%3CcountID%3E226%3C/countID%3E%3CcountID%3E372%3C/countID%3E%3CcountID%3E24%3C/countID%3E%3CcountID%3E379%3C/countID%3E%3CcountID%3E10%3C/countID%3E%3CcountID%3E133%3C/countID%3E%3CcountID%3E8%3C/countID%3E%3CcountID%3E19%3C/countID%3E%3CcountID%3E373%3C/countID%3E%3CcountID%3E14%3C/countID%3E%3CcountID%3E12%3C/countID%3E%3CcountID%3E13%3C/countID%3E%3CcountID%3E371%3C/countID%3E%3CcountID%3E27%3C/countID%3E%3CcountID%3E404%3C/countID%3E%3CcountID%3E360%3C/countID%3E%3CcountID%3E3%3C/countID%3E%3CcountID%3E152%3C/countID%3E%3CcountID%3E303%3C/countID%3E%3CcountID%3E4%3C/countID%3E%3C/root%3E"  	[MsgId: MERR-27492]
End auto log messages stack.	[MsgId: MMSG-10544]


End auto log messages stack.	[MsgId: MMSG-10544]


Start auto log messages stack - Iteration 4.	[MsgId: MMSG-10545]
Action.c(877): Resource "https://av-pt-ferrari.accela.com/portlets/commons/expression/js/expressionPay.js" is in the cache already and will not be downloaded again  	[MsgId: MMSG-26655]
Start auto log messages stack - Iteration 5.	[MsgId: MMSG-10545]
Action.c(877): Resource "https://av-pt-ferrari.accela.com/portlets/framework/includes/javascript/layoutPublic.js" is in the cache already and will not be downloaded again  	[MsgId: MMSG-26655]
Action.c(877): web_url("appSpecInfoForm.do") was successful, 21602 body bytes, 2935 header bytes  	[MsgId: MMSG-26386]
Action.c(887): web_submit_data("empty.jsp_7") started  	[MsgId: MMSG-26355]
Action.c(887): web_submit_data("empty.jsp_7") was successful, 79 body bytes, 551 header bytes  	[MsgId: MMSG-26386]
Action.c(898): web_submit_data("appSpecInfoForm.do_2") started  	[MsgId: MMSG-26355]
Action.c(898): Error -27492: "HttpSendRequest" failed, Windows error code=12002 and retry limit (0) exceeded for URL="https://av-pt-ferrari.accela.com/portlets/appspecinfo/appSpecInfoForm.do?mode=buildDrillList&module=Building&guideSheetSeq=&singleMode=Building%20Roofing_SCREEN_NAME_SCREEN_LABEL_SPLIT_Application%20Information_SCREEN_NAME_SCREEN_LABEL_SPLIT_BLD_COM_ROOF"  	[MsgId: MERR-27492]
End auto log messages stack.	[MsgId: MMSG-10544]


Action.c(288): web_submit_data("ajax.do_2") started  	[MsgId: MMSG-26355]
Action.c(288): web_submit_data("ajax.do_2") was successful, 0 body bytes, 527 header bytes  	[MsgId: MMSG-26386]
Action.c(299): Notify: Transaction "OSCEOLA_TC1_02_Click_Search" ended with a "Pass" status (Duration: 26.8632).	[MsgId: MMSG-16873]
Action.c(301): Notify: Transaction "OSCEOLA_TC1_03_Search_Record" started.	[MsgId: MMSG-16999]
Action.c(303): web_url("session.do_7") started  	[MsgId: MMSG-26355]
Action.c(303): web_url("session.do_7") was successful, 56 body bytes, 535 header bytes  	[MsgId: MMSG-26386]
Action.c(319): web_reg_save_param_ex started  	[MsgId: MMSG-26355]
Action.c(319): Registering web_reg_save_param_ex was successful  	[MsgId: MMSG-26390]
Action.c(328): web_submit_data("capSearch.do_2") started  	[MsgId: MMSG-26355]
Action.c(328): Error -27492: "HttpSendRequest" failed, Windows error code=12002 and retry limit (0) exceeded for URL="https://av-pt-ferrari.accela.com/portlets/cap/capSearch.do?module=Building"  	[MsgId: MERR-27492]
Action.c(328): Error -35061: No match found for the requested parameter "Param_ID3". Either the specified boundaries were not found in the response or the matched text is longer than current max html parameter size of 256 bytes. The total length of the response is 0 bytes. You can use "web_set_max_html_param_len" to increase the max parameter size.  	[MsgId: MERR-35061]
End auto log messages stack.	[MsgId: MMSG-10544]


Start auto log messages stack - Iteration 5.	[MsgId: MMSG-10545]
Action.c(447): web_submit_data("ajax.do_3") was successful, 10 body bytes, 528 header bytes  	[MsgId: MMSG-26386]
Action.c(458): web_submit_data("empty.jsp_4") started  	[MsgId: MMSG-26355]
Action.c(458): web_submit_data("empty.jsp_4") was successful, 79 body bytes, 551 header bytes  	[MsgId: MMSG-26386]
Action.c(469): web_url("blank.jsp_2") started  	[MsgId: MMSG-26355]
Action.c(469): Resource "https://av-pt-ferrari.accela.com/portlets/framework/includes/javascript/ac360base.js" is in the cache already and will not be downloaded again  	[MsgId: MMSG-26655]
Action.c(469): web_url("blank.jsp_2") was successful, 259 body bytes, 616 header bytes  	[MsgId: MMSG-26386]
Action.c(479): web_custom_request("tabRecordCount.do") started  	[MsgId: MMSG-26355]
Action.c(479): Error -27492: "HttpSendRequest" failed, Windows error code=12002 and retry limit (0) exceeded for URL="https://av-pt-ferrari.accela.com/portlets/cap/tabRecordCount.do?module=Building&ID1=REC18&ID2=00000&ID3=00K2N&xmlin=%3Croot%3E%3CcountID%3E5%3C/countID%3E%3CcountID%3E6%3C/countID%3E%3CcountID%3E2%3C/countID%3E%3CcountID%3E134%3C/countID%3E%3CcountID%3E16%3C/countID%3E%3CcountID%3E23%3C/countID%3E%3CcountID%3E415%3C/countID%3E%3CcountID%3E17%3C/countID%3E%3CcountID%3E397%3C/countID%3E%3CcountID%3E456%3C/countID%3E%3CcountID%3E1%3C/countID%3E%3CcountID%3E378%3C/countID%3E%3CcountID%3E21%3C/countID%3E%3CcountID%3E226%3C/countID%3E%3CcountID%3E372%3C/countID%3E%3CcountID%3E24%3C/countID%3E%3CcountID%3E379%3C/countID%3E%3CcountID%3E10%3C/countID%3E%3CcountID%3E133%3C/countID%3E%3CcountID%3E8%3C/countID%3E%3CcountID%3E19%3C/countID%3E%3CcountID%3E373%3C/countID%3E%3CcountID%3E14%3C/countID%3E%3CcountID%3E12%3C/countID%3E%3CcountID%3E13%3C/countID%3E%3CcountID%3E371%3C/countID%3E%3CcountID%3E27%3C/countID%3E%3CcountID%3E404%3C/countID%3E%3CcountID%3E360%3C/countID%3E%3CcountID%3E3%3C/countID%3E%3CcountID%3E152%3C/countID%3E%3CcountID%3E303%3C/countID%3E%3CcountID%3E4%3C/countID%3E%3C/root%3E"  	[MsgId: MERR-27492]
End auto log messages stack.	[MsgId: MMSG-10544]


Start auto log messages stack - Iteration 5.	[MsgId: MMSG-10545]
Action.c(328): web_submit_data("capSearch.do_2") was successful, 24244 body bytes, 2125 header bytes  	[MsgId: MMSG-26386]
Action.c(412): web_submit_data("empty.jsp_3") started  	[MsgId: MMSG-26355]
Action.c(412): web_submit_data("empty.jsp_3") was successful, 79 body bytes, 551 header bytes  	[MsgId: MMSG-26386]
Action.c(423): Notify: Transaction "OSCEOLA_TC1_03_Search_Record" ended with a "Pass" status (Duration: 8.7516).	[MsgId: MMSG-16873]
Action.c(425): Notify: Transaction "OSCEOLA_TC1_04_Record_Details" started.	[MsgId: MMSG-16999]
Action.c(427): web_url("session.do_8") started  	[MsgId: MMSG-26355]
Action.c(427): web_url("session.do_8") was successful, 56 body bytes, 535 header bytes  	[MsgId: MMSG-26386]
Action.c(437): web_url("CapTabSummary.do") started  	[MsgId: MMSG-26355]
Action.c(437): Error -27492: "HttpSendRequest" failed, Windows error code=12002 and retry limit (0) exceeded for URL="https://av-pt-ferrari.accela.com/portlets/cap/capsummary/CapTabSummary.do?mode=tabSummary&serviceProviderCode=OSCEOLA&ID1=REC18&ID2=00000&ID3=00K2N&requireNotice=YES&clearForm=clearForm&module=Building&isFromCapList=true&isGeneralCAP=Y"  	[MsgId: MERR-27492]
End auto log messages stack.	[MsgId: MMSG-10544]


Start auto log messages stack - Iteration 6.	[MsgId: MMSG-10545]
Action.c(898): web_submit_data("appSpecInfoForm.do_2") started  	[MsgId: MMSG-26355]
Action.c(898): web_submit_data("appSpecInfoForm.do_2") was successful, 2 body bytes, 527 header bytes  	[MsgId: MMSG-26386]
Action.c(909): web_custom_request("search.do_2") started  	[MsgId: MMSG-26355]
Action.c(909): web_custom_request("search.do_2") was successful, 9170 body bytes, 545 header bytes  	[MsgId: MMSG-26386]
Action.c(921): web_submit_data("expression.do_3") started  	[MsgId: MMSG-26355]
Action.c(921): web_submit_data("expression.do_3") was successful, 304 body bytes, 529 header bytes  	[MsgId: MMSG-26386]
Action.c(937): web_custom_request("tabRecordCount.do_7") started  	[MsgId: MMSG-26355]
Action.c(937): Error -27492: "HttpSendRequest" failed, Windows error code=12002 and retry limit (0) exceeded for URL="https://av-pt-ferrari.accela.com/portlets/cap/tabRecordCount.do?module=Building&ID1=REC18&ID2=00000&ID3=00K2N&xmlin=%3Croot%3E%3CcountID%3E5%3C/countID%3E%3CcountID%3E6%3C/countID%3E%3CcountID%3E2%3C/countID%3E%3CcountID%3E134%3C/countID%3E%3CcountID%3E16%3C/countID%3E%3CcountID%3E23%3C/countID%3E%3CcountID%3E415%3C/countID%3E%3CcountID%3E17%3C/countID%3E%3CcountID%3E397%3C/countID%3E%3CcountID%3E456%3C/countID%3E%3CcountID%3E1%3C/countID%3E%3CcountID%3E378%3C/countID%3E%3CcountID%3E21%3C/countID%3E%3CcountID%3E226%3C/countID%3E%3CcountID%3E372%3C/countID%3E%3CcountID%3E24%3C/countID%3E%3CcountID%3E379%3C/countID%3E%3CcountID%3E10%3C/countID%3E%3CcountID%3E133%3C/countID%3E%3CcountID%3E8%3C/countID%3E%3CcountID%3E19%3C/countID%3E%3CcountID%3E373%3C/countID%3E%3CcountID%3E14%3C/countID%3E%3CcountID%3E12%3C/countID%3E%3CcountID%3E13%3C/countID%3E%3CcountID%3E371%3C/countID%3E%3CcountID%3E27%3C/countID%3E%3CcountID%3E404%3C/countID%3E%3CcountID%3E360%3C/countID%3E%3CcountID%3E3%3C/countID%3E%3CcountID%3E152%3C/countID%3E%3CcountID%3E303%3C/countID%3E%3CcountID%3E4%3C/countID%3E%3C/root%3E"  	[MsgId: MERR-27492]
End auto log messages stack.	[MsgId: MMSG-10544]


Start auto log messages stack - Iteration 6.	[MsgId: MMSG-10545]
Action.c(328): web_submit_data("capSearch.do_2") was successful, 24251 body bytes, 2125 header bytes  	[MsgId: MMSG-26386]
Action.c(412): web_submit_data("empty.jsp_3") started  	[MsgId: MMSG-26355]
Action.c(412): web_submit_data("empty.jsp_3") was successful, 79 body bytes, 551 header bytes  	[MsgId: MMSG-26386]
Action.c(423): Notify: Transaction "OSCEOLA_TC1_03_Search_Record" ended with a "Pass" status (Duration: 7.7220).	[MsgId: MMSG-16873]
Action.c(425): Notify: Transaction "OSCEOLA_TC1_04_Record_Details" started.	[MsgId: MMSG-16999]
Action.c(427): web_url("session.do_8") started  	[MsgId: MMSG-26355]
Action.c(427): web_url("session.do_8") was successful, 56 body bytes, 535 header bytes  	[MsgId: MMSG-26386]
Action.c(437): web_url("CapTabSummary.do") started  	[MsgId: MMSG-26355]
Action.c(437): Error -27492: "HttpSendRequest" failed, Windows error code=12002 and retry limit (0) exceeded for URL="https://av-pt-ferrari.accela.com/portlets/cap/capsummary/CapTabSummary.do?mode=tabSummary&serviceProviderCode=OSCEOLA&ID1=REC18&ID2=00000&ID3=00K2N&requireNotice=YES&clearForm=clearForm&module=Building&isFromCapList=true&isGeneralCAP=Y"  	[MsgId: MERR-27492]
End auto log messages stack.	[MsgId: MMSG-10544]


Start auto log messages stack - Iteration 6.	[MsgId: MMSG-10545]
Action.c(713): Resource "https://av-pt-ferrari.accela.com/portlets/commons/spellchecker/spellchecker-caller.js" is in the cache already and will not be downloaded again  	[MsgId: MMSG-26655]
Action.c(713): Resource "https://av-pt-ferrari.accela.com/portlets/framework/includes/javascript/layoutPublic.js" is in the cache already and will not be downloaded again  	[MsgId: MMSG-26655]
Action.c(713): web_submit_data("capDetail.do_2") was successful, 24329 body bytes, 1539 header bytes  	[MsgId: MMSG-26386]
Action.c(827): web_submit_data("empty.jsp_6") started  	[MsgId: MMSG-26355]
Action.c(827): web_submit_data("empty.jsp_6") was successful, 79 body bytes, 551 header bytes  	[MsgId: MMSG-26386]
Action.c(838): web_custom_request("tabRecordCount.do_5") started  	[MsgId: MMSG-26355]
Action.c(838): Error -27492: "HttpSendRequest" failed, Windows error code=12002 and retry limit (0) exceeded for URL="https://av-pt-ferrari.accela.com/portlets/cap/tabRecordCount.do?module=Building&ID1=REC18&ID2=00000&ID3=00K2N&xmlin=%3Croot%3E%3CcountID%3E5%3C/countID%3E%3CcountID%3E6%3C/countID%3E%3CcountID%3E2%3C/countID%3E%3CcountID%3E134%3C/countID%3E%3CcountID%3E16%3C/countID%3E%3CcountID%3E23%3C/countID%3E%3CcountID%3E415%3C/countID%3E%3CcountID%3E17%3C/countID%3E%3CcountID%3E397%3C/countID%3E%3CcountID%3E456%3C/countID%3E%3CcountID%3E1%3C/countID%3E%3CcountID%3E378%3C/countID%3E%3CcountID%3E21%3C/countID%3E%3CcountID%3E226%3C/countID%3E%3CcountID%3E372%3C/countID%3E%3CcountID%3E24%3C/countID%3E%3CcountID%3E379%3C/countID%3E%3CcountID%3E10%3C/countID%3E%3CcountID%3E133%3C/countID%3E%3CcountID%3E8%3C/countID%3E%3CcountID%3E19%3C/countID%3E%3CcountID%3E373%3C/countID%3E%3CcountID%3E14%3C/countID%3E%3CcountID%3E12%3C/countID%3E%3CcountID%3E13%3C/countID%3E%3CcountID%3E371%3C/countID%3E%3CcountID%3E27%3C/countID%3E%3CcountID%3E404%3C/countID%3E%3CcountID%3E360%3C/countID%3E%3CcountID%3E3%3C/countID%3E%3CcountID%3E152%3C/countID%3E%3CcountID%3E303%3C/countID%3E%3CcountID%3E4%3C/countID%3E%3C/root%3E"  	[MsgId: MERR-27492]
End auto log messages stack.	[MsgId: MMSG-10544]


Start auto log messages stack - Iteration 6.	[MsgId: MMSG-10545]
Action.c(328): web_submit_data("capSearch.do_2") was successful, 24244 body bytes, 2125 header bytes  	[MsgId: MMSG-26386]
Action.c(412): web_submit_data("empty.jsp_3") started  	[MsgId: MMSG-26355]
Action.c(412): web_submit_data("empty.jsp_3") was successful, 79 body bytes, 551 header bytes  	[MsgId: MMSG-26386]
Action.c(423): Notify: Transaction "OSCEOLA_TC1_03_Search_Record" ended with a "Pass" status (Duration: 4.5864).	[MsgId: MMSG-16873]
Action.c(425): Notify: Transaction "OSCEOLA_TC1_04_Record_Details" started.	[MsgId: MMSG-16999]
Action.c(427): web_url("session.do_8") started  	[MsgId: MMSG-26355]
Action.c(427): web_url("session.do_8") was successful, 56 body bytes, 535 header bytes  	[MsgId: MMSG-26386]
Action.c(437): web_url("CapTabSummary.do") started  	[MsgId: MMSG-26355]
Action.c(437): Error -27492: "HttpSendRequest" failed, Windows error code=12002 and retry limit (0) exceeded for URL="https://av-pt-ferrari.accela.com/portlets/cap/capsummary/CapTabSummary.do?mode=tabSummary&serviceProviderCode=OSCEOLA&ID1=REC18&ID2=00000&ID3=00K2N&requireNotice=YES&clearForm=clearForm&module=Building&isFromCapList=true&isGeneralCAP=Y"  	[MsgId: MERR-27492]
End auto log messages stack.	[MsgId: MMSG-10544]


Start auto log messages stack - Iteration 6.	[MsgId: MMSG-10545]
Start auto log messages stack - Iteration 6.	[MsgId: MMSG-10545]
Start auto log messages stack - Iteration 7.	[MsgId: MMSG-10545]
Action.c(328): web_submit_data("capSearch.do_2") was successful, 24250 body bytes, 2125 header bytes  	[MsgId: MMSG-26386]
Action.c(328): web_submit_data("capSearch.do_2") was successful, 24248 body bytes, 2125 header bytes  	[MsgId: MMSG-26386]
Action.c(412): web_submit_data("empty.jsp_3") started  	[MsgId: MMSG-26355]
Action.c(328): web_submit_data("capSearch.do_2") was successful, 24246 body bytes, 2125 header bytes  	[MsgId: MMSG-26386]
Action.c(412): web_submit_data("empty.jsp_3") started  	[MsgId: MMSG-26355]
Action.c(412): web_submit_data("empty.jsp_3") was successful, 79 body bytes, 551 header bytes  	[MsgId: MMSG-26386]
Action.c(412): web_submit_data("empty.jsp_3") was successful, 79 body bytes, 551 header bytes  	[MsgId: MMSG-26386]
Action.c(412): web_submit_data("empty.jsp_3") started  	[MsgId: MMSG-26355]
Action.c(412): web_submit_data("empty.jsp_3") was successful, 79 body bytes, 551 header bytes  	[MsgId: MMSG-26386]
Action.c(423): Notify: Transaction "OSCEOLA_TC1_03_Search_Record" ended with a "Pass" status (Duration: 5.4600).	[MsgId: MMSG-16873]
Action.c(423): Notify: Transaction "OSCEOLA_TC1_03_Search_Record" ended with a "Pass" status (Duration: 3.1980).	[MsgId: MMSG-16873]
Action.c(423): Notify: Transaction "OSCEOLA_TC1_03_Search_Record" ended with a "Pass" status (Duration: 3.9624).	[MsgId: MMSG-16873]
Action.c(425): Notify: Transaction "OSCEOLA_TC1_04_Record_Details" started.	[MsgId: MMSG-16999]
Action.c(425): Notify: Transaction "OSCEOLA_TC1_04_Record_Details" started.	[MsgId: MMSG-16999]
Action.c(425): Notify: Transaction "OSCEOLA_TC1_04_Record_Details" started.	[MsgId: MMSG-16999]
Action.c(427): web_url("session.do_8") started  	[MsgId: MMSG-26355]
Action.c(427): web_url("session.do_8") started  	[MsgId: MMSG-26355]
Action.c(427): web_url("session.do_8") started  	[MsgId: MMSG-26355]
Action.c(427): web_url("session.do_8") was successful, 56 body bytes, 535 header bytes  	[MsgId: MMSG-26386]
Action.c(427): web_url("session.do_8") was successful, 56 body bytes, 535 header bytes  	[MsgId: MMSG-26386]
Action.c(427): web_url("session.do_8") was successful, 56 body bytes, 535 header bytes  	[MsgId: MMSG-26386]
Action.c(437): web_url("CapTabSummary.do") started  	[MsgId: MMSG-26355]
Action.c(437): web_url("CapTabSummary.do") started  	[MsgId: MMSG-26355]
Action.c(437): web_url("CapTabSummary.do") started  	[MsgId: MMSG-26355]
Action.c(437): Error -27492: "HttpSendRequest" failed, Windows error code=12002 and retry limit (0) exceeded for URL="https://av-pt-ferrari.accela.com/portlets/cap/capsummary/CapTabSummary.do?mode=tabSummary&serviceProviderCode=OSCEOLA&ID1=REC18&ID2=00000&ID3=00K2N&requireNotice=YES&clearForm=clearForm&module=Building&isFromCapList=true&isGeneralCAP=Y"  	[MsgId: MERR-27492]
Action.c(437): Error -27492: "HttpSendRequest" failed, Windows error code=12002 and retry limit (0) exceeded for URL="https://av-pt-ferrari.accela.com/portlets/cap/capsummary/CapTabSummary.do?mode=tabSummary&serviceProviderCode=OSCEOLA&ID1=REC18&ID2=00000&ID3=00K2N&requireNotice=YES&clearForm=clearForm&module=Building&isFromCapList=true&isGeneralCAP=Y"  	[MsgId: MERR-27492]
Action.c(437): Error -27492: "HttpSendRequest" failed, Windows error code=12002 and retry limit (0) exceeded for URL="https://av-pt-ferrari.accela.com/portlets/cap/capsummary/CapTabSummary.do?mode=tabSummary&serviceProviderCode=OSCEOLA&ID1=REC18&ID2=00000&ID3=00K2N&requireNotice=YES&clearForm=clearForm&module=Building&isFromCapList=true&isGeneralCAP=Y"  	[MsgId: MERR-27492]
End auto log messages stack.	[MsgId: MMSG-10544]
End auto log messages stack.	[MsgId: MMSG-10544]
End auto log messages stack.	[MsgId: MMSG-10544]






Start auto log messages stack - Iteration 7.	[MsgId: MMSG-10545]
Action.c(328): web_submit_data("capSearch.do_2") was successful, 24250 body bytes, 2125 header bytes  	[MsgId: MMSG-26386]
Action.c(412): web_submit_data("empty.jsp_3") started  	[MsgId: MMSG-26355]
Action.c(412): web_submit_data("empty.jsp_3") was successful, 79 body bytes, 551 header bytes  	[MsgId: MMSG-26386]
Action.c(423): Notify: Transaction "OSCEOLA_TC1_03_Search_Record" ended with a "Pass" status (Duration: 2.0592).	[MsgId: MMSG-16873]
Action.c(425): Notify: Transaction "OSCEOLA_TC1_04_Record_Details" started.	[MsgId: MMSG-16999]
Action.c(427): web_url("session.do_8") started  	[MsgId: MMSG-26355]
Action.c(427): web_url("session.do_8") was successful, 56 body bytes, 535 header bytes  	[MsgId: MMSG-26386]
Action.c(437): web_url("CapTabSummary.do") started  	[MsgId: MMSG-26355]
Action.c(437): Error -27492: "HttpSendRequest" failed, Windows error code=12002 and retry limit (0) exceeded for URL="https://av-pt-ferrari.accela.com/portlets/cap/capsummary/CapTabSummary.do?mode=tabSummary&serviceProviderCode=OSCEOLA&ID1=REC18&ID2=00000&ID3=00K2N&requireNotice=YES&clearForm=clearForm&module=Building&isFromCapList=true&isGeneralCAP=Y"  	[MsgId: MERR-27492]
End auto log messages stack.	[MsgId: MMSG-10544]


