Start auto log messages stack - Iteration 1.	[MsgId: MMSG-10545]
Action.c(328): web_submit_data("capSearch.do_2") was successful, 24245 body bytes, 2125 header bytes  	[MsgId: MMSG-26386]
Action.c(412): web_submit_data("empty.jsp_3") started  	[MsgId: MMSG-26355]
Action.c(412): web_submit_data("empty.jsp_3") was successful, 79 body bytes, 551 header bytes  	[MsgId: MMSG-26386]
Action.c(423): Notify: Transaction "OSCEOLA_TC1_03_Search_Record" ended with a "Pass" status (Duration: 10.2614 Wasted Time: 0.0007).	[MsgId: MMSG-16871]
Action.c(425): Notify: Transaction "OSCEOLA_TC1_04_Record_Details" started.	[MsgId: MMSG-16999]
Action.c(427): web_url("session.do_8") started  	[MsgId: MMSG-26355]
Action.c(427): web_url("session.do_8") was successful, 56 body bytes, 535 header bytes  	[MsgId: MMSG-26386]
Action.c(437): web_url("CapTabSummary.do") started  	[MsgId: MMSG-26355]
Action.c(437): Error -27492: "HttpSendRequest" failed, Windows error code=12002 and retry limit (0) exceeded for URL="https://av-pt-ferrari.accela.com/portlets/cap/capsummary/CapTabSummary.do?mode=tabSummary&serviceProviderCode=OSCEOLA&ID1=REC18&ID2=00000&ID3=00K2N&requireNotice=YES&clearForm=clearForm&module=Building&isFromCapList=true&isGeneralCAP=Y"  	[MsgId: MERR-27492]
End auto log messages stack.	[MsgId: MMSG-10544]


Start auto log messages stack - Iteration 2.	[MsgId: MMSG-10545]
Action.c(328): web_submit_data("capSearch.do_2") was successful, 24246 body bytes, 2125 header bytes  	[MsgId: MMSG-26386]
Action.c(412): web_submit_data("empty.jsp_3") started  	[MsgId: MMSG-26355]
Action.c(412): web_submit_data("empty.jsp_3") was successful, 79 body bytes, 551 header bytes  	[MsgId: MMSG-26386]
Action.c(423): Notify: Transaction "OSCEOLA_TC1_03_Search_Record" ended with a "Pass" status (Duration: 2.0566 Wasted Time: 0.0008).	[MsgId: MMSG-16871]
Action.c(425): Notify: Transaction "OSCEOLA_TC1_04_Record_Details" started.	[MsgId: MMSG-16999]
Action.c(427): web_url("session.do_8") started  	[MsgId: MMSG-26355]
Action.c(427): web_url("session.do_8") was successful, 56 body bytes, 535 header bytes  	[MsgId: MMSG-26386]
Action.c(437): web_url("CapTabSummary.do") started  	[MsgId: MMSG-26355]
Action.c(437): Error -27492: "HttpSendRequest" failed, Windows error code=12002 and retry limit (0) exceeded for URL="https://av-pt-ferrari.accela.com/portlets/cap/capsummary/CapTabSummary.do?mode=tabSummary&serviceProviderCode=OSCEOLA&ID1=REC18&ID2=00000&ID3=00K2N&requireNotice=YES&clearForm=clearForm&module=Building&isFromCapList=true&isGeneralCAP=Y"  	[MsgId: MERR-27492]
End auto log messages stack.	[MsgId: MMSG-10544]


Start auto log messages stack - Iteration 2.	[MsgId: MMSG-10545]
Action.c(328): web_submit_data("capSearch.do_2") was successful, 24243 body bytes, 2125 header bytes  	[MsgId: MMSG-26386]
Action.c(412): web_submit_data("empty.jsp_3") started  	[MsgId: MMSG-26355]
Action.c(412): web_submit_data("empty.jsp_3") was successful, 79 body bytes, 551 header bytes  	[MsgId: MMSG-26386]
Action.c(423): Notify: Transaction "OSCEOLA_TC1_03_Search_Record" ended with a "Pass" status (Duration: 1.5165 Wasted Time: 0.0010).	[MsgId: MMSG-16871]
Action.c(425): Notify: Transaction "OSCEOLA_TC1_04_Record_Details" started.	[MsgId: MMSG-16999]
Action.c(427): web_url("session.do_8") started  	[MsgId: MMSG-26355]
Action.c(427): web_url("session.do_8") was successful, 56 body bytes, 535 header bytes  	[MsgId: MMSG-26386]
Action.c(437): web_url("CapTabSummary.do") started  	[MsgId: MMSG-26355]
Action.c(437): Error -27492: "HttpSendRequest" failed, Windows error code=12002 and retry limit (0) exceeded for URL="https://av-pt-ferrari.accela.com/portlets/cap/capsummary/CapTabSummary.do?mode=tabSummary&serviceProviderCode=OSCEOLA&ID1=REC18&ID2=00000&ID3=00K2N&requireNotice=YES&clearForm=clearForm&module=Building&isFromCapList=true&isGeneralCAP=Y"  	[MsgId: MERR-27492]
End auto log messages stack.	[MsgId: MMSG-10544]


Start auto log messages stack - Iteration 3.	[MsgId: MMSG-10545]
Start auto log messages stack - Iteration 3.	[MsgId: MMSG-10545]
Action.c(328): web_submit_data("capSearch.do_2") was successful, 24242 body bytes, 2125 header bytes  	[MsgId: MMSG-26386]
Action.c(328): web_submit_data("capSearch.do_2") was successful, 24243 body bytes, 2125 header bytes  	[MsgId: MMSG-26386]
Action.c(412): web_submit_data("empty.jsp_3") started  	[MsgId: MMSG-26355]
Action.c(412): web_submit_data("empty.jsp_3") was successful, 79 body bytes, 551 header bytes  	[MsgId: MMSG-26386]
Action.c(412): web_submit_data("empty.jsp_3") started  	[MsgId: MMSG-26355]
Action.c(423): Notify: Transaction "OSCEOLA_TC1_03_Search_Record" ended with a "Pass" status (Duration: 7.0410 Wasted Time: 0.0007).	[MsgId: MMSG-16871]
Action.c(412): web_submit_data("empty.jsp_3") was successful, 79 body bytes, 551 header bytes  	[MsgId: MMSG-26386]
Action.c(425): Notify: Transaction "OSCEOLA_TC1_04_Record_Details" started.	[MsgId: MMSG-16999]
Action.c(423): Notify: Transaction "OSCEOLA_TC1_03_Search_Record" ended with a "Pass" status (Duration: 6.3611 Wasted Time: 0.0009).	[MsgId: MMSG-16871]
Action.c(425): Notify: Transaction "OSCEOLA_TC1_04_Record_Details" started.	[MsgId: MMSG-16999]
Action.c(427): web_url("session.do_8") started  	[MsgId: MMSG-26355]
Action.c(427): web_url("session.do_8") was successful, 56 body bytes, 535 header bytes  	[MsgId: MMSG-26386]
Action.c(437): web_url("CapTabSummary.do") started  	[MsgId: MMSG-26355]
Action.c(437): Error -27492: "HttpSendRequest" failed, Windows error code=12002 and retry limit (0) exceeded for URL="https://av-pt-ferrari.accela.com/portlets/cap/capsummary/CapTabSummary.do?mode=tabSummary&serviceProviderCode=OSCEOLA&ID1=REC18&ID2=00000&ID3=00K2N&requireNotice=YES&clearForm=clearForm&module=Building&isFromCapList=true&isGeneralCAP=Y"  	[MsgId: MERR-27492]
Action.c(427): web_url("session.do_8") started  	[MsgId: MMSG-26355]
Action.c(427): web_url("session.do_8") was successful, 56 body bytes, 535 header bytes  	[MsgId: MMSG-26386]
Action.c(437): web_url("CapTabSummary.do") started  	[MsgId: MMSG-26355]
Action.c(437): Error -27492: "HttpSendRequest" failed, Windows error code=12002 and retry limit (0) exceeded for URL="https://av-pt-ferrari.accela.com/portlets/cap/capsummary/CapTabSummary.do?mode=tabSummary&serviceProviderCode=OSCEOLA&ID1=REC18&ID2=00000&ID3=00K2N&requireNotice=YES&clearForm=clearForm&module=Building&isFromCapList=true&isGeneralCAP=Y"  	[MsgId: MERR-27492]
End auto log messages stack.	[MsgId: MMSG-10544]


End auto log messages stack.	[MsgId: MMSG-10544]


Start auto log messages stack - Iteration 3.	[MsgId: MMSG-10545]
Action.c(328): web_submit_data("capSearch.do_2") was successful, 24244 body bytes, 2125 header bytes  	[MsgId: MMSG-26386]
Action.c(412): web_submit_data("empty.jsp_3") started  	[MsgId: MMSG-26355]
Action.c(412): web_submit_data("empty.jsp_3") was successful, 79 body bytes, 551 header bytes  	[MsgId: MMSG-26386]
Action.c(423): Notify: Transaction "OSCEOLA_TC1_03_Search_Record" ended with a "Pass" status (Duration: 1.1236 Wasted Time: 0.0008).	[MsgId: MMSG-16871]
Action.c(425): Notify: Transaction "OSCEOLA_TC1_04_Record_Details" started.	[MsgId: MMSG-16999]
Action.c(427): web_url("session.do_8") started  	[MsgId: MMSG-26355]
Action.c(427): web_url("session.do_8") was successful, 56 body bytes, 535 header bytes  	[MsgId: MMSG-26386]
Action.c(437): web_url("CapTabSummary.do") started  	[MsgId: MMSG-26355]
Action.c(437): Error -27492: "HttpSendRequest" failed, Windows error code=12002 and retry limit (0) exceeded for URL="https://av-pt-ferrari.accela.com/portlets/cap/capsummary/CapTabSummary.do?mode=tabSummary&serviceProviderCode=OSCEOLA&ID1=REC18&ID2=00000&ID3=00K2N&requireNotice=YES&clearForm=clearForm&module=Building&isFromCapList=true&isGeneralCAP=Y"  	[MsgId: MERR-27492]
End auto log messages stack.	[MsgId: MMSG-10544]


Start auto log messages stack - Iteration 2.	[MsgId: MMSG-10545]
Action.c(328): web_submit_data("capSearch.do_2") was successful, 24247 body bytes, 2125 header bytes  	[MsgId: MMSG-26386]
Action.c(412): web_submit_data("empty.jsp_3") started  	[MsgId: MMSG-26355]
Action.c(412): web_submit_data("empty.jsp_3") was successful, 79 body bytes, 551 header bytes  	[MsgId: MMSG-26386]
Action.c(423): Notify: Transaction "OSCEOLA_TC1_03_Search_Record" ended with a "Pass" status (Duration: 14.8307 Wasted Time: 0.0007).	[MsgId: MMSG-16871]
Action.c(425): Notify: Transaction "OSCEOLA_TC1_04_Record_Details" started.	[MsgId: MMSG-16999]
Action.c(427): web_url("session.do_8") started  	[MsgId: MMSG-26355]
Action.c(427): web_url("session.do_8") was successful, 56 body bytes, 535 header bytes  	[MsgId: MMSG-26386]
Action.c(437): web_url("CapTabSummary.do") started  	[MsgId: MMSG-26355]
Action.c(437): Error -27492: "HttpSendRequest" failed, Windows error code=12002 and retry limit (0) exceeded for URL="https://av-pt-ferrari.accela.com/portlets/cap/capsummary/CapTabSummary.do?mode=tabSummary&serviceProviderCode=OSCEOLA&ID1=REC18&ID2=00000&ID3=00K2N&requireNotice=YES&clearForm=clearForm&module=Building&isFromCapList=true&isGeneralCAP=Y"  	[MsgId: MERR-27492]
End auto log messages stack.	[MsgId: MMSG-10544]


Start auto log messages stack - Iteration 3.	[MsgId: MMSG-10545]
Action.c(209): web_url("myCAPDetailPortlet.jsp") was successful, 825727 body bytes, 19897 header bytes  	[MsgId: MMSG-26386]
Action.c(219): web_submit_data("empty.jsp") started  	[MsgId: MMSG-26355]
Action.c(219): web_submit_data("empty.jsp") was successful, 79 body bytes, 551 header bytes  	[MsgId: MMSG-26386]
Action.c(230): Notify: Transaction "OSCEOLA_TC1_01_Click_Records" ended with a "Pass" status (Duration: 7.4408).	[MsgId: MMSG-16873]
Action.c(234): Notify: Transaction "OSCEOLA_TC1_02_Click_Search" started.	[MsgId: MMSG-16999]
Action.c(236): web_url("session.do_6") started  	[MsgId: MMSG-26355]
Action.c(236): web_url("session.do_6") was successful, 56 body bytes, 535 header bytes  	[MsgId: MMSG-26386]
Action.c(246): web_url("capSearch.do") started  	[MsgId: MMSG-26355]
Action.c(246): Error -27492: "HttpSendRequest" failed, Windows error code=12002 and retry limit (0) exceeded for URL="https://av-pt-ferrari.accela.com/portlets/cap/capSearch.do?mode=search&isFromSearch=true&isSearchButton=true&module=Building&isGeneralCAP=Y"  	[MsgId: MERR-27492]
End auto log messages stack.	[MsgId: MMSG-10544]


Start auto log messages stack - Iteration 4.	[MsgId: MMSG-10545]
Action.c(328): web_submit_data("capSearch.do_2") was successful, 24248 body bytes, 2125 header bytes  	[MsgId: MMSG-26386]
Action.c(412): web_submit_data("empty.jsp_3") started  	[MsgId: MMSG-26355]
Action.c(412): web_submit_data("empty.jsp_3") was successful, 79 body bytes, 551 header bytes  	[MsgId: MMSG-26386]
Action.c(423): Notify: Transaction "OSCEOLA_TC1_03_Search_Record" ended with a "Pass" status (Duration: 5.7860 Wasted Time: 0.0007).	[MsgId: MMSG-16871]
Action.c(425): Notify: Transaction "OSCEOLA_TC1_04_Record_Details" started.	[MsgId: MMSG-16999]
Action.c(427): web_url("session.do_8") started  	[MsgId: MMSG-26355]
Action.c(427): web_url("session.do_8") was successful, 56 body bytes, 535 header bytes  	[MsgId: MMSG-26386]
Action.c(437): web_url("CapTabSummary.do") started  	[MsgId: MMSG-26355]
Action.c(437): Error -27492: "HttpSendRequest" failed, Windows error code=12002 and retry limit (0) exceeded for URL="https://av-pt-ferrari.accela.com/portlets/cap/capsummary/CapTabSummary.do?mode=tabSummary&serviceProviderCode=OSCEOLA&ID1=REC18&ID2=00000&ID3=00K2N&requireNotice=YES&clearForm=clearForm&module=Building&isFromCapList=true&isGeneralCAP=Y"  	[MsgId: MERR-27492]
End auto log messages stack.	[MsgId: MMSG-10544]


Start auto log messages stack - Iteration 3.	[MsgId: MMSG-10545]
Action.c(328): web_submit_data("capSearch.do_2") was successful, 24243 body bytes, 2125 header bytes  	[MsgId: MMSG-26386]
Action.c(412): web_submit_data("empty.jsp_3") started  	[MsgId: MMSG-26355]
Action.c(412): web_submit_data("empty.jsp_3") was successful, 79 body bytes, 551 header bytes  	[MsgId: MMSG-26386]
Action.c(423): Notify: Transaction "OSCEOLA_TC1_03_Search_Record" ended with a "Pass" status (Duration: 8.1128 Wasted Time: 0.0007).	[MsgId: MMSG-16871]
Action.c(425): Notify: Transaction "OSCEOLA_TC1_04_Record_Details" started.	[MsgId: MMSG-16999]
Action.c(427): web_url("session.do_8") started  	[MsgId: MMSG-26355]
Action.c(427): web_url("session.do_8") was successful, 56 body bytes, 535 header bytes  	[MsgId: MMSG-26386]
Action.c(437): web_url("CapTabSummary.do") started  	[MsgId: MMSG-26355]
Action.c(437): Error -27492: "HttpSendRequest" failed, Windows error code=12002 and retry limit (0) exceeded for URL="https://av-pt-ferrari.accela.com/portlets/cap/capsummary/CapTabSummary.do?mode=tabSummary&serviceProviderCode=OSCEOLA&ID1=REC18&ID2=00000&ID3=00K2N&requireNotice=YES&clearForm=clearForm&module=Building&isFromCapList=true&isGeneralCAP=Y"  	[MsgId: MERR-27492]
End auto log messages stack.	[MsgId: MMSG-10544]


Start auto log messages stack - Iteration 5.	[MsgId: MMSG-10545]
Action.c(713): Resource "https://av-pt-ferrari.accela.com/portlets/commons/spellchecker/spellchecker-caller.js" is in the cache already and will not be downloaded again  	[MsgId: MMSG-26655]
Action.c(713): Resource "https://av-pt-ferrari.accela.com/portlets/framework/includes/javascript/layoutPublic.js" is in the cache already and will not be downloaded again  	[MsgId: MMSG-26655]
Action.c(713): web_submit_data("capDetail.do_2") was successful, 24321 body bytes, 1539 header bytes  	[MsgId: MMSG-26386]
Action.c(827): web_submit_data("empty.jsp_6") started  	[MsgId: MMSG-26355]
Action.c(827): web_submit_data("empty.jsp_6") was successful, 79 body bytes, 551 header bytes  	[MsgId: MMSG-26386]
Action.c(838): web_custom_request("tabRecordCount.do_5") started  	[MsgId: MMSG-26355]
Action.c(838): Error -27492: "HttpSendRequest" failed, Windows error code=12002 and retry limit (0) exceeded for URL="https://av-pt-ferrari.accela.com/portlets/cap/tabRecordCount.do?module=Building&ID1=REC18&ID2=00000&ID3=00K2N&xmlin=%3Croot%3E%3CcountID%3E5%3C/countID%3E%3CcountID%3E6%3C/countID%3E%3CcountID%3E2%3C/countID%3E%3CcountID%3E134%3C/countID%3E%3CcountID%3E16%3C/countID%3E%3CcountID%3E23%3C/countID%3E%3CcountID%3E415%3C/countID%3E%3CcountID%3E17%3C/countID%3E%3CcountID%3E397%3C/countID%3E%3CcountID%3E456%3C/countID%3E%3CcountID%3E1%3C/countID%3E%3CcountID%3E378%3C/countID%3E%3CcountID%3E21%3C/countID%3E%3CcountID%3E226%3C/countID%3E%3CcountID%3E372%3C/countID%3E%3CcountID%3E24%3C/countID%3E%3CcountID%3E379%3C/countID%3E%3CcountID%3E10%3C/countID%3E%3CcountID%3E133%3C/countID%3E%3CcountID%3E8%3C/countID%3E%3CcountID%3E19%3C/countID%3E%3CcountID%3E373%3C/countID%3E%3CcountID%3E14%3C/countID%3E%3CcountID%3E12%3C/countID%3E%3CcountID%3E13%3C/countID%3E%3CcountID%3E371%3C/countID%3E%3CcountID%3E27%3C/countID%3E%3CcountID%3E404%3C/countID%3E%3CcountID%3E360%3C/countID%3E%3CcountID%3E3%3C/countID%3E%3CcountID%3E152%3C/countID%3E%3CcountID%3E303%3C/countID%3E%3CcountID%3E4%3C/countID%3E%3C/root%3E"  	[MsgId: MERR-27492]
End auto log messages stack.	[MsgId: MMSG-10544]


Start auto log messages stack - Iteration 5.	[MsgId: MMSG-10545]
Action.c(328): web_submit_data("capSearch.do_2") was successful, 24243 body bytes, 2125 header bytes  	[MsgId: MMSG-26386]
Action.c(412): web_submit_data("empty.jsp_3") started  	[MsgId: MMSG-26355]
Action.c(412): web_submit_data("empty.jsp_3") was successful, 79 body bytes, 551 header bytes  	[MsgId: MMSG-26386]
Action.c(423): Notify: Transaction "OSCEOLA_TC1_03_Search_Record" ended with a "Pass" status (Duration: 3.2888 Wasted Time: 0.0008).	[MsgId: MMSG-16871]
Action.c(425): Notify: Transaction "OSCEOLA_TC1_04_Record_Details" started.	[MsgId: MMSG-16999]
Action.c(427): web_url("session.do_8") started  	[MsgId: MMSG-26355]
Action.c(427): web_url("session.do_8") was successful, 56 body bytes, 535 header bytes  	[MsgId: MMSG-26386]
Action.c(437): web_url("CapTabSummary.do") started  	[MsgId: MMSG-26355]
Action.c(437): Error -27492: "HttpSendRequest" failed, Windows error code=12002 and retry limit (0) exceeded for URL="https://av-pt-ferrari.accela.com/portlets/cap/capsummary/CapTabSummary.do?mode=tabSummary&serviceProviderCode=OSCEOLA&ID1=REC18&ID2=00000&ID3=00K2N&requireNotice=YES&clearForm=clearForm&module=Building&isFromCapList=true&isGeneralCAP=Y"  	[MsgId: MERR-27492]
End auto log messages stack.	[MsgId: MMSG-10544]


Start auto log messages stack - Iteration 5.	[MsgId: MMSG-10545]
Action.c(447): web_submit_data("ajax.do_3") was successful, 10 body bytes, 528 header bytes  	[MsgId: MMSG-26386]
Action.c(458): web_submit_data("empty.jsp_4") started  	[MsgId: MMSG-26355]
Action.c(458): web_submit_data("empty.jsp_4") was successful, 79 body bytes, 551 header bytes  	[MsgId: MMSG-26386]
Action.c(469): web_url("blank.jsp_2") started  	[MsgId: MMSG-26355]
Action.c(469): Resource "https://av-pt-ferrari.accela.com/portlets/framework/includes/javascript/ac360base.js" is in the cache already and will not be downloaded again  	[MsgId: MMSG-26655]
Action.c(469): web_url("blank.jsp_2") was successful, 259 body bytes, 616 header bytes  	[MsgId: MMSG-26386]
Action.c(479): web_custom_request("tabRecordCount.do") started  	[MsgId: MMSG-26355]
Action.c(479): Error -27492: "HttpSendRequest" failed, Windows error code=12002 and retry limit (0) exceeded for URL="https://av-pt-ferrari.accela.com/portlets/cap/tabRecordCount.do?module=Building&ID1=REC18&ID2=00000&ID3=00K2N&xmlin=%3Croot%3E%3CcountID%3E5%3C/countID%3E%3CcountID%3E6%3C/countID%3E%3CcountID%3E2%3C/countID%3E%3CcountID%3E134%3C/countID%3E%3CcountID%3E16%3C/countID%3E%3CcountID%3E23%3C/countID%3E%3CcountID%3E415%3C/countID%3E%3CcountID%3E17%3C/countID%3E%3CcountID%3E397%3C/countID%3E%3CcountID%3E456%3C/countID%3E%3CcountID%3E1%3C/countID%3E%3CcountID%3E378%3C/countID%3E%3CcountID%3E21%3C/countID%3E%3CcountID%3E226%3C/countID%3E%3CcountID%3E372%3C/countID%3E%3CcountID%3E24%3C/countID%3E%3CcountID%3E379%3C/countID%3E%3CcountID%3E10%3C/countID%3E%3CcountID%3E133%3C/countID%3E%3CcountID%3E8%3C/countID%3E%3CcountID%3E19%3C/countID%3E%3CcountID%3E373%3C/countID%3E%3CcountID%3E14%3C/countID%3E%3CcountID%3E12%3C/countID%3E%3CcountID%3E13%3C/countID%3E%3CcountID%3E371%3C/countID%3E%3CcountID%3E27%3C/countID%3E%3CcountID%3E404%3C/countID%3E%3CcountID%3E360%3C/countID%3E%3CcountID%3E3%3C/countID%3E%3CcountID%3E152%3C/countID%3E%3CcountID%3E303%3C/countID%3E%3CcountID%3E4%3C/countID%3E%3C/root%3E"  	[MsgId: MERR-27492]
End auto log messages stack.	[MsgId: MMSG-10544]


Start auto log messages stack - Iteration 6.	[MsgId: MMSG-10545]
Start auto log messages stack - Iteration 5.	[MsgId: MMSG-10545]
Start auto log messages stack - Iteration 5.	[MsgId: MMSG-10545]
Action.c(532): web_custom_request("expression.do_2") was successful, 1932 body bytes, 530 header bytes  	[MsgId: MMSG-26386]
Action.c(600): Notify: Transaction "OSCEOLA_TC1_04_Record_Details" ended with a "Pass" status (Duration: 55.5415).	[MsgId: MMSG-16873]
Action.c(604): Notify: Transaction "OSCEOLA_TC1_05_Record_Click_Record" started.	[MsgId: MMSG-16999]
Action.c(606): web_url("session.do_9") started  	[MsgId: MMSG-26355]
Action.c(606): web_url("session.do_9") was successful, 56 body bytes, 535 header bytes  	[MsgId: MMSG-26386]
Action.c(616): web_url("session.do_10") started  	[MsgId: MMSG-26355]
Action.c(616): web_url("session.do_10") was successful, 56 body bytes, 535 header bytes  	[MsgId: MMSG-26386]
Action.c(626): web_url("capDetail.do") started  	[MsgId: MMSG-26355]
Action.c(626): Error -27492: "HttpSendRequest" failed, Windows error code=12002 and retry limit (0) exceeded for URL="https://av-pt-ferrari.accela.com/portlets/cap/capDetail.do?mode=view&isRedirect=false&module=Building"  	[MsgId: MERR-27492]
End auto log messages stack.	[MsgId: MMSG-10544]


Action.c(1040): web_url("workflow.do") started  	[MsgId: MMSG-26355]
Action.c(72): web_submit_data("hostSignon.do_2") started  	[MsgId: MMSG-26355]
Action.c(1040): web_url("workflow.do") was successful, 53 body bytes, 535 header bytes  	[MsgId: MMSG-26386]
Action.c(1050): web_url("workflow.do_2") started  	[MsgId: MMSG-26355]
Action.c(72): web_submit_data("hostSignon.do_2") was successful, 98 body bytes, 988 header bytes  	[MsgId: MMSG-26386]
Action.c(1050): web_url("workflow.do_2") was successful, 13346 body bytes, 543 header bytes  	[MsgId: MMSG-26386]
Action.c(95): web_url("dashboard.do_2") started  	[MsgId: MMSG-26355]
Action.c(1060): web_submit_data("empty.jsp_9") started  	[MsgId: MMSG-26355]
Action.c(1060): web_submit_data("empty.jsp_9") was successful, 79 body bytes, 551 header bytes  	[MsgId: MMSG-26386]
Action.c(95): Detected non-resource "https://av-pt-ferrari.accela.com/portlets/spa/dashboard.do" in "https://av-pt-ferrari.accela.com/portlets/spa/dashboard.do"  	[MsgId: MMSG-26574]
Action.c(95): Found resource "https://av-pt-ferrari.accela.com/security/auth.do?signOffScript=https://av-pt-ferrari.accela.com/portlets/security/signout.do&switchAgencyScript=https://av-pt-ferrari.accela.com/portlets/commons/sso/blank.jsp&CSRF_REQ_PARAM=" in HTML "https://av-pt-ferrari.accela.com/portlets/spa/dashboard.do"  	[MsgId: MMSG-26659]
Action.c(1071): web_custom_request("tabRecordCount.do_9") started  	[MsgId: MMSG-26355]
Action.c(1071): Error -27492: "HttpSendRequest" failed, Windows error code=12002 and retry limit (0) exceeded for URL="https://av-pt-ferrari.accela.com/portlets/cap/tabRecordCount.do?module=Building&ID1=REC18&ID2=00000&ID3=00K2N&xmlin=%3Croot%3E%3CcountID%3E5%3C/countID%3E%3CcountID%3E6%3C/countID%3E%3CcountID%3E2%3C/countID%3E%3CcountID%3E134%3C/countID%3E%3CcountID%3E16%3C/countID%3E%3CcountID%3E23%3C/countID%3E%3CcountID%3E415%3C/countID%3E%3CcountID%3E17%3C/countID%3E%3CcountID%3E397%3C/countID%3E%3CcountID%3E456%3C/countID%3E%3CcountID%3E1%3C/countID%3E%3CcountID%3E378%3C/countID%3E%3CcountID%3E21%3C/countID%3E%3CcountID%3E226%3C/countID%3E%3CcountID%3E372%3C/countID%3E%3CcountID%3E24%3C/countID%3E%3CcountID%3E379%3C/countID%3E%3CcountID%3E10%3C/countID%3E%3CcountID%3E133%3C/countID%3E%3CcountID%3E8%3C/countID%3E%3CcountID%3E19%3C/countID%3E%3CcountID%3E373%3C/countID%3E%3CcountID%3E14%3C/countID%3E%3CcountID%3E12%3C/countID%3E%3CcountID%3E13%3C/countID%3E%3CcountID%3E371%3C/countID%3E%3CcountID%3E27%3C/countID%3E%3CcountID%3E404%3C/countID%3E%3CcountID%3E360%3C/countID%3E%3CcountID%3E3%3C/countID%3E%3CcountID%3E152%3C/countID%3E%3CcountID%3E303%3C/countID%3E%3CcountID%3E4%3C/countID%3E%3C/root%3E"  	[MsgId: MERR-27492]
Action.c(95): Error -27492: "HttpSendRequest" failed, Windows error code=12002 and retry limit (0) exceeded for URL="https://av-pt-ferrari.accela.com/portlets/spa/dashboard.do"  	[MsgId: MERR-27492]
End auto log messages stack.	[MsgId: MMSG-10544]


End auto log messages stack.	[MsgId: MMSG-10544]


Start auto log messages stack - Iteration 5.	[MsgId: MMSG-10545]
Action.c(1040): web_url("workflow.do") started  	[MsgId: MMSG-26355]
Action.c(1040): web_url("workflow.do") was successful, 53 body bytes, 535 header bytes  	[MsgId: MMSG-26386]
Action.c(1050): web_url("workflow.do_2") started  	[MsgId: MMSG-26355]
Action.c(1050): web_url("workflow.do_2") was successful, 13346 body bytes, 543 header bytes  	[MsgId: MMSG-26386]
Action.c(1060): web_submit_data("empty.jsp_9") started  	[MsgId: MMSG-26355]
Action.c(1060): web_submit_data("empty.jsp_9") was successful, 79 body bytes, 551 header bytes  	[MsgId: MMSG-26386]
Action.c(1071): web_custom_request("tabRecordCount.do_9") started  	[MsgId: MMSG-26355]
Action.c(1071): Error -27492: "HttpSendRequest" failed, Windows error code=12002 and retry limit (0) exceeded for URL="https://av-pt-ferrari.accela.com/portlets/cap/tabRecordCount.do?module=Building&ID1=REC18&ID2=00000&ID3=00K2N&xmlin=%3Croot%3E%3CcountID%3E5%3C/countID%3E%3CcountID%3E6%3C/countID%3E%3CcountID%3E2%3C/countID%3E%3CcountID%3E134%3C/countID%3E%3CcountID%3E16%3C/countID%3E%3CcountID%3E23%3C/countID%3E%3CcountID%3E415%3C/countID%3E%3CcountID%3E17%3C/countID%3E%3CcountID%3E397%3C/countID%3E%3CcountID%3E456%3C/countID%3E%3CcountID%3E1%3C/countID%3E%3CcountID%3E378%3C/countID%3E%3CcountID%3E21%3C/countID%3E%3CcountID%3E226%3C/countID%3E%3CcountID%3E372%3C/countID%3E%3CcountID%3E24%3C/countID%3E%3CcountID%3E379%3C/countID%3E%3CcountID%3E10%3C/countID%3E%3CcountID%3E133%3C/countID%3E%3CcountID%3E8%3C/countID%3E%3CcountID%3E19%3C/countID%3E%3CcountID%3E373%3C/countID%3E%3CcountID%3E14%3C/countID%3E%3CcountID%3E12%3C/countID%3E%3CcountID%3E13%3C/countID%3E%3CcountID%3E371%3C/countID%3E%3CcountID%3E27%3C/countID%3E%3CcountID%3E404%3C/countID%3E%3CcountID%3E360%3C/countID%3E%3CcountID%3E3%3C/countID%3E%3CcountID%3E152%3C/countID%3E%3CcountID%3E303%3C/countID%3E%3CcountID%3E4%3C/countID%3E%3C/root%3E"  	[MsgId: MERR-27492]
End auto log messages stack.	[MsgId: MMSG-10544]


Start auto log messages stack - Iteration 6.	[MsgId: MMSG-10545]
Action.c(328): web_submit_data("capSearch.do_2") was successful, 24246 body bytes, 2125 header bytes  	[MsgId: MMSG-26386]
Action.c(412): web_submit_data("empty.jsp_3") started  	[MsgId: MMSG-26355]
Action.c(412): web_submit_data("empty.jsp_3") was successful, 79 body bytes, 551 header bytes  	[MsgId: MMSG-26386]
Action.c(423): Notify: Transaction "OSCEOLA_TC1_03_Search_Record" ended with a "Pass" status (Duration: 1.4700 Wasted Time: 0.0007).	[MsgId: MMSG-16871]
Action.c(425): Notify: Transaction "OSCEOLA_TC1_04_Record_Details" started.	[MsgId: MMSG-16999]
Action.c(427): web_url("session.do_8") started  	[MsgId: MMSG-26355]
Action.c(427): web_url("session.do_8") was successful, 56 body bytes, 535 header bytes  	[MsgId: MMSG-26386]
Action.c(437): web_url("CapTabSummary.do") started  	[MsgId: MMSG-26355]
Action.c(437): Error -27492: "HttpSendRequest" failed, Windows error code=12002 and retry limit (0) exceeded for URL="https://av-pt-ferrari.accela.com/portlets/cap/capsummary/CapTabSummary.do?mode=tabSummary&serviceProviderCode=OSCEOLA&ID1=REC18&ID2=00000&ID3=00K2N&requireNotice=YES&clearForm=clearForm&module=Building&isFromCapList=true&isGeneralCAP=Y"  	[MsgId: MERR-27492]
End auto log messages stack.	[MsgId: MMSG-10544]


Start auto log messages stack - Iteration 6.	[MsgId: MMSG-10545]
Start auto log messages stack - Iteration 7.	[MsgId: MMSG-10545]
Start auto log messages stack - Iteration 6.	[MsgId: MMSG-10545]
Action.c(838): web_custom_request("tabRecordCount.do_5") was successful, 196 body bytes, 622 header bytes  	[MsgId: MMSG-26386]
Action.c(851): web_custom_request("tabRecordCount.do_6") started  	[MsgId: MMSG-26355]
Action.c(851): web_custom_request("tabRecordCount.do_6") was successful, 77 body bytes, 567 header bytes  	[MsgId: MMSG-26386]
Action.c(863): Notify: Transaction "OSCEOLA_TC1_06_Record_SaveRecord" ended with a "Pass" status (Duration: 25.3326).	[MsgId: MMSG-16873]
Action.c(865): Notify: Transaction "OSCEOLA_TC1_07_Click_AppHistory" started.	[MsgId: MMSG-16999]
Action.c(867): web_url("session.do_13") started  	[MsgId: MMSG-26355]
Action.c(867): web_url("session.do_13") was successful, 56 body bytes, 535 header bytes  	[MsgId: MMSG-26386]
Action.c(877): web_url("appSpecInfoForm.do") started  	[MsgId: MMSG-26355]
Action.c(877): Error -27492: "HttpSendRequest" failed, Windows error code=12002 and retry limit (0) exceeded for URL="https://av-pt-ferrari.accela.com/portlets/appspecinfo/appSpecInfoForm.do?mode=view&singleMode=Building+Roofing_SCREEN_NAME_SCREEN_LABEL_SPLIT_Application+Information_SCREEN_NAME_SCREEN_LABEL_SPLIT_BLD_COM_ROOF&module=Building&fromTab=Y"  	[MsgId: MERR-27492]
Action.c(898): web_submit_data("appSpecInfoForm.do_2") started  	[MsgId: MMSG-26355]
Action.c(898): web_submit_data("appSpecInfoForm.do_2") started  	[MsgId: MMSG-26355]
End auto log messages stack.	[MsgId: MMSG-10544]
Action.c(898): web_submit_data("appSpecInfoForm.do_2") was successful, 2 body bytes, 527 header bytes  	[MsgId: MMSG-26386]


Action.c(898): web_submit_data("appSpecInfoForm.do_2") was successful, 2 body bytes, 527 header bytes  	[MsgId: MMSG-26386]
Action.c(909): web_custom_request("search.do_2") started  	[MsgId: MMSG-26355]
Action.c(909): web_custom_request("search.do_2") started  	[MsgId: MMSG-26355]
Action.c(909): web_custom_request("search.do_2") was successful, 9170 body bytes, 545 header bytes  	[MsgId: MMSG-26386]
Action.c(909): web_custom_request("search.do_2") was successful, 9170 body bytes, 545 header bytes  	[MsgId: MMSG-26386]
Action.c(921): web_submit_data("expression.do_3") started  	[MsgId: MMSG-26355]
Action.c(921): web_submit_data("expression.do_3") was successful, 304 body bytes, 529 header bytes  	[MsgId: MMSG-26386]
Action.c(921): web_submit_data("expression.do_3") started  	[MsgId: MMSG-26355]
Action.c(921): web_submit_data("expression.do_3") was successful, 304 body bytes, 529 header bytes  	[MsgId: MMSG-26386]
Action.c(937): web_custom_request("tabRecordCount.do_7") started  	[MsgId: MMSG-26355]
Action.c(937): Error -27492: "HttpSendRequest" failed, Windows error code=12002 and retry limit (0) exceeded for URL="https://av-pt-ferrari.accela.com/portlets/cap/tabRecordCount.do?module=Building&ID1=REC18&ID2=00000&ID3=00K2N&xmlin=%3Croot%3E%3CcountID%3E5%3C/countID%3E%3CcountID%3E6%3C/countID%3E%3CcountID%3E2%3C/countID%3E%3CcountID%3E134%3C/countID%3E%3CcountID%3E16%3C/countID%3E%3CcountID%3E23%3C/countID%3E%3CcountID%3E415%3C/countID%3E%3CcountID%3E17%3C/countID%3E%3CcountID%3E397%3C/countID%3E%3CcountID%3E456%3C/countID%3E%3CcountID%3E1%3C/countID%3E%3CcountID%3E378%3C/countID%3E%3CcountID%3E21%3C/countID%3E%3CcountID%3E226%3C/countID%3E%3CcountID%3E372%3C/countID%3E%3CcountID%3E24%3C/countID%3E%3CcountID%3E379%3C/countID%3E%3CcountID%3E10%3C/countID%3E%3CcountID%3E133%3C/countID%3E%3CcountID%3E8%3C/countID%3E%3CcountID%3E19%3C/countID%3E%3CcountID%3E373%3C/countID%3E%3CcountID%3E14%3C/countID%3E%3CcountID%3E12%3C/countID%3E%3CcountID%3E13%3C/countID%3E%3CcountID%3E371%3C/countID%3E%3CcountID%3E27%3C/countID%3E%3CcountID%3E404%3C/countID%3E%3CcountID%3E360%3C/countID%3E%3CcountID%3E3%3C/countID%3E%3CcountID%3E152%3C/countID%3E%3CcountID%3E303%3C/countID%3E%3CcountID%3E4%3C/countID%3E%3C/root%3E"  	[MsgId: MERR-27492]
Action.c(937): web_custom_request("tabRecordCount.do_7") started  	[MsgId: MMSG-26355]
Action.c(937): Error -27492: "HttpSendRequest" failed, Windows error code=12002 and retry limit (0) exceeded for URL="https://av-pt-ferrari.accela.com/portlets/cap/tabRecordCount.do?module=Building&ID1=REC18&ID2=00000&ID3=00K2N&xmlin=%3Croot%3E%3CcountID%3E5%3C/countID%3E%3CcountID%3E6%3C/countID%3E%3CcountID%3E2%3C/countID%3E%3CcountID%3E134%3C/countID%3E%3CcountID%3E16%3C/countID%3E%3CcountID%3E23%3C/countID%3E%3CcountID%3E415%3C/countID%3E%3CcountID%3E17%3C/countID%3E%3CcountID%3E397%3C/countID%3E%3CcountID%3E456%3C/countID%3E%3CcountID%3E1%3C/countID%3E%3CcountID%3E378%3C/countID%3E%3CcountID%3E21%3C/countID%3E%3CcountID%3E226%3C/countID%3E%3CcountID%3E372%3C/countID%3E%3CcountID%3E24%3C/countID%3E%3CcountID%3E379%3C/countID%3E%3CcountID%3E10%3C/countID%3E%3CcountID%3E133%3C/countID%3E%3CcountID%3E8%3C/countID%3E%3CcountID%3E19%3C/countID%3E%3CcountID%3E373%3C/countID%3E%3CcountID%3E14%3C/countID%3E%3CcountID%3E12%3C/countID%3E%3CcountID%3E13%3C/countID%3E%3CcountID%3E371%3C/countID%3E%3CcountID%3E27%3C/countID%3E%3CcountID%3E404%3C/countID%3E%3CcountID%3E360%3C/countID%3E%3CcountID%3E3%3C/countID%3E%3CcountID%3E152%3C/countID%3E%3CcountID%3E303%3C/countID%3E%3CcountID%3E4%3C/countID%3E%3C/root%3E"  	[MsgId: MERR-27492]
End auto log messages stack.	[MsgId: MMSG-10544]
End auto log messages stack.	[MsgId: MMSG-10544]




